Epoch: [0]  [  0/201]  eta: 0:20:51  lr: 0.000006  loss: 2.8839 (2.8839)  loss_classifier: 2.0096 (2.0096)  loss_box_reg: 0.1548 (0.1548)  loss_objectness: 0.6924 (0.6924)  loss_rpn_box_reg: 0.0272 (0.0272)  time: 6.2247  data: 4.4781  max mem: 7219
Epoch: [0]  [100/201]  eta: 0:01:41  lr: 0.000505  loss: 2.0499 (2.5783)  loss_classifier: 1.1521 (1.7001)  loss_box_reg: 0.1870 (0.1665)  loss_objectness: 0.6878 (0.6906)  loss_rpn_box_reg: 0.0217 (0.0211)  time: 0.9402  data: 0.0940  max mem: 7234
Epoch: [0]  [200/201]  eta: 0:00:00  lr: 0.001000  loss: 1.2983 (2.0026)  loss_classifier: 0.3499 (1.0993)  loss_box_reg: 0.2543 (0.1974)  loss_objectness: 0.6716 (0.6849)  loss_rpn_box_reg: 0.0198 (0.0210)  time: 0.8354  data: 0.0746  max mem: 7234
Epoch: [0] Total time: 0:03:14 (0.9657 s / it)
Test:  [ 0/51]  eta: 0:01:53  model_time: 0.3696 (0.3696)  evaluator_time: 0.0715 (0.0715)  time: 2.2340  data: 1.1476  max mem: 7234
Test:  [50/51]  eta: 0:00:00  model_time: 0.1709 (0.1803)  evaluator_time: 0.0535 (0.0751)  time: 0.3725  data: 0.0639  max mem: 7234
Test: Total time: 0:00:22 (0.4370 s / it)
Average Precision  (AP) @[ IoU=0.50:0.95 | area=   all | maxDets=100 ] = 1.692340270281216e-05
Average Precision  (AP) @[ IoU=0.50      | area=   all | maxDets=100 ] = 9.137171656007315e-05
Average Precision  (AP) @[ IoU=0.75      | area=   all | maxDets=100 ] = 9.361158593280419e-07
Average Precision  (AP) @[ IoU=0.50:0.95 | area= small | maxDets=100 ] = 0.0
Average Precision  (AP) @[ IoU=0.50:0.95 | area=medium | maxDets=100 ] = 0.0
Average Precision  (AP) @[ IoU=0.50:0.95 | area= large | maxDets=100 ] = 2.650094907809128e-05
Average Recall     (AR) @[ IoU=0.50:0.95 | area=   all | maxDets=  1 ] = 0.0008012126943760169
Average Recall     (AR) @[ IoU=0.50:0.95 | area=   all | maxDets= 10 ] = 0.009480481113189316
Average Recall     (AR) @[ IoU=0.50:0.95 | area=   all | maxDets=100 ] = 0.01506540420193259
Average Recall     (AR) @[ IoU=0.50:0.95 | area= small | maxDets=100 ] = 0.0
Average Recall     (AR) @[ IoU=0.50:0.95 | area=medium | maxDets=100 ] = 0.0
Average Recall     (AR) @[ IoU=0.50:0.95 | area= large | maxDets=100 ] = 0.015352763601254309



Epoch: [1]  [  0/201]  eta: 0:15:36  lr: 0.001000  loss: 1.2589 (1.2589)  loss_classifier: 0.3263 (0.3263)  loss_box_reg: 0.2445 (0.2445)  loss_objectness: 0.6692 (0.6692)  loss_rpn_box_reg: 0.0189 (0.0189)  time: 4.6610  data: 3.4316  max mem: 7234
Epoch: [1]  [100/201]  eta: 0:01:35  lr: 0.001000  loss: 1.2404 (1.2578)  loss_classifier: 0.3073 (0.3189)  loss_box_reg: 0.2669 (0.2627)  loss_objectness: 0.6438 (0.6557)  loss_rpn_box_reg: 0.0209 (0.0205)  time: 0.8928  data: 0.1043  max mem: 7234
Epoch: [1]  [200/201]  eta: 0:00:00  lr: 0.001000  loss: 1.2147 (1.2405)  loss_classifier: 0.3111 (0.3130)  loss_box_reg: 0.2851 (0.2689)  loss_objectness: 0.6017 (0.6381)  loss_rpn_box_reg: 0.0198 (0.0205)  time: 0.8057  data: 0.0745  max mem: 7234
Epoch: [1] Total time: 0:03:03 (0.9116 s / it)
Test:  [ 0/51]  eta: 0:03:00  model_time: 0.2056 (0.2056)  evaluator_time: 0.0428 (0.0428)  time: 3.5426  data: 2.8815  max mem: 7234
Test:  [50/51]  eta: 0:00:00  model_time: 0.1697 (0.1811)  evaluator_time: 0.0369 (0.0435)  time: 0.3413  data: 0.0578  max mem: 7234
Test: Total time: 0:00:22 (0.4333 s / it)
Average Precision  (AP) @[ IoU=0.50:0.95 | area=   all | maxDets=100 ] = 0.0008253470576775845
Average Precision  (AP) @[ IoU=0.50      | area=   all | maxDets=100 ] = 0.00230386018563293
Average Precision  (AP) @[ IoU=0.75      | area=   all | maxDets=100 ] = 6.6027473532684345e-06
Average Precision  (AP) @[ IoU=0.50:0.95 | area= small | maxDets=100 ] = 0.0
Average Precision  (AP) @[ IoU=0.50:0.95 | area=medium | maxDets=100 ] = 0.0
Average Precision  (AP) @[ IoU=0.50:0.95 | area= large | maxDets=100 ] = 0.0008283329630070734
Average Recall     (AR) @[ IoU=0.50:0.95 | area=   all | maxDets=  1 ] = 0.006290036789430675
Average Recall     (AR) @[ IoU=0.50:0.95 | area=   all | maxDets= 10 ] = 0.012144920805447884
Average Recall     (AR) @[ IoU=0.50:0.95 | area=   all | maxDets=100 ] = 0.012144920805447884
Average Recall     (AR) @[ IoU=0.50:0.95 | area= small | maxDets=100 ] = 0.0
Average Recall     (AR) @[ IoU=0.50:0.95 | area=medium | maxDets=100 ] = 0.0
Average Recall     (AR) @[ IoU=0.50:0.95 | area= large | maxDets=100 ] = 0.012534355491461785



Epoch: [2]  [  0/201]  eta: 0:15:05  lr: 0.001000  loss: 1.1455 (1.1455)  loss_classifier: 0.2783 (0.2783)  loss_box_reg: 0.2576 (0.2576)  loss_objectness: 0.5941 (0.5941)  loss_rpn_box_reg: 0.0154 (0.0154)  time: 4.5028  data: 3.2330  max mem: 7234
Epoch: [2]  [100/201]  eta: 0:01:33  lr: 0.001000  loss: 1.1307 (1.1670)  loss_classifier: 0.3032 (0.3057)  loss_box_reg: 0.2863 (0.2837)  loss_objectness: 0.5192 (0.5571)  loss_rpn_box_reg: 0.0203 (0.0205)  time: 0.8800  data: 0.0865  max mem: 7234
Epoch: [2]  [200/201]  eta: 0:00:00  lr: 0.001000  loss: 1.0093 (1.1104)  loss_classifier: 0.2983 (0.3034)  loss_box_reg: 0.2869 (0.2837)  loss_objectness: 0.3976 (0.5029)  loss_rpn_box_reg: 0.0188 (0.0203)  time: 0.7878  data: 0.0650  max mem: 7234
Epoch: [2] Total time: 0:02:58 (0.8881 s / it)
Test:  [ 0/51]  eta: 0:02:02  model_time: 0.3564 (0.3564)  evaluator_time: 0.0807 (0.0807)  time: 2.4022  data: 1.4889  max mem: 7234
Test:  [50/51]  eta: 0:00:00  model_time: 0.1702 (0.1863)  evaluator_time: 0.0338 (0.0488)  time: 0.3307  data: 0.0523  max mem: 7234
Test: Total time: 0:00:20 (0.4029 s / it)
Average Precision  (AP) @[ IoU=0.50:0.95 | area=   all | maxDets=100 ] = 0.000679615303451252
Average Precision  (AP) @[ IoU=0.50      | area=   all | maxDets=100 ] = 0.002007933314339094
Average Precision  (AP) @[ IoU=0.75      | area=   all | maxDets=100 ] = 0.0008591779098492245
Average Precision  (AP) @[ IoU=0.50:0.95 | area= small | maxDets=100 ] = 0.0
Average Precision  (AP) @[ IoU=0.50:0.95 | area=medium | maxDets=100 ] = 0.0
Average Precision  (AP) @[ IoU=0.50:0.95 | area= large | maxDets=100 ] = 0.0006825327546782757
Average Recall     (AR) @[ IoU=0.50:0.95 | area=   all | maxDets=  1 ] = 0.005533691825134071
Average Recall     (AR) @[ IoU=0.50:0.95 | area=   all | maxDets= 10 ] = 0.009557485605755445
Average Recall     (AR) @[ IoU=0.50:0.95 | area=   all | maxDets=100 ] = 0.009557485605755445
Average Recall     (AR) @[ IoU=0.50:0.95 | area= small | maxDets=100 ] = 0.0
Average Recall     (AR) @[ IoU=0.50:0.95 | area=medium | maxDets=100 ] = 0.0
Average Recall     (AR) @[ IoU=0.50:0.95 | area= large | maxDets=100 ] = 0.009848107761332128



Epoch: [3]  [  0/201]  eta: 0:15:54  lr: 0.001000  loss: 0.9564 (0.9564)  loss_classifier: 0.2824 (0.2824)  loss_box_reg: 0.2723 (0.2723)  loss_objectness: 0.3821 (0.3821)  loss_rpn_box_reg: 0.0195 (0.0195)  time: 4.7472  data: 3.5264  max mem: 7234
Epoch: [3]  [100/201]  eta: 0:01:33  lr: 0.001000  loss: 0.9045 (0.9356)  loss_classifier: 0.3083 (0.3038)  loss_box_reg: 0.2987 (0.2922)  loss_objectness: 0.2757 (0.3206)  loss_rpn_box_reg: 0.0188 (0.0190)  time: 0.8894  data: 0.0974  max mem: 7234
Epoch: [3]  [200/201]  eta: 0:00:00  lr: 0.001000  loss: 0.8588 (0.9009)  loss_classifier: 0.3170 (0.3075)  loss_box_reg: 0.3148 (0.2987)  loss_objectness: 0.2046 (0.2760)  loss_rpn_box_reg: 0.0170 (0.0186)  time: 0.8002  data: 0.0729  max mem: 7234
Epoch: [3] Total time: 0:02:59 (0.8923 s / it)
Test:  [ 0/51]  eta: 0:01:58  model_time: 0.3510 (0.3510)  evaluator_time: 0.0627 (0.0627)  time: 2.3290  data: 1.4206  max mem: 7234
Test:  [50/51]  eta: 0:00:00  model_time: 0.1707 (0.1831)  evaluator_time: 0.0338 (0.0441)  time: 0.3446  data: 0.0610  max mem: 7234
Test: Total time: 0:00:21 (0.4128 s / it)
Average Precision  (AP) @[ IoU=0.50:0.95 | area=   all | maxDets=100 ] = 0.000551114052577496
Average Precision  (AP) @[ IoU=0.50      | area=   all | maxDets=100 ] = 0.0021185034287550114
Average Precision  (AP) @[ IoU=0.75      | area=   all | maxDets=100 ] = 1.994669842253586e-05
Average Precision  (AP) @[ IoU=0.50:0.95 | area= small | maxDets=100 ] = 0.0
Average Precision  (AP) @[ IoU=0.50:0.95 | area=medium | maxDets=100 ] = 0.0
Average Precision  (AP) @[ IoU=0.50:0.95 | area= large | maxDets=100 ] = 0.0005549309707017342
Average Recall     (AR) @[ IoU=0.50:0.95 | area=   all | maxDets=  1 ] = 0.006188383273706313
Average Recall     (AR) @[ IoU=0.50:0.95 | area=   all | maxDets= 10 ] = 0.010101896810470449
Average Recall     (AR) @[ IoU=0.50:0.95 | area=   all | maxDets=100 ] = 0.010296828584349594
Average Recall     (AR) @[ IoU=0.50:0.95 | area= small | maxDets=100 ] = 0.0
Average Recall     (AR) @[ IoU=0.50:0.95 | area=medium | maxDets=100 ] = 0.0
Average Recall     (AR) @[ IoU=0.50:0.95 | area= large | maxDets=100 ] = 0.010612334672365128



Epoch: [4]  [  0/201]  eta: 0:16:04  lr: 0.001000  loss: 0.8270 (0.8270)  loss_classifier: 0.3142 (0.3142)  loss_box_reg: 0.3022 (0.3022)  loss_objectness: 0.1948 (0.1948)  loss_rpn_box_reg: 0.0158 (0.0158)  time: 4.7997  data: 3.5263  max mem: 7234
Epoch: [4]  [100/201]  eta: 0:01:32  lr: 0.001000  loss: 0.8265 (0.8401)  loss_classifier: 0.3218 (0.3201)  loss_box_reg: 0.3222 (0.3186)  loss_objectness: 0.1694 (0.1841)  loss_rpn_box_reg: 0.0174 (0.0174)  time: 0.8712  data: 0.0905  max mem: 7234
Epoch: [4]  [200/201]  eta: 0:00:00  lr: 0.001000  loss: 0.8370 (0.8379)  loss_classifier: 0.3311 (0.3244)  loss_box_reg: 0.3298 (0.3241)  loss_objectness: 0.1511 (0.1720)  loss_rpn_box_reg: 0.0168 (0.0174)  time: 0.8002  data: 0.0781  max mem: 7234
Epoch: [4] Total time: 0:02:57 (0.8815 s / it)
Test:  [ 0/51]  eta: 0:02:06  model_time: 0.3677 (0.3677)  evaluator_time: 0.0464 (0.0464)  time: 2.4843  data: 1.5887  max mem: 7234
Test:  [50/51]  eta: 0:00:00  model_time: 0.1709 (0.1863)  evaluator_time: 0.0319 (0.0426)  time: 0.3263  data: 0.0590  max mem: 7234
Test: Total time: 0:00:20 (0.4037 s / it)
Average Precision  (AP) @[ IoU=0.50:0.95 | area=   all | maxDets=100 ] = 0.0006447740940048344
Average Precision  (AP) @[ IoU=0.50      | area=   all | maxDets=100 ] = 0.0024493224305230897
Average Precision  (AP) @[ IoU=0.75      | area=   all | maxDets=100 ] = 0.00010637794240176466
Average Precision  (AP) @[ IoU=0.50:0.95 | area= small | maxDets=100 ] = 0.0
Average Precision  (AP) @[ IoU=0.50:0.95 | area=medium | maxDets=100 ] = 0.0
Average Precision  (AP) @[ IoU=0.50:0.95 | area= large | maxDets=100 ] = 0.0006508649418935756
Average Recall     (AR) @[ IoU=0.50:0.95 | area=   all | maxDets=  1 ] = 0.007817338140338255
Average Recall     (AR) @[ IoU=0.50:0.95 | area=   all | maxDets= 10 ] = 0.014426410699013254
Average Recall     (AR) @[ IoU=0.50:0.95 | area=   all | maxDets=100 ] = 0.014426410699013254
Average Recall     (AR) @[ IoU=0.50:0.95 | area= small | maxDets=100 ] = 0.0
Average Recall     (AR) @[ IoU=0.50:0.95 | area=medium | maxDets=100 ] = 0.0
Average Recall     (AR) @[ IoU=0.50:0.95 | area= large | maxDets=100 ] = 0.014896745080299456



Epoch: [5]  [  0/201]  eta: 0:16:25  lr: 0.001000  loss: 0.8557 (0.8557)  loss_classifier: 0.3389 (0.3389)  loss_box_reg: 0.3470 (0.3470)  loss_objectness: 0.1551 (0.1551)  loss_rpn_box_reg: 0.0147 (0.0147)  time: 4.9051  data: 3.5973  max mem: 7234
Epoch: [5]  [100/201]  eta: 0:01:33  lr: 0.001000  loss: 0.8282 (0.8426)  loss_classifier: 0.3339 (0.3386)  loss_box_reg: 0.3414 (0.3450)  loss_objectness: 0.1353 (0.1418)  loss_rpn_box_reg: 0.0170 (0.0172)  time: 0.8827  data: 0.0920  max mem: 7234
Epoch: [5]  [200/201]  eta: 0:00:00  lr: 0.001000  loss: 0.8506 (0.8459)  loss_classifier: 0.3428 (0.3415)  loss_box_reg: 0.3597 (0.3502)  loss_objectness: 0.1250 (0.1368)  loss_rpn_box_reg: 0.0168 (0.0173)  time: 0.8042  data: 0.0743  max mem: 7234
Epoch: [5] Total time: 0:03:00 (0.8969 s / it)
Test:  [ 0/51]  eta: 0:02:08  model_time: 0.3872 (0.3872)  evaluator_time: 0.0931 (0.0931)  time: 2.5248  data: 1.6131  max mem: 7234
Test:  [50/51]  eta: 0:00:00  model_time: 0.1722 (0.1898)  evaluator_time: 0.0356 (0.0526)  time: 0.3290  data: 0.0512  max mem: 7234
Test: Total time: 0:00:20 (0.4011 s / it)
Average Precision  (AP) @[ IoU=0.50:0.95 | area=   all | maxDets=100 ] = 0.0013063253291707487
Average Precision  (AP) @[ IoU=0.50      | area=   all | maxDets=100 ] = 0.003634763033125153
Average Precision  (AP) @[ IoU=0.75      | area=   all | maxDets=100 ] = 0.0006643102353842394
Average Precision  (AP) @[ IoU=0.50:0.95 | area= small | maxDets=100 ] = 0.0
Average Precision  (AP) @[ IoU=0.50:0.95 | area=medium | maxDets=100 ] = 0.0
Average Precision  (AP) @[ IoU=0.50:0.95 | area= large | maxDets=100 ] = 0.0013174169515947382
Average Recall     (AR) @[ IoU=0.50:0.95 | area=   all | maxDets=  1 ] = 0.012422678410347563
Average Recall     (AR) @[ IoU=0.50:0.95 | area=   all | maxDets= 10 ] = 0.02995800340591089
Average Recall     (AR) @[ IoU=0.50:0.95 | area=   all | maxDets=100 ] = 0.030420042942486993
Average Recall     (AR) @[ IoU=0.50:0.95 | area= small | maxDets=100 ] = 0.0
Average Recall     (AR) @[ IoU=0.50:0.95 | area=medium | maxDets=100 ] = 0.0
Average Recall     (AR) @[ IoU=0.50:0.95 | area= large | maxDets=100 ] = 0.031062266408833618



Epoch: [6]  [  0/201]  eta: 0:15:45  lr: 0.001000  loss: 0.8411 (0.8411)  loss_classifier: 0.3424 (0.3424)  loss_box_reg: 0.3562 (0.3562)  loss_objectness: 0.1224 (0.1224)  loss_rpn_box_reg: 0.0200 (0.0200)  time: 4.7039  data: 3.4758  max mem: 7234
Epoch: [6]  [100/201]  eta: 0:01:33  lr: 0.001000  loss: 0.8598 (0.8531)  loss_classifier: 0.3494 (0.3492)  loss_box_reg: 0.3696 (0.3668)  loss_objectness: 0.1160 (0.1200)  loss_rpn_box_reg: 0.0169 (0.0171)  time: 0.8627  data: 0.0769  max mem: 7234
Epoch: [6]  [200/201]  eta: 0:00:00  lr: 0.001000  loss: 0.8407 (0.8516)  loss_classifier: 0.3484 (0.3499)  loss_box_reg: 0.3713 (0.3695)  loss_objectness: 0.1050 (0.1151)  loss_rpn_box_reg: 0.0168 (0.0171)  time: 0.7922  data: 0.0648  max mem: 7234
Epoch: [6] Total time: 0:02:58 (0.8890 s / it)
Test:  [ 0/51]  eta: 0:02:08  model_time: 0.3894 (0.3894)  evaluator_time: 0.0590 (0.0590)  time: 2.5153  data: 1.5223  max mem: 7234
Test:  [50/51]  eta: 0:00:00  model_time: 0.1738 (0.1939)  evaluator_time: 0.0399 (0.0542)  time: 0.3523  data: 0.0523  max mem: 7234
Test: Total time: 0:00:21 (0.4135 s / it)
Average Precision  (AP) @[ IoU=0.50:0.95 | area=   all | maxDets=100 ] = 0.0019129810752082084
Average Precision  (AP) @[ IoU=0.50      | area=   all | maxDets=100 ] = 0.007562598282068412
Average Precision  (AP) @[ IoU=0.75      | area=   all | maxDets=100 ] = 0.00042123035721871406
Average Precision  (AP) @[ IoU=0.50:0.95 | area= small | maxDets=100 ] = 0.0
Average Precision  (AP) @[ IoU=0.50:0.95 | area=medium | maxDets=100 ] = 0.0
Average Precision  (AP) @[ IoU=0.50:0.95 | area= large | maxDets=100 ] = 0.0019298645030772436
Average Recall     (AR) @[ IoU=0.50:0.95 | area=   all | maxDets=  1 ] = 0.021099228391144153
Average Recall     (AR) @[ IoU=0.50:0.95 | area=   all | maxDets= 10 ] = 0.052454378064475254
Average Recall     (AR) @[ IoU=0.50:0.95 | area=   all | maxDets=100 ] = 0.052672957299447924
Average Recall     (AR) @[ IoU=0.50:0.95 | area= small | maxDets=100 ] = 0.0
Average Recall     (AR) @[ IoU=0.50:0.95 | area=medium | maxDets=100 ] = 0.0
Average Recall     (AR) @[ IoU=0.50:0.95 | area= large | maxDets=100 ] = 0.05343150133169897



Epoch: [7]  [  0/201]  eta: 0:15:45  lr: 0.001000  loss: 0.8520 (0.8520)  loss_classifier: 0.3438 (0.3438)  loss_box_reg: 0.3753 (0.3753)  loss_objectness: 0.1139 (0.1139)  loss_rpn_box_reg: 0.0190 (0.0190)  time: 4.7061  data: 3.4685  max mem: 7234
Epoch: [7]  [100/201]  eta: 0:01:35  lr: 0.001000  loss: 0.8418 (0.8535)  loss_classifier: 0.3494 (0.3537)  loss_box_reg: 0.3749 (0.3808)  loss_objectness: 0.0998 (0.1022)  loss_rpn_box_reg: 0.0163 (0.0168)  time: 0.9079  data: 0.0954  max mem: 7234
Epoch: [7]  [200/201]  eta: 0:00:00  lr: 0.001000  loss: 0.8468 (0.8518)  loss_classifier: 0.3551 (0.3544)  loss_box_reg: 0.3901 (0.3821)  loss_objectness: 0.0895 (0.0982)  loss_rpn_box_reg: 0.0174 (0.0171)  time: 0.8085  data: 0.0770  max mem: 7234
Epoch: [7] Total time: 0:03:02 (0.9086 s / it)
Test:  [ 0/51]  eta: 0:02:24  model_time: 0.4009 (0.4009)  evaluator_time: 0.3378 (0.3378)  time: 2.8376  data: 1.6416  max mem: 7234
Test:  [50/51]  eta: 0:00:00  model_time: 0.1735 (0.1927)  evaluator_time: 0.0414 (0.0571)  time: 0.3373  data: 0.0543  max mem: 7234
Test: Total time: 0:00:20 (0.4117 s / it)
Average Precision  (AP) @[ IoU=0.50:0.95 | area=   all | maxDets=100 ] = 0.0029474438369586848
Average Precision  (AP) @[ IoU=0.50      | area=   all | maxDets=100 ] = 0.012913503552282924
Average Precision  (AP) @[ IoU=0.75      | area=   all | maxDets=100 ] = 0.00042796858422376917
Average Precision  (AP) @[ IoU=0.50:0.95 | area= small | maxDets=100 ] = 0.0
Average Precision  (AP) @[ IoU=0.50:0.95 | area=medium | maxDets=100 ] = 0.0
Average Precision  (AP) @[ IoU=0.50:0.95 | area= large | maxDets=100 ] = 0.0029813872342206297
Average Recall     (AR) @[ IoU=0.50:0.95 | area=   all | maxDets=  1 ] = 0.026373538026482134
Average Recall     (AR) @[ IoU=0.50:0.95 | area=   all | maxDets= 10 ] = 0.07078119663950387
Average Recall     (AR) @[ IoU=0.50:0.95 | area=   all | maxDets=100 ] = 0.07172222045294395
Average Recall     (AR) @[ IoU=0.50:0.95 | area= small | maxDets=100 ] = 0.0
Average Recall     (AR) @[ IoU=0.50:0.95 | area=medium | maxDets=100 ] = 0.0
Average Recall     (AR) @[ IoU=0.50:0.95 | area= large | maxDets=100 ] = 0.07277061238515085



Epoch: [8]  [  0/201]  eta: 0:15:46  lr: 0.001000  loss: 0.8451 (0.8451)  loss_classifier: 0.3544 (0.3544)  loss_box_reg: 0.3836 (0.3836)  loss_objectness: 0.0907 (0.0907)  loss_rpn_box_reg: 0.0164 (0.0164)  time: 4.7090  data: 3.5202  max mem: 7234
Epoch: [8]  [100/201]  eta: 0:01:33  lr: 0.001000  loss: 0.8289 (0.8367)  loss_classifier: 0.3495 (0.3528)  loss_box_reg: 0.3821 (0.3811)  loss_objectness: 0.0800 (0.0867)  loss_rpn_box_reg: 0.0155 (0.0161)  time: 0.8694  data: 0.0807  max mem: 7234
Epoch: [8]  [200/201]  eta: 0:00:00  lr: 0.001000  loss: 0.8151 (0.8287)  loss_classifier: 0.3448 (0.3500)  loss_box_reg: 0.3713 (0.3780)  loss_objectness: 0.0800 (0.0845)  loss_rpn_box_reg: 0.0162 (0.0163)  time: 0.7890  data: 0.0644  max mem: 7234
Epoch: [8] Total time: 0:02:58 (0.8897 s / it)
Test:  [ 0/51]  eta: 0:02:07  model_time: 0.3669 (0.3669)  evaluator_time: 0.0495 (0.0495)  time: 2.4982  data: 1.5499  max mem: 7234
Test:  [50/51]  eta: 0:00:00  model_time: 0.1747 (0.1824)  evaluator_time: 0.0405 (0.0499)  time: 0.3424  data: 0.0637  max mem: 7234
Test: Total time: 0:00:21 (0.4224 s / it)
Average Precision  (AP) @[ IoU=0.50:0.95 | area=   all | maxDets=100 ] = 0.0039748099010231035
Average Precision  (AP) @[ IoU=0.50      | area=   all | maxDets=100 ] = 0.016168739952979242
Average Precision  (AP) @[ IoU=0.75      | area=   all | maxDets=100 ] = 0.0005565732271131867
Average Precision  (AP) @[ IoU=0.50:0.95 | area= small | maxDets=100 ] = 0.0
Average Precision  (AP) @[ IoU=0.50:0.95 | area=medium | maxDets=100 ] = 0.0
Average Precision  (AP) @[ IoU=0.50:0.95 | area= large | maxDets=100 ] = 0.0040501097774021414
Average Recall     (AR) @[ IoU=0.50:0.95 | area=   all | maxDets=  1 ] = 0.025495163878905488
Average Recall     (AR) @[ IoU=0.50:0.95 | area=   all | maxDets= 10 ] = 0.07326524708035635
Average Recall     (AR) @[ IoU=0.50:0.95 | area=   all | maxDets=100 ] = 0.07504019819244218
Average Recall     (AR) @[ IoU=0.50:0.95 | area= small | maxDets=100 ] = 0.0
Average Recall     (AR) @[ IoU=0.50:0.95 | area=medium | maxDets=100 ] = 0.0
Average Recall     (AR) @[ IoU=0.50:0.95 | area= large | maxDets=100 ] = 0.07607218517373622



Epoch: [9]  [  0/201]  eta: 0:15:58  lr: 0.001000  loss: 0.8881 (0.8881)  loss_classifier: 0.3856 (0.3856)  loss_box_reg: 0.4017 (0.4017)  loss_objectness: 0.0836 (0.0836)  loss_rpn_box_reg: 0.0173 (0.0173)  time: 4.7710  data: 3.3982  max mem: 7234
Epoch: [9]  [100/201]  eta: 0:01:33  lr: 0.001000  loss: 0.7947 (0.8011)  loss_classifier: 0.3372 (0.3421)  loss_box_reg: 0.3573 (0.3652)  loss_objectness: 0.0733 (0.0775)  loss_rpn_box_reg: 0.0157 (0.0164)  time: 0.8703  data: 0.0814  max mem: 7234
Epoch: [9]  [200/201]  eta: 0:00:00  lr: 0.001000  loss: 0.7598 (0.7865)  loss_classifier: 0.3287 (0.3368)  loss_box_reg: 0.3438 (0.3577)  loss_objectness: 0.0700 (0.0756)  loss_rpn_box_reg: 0.0151 (0.0164)  time: 0.8062  data: 0.0779  max mem: 7234
Epoch: [9] Total time: 0:02:59 (0.8949 s / it)
Test:  [ 0/51]  eta: 0:02:09  model_time: 0.3841 (0.3841)  evaluator_time: 0.0501 (0.0501)  time: 2.5445  data: 1.6239  max mem: 7234
Test:  [50/51]  eta: 0:00:00  model_time: 0.1761 (0.1891)  evaluator_time: 0.0397 (0.0432)  time: 0.3626  data: 0.0606  max mem: 7234
Test: Total time: 0:00:21 (0.4229 s / it)
Average Precision  (AP) @[ IoU=0.50:0.95 | area=   all | maxDets=100 ] = 0.0057795304923272325
Average Precision  (AP) @[ IoU=0.50      | area=   all | maxDets=100 ] = 0.023490163579024545
Average Precision  (AP) @[ IoU=0.75      | area=   all | maxDets=100 ] = 0.0006438100248231338
Average Precision  (AP) @[ IoU=0.50:0.95 | area= small | maxDets=100 ] = 0.0
Average Precision  (AP) @[ IoU=0.50:0.95 | area=medium | maxDets=100 ] = 0.0
Average Precision  (AP) @[ IoU=0.50:0.95 | area= large | maxDets=100 ] = 0.0059153348974672355
Average Recall     (AR) @[ IoU=0.50:0.95 | area=   all | maxDets=  1 ] = 0.027959368610310394
Average Recall     (AR) @[ IoU=0.50:0.95 | area=   all | maxDets= 10 ] = 0.0777320118019475
Average Recall     (AR) @[ IoU=0.50:0.95 | area=   all | maxDets=100 ] = 0.07850910118915806
Average Recall     (AR) @[ IoU=0.50:0.95 | area= small | maxDets=100 ] = 0.0
Average Recall     (AR) @[ IoU=0.50:0.95 | area=medium | maxDets=100 ] = 0.0
Average Recall     (AR) @[ IoU=0.50:0.95 | area= large | maxDets=100 ] = 0.07965090681243989



Epoch: [10]  [  0/201]  eta: 0:16:21  lr: 0.001000  loss: 0.7533 (0.7533)  loss_classifier: 0.3282 (0.3282)  loss_box_reg: 0.3408 (0.3408)  loss_objectness: 0.0678 (0.0678)  loss_rpn_box_reg: 0.0166 (0.0166)  time: 4.8833  data: 3.6497  max mem: 7234
Epoch: [10]  [100/201]  eta: 0:01:36  lr: 0.001000  loss: 0.7359 (0.7469)  loss_classifier: 0.3149 (0.3213)  loss_box_reg: 0.3352 (0.3383)  loss_objectness: 0.0675 (0.0711)  loss_rpn_box_reg: 0.0167 (0.0163)  time: 0.8873  data: 0.0912  max mem: 7234
Epoch: [10]  [200/201]  eta: 0:00:00  lr: 0.001000  loss: 0.7119 (0.7355)  loss_classifier: 0.3056 (0.3167)  loss_box_reg: 0.3261 (0.3334)  loss_objectness: 0.0667 (0.0695)  loss_rpn_box_reg: 0.0153 (0.0159)  time: 0.8031  data: 0.0714  max mem: 7234
Epoch: [10] Total time: 0:03:03 (0.9120 s / it)
Test:  [ 0/51]  eta: 0:02:09  model_time: 0.3914 (0.3914)  evaluator_time: 0.0605 (0.0605)  time: 2.5337  data: 1.5491  max mem: 7234
Test:  [50/51]  eta: 0:00:00  model_time: 0.1748 (0.1815)  evaluator_time: 0.0339 (0.0451)  time: 0.3550  data: 0.0643  max mem: 7234
Test: Total time: 0:00:21 (0.4211 s / it)
Average Precision  (AP) @[ IoU=0.50:0.95 | area=   all | maxDets=100 ] = 0.007798281007858395
Average Precision  (AP) @[ IoU=0.50      | area=   all | maxDets=100 ] = 0.02683648403212651
Average Precision  (AP) @[ IoU=0.75      | area=   all | maxDets=100 ] = 0.0013886249756819632
Average Precision  (AP) @[ IoU=0.50:0.95 | area= small | maxDets=100 ] = 0.0
Average Precision  (AP) @[ IoU=0.50:0.95 | area=medium | maxDets=100 ] = 0.0
Average Precision  (AP) @[ IoU=0.50:0.95 | area= large | maxDets=100 ] = 0.007997011245235778
Average Recall     (AR) @[ IoU=0.50:0.95 | area=   all | maxDets=  1 ] = 0.03158767468234665
Average Recall     (AR) @[ IoU=0.50:0.95 | area=   all | maxDets= 10 ] = 0.08437710156470286
Average Recall     (AR) @[ IoU=0.50:0.95 | area=   all | maxDets=100 ] = 0.08522665472002937
Average Recall     (AR) @[ IoU=0.50:0.95 | area= small | maxDets=100 ] = 0.0
Average Recall     (AR) @[ IoU=0.50:0.95 | area=medium | maxDets=100 ] = 0.0
Average Recall     (AR) @[ IoU=0.50:0.95 | area= large | maxDets=100 ] = 0.0865941633569097



Epoch: [11]  [  0/201]  eta: 0:16:55  lr: 0.001000  loss: 0.6885 (0.6885)  loss_classifier: 0.3010 (0.3010)  loss_box_reg: 0.3070 (0.3070)  loss_objectness: 0.0654 (0.0654)  loss_rpn_box_reg: 0.0151 (0.0151)  time: 5.0527  data: 3.7282  max mem: 7234
Epoch: [11]  [100/201]  eta: 0:01:34  lr: 0.001000  loss: 0.6919 (0.7051)  loss_classifier: 0.3004 (0.3031)  loss_box_reg: 0.3156 (0.3198)  loss_objectness: 0.0622 (0.0666)  loss_rpn_box_reg: 0.0151 (0.0156)  time: 0.8812  data: 0.0883  max mem: 7234
Epoch: [11]  [200/201]  eta: 0:00:00  lr: 0.001000  loss: 0.6787 (0.6982)  loss_classifier: 0.2906 (0.3000)  loss_box_reg: 0.3081 (0.3176)  loss_objectness: 0.0599 (0.0650)  loss_rpn_box_reg: 0.0151 (0.0156)  time: 0.7988  data: 0.0759  max mem: 7234
Epoch: [11] Total time: 0:03:01 (0.9024 s / it)
Test:  [ 0/51]  eta: 0:02:21  model_time: 0.3663 (0.3663)  evaluator_time: 0.0480 (0.0480)  time: 2.7647  data: 1.8522  max mem: 7234
Test:  [50/51]  eta: 0:00:00  model_time: 0.1752 (0.1926)  evaluator_time: 0.0350 (0.0459)  time: 0.3434  data: 0.0528  max mem: 7234
Test: Total time: 0:00:20 (0.4081 s / it)
Average Precision  (AP) @[ IoU=0.50:0.95 | area=   all | maxDets=100 ] = 0.010236713455997127
Average Precision  (AP) @[ IoU=0.50      | area=   all | maxDets=100 ] = 0.03561627824951234
Average Precision  (AP) @[ IoU=0.75      | area=   all | maxDets=100 ] = 0.003463862472708582
Average Precision  (AP) @[ IoU=0.50:0.95 | area= small | maxDets=100 ] = 0.0
Average Precision  (AP) @[ IoU=0.50:0.95 | area=medium | maxDets=100 ] = 0.0
Average Precision  (AP) @[ IoU=0.50:0.95 | area= large | maxDets=100 ] = 0.010519673879194176
Average Recall     (AR) @[ IoU=0.50:0.95 | area=   all | maxDets=  1 ] = 0.03535277868408738
Average Recall     (AR) @[ IoU=0.50:0.95 | area=   all | maxDets= 10 ] = 0.0857248934797678
Average Recall     (AR) @[ IoU=0.50:0.95 | area=   all | maxDets=100 ] = 0.08640393290078867
Average Recall     (AR) @[ IoU=0.50:0.95 | area= small | maxDets=100 ] = 0.0
Average Recall     (AR) @[ IoU=0.50:0.95 | area=medium | maxDets=100 ] = 0.0
Average Recall     (AR) @[ IoU=0.50:0.95 | area= large | maxDets=100 ] = 0.0878688363277367



Epoch: [12]  [  0/201]  eta: 0:15:57  lr: 0.001000  loss: 0.6800 (0.6800)  loss_classifier: 0.2859 (0.2859)  loss_box_reg: 0.3143 (0.3143)  loss_objectness: 0.0611 (0.0611)  loss_rpn_box_reg: 0.0187 (0.0187)  time: 4.7613  data: 3.4609  max mem: 7234
Epoch: [12]  [100/201]  eta: 0:01:34  lr: 0.001000  loss: 0.6777 (0.6766)  loss_classifier: 0.2907 (0.2896)  loss_box_reg: 0.3074 (0.3094)  loss_objectness: 0.0597 (0.0623)  loss_rpn_box_reg: 0.0149 (0.0154)  time: 0.8834  data: 0.0930  max mem: 7234
Epoch: [12]  [200/201]  eta: 0:00:00  lr: 0.001000  loss: 0.6529 (0.6703)  loss_classifier: 0.2815 (0.2867)  loss_box_reg: 0.3012 (0.3068)  loss_objectness: 0.0596 (0.0614)  loss_rpn_box_reg: 0.0147 (0.0154)  time: 0.8035  data: 0.0819  max mem: 7234
Epoch: [12] Total time: 0:03:02 (0.9064 s / it)
Test:  [ 0/51]  eta: 0:02:01  model_time: 0.4288 (0.4288)  evaluator_time: 0.0629 (0.0629)  time: 2.3791  data: 1.2919  max mem: 7234
Test:  [50/51]  eta: 0:00:00  model_time: 0.1746 (0.1955)  evaluator_time: 0.0313 (0.0405)  time: 0.3347  data: 0.0511  max mem: 7234
Test: Total time: 0:00:20 (0.3987 s / it)
Average Precision  (AP) @[ IoU=0.50:0.95 | area=   all | maxDets=100 ] = 0.01041206424237034
Average Precision  (AP) @[ IoU=0.50      | area=   all | maxDets=100 ] = 0.03525685434399357
Average Precision  (AP) @[ IoU=0.75      | area=   all | maxDets=100 ] = 0.003609612887171107
Average Precision  (AP) @[ IoU=0.50:0.95 | area= small | maxDets=100 ] = 0.0
Average Precision  (AP) @[ IoU=0.50:0.95 | area=medium | maxDets=100 ] = 0.0
Average Precision  (AP) @[ IoU=0.50:0.95 | area= large | maxDets=100 ] = 0.010930226118914303
Average Recall     (AR) @[ IoU=0.50:0.95 | area=   all | maxDets=  1 ] = 0.035864419018007056
Average Recall     (AR) @[ IoU=0.50:0.95 | area=   all | maxDets= 10 ] = 0.08432708818612315
Average Recall     (AR) @[ IoU=0.50:0.95 | area=   all | maxDets=100 ] = 0.08488450178701501
Average Recall     (AR) @[ IoU=0.50:0.95 | area= small | maxDets=100 ] = 0.0
Average Recall     (AR) @[ IoU=0.50:0.95 | area=medium | maxDets=100 ] = 0.0
Average Recall     (AR) @[ IoU=0.50:0.95 | area= large | maxDets=100 ] = 0.08646032319758674



Epoch: [13]  [  0/201]  eta: 0:16:19  lr: 0.001000  loss: 0.6133 (0.6133)  loss_classifier: 0.2589 (0.2589)  loss_box_reg: 0.2865 (0.2865)  loss_objectness: 0.0536 (0.0536)  loss_rpn_box_reg: 0.0142 (0.0142)  time: 4.8721  data: 3.6939  max mem: 7234
Epoch: [13]  [100/201]  eta: 0:01:33  lr: 0.001000  loss: 0.6349 (0.6434)  loss_classifier: 0.2696 (0.2742)  loss_box_reg: 0.2930 (0.2959)  loss_objectness: 0.0562 (0.0582)  loss_rpn_box_reg: 0.0146 (0.0151)  time: 0.8808  data: 0.0833  max mem: 7234
Epoch: [13]  [200/201]  eta: 0:00:00  lr: 0.001000  loss: 0.6223 (0.6366)  loss_classifier: 0.2677 (0.2709)  loss_box_reg: 0.2859 (0.2927)  loss_objectness: 0.0570 (0.0576)  loss_rpn_box_reg: 0.0146 (0.0153)  time: 0.7883  data: 0.0607  max mem: 7234
Epoch: [13] Total time: 0:02:59 (0.8940 s / it)
Test:  [ 0/51]  eta: 0:02:09  model_time: 0.3850 (0.3850)  evaluator_time: 0.0439 (0.0439)  time: 2.5318  data: 1.6322  max mem: 7234
Test:  [50/51]  eta: 0:00:00  model_time: 0.1751 (0.1882)  evaluator_time: 0.0266 (0.0352)  time: 0.3295  data: 0.0620  max mem: 7234
Test: Total time: 0:00:20 (0.4070 s / it)
Average Precision  (AP) @[ IoU=0.50:0.95 | area=   all | maxDets=100 ] = 0.011873758998745293
Average Precision  (AP) @[ IoU=0.50      | area=   all | maxDets=100 ] = 0.0424166075701464
Average Precision  (AP) @[ IoU=0.75      | area=   all | maxDets=100 ] = 0.0047045884595873465
Average Precision  (AP) @[ IoU=0.50:0.95 | area= small | maxDets=100 ] = 0.0
Average Precision  (AP) @[ IoU=0.50:0.95 | area=medium | maxDets=100 ] = 0.0
Average Precision  (AP) @[ IoU=0.50:0.95 | area= large | maxDets=100 ] = 0.012331319823632622
Average Recall     (AR) @[ IoU=0.50:0.95 | area=   all | maxDets=  1 ] = 0.03990392268292709
Average Recall     (AR) @[ IoU=0.50:0.95 | area=   all | maxDets= 10 ] = 0.08716476266709045
Average Recall     (AR) @[ IoU=0.50:0.95 | area=   all | maxDets=100 ] = 0.08730969020332233
Average Recall     (AR) @[ IoU=0.50:0.95 | area= small | maxDets=100 ] = 0.0
Average Recall     (AR) @[ IoU=0.50:0.95 | area=medium | maxDets=100 ] = 0.0
Average Recall     (AR) @[ IoU=0.50:0.95 | area= large | maxDets=100 ] = 0.08900901080790952



Epoch: [14]  [  0/201]  eta: 0:16:27  lr: 0.001000  loss: 0.6245 (0.6245)  loss_classifier: 0.2676 (0.2676)  loss_box_reg: 0.2788 (0.2788)  loss_objectness: 0.0626 (0.0626)  loss_rpn_box_reg: 0.0155 (0.0155)  time: 4.9124  data: 3.6493  max mem: 7234
Epoch: [14]  [100/201]  eta: 0:01:34  lr: 0.001000  loss: 0.6153 (0.6180)  loss_classifier: 0.2597 (0.2615)  loss_box_reg: 0.2852 (0.2844)  loss_objectness: 0.0597 (0.0570)  loss_rpn_box_reg: 0.0146 (0.0151)  time: 0.8681  data: 0.0797  max mem: 7234
Epoch: [14]  [200/201]  eta: 0:00:00  lr: 0.001000  loss: 0.6074 (0.6133)  loss_classifier: 0.2551 (0.2591)  loss_box_reg: 0.2828 (0.2832)  loss_objectness: 0.0534 (0.0560)  loss_rpn_box_reg: 0.0146 (0.0150)  time: 0.7840  data: 0.0604  max mem: 7234
Epoch: [14] Total time: 0:03:00 (0.8983 s / it)
Test:  [ 0/51]  eta: 0:02:09  model_time: 0.3897 (0.3897)  evaluator_time: 0.0470 (0.0470)  time: 2.5474  data: 1.5728  max mem: 7234
Test:  [50/51]  eta: 0:00:00  model_time: 0.1747 (0.1933)  evaluator_time: 0.0305 (0.0358)  time: 0.3196  data: 0.0495  max mem: 7234
Test: Total time: 0:00:20 (0.3978 s / it)
Average Precision  (AP) @[ IoU=0.50:0.95 | area=   all | maxDets=100 ] = 0.012583171220285247
Average Precision  (AP) @[ IoU=0.50      | area=   all | maxDets=100 ] = 0.043014218220763525
Average Precision  (AP) @[ IoU=0.75      | area=   all | maxDets=100 ] = 0.007205350312194703
Average Precision  (AP) @[ IoU=0.50:0.95 | area= small | maxDets=100 ] = 0.0
Average Precision  (AP) @[ IoU=0.50:0.95 | area=medium | maxDets=100 ] = 0.0
Average Precision  (AP) @[ IoU=0.50:0.95 | area= large | maxDets=100 ] = 0.013025855349256486
Average Recall     (AR) @[ IoU=0.50:0.95 | area=   all | maxDets=  1 ] = 0.03913593130312043
Average Recall     (AR) @[ IoU=0.50:0.95 | area=   all | maxDets= 10 ] = 0.0845516367925316
Average Recall     (AR) @[ IoU=0.50:0.95 | area=   all | maxDets=100 ] = 0.0845516367925316
Average Recall     (AR) @[ IoU=0.50:0.95 | area= small | maxDets=100 ] = 0.0
Average Recall     (AR) @[ IoU=0.50:0.95 | area=medium | maxDets=100 ] = 0.0
Average Recall     (AR) @[ IoU=0.50:0.95 | area= large | maxDets=100 ] = 0.08630386849229517



Epoch: [15]  [  0/201]  eta: 0:16:20  lr: 0.001000  loss: 0.6167 (0.6167)  loss_classifier: 0.2570 (0.2570)  loss_box_reg: 0.2913 (0.2913)  loss_objectness: 0.0550 (0.0550)  loss_rpn_box_reg: 0.0133 (0.0133)  time: 4.8764  data: 3.7040  max mem: 7234
Epoch: [15]  [100/201]  eta: 0:01:33  lr: 0.001000  loss: 0.5922 (0.5976)  loss_classifier: 0.2502 (0.2509)  loss_box_reg: 0.2778 (0.2780)  loss_objectness: 0.0531 (0.0540)  loss_rpn_box_reg: 0.0145 (0.0147)  time: 0.8853  data: 0.1005  max mem: 7234
Epoch: [15]  [200/201]  eta: 0:00:00  lr: 0.001000  loss: 0.5814 (0.5921)  loss_classifier: 0.2438 (0.2479)  loss_box_reg: 0.2733 (0.2764)  loss_objectness: 0.0522 (0.0531)  loss_rpn_box_reg: 0.0144 (0.0147)  time: 0.7910  data: 0.0698  max mem: 7234
Epoch: [15] Total time: 0:02:59 (0.8942 s / it)
Test:  [ 0/51]  eta: 0:02:08  model_time: 0.3627 (0.3627)  evaluator_time: 0.0463 (0.0463)  time: 2.5192  data: 1.6503  max mem: 7234
Test:  [50/51]  eta: 0:00:00  model_time: 0.1758 (0.1955)  evaluator_time: 0.0285 (0.0399)  time: 0.3233  data: 0.0520  max mem: 7234
Test: Total time: 0:00:20 (0.3980 s / it)
Average Precision  (AP) @[ IoU=0.50:0.95 | area=   all | maxDets=100 ] = 0.01287415007563834
Average Precision  (AP) @[ IoU=0.50      | area=   all | maxDets=100 ] = 0.04850091576916749
Average Precision  (AP) @[ IoU=0.75      | area=   all | maxDets=100 ] = 0.0030354784402579767
Average Precision  (AP) @[ IoU=0.50:0.95 | area= small | maxDets=100 ] = 0.0
Average Precision  (AP) @[ IoU=0.50:0.95 | area=medium | maxDets=100 ] = 0.0
Average Precision  (AP) @[ IoU=0.50:0.95 | area= large | maxDets=100 ] = 0.013353759409319634
Average Recall     (AR) @[ IoU=0.50:0.95 | area=   all | maxDets=  1 ] = 0.040229434808724186
Average Recall     (AR) @[ IoU=0.50:0.95 | area=   all | maxDets= 10 ] = 0.08562651463205279
Average Recall     (AR) @[ IoU=0.50:0.95 | area=   all | maxDets=100 ] = 0.08615041180973697
Average Recall     (AR) @[ IoU=0.50:0.95 | area= small | maxDets=100 ] = 0.0
Average Recall     (AR) @[ IoU=0.50:0.95 | area=medium | maxDets=100 ] = 0.0
Average Recall     (AR) @[ IoU=0.50:0.95 | area= large | maxDets=100 ] = 0.08811269930893605



Epoch: [16]  [  0/201]  eta: 0:16:16  lr: 0.001000  loss: 0.6020 (0.6020)  loss_classifier: 0.2571 (0.2571)  loss_box_reg: 0.2795 (0.2795)  loss_objectness: 0.0531 (0.0531)  loss_rpn_box_reg: 0.0124 (0.0124)  time: 4.8586  data: 3.5486  max mem: 7234
Epoch: [16]  [100/201]  eta: 0:01:35  lr: 0.001000  loss: 0.5774 (0.5800)  loss_classifier: 0.2419 (0.2421)  loss_box_reg: 0.2717 (0.2720)  loss_objectness: 0.0504 (0.0511)  loss_rpn_box_reg: 0.0146 (0.0148)  time: 0.9039  data: 0.1030  max mem: 7234
Epoch: [16]  [200/201]  eta: 0:00:00  lr: 0.001000  loss: 0.5534 (0.5727)  loss_classifier: 0.2287 (0.2385)  loss_box_reg: 0.2628 (0.2690)  loss_objectness: 0.0494 (0.0505)  loss_rpn_box_reg: 0.0144 (0.0146)  time: 0.8080  data: 0.0772  max mem: 7234
Epoch: [16] Total time: 0:03:03 (0.9114 s / it)
Test:  [ 0/51]  eta: 0:02:00  model_time: 0.3683 (0.3683)  evaluator_time: 0.0575 (0.0575)  time: 2.3607  data: 1.3648  max mem: 7234
Test:  [50/51]  eta: 0:00:00  model_time: 0.1749 (0.1943)  evaluator_time: 0.0263 (0.0318)  time: 0.3229  data: 0.0545  max mem: 7234
Test: Total time: 0:00:20 (0.3987 s / it)
Average Precision  (AP) @[ IoU=0.50:0.95 | area=   all | maxDets=100 ] = 0.012724676620321375
Average Precision  (AP) @[ IoU=0.50      | area=   all | maxDets=100 ] = 0.04923032283600269
Average Precision  (AP) @[ IoU=0.75      | area=   all | maxDets=100 ] = 0.005028688668412232
Average Precision  (AP) @[ IoU=0.50:0.95 | area= small | maxDets=100 ] = 0.0
Average Precision  (AP) @[ IoU=0.50:0.95 | area=medium | maxDets=100 ] = 0.0
Average Precision  (AP) @[ IoU=0.50:0.95 | area= large | maxDets=100 ] = 0.013268171473324266
Average Recall     (AR) @[ IoU=0.50:0.95 | area=   all | maxDets=  1 ] = 0.03787604150278083
Average Recall     (AR) @[ IoU=0.50:0.95 | area=   all | maxDets= 10 ] = 0.07951612392154757
Average Recall     (AR) @[ IoU=0.50:0.95 | area=   all | maxDets=100 ] = 0.0796822514504691
Average Recall     (AR) @[ IoU=0.50:0.95 | area= small | maxDets=100 ] = 0.0
Average Recall     (AR) @[ IoU=0.50:0.95 | area=medium | maxDets=100 ] = 0.0
Average Recall     (AR) @[ IoU=0.50:0.95 | area= large | maxDets=100 ] = 0.0815583327885243



Epoch: [17]  [  0/201]  eta: 0:16:12  lr: 0.001000  loss: 0.5551 (0.5551)  loss_classifier: 0.2282 (0.2282)  loss_box_reg: 0.2600 (0.2600)  loss_objectness: 0.0533 (0.0533)  loss_rpn_box_reg: 0.0135 (0.0135)  time: 4.8368  data: 3.6188  max mem: 7234
Epoch: [17]  [100/201]  eta: 0:01:34  lr: 0.001000  loss: 0.5503 (0.5564)  loss_classifier: 0.2283 (0.2309)  loss_box_reg: 0.2600 (0.2625)  loss_objectness: 0.0480 (0.0490)  loss_rpn_box_reg: 0.0134 (0.0140)  time: 0.8887  data: 0.1029  max mem: 7234
Epoch: [17]  [200/201]  eta: 0:00:00  lr: 0.001000  loss: 0.5537 (0.5542)  loss_classifier: 0.2269 (0.2289)  loss_box_reg: 0.2627 (0.2619)  loss_objectness: 0.0465 (0.0493)  loss_rpn_box_reg: 0.0138 (0.0141)  time: 0.8053  data: 0.0731  max mem: 7234
Epoch: [17] Total time: 0:03:01 (0.9037 s / it)
Test:  [ 0/51]  eta: 0:01:59  model_time: 0.4024 (0.4024)  evaluator_time: 0.0660 (0.0660)  time: 2.3528  data: 1.3756  max mem: 7234
Test:  [50/51]  eta: 0:00:00  model_time: 0.1756 (0.1973)  evaluator_time: 0.0269 (0.0406)  time: 0.3411  data: 0.0498  max mem: 7234
Test: Total time: 0:00:20 (0.4023 s / it)
Average Precision  (AP) @[ IoU=0.50:0.95 | area=   all | maxDets=100 ] = 0.013472852019238963
Average Precision  (AP) @[ IoU=0.50      | area=   all | maxDets=100 ] = 0.0547583933928032
Average Precision  (AP) @[ IoU=0.75      | area=   all | maxDets=100 ] = 0.0037072336325733356
Average Precision  (AP) @[ IoU=0.50:0.95 | area= small | maxDets=100 ] = 0.0
Average Precision  (AP) @[ IoU=0.50:0.95 | area=medium | maxDets=100 ] = 0.0011138613861386133
Average Precision  (AP) @[ IoU=0.50:0.95 | area= large | maxDets=100 ] = 0.0139822772123428
Average Recall     (AR) @[ IoU=0.50:0.95 | area=   all | maxDets=  1 ] = 0.04174018395439409
Average Recall     (AR) @[ IoU=0.50:0.95 | area=   all | maxDets= 10 ] = 0.08615176723021681
Average Recall     (AR) @[ IoU=0.50:0.95 | area=   all | maxDets=100 ] = 0.0863216968852723
Average Recall     (AR) @[ IoU=0.50:0.95 | area= small | maxDets=100 ] = 0.0
Average Recall     (AR) @[ IoU=0.50:0.95 | area=medium | maxDets=100 ] = 0.015000000000000003
Average Recall     (AR) @[ IoU=0.50:0.95 | area= large | maxDets=100 ] = 0.08821236143404529



Epoch: [18]  [  0/201]  eta: 0:16:34  lr: 0.001000  loss: 0.5759 (0.5759)  loss_classifier: 0.2451 (0.2451)  loss_box_reg: 0.2681 (0.2681)  loss_objectness: 0.0503 (0.0503)  loss_rpn_box_reg: 0.0124 (0.0124)  time: 4.9501  data: 3.6952  max mem: 7234
Epoch: [18]  [100/201]  eta: 0:01:35  lr: 0.001000  loss: 0.5358 (0.5439)  loss_classifier: 0.2194 (0.2230)  loss_box_reg: 0.2548 (0.2596)  loss_objectness: 0.0453 (0.0476)  loss_rpn_box_reg: 0.0138 (0.0138)  time: 0.8889  data: 0.0821  max mem: 7234
Epoch: [18]  [200/201]  eta: 0:00:00  lr: 0.001000  loss: 0.5322 (0.5407)  loss_classifier: 0.2160 (0.2209)  loss_box_reg: 0.2524 (0.2580)  loss_objectness: 0.0455 (0.0479)  loss_rpn_box_reg: 0.0132 (0.0139)  time: 0.7958  data: 0.0684  max mem: 7234
Epoch: [18] Total time: 0:03:02 (0.9071 s / it)
Test:  [ 0/51]  eta: 0:02:02  model_time: 0.3386 (0.3386)  evaluator_time: 0.0567 (0.0567)  time: 2.4028  data: 1.5374  max mem: 7234
Test:  [50/51]  eta: 0:00:00  model_time: 0.1763 (0.1884)  evaluator_time: 0.0250 (0.0348)  time: 0.3363  data: 0.0653  max mem: 7234
Test: Total time: 0:00:20 (0.4109 s / it)
Average Precision  (AP) @[ IoU=0.50:0.95 | area=   all | maxDets=100 ] = 0.01287431179389616
Average Precision  (AP) @[ IoU=0.50      | area=   all | maxDets=100 ] = 0.05315328137135181
Average Precision  (AP) @[ IoU=0.75      | area=   all | maxDets=100 ] = 0.0025535370317970713
Average Precision  (AP) @[ IoU=0.50:0.95 | area= small | maxDets=100 ] = 0.0
Average Precision  (AP) @[ IoU=0.50:0.95 | area=medium | maxDets=100 ] = 0.002599009900990099
Average Precision  (AP) @[ IoU=0.50:0.95 | area= large | maxDets=100 ] = 0.01345844594904871
Average Recall     (AR) @[ IoU=0.50:0.95 | area=   all | maxDets=  1 ] = 0.03877902011181099
Average Recall     (AR) @[ IoU=0.50:0.95 | area=   all | maxDets= 10 ] = 0.08554854134071667
Average Recall     (AR) @[ IoU=0.50:0.95 | area=   all | maxDets=100 ] = 0.0865218455523823
Average Recall     (AR) @[ IoU=0.50:0.95 | area= small | maxDets=100 ] = 0.0
Average Recall     (AR) @[ IoU=0.50:0.95 | area=medium | maxDets=100 ] = 0.015000000000000003
Average Recall     (AR) @[ IoU=0.50:0.95 | area= large | maxDets=100 ] = 0.08835823320694389



Epoch: [19]  [  0/201]  eta: 0:16:40  lr: 0.001000  loss: 0.5490 (0.5490)  loss_classifier: 0.2179 (0.2179)  loss_box_reg: 0.2617 (0.2617)  loss_objectness: 0.0555 (0.0555)  loss_rpn_box_reg: 0.0138 (0.0138)  time: 4.9769  data: 3.7309  max mem: 7234
Epoch: [19]  [100/201]  eta: 0:01:34  lr: 0.001000  loss: 0.5324 (0.5333)  loss_classifier: 0.2154 (0.2168)  loss_box_reg: 0.2476 (0.2544)  loss_objectness: 0.0488 (0.0484)  loss_rpn_box_reg: 0.0136 (0.0137)  time: 0.9007  data: 0.0976  max mem: 7234
Epoch: [19]  [200/201]  eta: 0:00:00  lr: 0.001000  loss: 0.5219 (0.5311)  loss_classifier: 0.2103 (0.2154)  loss_box_reg: 0.2516 (0.2538)  loss_objectness: 0.0496 (0.0481)  loss_rpn_box_reg: 0.0131 (0.0138)  time: 0.7878  data: 0.0650  max mem: 7234
Epoch: [19] Total time: 0:03:00 (0.8997 s / it)
Test:  [ 0/51]  eta: 0:02:07  model_time: 0.4069 (0.4069)  evaluator_time: 0.0912 (0.0912)  time: 2.4913  data: 1.5480  max mem: 7234
Test:  [50/51]  eta: 0:00:00  model_time: 0.1754 (0.1889)  evaluator_time: 0.0247 (0.0352)  time: 0.3277  data: 0.0630  max mem: 7234
Test: Total time: 0:00:20 (0.4072 s / it)
Average Precision  (AP) @[ IoU=0.50:0.95 | area=   all | maxDets=100 ] = 0.012739656090523544
Average Precision  (AP) @[ IoU=0.50      | area=   all | maxDets=100 ] = 0.04997430946988515
Average Precision  (AP) @[ IoU=0.75      | area=   all | maxDets=100 ] = 0.0033276544682592237
Average Precision  (AP) @[ IoU=0.50:0.95 | area= small | maxDets=100 ] = 0.0
Average Precision  (AP) @[ IoU=0.50:0.95 | area=medium | maxDets=100 ] = 0.0009172976121141526
Average Precision  (AP) @[ IoU=0.50:0.95 | area= large | maxDets=100 ] = 0.013364938741511175
Average Recall     (AR) @[ IoU=0.50:0.95 | area=   all | maxDets=  1 ] = 0.03931976331804106
Average Recall     (AR) @[ IoU=0.50:0.95 | area=   all | maxDets= 10 ] = 0.08175429539598313
Average Recall     (AR) @[ IoU=0.50:0.95 | area=   all | maxDets=100 ] = 0.08301626674948766
Average Recall     (AR) @[ IoU=0.50:0.95 | area= small | maxDets=100 ] = 0.0
Average Recall     (AR) @[ IoU=0.50:0.95 | area=medium | maxDets=100 ] = 0.015000000000000003
Average Recall     (AR) @[ IoU=0.50:0.95 | area= large | maxDets=100 ] = 0.08495008006780999



Epoch: [20]  [  0/201]  eta: 0:16:11  lr: 0.001000  loss: 0.5447 (0.5447)  loss_classifier: 0.2258 (0.2258)  loss_box_reg: 0.2701 (0.2701)  loss_objectness: 0.0368 (0.0368)  loss_rpn_box_reg: 0.0120 (0.0120)  time: 4.8310  data: 3.4544  max mem: 7234
Epoch: [20]  [100/201]  eta: 0:01:34  lr: 0.001000  loss: 0.5068 (0.5220)  loss_classifier: 0.2016 (0.2111)  loss_box_reg: 0.2429 (0.2515)  loss_objectness: 0.0454 (0.0458)  loss_rpn_box_reg: 0.0131 (0.0136)  time: 0.8769  data: 0.0883  max mem: 7234
Epoch: [20]  [200/201]  eta: 0:00:00  lr: 0.001000  loss: 0.5115 (0.5172)  loss_classifier: 0.2027 (0.2087)  loss_box_reg: 0.2470 (0.2494)  loss_objectness: 0.0433 (0.0456)  loss_rpn_box_reg: 0.0127 (0.0135)  time: 0.8069  data: 0.0726  max mem: 7234
Epoch: [20] Total time: 0:03:02 (0.9058 s / it)
Test:  [ 0/51]  eta: 0:02:05  model_time: 0.4172 (0.4172)  evaluator_time: 0.0891 (0.0891)  time: 2.4639  data: 1.4503  max mem: 7234
Test:  [50/51]  eta: 0:00:00  model_time: 0.1760 (0.1980)  evaluator_time: 0.0254 (0.0377)  time: 0.3205  data: 0.0486  max mem: 7234
Test: Total time: 0:00:20 (0.4034 s / it)
Average Precision  (AP) @[ IoU=0.50:0.95 | area=   all | maxDets=100 ] = 0.012582966182237984
Average Precision  (AP) @[ IoU=0.50      | area=   all | maxDets=100 ] = 0.050252614951535275
Average Precision  (AP) @[ IoU=0.75      | area=   all | maxDets=100 ] = 0.0036499257277300477
Average Precision  (AP) @[ IoU=0.50:0.95 | area= small | maxDets=100 ] = 0.0
Average Precision  (AP) @[ IoU=0.50:0.95 | area=medium | maxDets=100 ] = 0.0009746287128712871
Average Precision  (AP) @[ IoU=0.50:0.95 | area= large | maxDets=100 ] = 0.013177279803589834
Average Recall     (AR) @[ IoU=0.50:0.95 | area=   all | maxDets=  1 ] = 0.03857712638997368
Average Recall     (AR) @[ IoU=0.50:0.95 | area=   all | maxDets= 10 ] = 0.07768268554592232
Average Recall     (AR) @[ IoU=0.50:0.95 | area=   all | maxDets=100 ] = 0.07868107523996419
Average Recall     (AR) @[ IoU=0.50:0.95 | area= small | maxDets=100 ] = 0.0
Average Recall     (AR) @[ IoU=0.50:0.95 | area=medium | maxDets=100 ] = 0.015000000000000003
Average Recall     (AR) @[ IoU=0.50:0.95 | area= large | maxDets=100 ] = 0.08060375282541843



Epoch: [21]  [  0/201]  eta: 0:15:25  lr: 0.001000  loss: 0.4839 (0.4839)  loss_classifier: 0.1920 (0.1920)  loss_box_reg: 0.2421 (0.2421)  loss_objectness: 0.0364 (0.0364)  loss_rpn_box_reg: 0.0135 (0.0135)  time: 4.6022  data: 3.2746  max mem: 7234
Epoch: [21]  [100/201]  eta: 0:01:34  lr: 0.001000  loss: 0.5071 (0.5153)  loss_classifier: 0.2055 (0.2070)  loss_box_reg: 0.2495 (0.2496)  loss_objectness: 0.0425 (0.0452)  loss_rpn_box_reg: 0.0129 (0.0136)  time: 0.8828  data: 0.0889  max mem: 7234
Epoch: [21]  [200/201]  eta: 0:00:00  lr: 0.001000  loss: 0.4974 (0.5103)  loss_classifier: 0.1990 (0.2041)  loss_box_reg: 0.2425 (0.2474)  loss_objectness: 0.0424 (0.0453)  loss_rpn_box_reg: 0.0127 (0.0136)  time: 0.8000  data: 0.0767  max mem: 7234
Epoch: [21] Total time: 0:03:01 (0.9029 s / it)
Test:  [ 0/51]  eta: 0:02:21  model_time: 0.3772 (0.3772)  evaluator_time: 0.3410 (0.3410)  time: 2.7763  data: 1.5733  max mem: 7234
Test:  [50/51]  eta: 0:00:00  model_time: 0.1766 (0.1994)  evaluator_time: 0.0259 (0.0484)  time: 0.3338  data: 0.0537  max mem: 7234
Test: Total time: 0:00:21 (0.4151 s / it)
Average Precision  (AP) @[ IoU=0.50:0.95 | area=   all | maxDets=100 ] = 0.013729136472386272
Average Precision  (AP) @[ IoU=0.50      | area=   all | maxDets=100 ] = 0.05568811106250143
Average Precision  (AP) @[ IoU=0.75      | area=   all | maxDets=100 ] = 0.004149945519928285
Average Precision  (AP) @[ IoU=0.50:0.95 | area= small | maxDets=100 ] = 0.0
Average Precision  (AP) @[ IoU=0.50:0.95 | area=medium | maxDets=100 ] = 0.0012208991169387208
Average Precision  (AP) @[ IoU=0.50:0.95 | area= large | maxDets=100 ] = 0.014334378863359032
Average Recall     (AR) @[ IoU=0.50:0.95 | area=   all | maxDets=  1 ] = 0.04253418320000559
Average Recall     (AR) @[ IoU=0.50:0.95 | area=   all | maxDets= 10 ] = 0.08174995926775062
Average Recall     (AR) @[ IoU=0.50:0.95 | area=   all | maxDets=100 ] = 0.0825296863632672
Average Recall     (AR) @[ IoU=0.50:0.95 | area= small | maxDets=100 ] = 0.0
Average Recall     (AR) @[ IoU=0.50:0.95 | area=medium | maxDets=100 ] = 0.025
Average Recall     (AR) @[ IoU=0.50:0.95 | area= large | maxDets=100 ] = 0.08442392356649406



Epoch: [22]  [  0/201]  eta: 0:15:14  lr: 0.001000  loss: 0.4963 (0.4963)  loss_classifier: 0.2026 (0.2026)  loss_box_reg: 0.2475 (0.2475)  loss_objectness: 0.0343 (0.0343)  loss_rpn_box_reg: 0.0119 (0.0119)  time: 4.5488  data: 3.2303  max mem: 7234
Epoch: [22]  [100/201]  eta: 0:01:34  lr: 0.001000  loss: 0.4915 (0.4982)  loss_classifier: 0.1940 (0.1979)  loss_box_reg: 0.2428 (0.2430)  loss_objectness: 0.0426 (0.0441)  loss_rpn_box_reg: 0.0128 (0.0131)  time: 0.8726  data: 0.0831  max mem: 7234
Epoch: [22]  [200/201]  eta: 0:00:00  lr: 0.001000  loss: 0.4900 (0.4976)  loss_classifier: 0.1911 (0.1975)  loss_box_reg: 0.2398 (0.2432)  loss_objectness: 0.0462 (0.0439)  loss_rpn_box_reg: 0.0123 (0.0130)  time: 0.8054  data: 0.0805  max mem: 7234
Epoch: [22] Total time: 0:03:00 (0.9005 s / it)
Test:  [ 0/51]  eta: 0:02:15  model_time: 0.4030 (0.4030)  evaluator_time: 0.0614 (0.0614)  time: 2.6632  data: 1.6394  max mem: 7234
Test:  [50/51]  eta: 0:00:00  model_time: 0.1763 (0.1918)  evaluator_time: 0.0239 (0.0369)  time: 0.3214  data: 0.0555  max mem: 7234
Test: Total time: 0:00:20 (0.4055 s / it)
Average Precision  (AP) @[ IoU=0.50:0.95 | area=   all | maxDets=100 ] = 0.011736852237400388
Average Precision  (AP) @[ IoU=0.50      | area=   all | maxDets=100 ] = 0.04612591504992224
Average Precision  (AP) @[ IoU=0.75      | area=   all | maxDets=100 ] = 0.002085699964134282
Average Precision  (AP) @[ IoU=0.50:0.95 | area= small | maxDets=100 ] = 0.0
Average Precision  (AP) @[ IoU=0.50:0.95 | area=medium | maxDets=100 ] = 0.0009700119226582348
Average Precision  (AP) @[ IoU=0.50:0.95 | area= large | maxDets=100 ] = 0.01225596681121212
Average Recall     (AR) @[ IoU=0.50:0.95 | area=   all | maxDets=  1 ] = 0.037065863814653356
Average Recall     (AR) @[ IoU=0.50:0.95 | area=   all | maxDets= 10 ] = 0.07125037488016993
Average Recall     (AR) @[ IoU=0.50:0.95 | area=   all | maxDets=100 ] = 0.07290729495814265
Average Recall     (AR) @[ IoU=0.50:0.95 | area= small | maxDets=100 ] = 0.0
Average Recall     (AR) @[ IoU=0.50:0.95 | area=medium | maxDets=100 ] = 0.025
Average Recall     (AR) @[ IoU=0.50:0.95 | area= large | maxDets=100 ] = 0.07461821145189224



Epoch: [23]  [  0/201]  eta: 0:15:06  lr: 0.001000  loss: 0.5123 (0.5123)  loss_classifier: 0.2034 (0.2034)  loss_box_reg: 0.2468 (0.2468)  loss_objectness: 0.0491 (0.0491)  loss_rpn_box_reg: 0.0130 (0.0130)  time: 4.5122  data: 3.2460  max mem: 7234
Epoch: [23]  [100/201]  eta: 0:01:33  lr: 0.001000  loss: 0.4883 (0.4916)  loss_classifier: 0.1905 (0.1948)  loss_box_reg: 0.2382 (0.2402)  loss_objectness: 0.0428 (0.0435)  loss_rpn_box_reg: 0.0129 (0.0131)  time: 0.8761  data: 0.0881  max mem: 7234
Epoch: [23]  [200/201]  eta: 0:00:00  lr: 0.001000  loss: 0.4941 (0.4902)  loss_classifier: 0.1940 (0.1938)  loss_box_reg: 0.2396 (0.2395)  loss_objectness: 0.0450 (0.0437)  loss_rpn_box_reg: 0.0131 (0.0132)  time: 0.7902  data: 0.0679  max mem: 7234
Epoch: [23] Total time: 0:02:59 (0.8920 s / it)
Test:  [ 0/51]  eta: 0:02:06  model_time: 0.3248 (0.3248)  evaluator_time: 0.0414 (0.0414)  time: 2.4898  data: 1.6068  max mem: 7234
Test:  [50/51]  eta: 0:00:00  model_time: 0.1760 (0.1927)  evaluator_time: 0.0247 (0.0408)  time: 0.3247  data: 0.0558  max mem: 7234
Test: Total time: 0:00:20 (0.3999 s / it)
Average Precision  (AP) @[ IoU=0.50:0.95 | area=   all | maxDets=100 ] = 0.013137055987671828
Average Precision  (AP) @[ IoU=0.50      | area=   all | maxDets=100 ] = 0.05154145636759103
Average Precision  (AP) @[ IoU=0.75      | area=   all | maxDets=100 ] = 0.003704030322428215
Average Precision  (AP) @[ IoU=0.50:0.95 | area= small | maxDets=100 ] = 0.0
Average Precision  (AP) @[ IoU=0.50:0.95 | area=medium | maxDets=100 ] = 0.0005996291997413746
Average Precision  (AP) @[ IoU=0.50:0.95 | area= large | maxDets=100 ] = 0.01371421406835228
Average Recall     (AR) @[ IoU=0.50:0.95 | area=   all | maxDets=  1 ] = 0.04102471981511726
Average Recall     (AR) @[ IoU=0.50:0.95 | area=   all | maxDets= 10 ] = 0.08069546009678437
Average Recall     (AR) @[ IoU=0.50:0.95 | area=   all | maxDets=100 ] = 0.08244984606169664
Average Recall     (AR) @[ IoU=0.50:0.95 | area= small | maxDets=100 ] = 0.0
Average Recall     (AR) @[ IoU=0.50:0.95 | area=medium | maxDets=100 ] = 0.025
Average Recall     (AR) @[ IoU=0.50:0.95 | area= large | maxDets=100 ] = 0.08436148742266339



Epoch: [24]  [  0/201]  eta: 0:16:12  lr: 0.001000  loss: 0.4700 (0.4700)  loss_classifier: 0.1819 (0.1819)  loss_box_reg: 0.2295 (0.2295)  loss_objectness: 0.0449 (0.0449)  loss_rpn_box_reg: 0.0136 (0.0136)  time: 4.8366  data: 3.6480  max mem: 7234
Epoch: [24]  [100/201]  eta: 0:01:34  lr: 0.001000  loss: 0.4763 (0.4794)  loss_classifier: 0.1848 (0.1881)  loss_box_reg: 0.2342 (0.2360)  loss_objectness: 0.0414 (0.0423)  loss_rpn_box_reg: 0.0124 (0.0130)  time: 0.8859  data: 0.0903  max mem: 7234
Epoch: [24]  [200/201]  eta: 0:00:00  lr: 0.001000  loss: 0.4848 (0.4810)  loss_classifier: 0.1897 (0.1887)  loss_box_reg: 0.2379 (0.2371)  loss_objectness: 0.0446 (0.0424)  loss_rpn_box_reg: 0.0126 (0.0129)  time: 0.8024  data: 0.0707  max mem: 7234
Epoch: [24] Total time: 0:03:01 (0.9009 s / it)
Test:  [ 0/51]  eta: 0:02:07  model_time: 0.3786 (0.3786)  evaluator_time: 0.0491 (0.0491)  time: 2.5024  data: 1.5267  max mem: 7234
Test:  [50/51]  eta: 0:00:00  model_time: 0.1757 (0.1946)  evaluator_time: 0.0245 (0.0320)  time: 0.3209  data: 0.0536  max mem: 7234
Test: Total time: 0:00:20 (0.3971 s / it)
Average Precision  (AP) @[ IoU=0.50:0.95 | area=   all | maxDets=100 ] = 0.014444857165822828
Average Precision  (AP) @[ IoU=0.50      | area=   all | maxDets=100 ] = 0.05800794059926174
Average Precision  (AP) @[ IoU=0.75      | area=   all | maxDets=100 ] = 0.003868022268260824
Average Precision  (AP) @[ IoU=0.50:0.95 | area= small | maxDets=100 ] = 0.0
Average Precision  (AP) @[ IoU=0.50:0.95 | area=medium | maxDets=100 ] = 0.00043910806632427627
Average Precision  (AP) @[ IoU=0.50:0.95 | area= large | maxDets=100 ] = 0.015196509224238956
Average Recall     (AR) @[ IoU=0.50:0.95 | area=   all | maxDets=  1 ] = 0.04258555228768914
Average Recall     (AR) @[ IoU=0.50:0.95 | area=   all | maxDets= 10 ] = 0.0845298477458712
Average Recall     (AR) @[ IoU=0.50:0.95 | area=   all | maxDets=100 ] = 0.08601429558043347
Average Recall     (AR) @[ IoU=0.50:0.95 | area= small | maxDets=100 ] = 0.0
Average Recall     (AR) @[ IoU=0.50:0.95 | area=medium | maxDets=100 ] = 0.025
Average Recall     (AR) @[ IoU=0.50:0.95 | area= large | maxDets=100 ] = 0.08811621952205453




