Epoch: [0]  [  0/201]  eta: 0:21:08  lr: 0.000006  loss: 3.0030 (3.0030)  loss_classifier: 2.0943 (2.0943)  loss_box_reg: 0.0297 (0.0297)  loss_objectness: 0.7039 (0.7039)  loss_rpn_box_reg: 0.1752 (0.1752)  time: 6.3130  data: 4.3367  max mem: 6978
Epoch: [0]  [100/201]  eta: 0:02:09  lr: 0.000505  loss: 1.6764 (1.9713)  loss_classifier: 0.5955 (0.8523)  loss_box_reg: 0.3960 (0.3196)  loss_objectness: 0.5456 (0.6364)  loss_rpn_box_reg: 0.1437 (0.1629)  time: 1.1772  data: 0.0727  max mem: 6994
Epoch: [0]  [200/201]  eta: 0:00:01  lr: 0.001000  loss: 1.6528 (1.7829)  loss_classifier: 0.6562 (0.7308)  loss_box_reg: 0.4455 (0.3591)  loss_objectness: 0.3984 (0.5373)  loss_rpn_box_reg: 0.1465 (0.1556)  time: 1.1116  data: 0.0601  max mem: 6994
Epoch: [0] Total time: 0:04:05 (1.2203 s / it)
Test:  [ 0/51]  eta: 0:01:45  model_time: 0.4379 (0.4379)  evaluator_time: 0.0764 (0.0764)  time: 2.0617  data: 1.0463  max mem: 6994
Test:  [50/51]  eta: 0:00:00  model_time: 0.3008 (0.3013)  evaluator_time: 0.0395 (0.0511)  time: 0.4738  data: 0.0609  max mem: 6994
Test: Total time: 0:00:26 (0.5231 s / it)
Average Precision  (AP) @[ IoU=0.50:0.95 | area=   all | maxDets=100 ] = 1.2020215919861762e-05
Average Precision  (AP) @[ IoU=0.50      | area=   all | maxDets=100 ] = 6.978464898484653e-05
Average Precision  (AP) @[ IoU=0.75      | area=   all | maxDets=100 ] = 4.332847621115006e-07
Average Precision  (AP) @[ IoU=0.50:0.95 | area= small | maxDets=100 ] = 0.0
Average Precision  (AP) @[ IoU=0.50:0.95 | area=medium | maxDets=100 ] = 0.0
Average Precision  (AP) @[ IoU=0.50:0.95 | area= large | maxDets=100 ] = 1.2452282263539573e-05
Average Recall     (AR) @[ IoU=0.50:0.95 | area=   all | maxDets=  1 ] = 0.0009173748123172408
Average Recall     (AR) @[ IoU=0.50:0.95 | area=   all | maxDets= 10 ] = 0.007049765281143426
Average Recall     (AR) @[ IoU=0.50:0.95 | area=   all | maxDets=100 ] = 0.007481011885815398
Average Recall     (AR) @[ IoU=0.50:0.95 | area= small | maxDets=100 ] = 0.0
Average Recall     (AR) @[ IoU=0.50:0.95 | area=medium | maxDets=100 ] = 0.0
Average Recall     (AR) @[ IoU=0.50:0.95 | area= large | maxDets=100 ] = 0.007779706099099334



Epoch: [1]  [  0/201]  eta: 0:15:46  lr: 0.001000  loss: 1.5690 (1.5690)  loss_classifier: 0.6154 (0.6154)  loss_box_reg: 0.4024 (0.4024)  loss_objectness: 0.4037 (0.4037)  loss_rpn_box_reg: 0.1475 (0.1475)  time: 4.7065  data: 3.2071  max mem: 6994
Epoch: [1]  [100/201]  eta: 0:01:59  lr: 0.001000  loss: 1.7556 (1.7818)  loss_classifier: 0.6945 (0.7183)  loss_box_reg: 0.5240 (0.5348)  loss_objectness: 0.3683 (0.3732)  loss_rpn_box_reg: 0.1515 (0.1555)  time: 1.1392  data: 0.0730  max mem: 6995
Epoch: [1]  [200/201]  eta: 0:00:01  lr: 0.001000  loss: 1.7515 (1.7841)  loss_classifier: 0.6875 (0.7149)  loss_box_reg: 0.5391 (0.5461)  loss_objectness: 0.3609 (0.3670)  loss_rpn_box_reg: 0.1495 (0.1562)  time: 1.0797  data: 0.0644  max mem: 6995
Epoch: [1] Total time: 0:03:51 (1.1511 s / it)
Test:  [ 0/51]  eta: 0:02:03  model_time: 0.3767 (0.3767)  evaluator_time: 0.0497 (0.0497)  time: 2.4267  data: 1.5073  max mem: 6995
Test:  [50/51]  eta: 0:00:00  model_time: 0.3019 (0.3012)  evaluator_time: 0.0372 (0.0484)  time: 0.4496  data: 0.0604  max mem: 6995
Test: Total time: 0:00:26 (0.5175 s / it)
Average Precision  (AP) @[ IoU=0.50:0.95 | area=   all | maxDets=100 ] = 0.0005490993189624201
Average Precision  (AP) @[ IoU=0.50      | area=   all | maxDets=100 ] = 0.0028665638637487864
Average Precision  (AP) @[ IoU=0.75      | area=   all | maxDets=100 ] = 0.0
Average Precision  (AP) @[ IoU=0.50:0.95 | area= small | maxDets=100 ] = 0.0
Average Precision  (AP) @[ IoU=0.50:0.95 | area=medium | maxDets=100 ] = 0.0
Average Precision  (AP) @[ IoU=0.50:0.95 | area= large | maxDets=100 ] = 0.0005636467817366809
Average Recall     (AR) @[ IoU=0.50:0.95 | area=   all | maxDets=  1 ] = 0.002769766452850095
Average Recall     (AR) @[ IoU=0.50:0.95 | area=   all | maxDets= 10 ] = 0.008701110749145846
Average Recall     (AR) @[ IoU=0.50:0.95 | area=   all | maxDets=100 ] = 0.009166469612674045
Average Recall     (AR) @[ IoU=0.50:0.95 | area= small | maxDets=100 ] = 0.0
Average Recall     (AR) @[ IoU=0.50:0.95 | area=medium | maxDets=100 ] = 0.0
Average Recall     (AR) @[ IoU=0.50:0.95 | area= large | maxDets=100 ] = 0.00957176826978489



Epoch: [2]  [  0/201]  eta: 0:16:22  lr: 0.001000  loss: 1.6101 (1.6101)  loss_classifier: 0.5984 (0.5984)  loss_box_reg: 0.4607 (0.4607)  loss_objectness: 0.3814 (0.3814)  loss_rpn_box_reg: 0.1696 (0.1696)  time: 4.8904  data: 3.3382  max mem: 6995
Epoch: [2]  [100/201]  eta: 0:01:56  lr: 0.001000  loss: 1.8451 (1.8051)  loss_classifier: 0.7237 (0.7075)  loss_box_reg: 0.6280 (0.5964)  loss_objectness: 0.3398 (0.3460)  loss_rpn_box_reg: 0.1585 (0.1553)  time: 1.1102  data: 0.0528  max mem: 6995
Epoch: [2]  [200/201]  eta: 0:00:01  lr: 0.001000  loss: 1.8884 (1.8438)  loss_classifier: 0.7360 (0.7238)  loss_box_reg: 0.6503 (0.6272)  loss_objectness: 0.3264 (0.3381)  loss_rpn_box_reg: 0.1510 (0.1547)  time: 1.0646  data: 0.0541  max mem: 6995
Epoch: [2] Total time: 0:03:47 (1.1310 s / it)
Test:  [ 0/51]  eta: 0:02:07  model_time: 0.3986 (0.3986)  evaluator_time: 0.0448 (0.0448)  time: 2.4944  data: 1.5789  max mem: 6995
Test:  [50/51]  eta: 0:00:00  model_time: 0.3068 (0.3049)  evaluator_time: 0.0391 (0.0512)  time: 0.4387  data: 0.0436  max mem: 6995
Test: Total time: 0:00:26 (0.5107 s / it)
Average Precision  (AP) @[ IoU=0.50:0.95 | area=   all | maxDets=100 ] = 0.0008506213817683549
Average Precision  (AP) @[ IoU=0.50      | area=   all | maxDets=100 ] = 0.005231357656112856
Average Precision  (AP) @[ IoU=0.75      | area=   all | maxDets=100 ] = 1.81420733203276e-05
Average Precision  (AP) @[ IoU=0.50:0.95 | area= small | maxDets=100 ] = 0.0
Average Precision  (AP) @[ IoU=0.50:0.95 | area=medium | maxDets=100 ] = 0.0
Average Precision  (AP) @[ IoU=0.50:0.95 | area= large | maxDets=100 ] = 0.0008785657086830063
Average Recall     (AR) @[ IoU=0.50:0.95 | area=   all | maxDets=  1 ] = 0.005219597514875809
Average Recall     (AR) @[ IoU=0.50:0.95 | area=   all | maxDets= 10 ] = 0.013476965790501916
Average Recall     (AR) @[ IoU=0.50:0.95 | area=   all | maxDets=100 ] = 0.013476965790501916
Average Recall     (AR) @[ IoU=0.50:0.95 | area= small | maxDets=100 ] = 0.0
Average Recall     (AR) @[ IoU=0.50:0.95 | area=medium | maxDets=100 ] = 0.0
Average Recall     (AR) @[ IoU=0.50:0.95 | area= large | maxDets=100 ] = 0.013939310481065826



Epoch: [3]  [  0/201]  eta: 0:17:03  lr: 0.001000  loss: 1.8782 (1.8782)  loss_classifier: 0.7279 (0.7279)  loss_box_reg: 0.6354 (0.6354)  loss_objectness: 0.3575 (0.3575)  loss_rpn_box_reg: 0.1574 (0.1574)  time: 5.0934  data: 3.5319  max mem: 6995
Epoch: [3]  [100/201]  eta: 0:01:57  lr: 0.001000  loss: 1.9446 (1.9222)  loss_classifier: 0.7680 (0.7577)  loss_box_reg: 0.7152 (0.7002)  loss_objectness: 0.3078 (0.3180)  loss_rpn_box_reg: 0.1431 (0.1463)  time: 1.1189  data: 0.0579  max mem: 6995
Epoch: [3]  [200/201]  eta: 0:00:01  lr: 0.001000  loss: 1.8964 (1.9093)  loss_classifier: 0.7309 (0.7506)  loss_box_reg: 0.7056 (0.7009)  loss_objectness: 0.2957 (0.3107)  loss_rpn_box_reg: 0.1456 (0.1471)  time: 1.0658  data: 0.0509  max mem: 6995
Epoch: [3] Total time: 0:03:48 (1.1361 s / it)
Test:  [ 0/51]  eta: 0:02:09  model_time: 0.4595 (0.4595)  evaluator_time: 0.0492 (0.0492)  time: 2.5303  data: 1.6225  max mem: 6995
Test:  [50/51]  eta: 0:00:00  model_time: 0.3068 (0.3066)  evaluator_time: 0.0416 (0.0550)  time: 0.4778  data: 0.0717  max mem: 6995
Test: Total time: 0:00:27 (0.5448 s / it)
Average Precision  (AP) @[ IoU=0.50:0.95 | area=   all | maxDets=100 ] = 0.0017152973156008787
Average Precision  (AP) @[ IoU=0.50      | area=   all | maxDets=100 ] = 0.00885345054859716
Average Precision  (AP) @[ IoU=0.75      | area=   all | maxDets=100 ] = 0.0004723378741815068
Average Precision  (AP) @[ IoU=0.50:0.95 | area= small | maxDets=100 ] = 0.0
Average Precision  (AP) @[ IoU=0.50:0.95 | area=medium | maxDets=100 ] = 0.0
Average Precision  (AP) @[ IoU=0.50:0.95 | area= large | maxDets=100 ] = 0.0017360161936838927
Average Recall     (AR) @[ IoU=0.50:0.95 | area=   all | maxDets=  1 ] = 0.006123620258700996
Average Recall     (AR) @[ IoU=0.50:0.95 | area=   all | maxDets= 10 ] = 0.014099048448537667
Average Recall     (AR) @[ IoU=0.50:0.95 | area=   all | maxDets=100 ] = 0.014153693257280836
Average Recall     (AR) @[ IoU=0.50:0.95 | area= small | maxDets=100 ] = 0.0
Average Recall     (AR) @[ IoU=0.50:0.95 | area=medium | maxDets=100 ] = 0.0
Average Recall     (AR) @[ IoU=0.50:0.95 | area= large | maxDets=100 ] = 0.01465619522345838



Epoch: [4]  [  0/201]  eta: 0:17:22  lr: 0.001000  loss: 1.8522 (1.8522)  loss_classifier: 0.7007 (0.7007)  loss_box_reg: 0.6911 (0.6911)  loss_objectness: 0.3141 (0.3141)  loss_rpn_box_reg: 0.1464 (0.1464)  time: 5.1881  data: 3.6159  max mem: 6995
Epoch: [4]  [100/201]  eta: 0:01:56  lr: 0.001000  loss: 1.8555 (1.8861)  loss_classifier: 0.7396 (0.7455)  loss_box_reg: 0.6976 (0.7042)  loss_objectness: 0.2935 (0.2926)  loss_rpn_box_reg: 0.1445 (0.1438)  time: 1.1086  data: 0.0492  max mem: 6995
Epoch: [4]  [200/201]  eta: 0:00:01  lr: 0.001000  loss: 1.8622 (1.8752)  loss_classifier: 0.7265 (0.7383)  loss_box_reg: 0.7029 (0.7012)  loss_objectness: 0.2844 (0.2915)  loss_rpn_box_reg: 0.1432 (0.1442)  time: 1.0616  data: 0.0510  max mem: 6995
Epoch: [4] Total time: 0:03:47 (1.1297 s / it)
Test:  [ 0/51]  eta: 0:02:03  model_time: 0.4690 (0.4690)  evaluator_time: 0.0461 (0.0461)  time: 2.4184  data: 1.4344  max mem: 6995
Test:  [50/51]  eta: 0:00:00  model_time: 0.3054 (0.3066)  evaluator_time: 0.0384 (0.0465)  time: 0.4557  data: 0.0553  max mem: 6995
Test: Total time: 0:00:27 (0.5350 s / it)
Average Precision  (AP) @[ IoU=0.50:0.95 | area=   all | maxDets=100 ] = 0.0021501715210437444
Average Precision  (AP) @[ IoU=0.50      | area=   all | maxDets=100 ] = 0.009411541837799232
Average Precision  (AP) @[ IoU=0.75      | area=   all | maxDets=100 ] = 0.0008366404355893865
Average Precision  (AP) @[ IoU=0.50:0.95 | area= small | maxDets=100 ] = 0.0
Average Precision  (AP) @[ IoU=0.50:0.95 | area=medium | maxDets=100 ] = 0.0
Average Precision  (AP) @[ IoU=0.50:0.95 | area= large | maxDets=100 ] = 0.002201785204119801
Average Recall     (AR) @[ IoU=0.50:0.95 | area=   all | maxDets=  1 ] = 0.008365989996729554
Average Recall     (AR) @[ IoU=0.50:0.95 | area=   all | maxDets= 10 ] = 0.013991497399825385
Average Recall     (AR) @[ IoU=0.50:0.95 | area=   all | maxDets=100 ] = 0.01409487515203834
Average Recall     (AR) @[ IoU=0.50:0.95 | area= small | maxDets=100 ] = 0.0
Average Recall     (AR) @[ IoU=0.50:0.95 | area=medium | maxDets=100 ] = 0.0
Average Recall     (AR) @[ IoU=0.50:0.95 | area= large | maxDets=100 ] = 0.0146004458292112



Epoch: [5]  [  0/201]  eta: 0:16:43  lr: 0.001000  loss: 2.0365 (2.0365)  loss_classifier: 0.7985 (0.7985)  loss_box_reg: 0.8082 (0.8082)  loss_objectness: 0.2829 (0.2829)  loss_rpn_box_reg: 0.1468 (0.1468)  time: 4.9921  data: 3.4919  max mem: 6995
Epoch: [5]  [100/201]  eta: 0:01:57  lr: 0.001000  loss: 1.8137 (1.8338)  loss_classifier: 0.7048 (0.7140)  loss_box_reg: 0.6810 (0.6944)  loss_objectness: 0.2685 (0.2802)  loss_rpn_box_reg: 0.1387 (0.1453)  time: 1.1118  data: 0.0544  max mem: 6995
Epoch: [5]  [200/201]  eta: 0:00:01  lr: 0.001000  loss: 1.8500 (1.8289)  loss_classifier: 0.7184 (0.7110)  loss_box_reg: 0.7204 (0.6963)  loss_objectness: 0.2660 (0.2769)  loss_rpn_box_reg: 0.1394 (0.1447)  time: 1.0557  data: 0.0473  max mem: 6995
Epoch: [5] Total time: 0:03:48 (1.1349 s / it)
Test:  [ 0/51]  eta: 0:02:06  model_time: 0.3850 (0.3850)  evaluator_time: 0.0522 (0.0522)  time: 2.4804  data: 1.5438  max mem: 6995
Test:  [50/51]  eta: 0:00:00  model_time: 0.3059 (0.3035)  evaluator_time: 0.0418 (0.0605)  time: 0.4787  data: 0.0633  max mem: 6995
Test: Total time: 0:00:27 (0.5482 s / it)
Average Precision  (AP) @[ IoU=0.50:0.95 | area=   all | maxDets=100 ] = 0.0012488776163489272
Average Precision  (AP) @[ IoU=0.50      | area=   all | maxDets=100 ] = 0.00524532463273148
Average Precision  (AP) @[ IoU=0.75      | area=   all | maxDets=100 ] = 0.00055226441293825
Average Precision  (AP) @[ IoU=0.50:0.95 | area= small | maxDets=100 ] = 0.0
Average Precision  (AP) @[ IoU=0.50:0.95 | area=medium | maxDets=100 ] = 0.0
Average Precision  (AP) @[ IoU=0.50:0.95 | area= large | maxDets=100 ] = 0.0012741058112875178
Average Recall     (AR) @[ IoU=0.50:0.95 | area=   all | maxDets=  1 ] = 0.007087804432240205
Average Recall     (AR) @[ IoU=0.50:0.95 | area=   all | maxDets= 10 ] = 0.015459982396235
Average Recall     (AR) @[ IoU=0.50:0.95 | area=   all | maxDets=100 ] = 0.01587349340508682
Average Recall     (AR) @[ IoU=0.50:0.95 | area= small | maxDets=100 ] = 0.0
Average Recall     (AR) @[ IoU=0.50:0.95 | area=medium | maxDets=100 ] = 0.0
Average Recall     (AR) @[ IoU=0.50:0.95 | area= large | maxDets=100 ] = 0.016436706346128906



Epoch: [6]  [  0/201]  eta: 0:16:57  lr: 0.001000  loss: 1.7835 (1.7835)  loss_classifier: 0.6830 (0.6830)  loss_box_reg: 0.6871 (0.6871)  loss_objectness: 0.2676 (0.2676)  loss_rpn_box_reg: 0.1459 (0.1459)  time: 5.0601  data: 3.5032  max mem: 6995
Epoch: [6]  [100/201]  eta: 0:01:57  lr: 0.001000  loss: 1.8285 (1.7987)  loss_classifier: 0.7045 (0.6931)  loss_box_reg: 0.7036 (0.6935)  loss_objectness: 0.2605 (0.2693)  loss_rpn_box_reg: 0.1424 (0.1428)  time: 1.1156  data: 0.0558  max mem: 6995
Epoch: [6]  [200/201]  eta: 0:00:01  lr: 0.001000  loss: 1.7193 (1.7883)  loss_classifier: 0.6531 (0.6861)  loss_box_reg: 0.6871 (0.6943)  loss_objectness: 0.2483 (0.2652)  loss_rpn_box_reg: 0.1392 (0.1426)  time: 1.0634  data: 0.0587  max mem: 6995
Epoch: [6] Total time: 0:03:48 (1.1347 s / it)
Test:  [ 0/51]  eta: 0:02:13  model_time: 0.3879 (0.3879)  evaluator_time: 0.0597 (0.0597)  time: 2.6136  data: 1.6743  max mem: 6995
Test:  [50/51]  eta: 0:00:00  model_time: 0.3073 (0.3069)  evaluator_time: 0.0449 (0.0642)  time: 0.4648  data: 0.0473  max mem: 6995
Test: Total time: 0:00:26 (0.5234 s / it)
Average Precision  (AP) @[ IoU=0.50:0.95 | area=   all | maxDets=100 ] = 0.0017129216161328445
Average Precision  (AP) @[ IoU=0.50      | area=   all | maxDets=100 ] = 0.008419436124198017
Average Precision  (AP) @[ IoU=0.75      | area=   all | maxDets=100 ] = 0.00028664838314817397
Average Precision  (AP) @[ IoU=0.50:0.95 | area= small | maxDets=100 ] = 0.0
Average Precision  (AP) @[ IoU=0.50:0.95 | area=medium | maxDets=100 ] = 0.0
Average Precision  (AP) @[ IoU=0.50:0.95 | area= large | maxDets=100 ] = 0.001750462837817133
Average Recall     (AR) @[ IoU=0.50:0.95 | area=   all | maxDets=  1 ] = 0.009408097524656205
Average Recall     (AR) @[ IoU=0.50:0.95 | area=   all | maxDets= 10 ] = 0.016910413358589872
Average Recall     (AR) @[ IoU=0.50:0.95 | area=   all | maxDets=100 ] = 0.017055340894821754
Average Recall     (AR) @[ IoU=0.50:0.95 | area= small | maxDets=100 ] = 0.0
Average Recall     (AR) @[ IoU=0.50:0.95 | area=medium | maxDets=100 ] = 0.0
Average Recall     (AR) @[ IoU=0.50:0.95 | area= large | maxDets=100 ] = 0.017734616962805528



Epoch: [7]  [  0/201]  eta: 0:16:03  lr: 0.001000  loss: 1.7443 (1.7443)  loss_classifier: 0.6950 (0.6950)  loss_box_reg: 0.6609 (0.6609)  loss_objectness: 0.2532 (0.2532)  loss_rpn_box_reg: 0.1352 (0.1352)  time: 4.7920  data: 3.1621  max mem: 6995
Epoch: [7]  [100/201]  eta: 0:01:57  lr: 0.001000  loss: 1.7463 (1.7599)  loss_classifier: 0.6716 (0.6750)  loss_box_reg: 0.6829 (0.6888)  loss_objectness: 0.2387 (0.2535)  loss_rpn_box_reg: 0.1362 (0.1425)  time: 1.1256  data: 0.0629  max mem: 6995
Epoch: [7]  [200/201]  eta: 0:00:01  lr: 0.001000  loss: 1.7233 (1.7465)  loss_classifier: 0.6551 (0.6653)  loss_box_reg: 0.6784 (0.6864)  loss_objectness: 0.2475 (0.2524)  loss_rpn_box_reg: 0.1387 (0.1424)  time: 1.0632  data: 0.0569  max mem: 6995
Epoch: [7] Total time: 0:03:48 (1.1386 s / it)
Test:  [ 0/51]  eta: 0:02:13  model_time: 0.4187 (0.4187)  evaluator_time: 0.0608 (0.0608)  time: 2.6135  data: 1.6200  max mem: 6995
Test:  [50/51]  eta: 0:00:00  model_time: 0.3076 (0.3069)  evaluator_time: 0.0426 (0.0563)  time: 0.4610  data: 0.0484  max mem: 6995
Test: Total time: 0:00:27 (0.5299 s / it)
Average Precision  (AP) @[ IoU=0.50:0.95 | area=   all | maxDets=100 ] = 0.0014520061739855526
Average Precision  (AP) @[ IoU=0.50      | area=   all | maxDets=100 ] = 0.007153221184388982
Average Precision  (AP) @[ IoU=0.75      | area=   all | maxDets=100 ] = 0.0005554438422565661
Average Precision  (AP) @[ IoU=0.50:0.95 | area= small | maxDets=100 ] = 0.0
Average Precision  (AP) @[ IoU=0.50:0.95 | area=medium | maxDets=100 ] = 0.0
Average Precision  (AP) @[ IoU=0.50:0.95 | area= large | maxDets=100 ] = 0.0014877239201571608
Average Recall     (AR) @[ IoU=0.50:0.95 | area=   all | maxDets=  1 ] = 0.00871570635341861
Average Recall     (AR) @[ IoU=0.50:0.95 | area=   all | maxDets= 10 ] = 0.015728582563616596
Average Recall     (AR) @[ IoU=0.50:0.95 | area=   all | maxDets=100 ] = 0.015801046331732536
Average Recall     (AR) @[ IoU=0.50:0.95 | area= small | maxDets=100 ] = 0.0
Average Recall     (AR) @[ IoU=0.50:0.95 | area=medium | maxDets=100 ] = 0.0
Average Recall     (AR) @[ IoU=0.50:0.95 | area= large | maxDets=100 ] = 0.016403618803832627



Epoch: [8]  [  0/201]  eta: 0:16:07  lr: 0.001000  loss: 1.6893 (1.6893)  loss_classifier: 0.6237 (0.6237)  loss_box_reg: 0.6910 (0.6910)  loss_objectness: 0.2226 (0.2226)  loss_rpn_box_reg: 0.1519 (0.1519)  time: 4.8151  data: 3.2648  max mem: 6995
Epoch: [8]  [100/201]  eta: 0:01:57  lr: 0.001000  loss: 1.6685 (1.7188)  loss_classifier: 0.6309 (0.6467)  loss_box_reg: 0.6684 (0.6835)  loss_objectness: 0.2413 (0.2468)  loss_rpn_box_reg: 0.1391 (0.1417)  time: 1.1256  data: 0.0619  max mem: 6995
Epoch: [8]  [200/201]  eta: 0:00:01  lr: 0.001000  loss: 1.6421 (1.7091)  loss_classifier: 0.6231 (0.6437)  loss_box_reg: 0.6610 (0.6792)  loss_objectness: 0.2294 (0.2456)  loss_rpn_box_reg: 0.1359 (0.1407)  time: 1.0713  data: 0.0550  max mem: 6995
Epoch: [8] Total time: 0:03:49 (1.1409 s / it)
Test:  [ 0/51]  eta: 0:02:32  model_time: 0.3561 (0.3561)  evaluator_time: 0.3767 (0.3767)  time: 2.9810  data: 1.7124  max mem: 6995
Test:  [50/51]  eta: 0:00:00  model_time: 0.3082 (0.3090)  evaluator_time: 0.0417 (0.0567)  time: 0.4527  data: 0.0436  max mem: 6995
Test: Total time: 0:00:26 (0.5259 s / it)
Average Precision  (AP) @[ IoU=0.50:0.95 | area=   all | maxDets=100 ] = 0.002982813459843504
Average Precision  (AP) @[ IoU=0.50      | area=   all | maxDets=100 ] = 0.012188259172815321
Average Precision  (AP) @[ IoU=0.75      | area=   all | maxDets=100 ] = 0.0008542402453993569
Average Precision  (AP) @[ IoU=0.50:0.95 | area= small | maxDets=100 ] = 0.0
Average Precision  (AP) @[ IoU=0.50:0.95 | area=medium | maxDets=100 ] = 0.0
Average Precision  (AP) @[ IoU=0.50:0.95 | area= large | maxDets=100 ] = 0.003047303238361255
Average Recall     (AR) @[ IoU=0.50:0.95 | area=   all | maxDets=  1 ] = 0.01393604607470649
Average Recall     (AR) @[ IoU=0.50:0.95 | area=   all | maxDets= 10 ] = 0.025247888456250533
Average Recall     (AR) @[ IoU=0.50:0.95 | area=   all | maxDets=100 ] = 0.026164005270818035
Average Recall     (AR) @[ IoU=0.50:0.95 | area= small | maxDets=100 ] = 0.0
Average Recall     (AR) @[ IoU=0.50:0.95 | area=medium | maxDets=100 ] = 0.0
Average Recall     (AR) @[ IoU=0.50:0.95 | area= large | maxDets=100 ] = 0.027049263814339978



Epoch: [9]  [  0/201]  eta: 0:17:13  lr: 0.001000  loss: 1.6964 (1.6964)  loss_classifier: 0.6357 (0.6357)  loss_box_reg: 0.6661 (0.6661)  loss_objectness: 0.2331 (0.2331)  loss_rpn_box_reg: 0.1615 (0.1615)  time: 5.1416  data: 3.5350  max mem: 6995
Epoch: [9]  [100/201]  eta: 0:01:57  lr: 0.001000  loss: 1.6770 (1.6737)  loss_classifier: 0.6288 (0.6249)  loss_box_reg: 0.6564 (0.6653)  loss_objectness: 0.2408 (0.2431)  loss_rpn_box_reg: 0.1377 (0.1404)  time: 1.1164  data: 0.0499  max mem: 6995
Epoch: [9]  [200/201]  eta: 0:00:01  lr: 0.001000  loss: 1.6297 (1.6707)  loss_classifier: 0.6102 (0.6260)  loss_box_reg: 0.6373 (0.6638)  loss_objectness: 0.2403 (0.2405)  loss_rpn_box_reg: 0.1374 (0.1404)  time: 1.0611  data: 0.0502  max mem: 6995
Epoch: [9] Total time: 0:03:47 (1.1335 s / it)
Test:  [ 0/51]  eta: 0:02:05  model_time: 0.5068 (0.5068)  evaluator_time: 0.0826 (0.0826)  time: 2.4649  data: 1.2712  max mem: 6995
Test:  [50/51]  eta: 0:00:00  model_time: 0.3080 (0.3099)  evaluator_time: 0.0389 (0.0477)  time: 0.4565  data: 0.0609  max mem: 6995
Test: Total time: 0:00:26 (0.5260 s / it)
Average Precision  (AP) @[ IoU=0.50:0.95 | area=   all | maxDets=100 ] = 0.002678198344588384
Average Precision  (AP) @[ IoU=0.50      | area=   all | maxDets=100 ] = 0.011464531091978912
Average Precision  (AP) @[ IoU=0.75      | area=   all | maxDets=100 ] = 0.001030166468423492
Average Precision  (AP) @[ IoU=0.50:0.95 | area= small | maxDets=100 ] = 0.0
Average Precision  (AP) @[ IoU=0.50:0.95 | area=medium | maxDets=100 ] = 0.0
Average Precision  (AP) @[ IoU=0.50:0.95 | area= large | maxDets=100 ] = 0.002786648648944452
Average Recall     (AR) @[ IoU=0.50:0.95 | area=   all | maxDets=  1 ] = 0.010374744372909231
Average Recall     (AR) @[ IoU=0.50:0.95 | area=   all | maxDets= 10 ] = 0.01698622636480181
Average Recall     (AR) @[ IoU=0.50:0.95 | area=   all | maxDets=100 ] = 0.017083692251741382
Average Recall     (AR) @[ IoU=0.50:0.95 | area= small | maxDets=100 ] = 0.0
Average Recall     (AR) @[ IoU=0.50:0.95 | area=medium | maxDets=100 ] = 0.0
Average Recall     (AR) @[ IoU=0.50:0.95 | area= large | maxDets=100 ] = 0.017731308451218227



Epoch: [10]  [  0/201]  eta: 0:16:18  lr: 0.001000  loss: 1.6037 (1.6037)  loss_classifier: 0.6070 (0.6070)  loss_box_reg: 0.6151 (0.6151)  loss_objectness: 0.2386 (0.2386)  loss_rpn_box_reg: 0.1430 (0.1430)  time: 4.8695  data: 3.1246  max mem: 6995
Epoch: [10]  [100/201]  eta: 0:01:58  lr: 0.001000  loss: 1.6490 (1.6431)  loss_classifier: 0.6034 (0.6109)  loss_box_reg: 0.6537 (0.6519)  loss_objectness: 0.2521 (0.2395)  loss_rpn_box_reg: 0.1425 (0.1407)  time: 1.1275  data: 0.0557  max mem: 6995
Epoch: [10]  [200/201]  eta: 0:00:01  lr: 0.001000  loss: 1.6386 (1.6418)  loss_classifier: 0.6138 (0.6079)  loss_box_reg: 0.6457 (0.6526)  loss_objectness: 0.2418 (0.2414)  loss_rpn_box_reg: 0.1344 (0.1399)  time: 1.0781  data: 0.0559  max mem: 6995
Epoch: [10] Total time: 0:03:50 (1.1447 s / it)
Test:  [ 0/51]  eta: 0:02:07  model_time: 0.4485 (0.4485)  evaluator_time: 0.0547 (0.0547)  time: 2.4904  data: 1.4264  max mem: 6995
Test:  [50/51]  eta: 0:00:00  model_time: 0.3070 (0.3086)  evaluator_time: 0.0416 (0.0542)  time: 0.4769  data: 0.0608  max mem: 6995
Test: Total time: 0:00:27 (0.5450 s / it)
Average Precision  (AP) @[ IoU=0.50:0.95 | area=   all | maxDets=100 ] = 0.003193419403136408
Average Precision  (AP) @[ IoU=0.50      | area=   all | maxDets=100 ] = 0.013147933877175218
Average Precision  (AP) @[ IoU=0.75      | area=   all | maxDets=100 ] = 0.0010402704713361449
Average Precision  (AP) @[ IoU=0.50:0.95 | area= small | maxDets=100 ] = 0.0
Average Precision  (AP) @[ IoU=0.50:0.95 | area=medium | maxDets=100 ] = 0.0
Average Precision  (AP) @[ IoU=0.50:0.95 | area= large | maxDets=100 ] = 0.0033127287741663114
Average Recall     (AR) @[ IoU=0.50:0.95 | area=   all | maxDets=  1 ] = 0.014043408873444336
Average Recall     (AR) @[ IoU=0.50:0.95 | area=   all | maxDets= 10 ] = 0.0230439770274346
Average Recall     (AR) @[ IoU=0.50:0.95 | area=   all | maxDets=100 ] = 0.02340629586801431
Average Recall     (AR) @[ IoU=0.50:0.95 | area= small | maxDets=100 ] = 0.0
Average Recall     (AR) @[ IoU=0.50:0.95 | area=medium | maxDets=100 ] = 0.0
Average Recall     (AR) @[ IoU=0.50:0.95 | area= large | maxDets=100 ] = 0.02431035633675021



Epoch: [11]  [  0/201]  eta: 0:17:15  lr: 0.001000  loss: 1.5900 (1.5900)  loss_classifier: 0.5865 (0.5865)  loss_box_reg: 0.6422 (0.6422)  loss_objectness: 0.2394 (0.2394)  loss_rpn_box_reg: 0.1219 (0.1219)  time: 5.1505  data: 3.5297  max mem: 6995
Epoch: [11]  [100/201]  eta: 0:01:57  lr: 0.001000  loss: 1.6364 (1.6284)  loss_classifier: 0.6041 (0.6006)  loss_box_reg: 0.6525 (0.6487)  loss_objectness: 0.2375 (0.2405)  loss_rpn_box_reg: 0.1380 (0.1386)  time: 1.1119  data: 0.0568  max mem: 6995
Epoch: [11]  [200/201]  eta: 0:00:01  lr: 0.001000  loss: 1.6113 (1.6163)  loss_classifier: 0.5932 (0.5967)  loss_box_reg: 0.6390 (0.6471)  loss_objectness: 0.2178 (0.2340)  loss_rpn_box_reg: 0.1390 (0.1385)  time: 1.0732  data: 0.0615  max mem: 6995
Epoch: [11] Total time: 0:03:47 (1.1332 s / it)
Test:  [ 0/51]  eta: 0:02:19  model_time: 0.4073 (0.4073)  evaluator_time: 0.0599 (0.0599)  time: 2.7309  data: 1.7353  max mem: 6995
Test:  [50/51]  eta: 0:00:00  model_time: 0.3074 (0.3073)  evaluator_time: 0.0403 (0.0540)  time: 0.4663  data: 0.0546  max mem: 6995
Test: Total time: 0:00:26 (0.5277 s / it)
Average Precision  (AP) @[ IoU=0.50:0.95 | area=   all | maxDets=100 ] = 0.003909004987890109
Average Precision  (AP) @[ IoU=0.50      | area=   all | maxDets=100 ] = 0.013735307103943856
Average Precision  (AP) @[ IoU=0.75      | area=   all | maxDets=100 ] = 0.0019351923167304703
Average Precision  (AP) @[ IoU=0.50:0.95 | area= small | maxDets=100 ] = 0.0
Average Precision  (AP) @[ IoU=0.50:0.95 | area=medium | maxDets=100 ] = 0.0
Average Precision  (AP) @[ IoU=0.50:0.95 | area= large | maxDets=100 ] = 0.004020250734488553
Average Recall     (AR) @[ IoU=0.50:0.95 | area=   all | maxDets=  1 ] = 0.013522103756668425
Average Recall     (AR) @[ IoU=0.50:0.95 | area=   all | maxDets= 10 ] = 0.023264028365023344
Average Recall     (AR) @[ IoU=0.50:0.95 | area=   all | maxDets=100 ] = 0.023665715643328398
Average Recall     (AR) @[ IoU=0.50:0.95 | area= small | maxDets=100 ] = 0.0
Average Recall     (AR) @[ IoU=0.50:0.95 | area=medium | maxDets=100 ] = 0.0
Average Recall     (AR) @[ IoU=0.50:0.95 | area= large | maxDets=100 ] = 0.02450913829455408



Epoch: [12]  [  0/201]  eta: 0:17:16  lr: 0.001000  loss: 1.5745 (1.5745)  loss_classifier: 0.5887 (0.5887)  loss_box_reg: 0.5950 (0.5950)  loss_objectness: 0.2427 (0.2427)  loss_rpn_box_reg: 0.1481 (0.1481)  time: 5.1550  data: 3.5559  max mem: 6995
Epoch: [12]  [100/201]  eta: 0:01:57  lr: 0.001000  loss: 1.6101 (1.6124)  loss_classifier: 0.5820 (0.5967)  loss_box_reg: 0.6380 (0.6465)  loss_objectness: 0.2309 (0.2305)  loss_rpn_box_reg: 0.1423 (0.1386)  time: 1.1130  data: 0.0517  max mem: 6995
Epoch: [12]  [200/201]  eta: 0:00:01  lr: 0.001000  loss: 1.5802 (1.6019)  loss_classifier: 0.5781 (0.5897)  loss_box_reg: 0.6629 (0.6429)  loss_objectness: 0.2223 (0.2305)  loss_rpn_box_reg: 0.1377 (0.1388)  time: 1.0801  data: 0.0664  max mem: 6995
Epoch: [12] Total time: 0:03:48 (1.1391 s / it)
Test:  [ 0/51]  eta: 0:02:09  model_time: 0.4300 (0.4300)  evaluator_time: 0.0534 (0.0534)  time: 2.5340  data: 1.5837  max mem: 6995
Test:  [50/51]  eta: 0:00:00  model_time: 0.3095 (0.3086)  evaluator_time: 0.0428 (0.0555)  time: 0.4840  data: 0.0634  max mem: 6995
Test: Total time: 0:00:28 (0.5492 s / it)
Average Precision  (AP) @[ IoU=0.50:0.95 | area=   all | maxDets=100 ] = 0.002774383912715732
Average Precision  (AP) @[ IoU=0.50      | area=   all | maxDets=100 ] = 0.011936953416670672
Average Precision  (AP) @[ IoU=0.75      | area=   all | maxDets=100 ] = 0.0006060367359831996
Average Precision  (AP) @[ IoU=0.50:0.95 | area= small | maxDets=100 ] = 0.0
Average Precision  (AP) @[ IoU=0.50:0.95 | area=medium | maxDets=100 ] = 0.0
Average Precision  (AP) @[ IoU=0.50:0.95 | area= large | maxDets=100 ] = 0.0028594344834390133
Average Recall     (AR) @[ IoU=0.50:0.95 | area=   all | maxDets=  1 ] = 0.01115690333489447
Average Recall     (AR) @[ IoU=0.50:0.95 | area=   all | maxDets= 10 ] = 0.018257193683845596
Average Recall     (AR) @[ IoU=0.50:0.95 | area=   all | maxDets=100 ] = 0.01893691230406765
Average Recall     (AR) @[ IoU=0.50:0.95 | area= small | maxDets=100 ] = 0.0
Average Recall     (AR) @[ IoU=0.50:0.95 | area=medium | maxDets=100 ] = 0.0
Average Recall     (AR) @[ IoU=0.50:0.95 | area= large | maxDets=100 ] = 0.019659362042559306



Epoch: [13]  [  0/201]  eta: 0:17:32  lr: 0.001000  loss: 1.6202 (1.6202)  loss_classifier: 0.5936 (0.5936)  loss_box_reg: 0.6878 (0.6878)  loss_objectness: 0.1994 (0.1994)  loss_rpn_box_reg: 0.1393 (0.1393)  time: 5.2377  data: 3.5216  max mem: 6995
Epoch: [13]  [100/201]  eta: 0:02:01  lr: 0.001000  loss: 1.5589 (1.5842)  loss_classifier: 0.5742 (0.5789)  loss_box_reg: 0.6367 (0.6411)  loss_objectness: 0.2218 (0.2267)  loss_rpn_box_reg: 0.1372 (0.1376)  time: 1.1656  data: 0.0753  max mem: 6995
Epoch: [13]  [200/201]  eta: 0:00:01  lr: 0.001000  loss: 1.5712 (1.5821)  loss_classifier: 0.5684 (0.5799)  loss_box_reg: 0.6434 (0.6389)  loss_objectness: 0.2241 (0.2266)  loss_rpn_box_reg: 0.1327 (0.1368)  time: 1.0845  data: 0.0626  max mem: 6995
Epoch: [13] Total time: 0:03:55 (1.1723 s / it)
Test:  [ 0/51]  eta: 0:02:15  model_time: 0.4052 (0.4052)  evaluator_time: 0.0662 (0.0662)  time: 2.6626  data: 1.6449  max mem: 6995
Test:  [50/51]  eta: 0:00:00  model_time: 0.3085 (0.3084)  evaluator_time: 0.0449 (0.0591)  time: 0.4664  data: 0.0488  max mem: 6995
Test: Total time: 0:00:27 (0.5320 s / it)
Average Precision  (AP) @[ IoU=0.50:0.95 | area=   all | maxDets=100 ] = 0.003575601684486413
Average Precision  (AP) @[ IoU=0.50      | area=   all | maxDets=100 ] = 0.013652827931857958
Average Precision  (AP) @[ IoU=0.75      | area=   all | maxDets=100 ] = 0.00019767318411494496
Average Precision  (AP) @[ IoU=0.50:0.95 | area= small | maxDets=100 ] = 0.0
Average Precision  (AP) @[ IoU=0.50:0.95 | area=medium | maxDets=100 ] = 0.0
Average Precision  (AP) @[ IoU=0.50:0.95 | area= large | maxDets=100 ] = 0.0037177291036664026
Average Recall     (AR) @[ IoU=0.50:0.95 | area=   all | maxDets=  1 ] = 0.016180779707857248
Average Recall     (AR) @[ IoU=0.50:0.95 | area=   all | maxDets= 10 ] = 0.027152944261064772
Average Recall     (AR) @[ IoU=0.50:0.95 | area=   all | maxDets=100 ] = 0.027591540752292844
Average Recall     (AR) @[ IoU=0.50:0.95 | area= small | maxDets=100 ] = 0.0
Average Recall     (AR) @[ IoU=0.50:0.95 | area=medium | maxDets=100 ] = 0.0
Average Recall     (AR) @[ IoU=0.50:0.95 | area= large | maxDets=100 ] = 0.028543341865399433



Epoch: [14]  [  0/201]  eta: 0:16:42  lr: 0.001000  loss: 1.6719 (1.6719)  loss_classifier: 0.6733 (0.6733)  loss_box_reg: 0.6441 (0.6441)  loss_objectness: 0.2109 (0.2109)  loss_rpn_box_reg: 0.1435 (0.1435)  time: 4.9893  data: 3.3209  max mem: 6995
Epoch: [14]  [100/201]  eta: 0:01:58  lr: 0.001000  loss: 1.5504 (1.5634)  loss_classifier: 0.5690 (0.5711)  loss_box_reg: 0.6237 (0.6255)  loss_objectness: 0.2172 (0.2271)  loss_rpn_box_reg: 0.1405 (0.1398)  time: 1.1352  data: 0.0662  max mem: 6995
Epoch: [14]  [200/201]  eta: 0:00:01  lr: 0.001000  loss: 1.5603 (1.5619)  loss_classifier: 0.5633 (0.5683)  loss_box_reg: 0.6296 (0.6289)  loss_objectness: 0.2186 (0.2260)  loss_rpn_box_reg: 0.1349 (0.1388)  time: 1.0842  data: 0.0498  max mem: 6995
Epoch: [14] Total time: 0:03:50 (1.1481 s / it)
Test:  [ 0/51]  eta: 0:02:08  model_time: 0.4264 (0.4264)  evaluator_time: 0.0576 (0.0576)  time: 2.5284  data: 1.5655  max mem: 6995
Test:  [50/51]  eta: 0:00:00  model_time: 0.3123 (0.3134)  evaluator_time: 0.0448 (0.0577)  time: 0.4843  data: 0.0602  max mem: 6995
Test: Total time: 0:00:28 (0.5610 s / it)
Average Precision  (AP) @[ IoU=0.50:0.95 | area=   all | maxDets=100 ] = 0.003217786956685814
Average Precision  (AP) @[ IoU=0.50      | area=   all | maxDets=100 ] = 0.01280452738760194
Average Precision  (AP) @[ IoU=0.75      | area=   all | maxDets=100 ] = 0.000365884018979619
Average Precision  (AP) @[ IoU=0.50:0.95 | area= small | maxDets=100 ] = 0.0
Average Precision  (AP) @[ IoU=0.50:0.95 | area=medium | maxDets=100 ] = 0.0
Average Precision  (AP) @[ IoU=0.50:0.95 | area= large | maxDets=100 ] = 0.0033713627877480458
Average Recall     (AR) @[ IoU=0.50:0.95 | area=   all | maxDets=  1 ] = 0.011041044283362883
Average Recall     (AR) @[ IoU=0.50:0.95 | area=   all | maxDets= 10 ] = 0.019075924393491588
Average Recall     (AR) @[ IoU=0.50:0.95 | area=   all | maxDets=100 ] = 0.019575077558736213
Average Recall     (AR) @[ IoU=0.50:0.95 | area= small | maxDets=100 ] = 0.0
Average Recall     (AR) @[ IoU=0.50:0.95 | area=medium | maxDets=100 ] = 0.0
Average Recall     (AR) @[ IoU=0.50:0.95 | area= large | maxDets=100 ] = 0.020319123992768372



Epoch: [15]  [  0/201]  eta: 0:18:58  lr: 0.001000  loss: 1.4668 (1.4668)  loss_classifier: 0.5169 (0.5169)  loss_box_reg: 0.6075 (0.6075)  loss_objectness: 0.2210 (0.2210)  loss_rpn_box_reg: 0.1214 (0.1214)  time: 5.6627  data: 4.0425  max mem: 6995
Epoch: [15]  [100/201]  eta: 0:02:00  lr: 0.001000  loss: 1.5346 (1.5505)  loss_classifier: 0.5570 (0.5619)  loss_box_reg: 0.6052 (0.6266)  loss_objectness: 0.2253 (0.2261)  loss_rpn_box_reg: 0.1364 (0.1358)  time: 1.1340  data: 0.0609  max mem: 6995
Epoch: [15]  [200/201]  eta: 0:00:01  lr: 0.001000  loss: 1.5352 (1.5475)  loss_classifier: 0.5514 (0.5596)  loss_box_reg: 0.6172 (0.6288)  loss_objectness: 0.2188 (0.2240)  loss_rpn_box_reg: 0.1311 (0.1351)  time: 1.0685  data: 0.0529  max mem: 6995
Epoch: [15] Total time: 0:03:51 (1.1534 s / it)
Test:  [ 0/51]  eta: 0:02:07  model_time: 0.4010 (0.4010)  evaluator_time: 0.0521 (0.0521)  time: 2.4998  data: 1.5276  max mem: 6995
Test:  [50/51]  eta: 0:00:00  model_time: 0.3091 (0.3051)  evaluator_time: 0.0393 (0.0527)  time: 0.4810  data: 0.0636  max mem: 6995
Test: Total time: 0:00:28 (0.5551 s / it)
Average Precision  (AP) @[ IoU=0.50:0.95 | area=   all | maxDets=100 ] = 0.0038733257155523157
Average Precision  (AP) @[ IoU=0.50      | area=   all | maxDets=100 ] = 0.013969192102110999
Average Precision  (AP) @[ IoU=0.75      | area=   all | maxDets=100 ] = 0.0011070591798450005
Average Precision  (AP) @[ IoU=0.50:0.95 | area= small | maxDets=100 ] = 0.0
Average Precision  (AP) @[ IoU=0.50:0.95 | area=medium | maxDets=100 ] = 0.0
Average Precision  (AP) @[ IoU=0.50:0.95 | area= large | maxDets=100 ] = 0.004014398442857077
Average Recall     (AR) @[ IoU=0.50:0.95 | area=   all | maxDets=  1 ] = 0.015735932850235803
Average Recall     (AR) @[ IoU=0.50:0.95 | area=   all | maxDets= 10 ] = 0.024981937572312263
Average Recall     (AR) @[ IoU=0.50:0.95 | area=   all | maxDets=100 ] = 0.025323068176600762
Average Recall     (AR) @[ IoU=0.50:0.95 | area= small | maxDets=100 ] = 0.0
Average Recall     (AR) @[ IoU=0.50:0.95 | area=medium | maxDets=100 ] = 0.0
Average Recall     (AR) @[ IoU=0.50:0.95 | area= large | maxDets=100 ] = 0.02630795802576967



Epoch: [16]  [  0/201]  eta: 0:16:47  lr: 0.001000  loss: 1.5949 (1.5949)  loss_classifier: 0.5688 (0.5688)  loss_box_reg: 0.6847 (0.6847)  loss_objectness: 0.2103 (0.2103)  loss_rpn_box_reg: 0.1311 (0.1311)  time: 5.0116  data: 3.4255  max mem: 6995
Epoch: [16]  [100/201]  eta: 0:02:00  lr: 0.001000  loss: 1.5261 (1.5392)  loss_classifier: 0.5401 (0.5532)  loss_box_reg: 0.6170 (0.6305)  loss_objectness: 0.2173 (0.2197)  loss_rpn_box_reg: 0.1357 (0.1358)  time: 1.1409  data: 0.0736  max mem: 6995
Epoch: [16]  [200/201]  eta: 0:00:01  lr: 0.001000  loss: 1.5210 (1.5372)  loss_classifier: 0.5533 (0.5531)  loss_box_reg: 0.6183 (0.6275)  loss_objectness: 0.2247 (0.2206)  loss_rpn_box_reg: 0.1373 (0.1361)  time: 1.0835  data: 0.0625  max mem: 6995
Epoch: [16] Total time: 0:03:54 (1.1665 s / it)
Test:  [ 0/51]  eta: 0:02:04  model_time: 0.4035 (0.4035)  evaluator_time: 0.0535 (0.0535)  time: 2.4502  data: 1.5126  max mem: 6995
Test:  [50/51]  eta: 0:00:00  model_time: 0.3087 (0.3092)  evaluator_time: 0.0379 (0.0517)  time: 0.4621  data: 0.0504  max mem: 6995
Test: Total time: 0:00:26 (0.5220 s / it)
Average Precision  (AP) @[ IoU=0.50:0.95 | area=   all | maxDets=100 ] = 0.004006706479124035
Average Precision  (AP) @[ IoU=0.50      | area=   all | maxDets=100 ] = 0.016577890602352815
Average Precision  (AP) @[ IoU=0.75      | area=   all | maxDets=100 ] = 0.0003725813328048486
Average Precision  (AP) @[ IoU=0.50:0.95 | area= small | maxDets=100 ] = 0.0
Average Precision  (AP) @[ IoU=0.50:0.95 | area=medium | maxDets=100 ] = 0.0
Average Precision  (AP) @[ IoU=0.50:0.95 | area= large | maxDets=100 ] = 0.0042049963738259345
Average Recall     (AR) @[ IoU=0.50:0.95 | area=   all | maxDets=  1 ] = 0.012791860542600043
Average Recall     (AR) @[ IoU=0.50:0.95 | area=   all | maxDets= 10 ] = 0.0210362249024012
Average Recall     (AR) @[ IoU=0.50:0.95 | area=   all | maxDets=100 ] = 0.021426088450159482
Average Recall     (AR) @[ IoU=0.50:0.95 | area= small | maxDets=100 ] = 0.0
Average Recall     (AR) @[ IoU=0.50:0.95 | area=medium | maxDets=100 ] = 0.0
Average Recall     (AR) @[ IoU=0.50:0.95 | area= large | maxDets=100 ] = 0.022226338859575145



Epoch: [17]  [  0/201]  eta: 0:16:59  lr: 0.001000  loss: 1.5491 (1.5491)  loss_classifier: 0.5832 (0.5832)  loss_box_reg: 0.5956 (0.5956)  loss_objectness: 0.2342 (0.2342)  loss_rpn_box_reg: 0.1361 (0.1361)  time: 5.0703  data: 3.3355  max mem: 6995
Epoch: [17]  [100/201]  eta: 0:01:59  lr: 0.001000  loss: 1.5273 (1.5410)  loss_classifier: 0.5473 (0.5505)  loss_box_reg: 0.6334 (0.6343)  loss_objectness: 0.2056 (0.2192)  loss_rpn_box_reg: 0.1370 (0.1369)  time: 1.1305  data: 0.0658  max mem: 6995
Epoch: [17]  [200/201]  eta: 0:00:01  lr: 0.001000  loss: 1.5200 (1.5297)  loss_classifier: 0.5356 (0.5470)  loss_box_reg: 0.6195 (0.6269)  loss_objectness: 0.2120 (0.2193)  loss_rpn_box_reg: 0.1348 (0.1366)  time: 1.0789  data: 0.0625  max mem: 6995
Epoch: [17] Total time: 0:03:52 (1.1576 s / it)
Test:  [ 0/51]  eta: 0:02:16  model_time: 0.4172 (0.4172)  evaluator_time: 0.0578 (0.0578)  time: 2.6694  data: 1.6554  max mem: 6995
Test:  [50/51]  eta: 0:00:00  model_time: 0.3105 (0.3114)  evaluator_time: 0.0424 (0.0571)  time: 0.4691  data: 0.0527  max mem: 6995
Test: Total time: 0:00:26 (0.5259 s / it)
Average Precision  (AP) @[ IoU=0.50:0.95 | area=   all | maxDets=100 ] = 0.003775018897961564
Average Precision  (AP) @[ IoU=0.50      | area=   all | maxDets=100 ] = 0.015542415802139706
Average Precision  (AP) @[ IoU=0.75      | area=   all | maxDets=100 ] = 0.0001215920327886929
Average Precision  (AP) @[ IoU=0.50:0.95 | area= small | maxDets=100 ] = 0.0
Average Precision  (AP) @[ IoU=0.50:0.95 | area=medium | maxDets=100 ] = 0.0
Average Precision  (AP) @[ IoU=0.50:0.95 | area= large | maxDets=100 ] = 0.003941654549339886
Average Recall     (AR) @[ IoU=0.50:0.95 | area=   all | maxDets=  1 ] = 0.013096942967108498
Average Recall     (AR) @[ IoU=0.50:0.95 | area=   all | maxDets= 10 ] = 0.023079173603825373
Average Recall     (AR) @[ IoU=0.50:0.95 | area=   all | maxDets=100 ] = 0.023373489884465734
Average Recall     (AR) @[ IoU=0.50:0.95 | area= small | maxDets=100 ] = 0.0
Average Recall     (AR) @[ IoU=0.50:0.95 | area=medium | maxDets=100 ] = 0.0
Average Recall     (AR) @[ IoU=0.50:0.95 | area= large | maxDets=100 ] = 0.0242616972161535



Epoch: [18]  [  0/201]  eta: 0:17:34  lr: 0.001000  loss: 1.5415 (1.5415)  loss_classifier: 0.5414 (0.5414)  loss_box_reg: 0.6231 (0.6231)  loss_objectness: 0.2243 (0.2243)  loss_rpn_box_reg: 0.1527 (0.1527)  time: 5.2455  data: 3.6681  max mem: 6995
Epoch: [18]  [100/201]  eta: 0:01:58  lr: 0.001000  loss: 1.5384 (1.5170)  loss_classifier: 0.5469 (0.5391)  loss_box_reg: 0.6191 (0.6223)  loss_objectness: 0.2176 (0.2207)  loss_rpn_box_reg: 0.1329 (0.1350)  time: 1.1320  data: 0.0645  max mem: 6995
Epoch: [18]  [200/201]  eta: 0:00:01  lr: 0.001000  loss: 1.4712 (1.5102)  loss_classifier: 0.5209 (0.5365)  loss_box_reg: 0.5837 (0.6176)  loss_objectness: 0.2233 (0.2197)  loss_rpn_box_reg: 0.1354 (0.1364)  time: 1.0691  data: 0.0552  max mem: 6995
Epoch: [18] Total time: 0:03:50 (1.1486 s / it)
Test:  [ 0/51]  eta: 0:02:15  model_time: 0.4303 (0.4303)  evaluator_time: 0.0605 (0.0605)  time: 2.6653  data: 1.7051  max mem: 6995
Test:  [50/51]  eta: 0:00:00  model_time: 0.3132 (0.3121)  evaluator_time: 0.0417 (0.0573)  time: 0.4721  data: 0.0558  max mem: 6995
Test: Total time: 0:00:27 (0.5313 s / it)
Average Precision  (AP) @[ IoU=0.50:0.95 | area=   all | maxDets=100 ] = 0.004017020359655524
Average Precision  (AP) @[ IoU=0.50      | area=   all | maxDets=100 ] = 0.014844821899448404
Average Precision  (AP) @[ IoU=0.75      | area=   all | maxDets=100 ] = 0.0004244281561147966
Average Precision  (AP) @[ IoU=0.50:0.95 | area= small | maxDets=100 ] = 0.0
Average Precision  (AP) @[ IoU=0.50:0.95 | area=medium | maxDets=100 ] = 0.0
Average Precision  (AP) @[ IoU=0.50:0.95 | area= large | maxDets=100 ] = 0.004144142671833885
Average Recall     (AR) @[ IoU=0.50:0.95 | area=   all | maxDets=  1 ] = 0.013615028920111122
Average Recall     (AR) @[ IoU=0.50:0.95 | area=   all | maxDets= 10 ] = 0.024479001440340476
Average Recall     (AR) @[ IoU=0.50:0.95 | area=   all | maxDets=100 ] = 0.025000098583899285
Average Recall     (AR) @[ IoU=0.50:0.95 | area= small | maxDets=100 ] = 0.0
Average Recall     (AR) @[ IoU=0.50:0.95 | area=medium | maxDets=100 ] = 0.0
Average Recall     (AR) @[ IoU=0.50:0.95 | area= large | maxDets=100 ] = 0.025969547117441816



Epoch: [19]  [  0/201]  eta: 0:17:58  lr: 0.001000  loss: 1.5218 (1.5218)  loss_classifier: 0.5258 (0.5258)  loss_box_reg: 0.6153 (0.6153)  loss_objectness: 0.2383 (0.2383)  loss_rpn_box_reg: 0.1424 (0.1424)  time: 5.3634  data: 3.7744  max mem: 6995
Epoch: [19]  [100/201]  eta: 0:02:02  lr: 0.001000  loss: 1.4952 (1.4942)  loss_classifier: 0.5258 (0.5295)  loss_box_reg: 0.6154 (0.6127)  loss_objectness: 0.2135 (0.2172)  loss_rpn_box_reg: 0.1370 (0.1347)  time: 1.1638  data: 0.0782  max mem: 6995
Epoch: [19]  [200/201]  eta: 0:00:01  lr: 0.001000  loss: 1.4858 (1.4933)  loss_classifier: 0.5174 (0.5272)  loss_box_reg: 0.6147 (0.6146)  loss_objectness: 0.2207 (0.2165)  loss_rpn_box_reg: 0.1313 (0.1349)  time: 1.0903  data: 0.0625  max mem: 6995
Epoch: [19] Total time: 0:03:56 (1.1760 s / it)
Test:  [ 0/51]  eta: 0:02:11  model_time: 0.4085 (0.4085)  evaluator_time: 0.0543 (0.0543)  time: 2.5734  data: 1.5472  max mem: 6995
Test:  [50/51]  eta: 0:00:00  model_time: 0.3086 (0.3077)  evaluator_time: 0.0393 (0.0540)  time: 0.4895  data: 0.0666  max mem: 6995
Test: Total time: 0:00:27 (0.5476 s / it)
Average Precision  (AP) @[ IoU=0.50:0.95 | area=   all | maxDets=100 ] = 0.003979474061953423
Average Precision  (AP) @[ IoU=0.50      | area=   all | maxDets=100 ] = 0.014405584568883753
Average Precision  (AP) @[ IoU=0.75      | area=   all | maxDets=100 ] = 0.000993719404886876
Average Precision  (AP) @[ IoU=0.50:0.95 | area= small | maxDets=100 ] = 0.0
Average Precision  (AP) @[ IoU=0.50:0.95 | area=medium | maxDets=100 ] = 0.0
Average Precision  (AP) @[ IoU=0.50:0.95 | area= large | maxDets=100 ] = 0.00412875533537205
Average Recall     (AR) @[ IoU=0.50:0.95 | area=   all | maxDets=  1 ] = 0.013613205288617484
Average Recall     (AR) @[ IoU=0.50:0.95 | area=   all | maxDets= 10 ] = 0.023104700878454804
Average Recall     (AR) @[ IoU=0.50:0.95 | area=   all | maxDets=100 ] = 0.02349456442621309
Average Recall     (AR) @[ IoU=0.50:0.95 | area= small | maxDets=100 ] = 0.0
Average Recall     (AR) @[ IoU=0.50:0.95 | area=medium | maxDets=100 ] = 0.0
Average Recall     (AR) @[ IoU=0.50:0.95 | area= large | maxDets=100 ] = 0.02438982699586275



Epoch: [20]  [  0/201]  eta: 0:18:11  lr: 0.001000  loss: 1.5435 (1.5435)  loss_classifier: 0.5513 (0.5513)  loss_box_reg: 0.6454 (0.6454)  loss_objectness: 0.2183 (0.2183)  loss_rpn_box_reg: 0.1285 (0.1285)  time: 5.4292  data: 3.7775  max mem: 6995
Epoch: [20]  [100/201]  eta: 0:01:58  lr: 0.001000  loss: 1.5066 (1.4960)  loss_classifier: 0.5308 (0.5278)  loss_box_reg: 0.6213 (0.6176)  loss_objectness: 0.2163 (0.2165)  loss_rpn_box_reg: 0.1282 (0.1341)  time: 1.1158  data: 0.0552  max mem: 6995
Epoch: [20]  [200/201]  eta: 0:00:01  lr: 0.001000  loss: 1.4772 (1.4888)  loss_classifier: 0.5208 (0.5237)  loss_box_reg: 0.6137 (0.6135)  loss_objectness: 0.2120 (0.2161)  loss_rpn_box_reg: 0.1333 (0.1355)  time: 1.0696  data: 0.0503  max mem: 6995
Epoch: [20] Total time: 0:03:50 (1.1474 s / it)
Test:  [ 0/51]  eta: 0:02:12  model_time: 0.4055 (0.4055)  evaluator_time: 0.0578 (0.0578)  time: 2.5974  data: 1.5826  max mem: 6995
Test:  [50/51]  eta: 0:00:00  model_time: 0.3115 (0.3094)  evaluator_time: 0.0386 (0.0525)  time: 0.4588  data: 0.0466  max mem: 6995
Test: Total time: 0:00:27 (0.5296 s / it)
Average Precision  (AP) @[ IoU=0.50:0.95 | area=   all | maxDets=100 ] = 0.005553831246089391
Average Precision  (AP) @[ IoU=0.50      | area=   all | maxDets=100 ] = 0.020004525508782383
Average Precision  (AP) @[ IoU=0.75      | area=   all | maxDets=100 ] = 0.0018281043118369392
Average Precision  (AP) @[ IoU=0.50:0.95 | area= small | maxDets=100 ] = 0.0
Average Precision  (AP) @[ IoU=0.50:0.95 | area=medium | maxDets=100 ] = 0.0
Average Precision  (AP) @[ IoU=0.50:0.95 | area= large | maxDets=100 ] = 0.005659414481491881
Average Recall     (AR) @[ IoU=0.50:0.95 | area=   all | maxDets=  1 ] = 0.0168565438309584
Average Recall     (AR) @[ IoU=0.50:0.95 | area=   all | maxDets= 10 ] = 0.029188011330262557
Average Recall     (AR) @[ IoU=0.50:0.95 | area=   all | maxDets=100 ] = 0.029431676047611488
Average Recall     (AR) @[ IoU=0.50:0.95 | area= small | maxDets=100 ] = 0.0
Average Recall     (AR) @[ IoU=0.50:0.95 | area=medium | maxDets=100 ] = 0.0
Average Recall     (AR) @[ IoU=0.50:0.95 | area= large | maxDets=100 ] = 0.03046685223025396



Epoch: [21]  [  0/201]  eta: 0:16:13  lr: 0.001000  loss: 1.4593 (1.4593)  loss_classifier: 0.4915 (0.4915)  loss_box_reg: 0.6240 (0.6240)  loss_objectness: 0.2083 (0.2083)  loss_rpn_box_reg: 0.1354 (0.1354)  time: 4.8425  data: 3.0868  max mem: 6995
Epoch: [21]  [100/201]  eta: 0:02:00  lr: 0.001000  loss: 1.4903 (1.4925)  loss_classifier: 0.5135 (0.5253)  loss_box_reg: 0.5985 (0.6127)  loss_objectness: 0.2155 (0.2194)  loss_rpn_box_reg: 0.1351 (0.1351)  time: 1.1489  data: 0.0726  max mem: 6995
Epoch: [21]  [200/201]  eta: 0:00:01  lr: 0.001000  loss: 1.4444 (1.4814)  loss_classifier: 0.5190 (0.5190)  loss_box_reg: 0.5950 (0.6112)  loss_objectness: 0.2036 (0.2164)  loss_rpn_box_reg: 0.1326 (0.1347)  time: 1.0835  data: 0.0640  max mem: 6995
Epoch: [21] Total time: 0:03:54 (1.1682 s / it)
Test:  [ 0/51]  eta: 0:02:19  model_time: 0.4128 (0.4128)  evaluator_time: 0.0569 (0.0569)  time: 2.7356  data: 1.7525  max mem: 6995
Test:  [50/51]  eta: 0:00:00  model_time: 0.3107 (0.3096)  evaluator_time: 0.0393 (0.0539)  time: 0.4487  data: 0.0470  max mem: 6995
Test: Total time: 0:00:26 (0.5273 s / it)
Average Precision  (AP) @[ IoU=0.50:0.95 | area=   all | maxDets=100 ] = 0.004155426747624586
Average Precision  (AP) @[ IoU=0.50      | area=   all | maxDets=100 ] = 0.015212276039544273
Average Precision  (AP) @[ IoU=0.75      | area=   all | maxDets=100 ] = 0.002307233175415688
Average Precision  (AP) @[ IoU=0.50:0.95 | area= small | maxDets=100 ] = 0.0
Average Precision  (AP) @[ IoU=0.50:0.95 | area=medium | maxDets=100 ] = 0.0
Average Precision  (AP) @[ IoU=0.50:0.95 | area= large | maxDets=100 ] = 0.00429238204797051
Average Recall     (AR) @[ IoU=0.50:0.95 | area=   all | maxDets=  1 ] = 0.012575690399262714
Average Recall     (AR) @[ IoU=0.50:0.95 | area=   all | maxDets= 10 ] = 0.023973798319773542
Average Recall     (AR) @[ IoU=0.50:0.95 | area=   all | maxDets=100 ] = 0.024266195980592258
Average Recall     (AR) @[ IoU=0.50:0.95 | area= small | maxDets=100 ] = 0.0
Average Recall     (AR) @[ IoU=0.50:0.95 | area=medium | maxDets=100 ] = 0.0
Average Recall     (AR) @[ IoU=0.50:0.95 | area= large | maxDets=100 ] = 0.025281360527492466



Epoch: [22]  [  0/201]  eta: 0:20:56  lr: 0.001000  loss: 1.5163 (1.5163)  loss_classifier: 0.5205 (0.5205)  loss_box_reg: 0.6350 (0.6350)  loss_objectness: 0.2191 (0.2191)  loss_rpn_box_reg: 0.1416 (0.1416)  time: 6.2517  data: 4.6153  max mem: 6995
Epoch: [22]  [100/201]  eta: 0:01:59  lr: 0.001000  loss: 1.4584 (1.4643)  loss_classifier: 0.4991 (0.5104)  loss_box_reg: 0.6044 (0.6064)  loss_objectness: 0.2059 (0.2137)  loss_rpn_box_reg: 0.1298 (0.1338)  time: 1.1223  data: 0.0599  max mem: 6995
Epoch: [22]  [200/201]  eta: 0:00:01  lr: 0.001000  loss: 1.4482 (1.4617)  loss_classifier: 0.5112 (0.5086)  loss_box_reg: 0.5824 (0.6049)  loss_objectness: 0.2182 (0.2131)  loss_rpn_box_reg: 0.1363 (0.1351)  time: 1.0606  data: 0.0445  max mem: 6995
Epoch: [22] Total time: 0:03:50 (1.1444 s / it)
Test:  [ 0/51]  eta: 0:02:15  model_time: 0.4468 (0.4468)  evaluator_time: 0.0613 (0.0613)  time: 2.6615  data: 1.6490  max mem: 6995
Test:  [50/51]  eta: 0:00:00  model_time: 0.3135 (0.3123)  evaluator_time: 0.0431 (0.0629)  time: 0.4926  data: 0.0595  max mem: 6995
Test: Total time: 0:00:28 (0.5680 s / it)
Average Precision  (AP) @[ IoU=0.50:0.95 | area=   all | maxDets=100 ] = 0.0036771994684288425
Average Precision  (AP) @[ IoU=0.50      | area=   all | maxDets=100 ] = 0.014690890864745856
Average Precision  (AP) @[ IoU=0.75      | area=   all | maxDets=100 ] = 0.000272179402978957
Average Precision  (AP) @[ IoU=0.50:0.95 | area= small | maxDets=100 ] = 0.0
Average Precision  (AP) @[ IoU=0.50:0.95 | area=medium | maxDets=100 ] = 0.0
Average Precision  (AP) @[ IoU=0.50:0.95 | area= large | maxDets=100 ] = 0.003781679733975854
Average Recall     (AR) @[ IoU=0.50:0.95 | area=   all | maxDets=  1 ] = 0.012575814874608555
Average Recall     (AR) @[ IoU=0.50:0.95 | area=   all | maxDets= 10 ] = 0.02375030830588855
Average Recall     (AR) @[ IoU=0.50:0.95 | area=   all | maxDets=100 ] = 0.024151995584193602
Average Recall     (AR) @[ IoU=0.50:0.95 | area= small | maxDets=100 ] = 0.0
Average Recall     (AR) @[ IoU=0.50:0.95 | area=medium | maxDets=100 ] = 0.0
Average Recall     (AR) @[ IoU=0.50:0.95 | area= large | maxDets=100 ] = 0.025140225854719724



Epoch: [23]  [  0/201]  eta: 0:16:11  lr: 0.001000  loss: 1.4424 (1.4424)  loss_classifier: 0.5126 (0.5126)  loss_box_reg: 0.5508 (0.5508)  loss_objectness: 0.2361 (0.2361)  loss_rpn_box_reg: 0.1429 (0.1429)  time: 4.8336  data: 3.2082  max mem: 6995
Epoch: [23]  [100/201]  eta: 0:02:00  lr: 0.001000  loss: 1.4836 (1.4689)  loss_classifier: 0.5136 (0.5112)  loss_box_reg: 0.6133 (0.6096)  loss_objectness: 0.2118 (0.2129)  loss_rpn_box_reg: 0.1340 (0.1352)  time: 1.1459  data: 0.0761  max mem: 6995
Epoch: [23]  [200/201]  eta: 0:00:01  lr: 0.001000  loss: 1.4363 (1.4609)  loss_classifier: 0.5030 (0.5085)  loss_box_reg: 0.6061 (0.6057)  loss_objectness: 0.2017 (0.2121)  loss_rpn_box_reg: 0.1292 (0.1346)  time: 1.0860  data: 0.0616  max mem: 6995
Epoch: [23] Total time: 0:03:54 (1.1659 s / it)
Test:  [ 0/51]  eta: 0:02:21  model_time: 0.3945 (0.3945)  evaluator_time: 0.0527 (0.0527)  time: 2.7768  data: 1.7606  max mem: 6995
Test:  [50/51]  eta: 0:00:00  model_time: 0.3121 (0.3141)  evaluator_time: 0.0406 (0.0498)  time: 0.4640  data: 0.0613  max mem: 6995
Test: Total time: 0:00:26 (0.5283 s / it)
Average Precision  (AP) @[ IoU=0.50:0.95 | area=   all | maxDets=100 ] = 0.005595757964575817
Average Precision  (AP) @[ IoU=0.50      | area=   all | maxDets=100 ] = 0.01913954920263916
Average Precision  (AP) @[ IoU=0.75      | area=   all | maxDets=100 ] = 0.0026509470836029304
Average Precision  (AP) @[ IoU=0.50:0.95 | area= small | maxDets=100 ] = 0.0
Average Precision  (AP) @[ IoU=0.50:0.95 | area=medium | maxDets=100 ] = 0.0
Average Precision  (AP) @[ IoU=0.50:0.95 | area= large | maxDets=100 ] = 0.005803911686302745
Average Recall     (AR) @[ IoU=0.50:0.95 | area=   all | maxDets=  1 ] = 0.017402478335026023
Average Recall     (AR) @[ IoU=0.50:0.95 | area=   all | maxDets= 10 ] = 0.03030551213035222
Average Recall     (AR) @[ IoU=0.50:0.95 | area=   all | maxDets=100 ] = 0.03089030745198965
Average Recall     (AR) @[ IoU=0.50:0.95 | area= small | maxDets=100 ] = 0.0
Average Recall     (AR) @[ IoU=0.50:0.95 | area=medium | maxDets=100 ] = 0.0
Average Recall     (AR) @[ IoU=0.50:0.95 | area= large | maxDets=100 ] = 0.032033836480308844



Epoch: [24]  [  0/201]  eta: 0:17:12  lr: 0.001000  loss: 1.5344 (1.5344)  loss_classifier: 0.5378 (0.5378)  loss_box_reg: 0.6382 (0.6382)  loss_objectness: 0.2185 (0.2185)  loss_rpn_box_reg: 0.1398 (0.1398)  time: 5.1351  data: 3.4780  max mem: 6995
Epoch: [24]  [100/201]  eta: 0:01:58  lr: 0.001000  loss: 1.4447 (1.4548)  loss_classifier: 0.4980 (0.5050)  loss_box_reg: 0.6077 (0.6065)  loss_objectness: 0.2110 (0.2103)  loss_rpn_box_reg: 0.1266 (0.1329)  time: 1.1164  data: 0.0506  max mem: 6995
Epoch: [24]  [200/201]  eta: 0:00:01  lr: 0.001000  loss: 1.4652 (1.4525)  loss_classifier: 0.5040 (0.5011)  loss_box_reg: 0.6122 (0.6061)  loss_objectness: 0.2003 (0.2111)  loss_rpn_box_reg: 0.1321 (0.1341)  time: 1.0634  data: 0.0476  max mem: 6995
Epoch: [24] Total time: 0:03:49 (1.1426 s / it)
Test:  [ 0/51]  eta: 0:02:10  model_time: 0.3938 (0.3938)  evaluator_time: 0.0523 (0.0523)  time: 2.5624  data: 1.6209  max mem: 6995
Test:  [50/51]  eta: 0:00:00  model_time: 0.3086 (0.3069)  evaluator_time: 0.0374 (0.0468)  time: 0.4759  data: 0.0755  max mem: 6995
Test: Total time: 0:00:27 (0.5465 s / it)
Average Precision  (AP) @[ IoU=0.50:0.95 | area=   all | maxDets=100 ] = 0.004596248420971896
Average Precision  (AP) @[ IoU=0.50      | area=   all | maxDets=100 ] = 0.016176316759257653
Average Precision  (AP) @[ IoU=0.75      | area=   all | maxDets=100 ] = 0.0017028547743854106
Average Precision  (AP) @[ IoU=0.50:0.95 | area= small | maxDets=100 ] = 0.0
Average Precision  (AP) @[ IoU=0.50:0.95 | area=medium | maxDets=100 ] = 0.0
Average Precision  (AP) @[ IoU=0.50:0.95 | area= large | maxDets=100 ] = 0.004723704251450682
Average Recall     (AR) @[ IoU=0.50:0.95 | area=   all | maxDets=  1 ] = 0.014962717598316
Average Recall     (AR) @[ IoU=0.50:0.95 | area=   all | maxDets= 10 ] = 0.02568877609643376
Average Recall     (AR) @[ IoU=0.50:0.95 | area=   all | maxDets=100 ] = 0.026127372587661832
Average Recall     (AR) @[ IoU=0.50:0.95 | area= small | maxDets=100 ] = 0.0
Average Recall     (AR) @[ IoU=0.50:0.95 | area=medium | maxDets=100 ] = 0.0
Average Recall     (AR) @[ IoU=0.50:0.95 | area= large | maxDets=100 ] = 0.027196457802957052




