Epoch: [0]  [  0/402]  eta: 0:30:37  lr: 0.000003  loss: 3.2235 (3.2235)  loss_classifier: 1.6852 (1.6852)  loss_box_reg: 0.1275 (0.1275)  loss_objectness: 0.8254 (0.8254)  loss_rpn_box_reg: 0.5854 (0.5854)  time: 4.5714  data: 3.0614  max mem: 6063
Epoch: [0]  [100/402]  eta: 0:05:55  lr: 0.000253  loss: 1.2719 (1.7166)  loss_classifier: 0.4578 (0.6028)  loss_box_reg: 0.4088 (0.3046)  loss_objectness: 0.2908 (0.5373)  loss_rpn_box_reg: 0.1175 (0.2718)  time: 1.1490  data: 0.0413  max mem: 6287
Epoch: [0]  [200/402]  eta: 0:03:52  lr: 0.000502  loss: 1.0202 (1.4149)  loss_classifier: 0.4139 (0.5207)  loss_box_reg: 0.3583 (0.3465)  loss_objectness: 0.1481 (0.3610)  loss_rpn_box_reg: 0.0837 (0.1867)  time: 1.1212  data: 0.0395  max mem: 6287
Epoch: [0]  [300/402]  eta: 0:01:55  lr: 0.000751  loss: 0.8996 (1.2583)  loss_classifier: 0.3644 (0.4757)  loss_box_reg: 0.3256 (0.3445)  loss_objectness: 0.1317 (0.2877)  loss_rpn_box_reg: 0.0698 (0.1505)  time: 1.0642  data: 0.0350  max mem: 6287
Epoch: [0]  [400/402]  eta: 0:00:02  lr: 0.001000  loss: 0.8299 (1.1610)  loss_classifier: 0.3327 (0.4448)  loss_box_reg: 0.3266 (0.3393)  loss_objectness: 0.1211 (0.2467)  loss_rpn_box_reg: 0.0694 (0.1301)  time: 1.0104  data: 0.0332  max mem: 6287
Epoch: [0]  [401/402]  eta: 0:00:01  lr: 0.001000  loss: 0.8294 (1.1601)  loss_classifier: 0.3327 (0.4445)  loss_box_reg: 0.3266 (0.3393)  loss_objectness: 0.1211 (0.2464)  loss_rpn_box_reg: 0.0680 (0.1300)  time: 0.9863  data: 0.0323  max mem: 6287
Epoch: [0] Total time: 0:07:28 (1.1161 s / it)
Test:  [  0/101]  eta: 0:02:20  model_time: 0.3541 (0.3541)  evaluator_time: 0.0180 (0.0180)  time: 1.3935  data: 0.7196  max mem: 6287
Test:  [100/101]  eta: 0:00:00  model_time: 0.2029 (0.2223)  evaluator_time: 0.0156 (0.0189)  time: 0.2846  data: 0.0244  max mem: 6287
Test: Total time: 0:00:31 (0.3079 s / it)
Average Precision  (AP) @[ IoU=0.50:0.95 | area=   all | maxDets=100 ] = 0.011667447989670395
Average Precision  (AP) @[ IoU=0.50      | area=   all | maxDets=100 ] = 0.05316608379869287
Average Precision  (AP) @[ IoU=0.75      | area=   all | maxDets=100 ] = 0.00229744549948327
Average Precision  (AP) @[ IoU=0.50:0.95 | area= small | maxDets=100 ] = 0.0
Average Precision  (AP) @[ IoU=0.50:0.95 | area=medium | maxDets=100 ] = 0.0
Average Precision  (AP) @[ IoU=0.50:0.95 | area= large | maxDets=100 ] = 0.011945322834148992
Average Recall     (AR) @[ IoU=0.50:0.95 | area=   all | maxDets=  1 ] = 0.03735336309702526
Average Recall     (AR) @[ IoU=0.50:0.95 | area=   all | maxDets= 10 ] = 0.08461614270128882
Average Recall     (AR) @[ IoU=0.50:0.95 | area=   all | maxDets=100 ] = 0.08673701495270397
Average Recall     (AR) @[ IoU=0.50:0.95 | area= small | maxDets=100 ] = 0.0
Average Recall     (AR) @[ IoU=0.50:0.95 | area=medium | maxDets=100 ] = 0.0
Average Recall     (AR) @[ IoU=0.50:0.95 | area= large | maxDets=100 ] = 0.08840821648786058



Epoch: [1]  [  0/402]  eta: 0:20:32  lr: 0.001000  loss: 0.8192 (0.8192)  loss_classifier: 0.3190 (0.3190)  loss_box_reg: 0.3191 (0.3191)  loss_objectness: 0.1035 (0.1035)  loss_rpn_box_reg: 0.0776 (0.0776)  time: 3.0662  data: 1.7364  max mem: 6287
Epoch: [1]  [100/402]  eta: 0:05:11  lr: 0.001000  loss: 0.8302 (0.8075)  loss_classifier: 0.3287 (0.3275)  loss_box_reg: 0.3252 (0.3105)  loss_objectness: 0.1004 (0.1067)  loss_rpn_box_reg: 0.0613 (0.0628)  time: 0.9866  data: 0.0309  max mem: 6287
Epoch: [1]  [200/402]  eta: 0:03:23  lr: 0.001000  loss: 0.8206 (0.8102)  loss_classifier: 0.3261 (0.3267)  loss_box_reg: 0.3117 (0.3153)  loss_objectness: 0.1006 (0.1070)  loss_rpn_box_reg: 0.0605 (0.0612)  time: 0.9677  data: 0.0315  max mem: 6287
Epoch: [1]  [300/402]  eta: 0:01:40  lr: 0.001000  loss: 0.8139 (0.8075)  loss_classifier: 0.3195 (0.3257)  loss_box_reg: 0.3186 (0.3186)  loss_objectness: 0.0927 (0.1037)  loss_rpn_box_reg: 0.0557 (0.0596)  time: 0.9574  data: 0.0297  max mem: 6287
Epoch: [1]  [400/402]  eta: 0:00:01  lr: 0.001000  loss: 0.7940 (0.8073)  loss_classifier: 0.3263 (0.3250)  loss_box_reg: 0.3279 (0.3227)  loss_objectness: 0.0861 (0.1014)  loss_rpn_box_reg: 0.0510 (0.0581)  time: 0.9135  data: 0.0282  max mem: 6287
Epoch: [1]  [401/402]  eta: 0:00:00  lr: 0.001000  loss: 0.7971 (0.8075)  loss_classifier: 0.3263 (0.3250)  loss_box_reg: 0.3286 (0.3227)  loss_objectness: 0.0861 (0.1016)  loss_rpn_box_reg: 0.0510 (0.0581)  time: 0.8949  data: 0.0278  max mem: 6287
Epoch: [1] Total time: 0:06:31 (0.9733 s / it)
Test:  [  0/101]  eta: 0:03:06  model_time: 0.3197 (0.3197)  evaluator_time: 0.3385 (0.3385)  time: 1.8512  data: 0.9179  max mem: 6287
Test:  [100/101]  eta: 0:00:00  model_time: 0.2274 (0.2247)  evaluator_time: 0.0148 (0.0189)  time: 0.2887  data: 0.0242  max mem: 6287
Test: Total time: 0:00:31 (0.3107 s / it)
Average Precision  (AP) @[ IoU=0.50:0.95 | area=   all | maxDets=100 ] = 0.01788579656203809
Average Precision  (AP) @[ IoU=0.50      | area=   all | maxDets=100 ] = 0.067674625140924
Average Precision  (AP) @[ IoU=0.75      | area=   all | maxDets=100 ] = 0.007031619763064706
Average Precision  (AP) @[ IoU=0.50:0.95 | area= small | maxDets=100 ] = 0.0
Average Precision  (AP) @[ IoU=0.50:0.95 | area=medium | maxDets=100 ] = 0.009417520699438364
Average Precision  (AP) @[ IoU=0.50:0.95 | area= large | maxDets=100 ] = 0.018547560872472446
Average Recall     (AR) @[ IoU=0.50:0.95 | area=   all | maxDets=  1 ] = 0.04576716679466603
Average Recall     (AR) @[ IoU=0.50:0.95 | area=   all | maxDets= 10 ] = 0.09428044323660206
Average Recall     (AR) @[ IoU=0.50:0.95 | area=   all | maxDets=100 ] = 0.09836641574362721
Average Recall     (AR) @[ IoU=0.50:0.95 | area= small | maxDets=100 ] = 0.0
Average Recall     (AR) @[ IoU=0.50:0.95 | area=medium | maxDets=100 ] = 0.014814814814814814
Average Recall     (AR) @[ IoU=0.50:0.95 | area= large | maxDets=100 ] = 0.10035526000119055



Epoch: [2]  [  0/402]  eta: 0:23:02  lr: 0.001000  loss: 0.7835 (0.7835)  loss_classifier: 0.3119 (0.3119)  loss_box_reg: 0.3333 (0.3333)  loss_objectness: 0.0827 (0.0827)  loss_rpn_box_reg: 0.0556 (0.0556)  time: 3.4391  data: 2.2631  max mem: 6287
Epoch: [2]  [100/402]  eta: 0:04:45  lr: 0.001000  loss: 0.7561 (0.7767)  loss_classifier: 0.3113 (0.3117)  loss_box_reg: 0.3137 (0.3264)  loss_objectness: 0.0821 (0.0860)  loss_rpn_box_reg: 0.0525 (0.0525)  time: 0.9304  data: 0.0298  max mem: 6287
Epoch: [2]  [200/402]  eta: 0:03:07  lr: 0.001000  loss: 0.7574 (0.7750)  loss_classifier: 0.3108 (0.3107)  loss_box_reg: 0.3245 (0.3271)  loss_objectness: 0.0837 (0.0850)  loss_rpn_box_reg: 0.0496 (0.0523)  time: 0.9083  data: 0.0308  max mem: 6287
Epoch: [2]  [300/402]  eta: 0:01:33  lr: 0.001000  loss: 0.7745 (0.7739)  loss_classifier: 0.3126 (0.3105)  loss_box_reg: 0.3288 (0.3283)  loss_objectness: 0.0804 (0.0836)  loss_rpn_box_reg: 0.0483 (0.0514)  time: 0.8928  data: 0.0319  max mem: 6287
Epoch: [2]  [400/402]  eta: 0:00:01  lr: 0.001000  loss: 0.7644 (0.7713)  loss_classifier: 0.3003 (0.3095)  loss_box_reg: 0.3222 (0.3280)  loss_objectness: 0.0764 (0.0830)  loss_rpn_box_reg: 0.0476 (0.0508)  time: 0.8806  data: 0.0295  max mem: 6287
Epoch: [2]  [401/402]  eta: 0:00:00  lr: 0.001000  loss: 0.7644 (0.7713)  loss_classifier: 0.3003 (0.3096)  loss_box_reg: 0.3217 (0.3280)  loss_objectness: 0.0764 (0.0830)  loss_rpn_box_reg: 0.0475 (0.0508)  time: 0.8627  data: 0.0286  max mem: 6287
Epoch: [2] Total time: 0:06:06 (0.9109 s / it)
Test:  [  0/101]  eta: 0:02:41  model_time: 0.3181 (0.3181)  evaluator_time: 0.0257 (0.0257)  time: 1.5995  data: 0.9893  max mem: 6287
Test:  [100/101]  eta: 0:00:00  model_time: 0.2358 (0.2330)  evaluator_time: 0.0145 (0.0190)  time: 0.3143  data: 0.0230  max mem: 6287
Test: Total time: 0:00:32 (0.3199 s / it)
Average Precision  (AP) @[ IoU=0.50:0.95 | area=   all | maxDets=100 ] = 0.022973657785535402
Average Precision  (AP) @[ IoU=0.50      | area=   all | maxDets=100 ] = 0.08881287074934076
Average Precision  (AP) @[ IoU=0.75      | area=   all | maxDets=100 ] = 0.00607828149443951
Average Precision  (AP) @[ IoU=0.50:0.95 | area= small | maxDets=100 ] = 0.0
Average Precision  (AP) @[ IoU=0.50:0.95 | area=medium | maxDets=100 ] = 0.028628987898789874
Average Precision  (AP) @[ IoU=0.50:0.95 | area= large | maxDets=100 ] = 0.02367381643081937
Average Recall     (AR) @[ IoU=0.50:0.95 | area=   all | maxDets=  1 ] = 0.05078464016830789
Average Recall     (AR) @[ IoU=0.50:0.95 | area=   all | maxDets= 10 ] = 0.10986942933671193
Average Recall     (AR) @[ IoU=0.50:0.95 | area=   all | maxDets=100 ] = 0.11206241179285227
Average Recall     (AR) @[ IoU=0.50:0.95 | area= small | maxDets=100 ] = 0.0
Average Recall     (AR) @[ IoU=0.50:0.95 | area=medium | maxDets=100 ] = 0.03333333333333333
Average Recall     (AR) @[ IoU=0.50:0.95 | area= large | maxDets=100 ] = 0.11423874727777852



Epoch: [3]  [  0/402]  eta: 0:22:01  lr: 0.001000  loss: 0.6697 (0.6697)  loss_classifier: 0.2849 (0.2849)  loss_box_reg: 0.2851 (0.2851)  loss_objectness: 0.0526 (0.0526)  loss_rpn_box_reg: 0.0471 (0.0471)  time: 3.2867  data: 2.0002  max mem: 6287
Epoch: [3]  [100/402]  eta: 0:04:39  lr: 0.001000  loss: 0.7495 (0.7440)  loss_classifier: 0.2957 (0.2981)  loss_box_reg: 0.3234 (0.3179)  loss_objectness: 0.0766 (0.0790)  loss_rpn_box_reg: 0.0475 (0.0490)  time: 0.8982  data: 0.0300  max mem: 6287
Epoch: [3]  [200/402]  eta: 0:03:02  lr: 0.001000  loss: 0.7451 (0.7448)  loss_classifier: 0.3021 (0.2983)  loss_box_reg: 0.3316 (0.3218)  loss_objectness: 0.0681 (0.0771)  loss_rpn_box_reg: 0.0421 (0.0476)  time: 0.8820  data: 0.0302  max mem: 6287
Epoch: [3]  [300/402]  eta: 0:01:31  lr: 0.001000  loss: 0.7206 (0.7453)  loss_classifier: 0.2927 (0.2990)  loss_box_reg: 0.3109 (0.3227)  loss_objectness: 0.0699 (0.0766)  loss_rpn_box_reg: 0.0411 (0.0470)  time: 0.8903  data: 0.0314  max mem: 6287
Epoch: [3]  [400/402]  eta: 0:00:01  lr: 0.001000  loss: 0.7254 (0.7448)  loss_classifier: 0.2940 (0.2993)  loss_box_reg: 0.3195 (0.3239)  loss_objectness: 0.0638 (0.0750)  loss_rpn_box_reg: 0.0440 (0.0467)  time: 0.8650  data: 0.0279  max mem: 6287
Epoch: [3]  [401/402]  eta: 0:00:00  lr: 0.001000  loss: 0.7293 (0.7449)  loss_classifier: 0.2943 (0.2993)  loss_box_reg: 0.3255 (0.3240)  loss_objectness: 0.0653 (0.0749)  loss_rpn_box_reg: 0.0440 (0.0466)  time: 0.8443  data: 0.0273  max mem: 6287
Epoch: [3] Total time: 0:05:57 (0.8892 s / it)
Test:  [  0/101]  eta: 0:02:39  model_time: 0.2717 (0.2717)  evaluator_time: 0.0208 (0.0208)  time: 1.5831  data: 1.0269  max mem: 6287
Test:  [100/101]  eta: 0:00:00  model_time: 0.2328 (0.2312)  evaluator_time: 0.0136 (0.0177)  time: 0.3100  data: 0.0236  max mem: 6287
Test: Total time: 0:00:32 (0.3181 s / it)
Average Precision  (AP) @[ IoU=0.50:0.95 | area=   all | maxDets=100 ] = 0.031329638302275635
Average Precision  (AP) @[ IoU=0.50      | area=   all | maxDets=100 ] = 0.11885264284503211
Average Precision  (AP) @[ IoU=0.75      | area=   all | maxDets=100 ] = 0.00932545726522993
Average Precision  (AP) @[ IoU=0.50:0.95 | area= small | maxDets=100 ] = 0.0
Average Precision  (AP) @[ IoU=0.50:0.95 | area=medium | maxDets=100 ] = 0.025790871770103842
Average Precision  (AP) @[ IoU=0.50:0.95 | area= large | maxDets=100 ] = 0.03242433913008194
Average Recall     (AR) @[ IoU=0.50:0.95 | area=   all | maxDets=  1 ] = 0.06417422161353013
Average Recall     (AR) @[ IoU=0.50:0.95 | area=   all | maxDets= 10 ] = 0.11968204507469359
Average Recall     (AR) @[ IoU=0.50:0.95 | area=   all | maxDets=100 ] = 0.12138769809613609
Average Recall     (AR) @[ IoU=0.50:0.95 | area= small | maxDets=100 ] = 0.0
Average Recall     (AR) @[ IoU=0.50:0.95 | area=medium | maxDets=100 ] = 0.03703703703703704
Average Recall     (AR) @[ IoU=0.50:0.95 | area= large | maxDets=100 ] = 0.12399852316805864



Epoch: [4]  [  0/402]  eta: 0:21:56  lr: 0.001000  loss: 0.7393 (0.7393)  loss_classifier: 0.2834 (0.2834)  loss_box_reg: 0.3306 (0.3306)  loss_objectness: 0.0756 (0.0756)  loss_rpn_box_reg: 0.0497 (0.0497)  time: 3.2756  data: 2.0567  max mem: 6287
Epoch: [4]  [100/402]  eta: 0:04:33  lr: 0.001000  loss: 0.7476 (0.7352)  loss_classifier: 0.3063 (0.2973)  loss_box_reg: 0.3331 (0.3234)  loss_objectness: 0.0715 (0.0694)  loss_rpn_box_reg: 0.0444 (0.0451)  time: 0.8688  data: 0.0297  max mem: 6287
Epoch: [4]  [200/402]  eta: 0:02:58  lr: 0.001000  loss: 0.7322 (0.7359)  loss_classifier: 0.2870 (0.2977)  loss_box_reg: 0.3230 (0.3247)  loss_objectness: 0.0708 (0.0687)  loss_rpn_box_reg: 0.0439 (0.0449)  time: 0.8719  data: 0.0309  max mem: 6287
Epoch: [4]  [300/402]  eta: 0:01:29  lr: 0.001000  loss: 0.7085 (0.7329)  loss_classifier: 0.2886 (0.2958)  loss_box_reg: 0.3140 (0.3236)  loss_objectness: 0.0623 (0.0692)  loss_rpn_box_reg: 0.0413 (0.0443)  time: 0.8747  data: 0.0295  max mem: 6287
Epoch: [4]  [400/402]  eta: 0:00:01  lr: 0.001000  loss: 0.7106 (0.7277)  loss_classifier: 0.2885 (0.2941)  loss_box_reg: 0.3233 (0.3217)  loss_objectness: 0.0588 (0.0678)  loss_rpn_box_reg: 0.0420 (0.0441)  time: 0.8478  data: 0.0285  max mem: 6287
Epoch: [4]  [401/402]  eta: 0:00:00  lr: 0.001000  loss: 0.7111 (0.7276)  loss_classifier: 0.2885 (0.2940)  loss_box_reg: 0.3233 (0.3217)  loss_objectness: 0.0596 (0.0679)  loss_rpn_box_reg: 0.0420 (0.0441)  time: 0.8294  data: 0.0279  max mem: 6287
Epoch: [4] Total time: 0:05:52 (0.8775 s / it)
Test:  [  0/101]  eta: 0:02:42  model_time: 0.3378 (0.3378)  evaluator_time: 0.0197 (0.0197)  time: 1.6044  data: 0.9344  max mem: 6287
Test:  [100/101]  eta: 0:00:00  model_time: 0.2268 (0.2284)  evaluator_time: 0.0143 (0.0142)  time: 0.2885  data: 0.0237  max mem: 6287
Test: Total time: 0:00:31 (0.3147 s / it)
Average Precision  (AP) @[ IoU=0.50:0.95 | area=   all | maxDets=100 ] = 0.03918135068696384
Average Precision  (AP) @[ IoU=0.50      | area=   all | maxDets=100 ] = 0.15052327689829303
Average Precision  (AP) @[ IoU=0.75      | area=   all | maxDets=100 ] = 0.012728263025426276
Average Precision  (AP) @[ IoU=0.50:0.95 | area= small | maxDets=100 ] = 0.0
Average Precision  (AP) @[ IoU=0.50:0.95 | area=medium | maxDets=100 ] = 0.034493949394939494
Average Precision  (AP) @[ IoU=0.50:0.95 | area= large | maxDets=100 ] = 0.04021634252659674
Average Recall     (AR) @[ IoU=0.50:0.95 | area=   all | maxDets=  1 ] = 0.07997157884332567
Average Recall     (AR) @[ IoU=0.50:0.95 | area=   all | maxDets= 10 ] = 0.14492634074676786
Average Recall     (AR) @[ IoU=0.50:0.95 | area=   all | maxDets=100 ] = 0.14555417295354742
Average Recall     (AR) @[ IoU=0.50:0.95 | area= small | maxDets=100 ] = 0.0
Average Recall     (AR) @[ IoU=0.50:0.95 | area=medium | maxDets=100 ] = 0.08518518518518518
Average Recall     (AR) @[ IoU=0.50:0.95 | area= large | maxDets=100 ] = 0.14723923888303697



Epoch: [5]  [  0/402]  eta: 0:22:02  lr: 0.001000  loss: 0.7438 (0.7438)  loss_classifier: 0.3082 (0.3082)  loss_box_reg: 0.3459 (0.3459)  loss_objectness: 0.0545 (0.0545)  loss_rpn_box_reg: 0.0354 (0.0354)  time: 3.2906  data: 2.1760  max mem: 6287
Epoch: [5]  [100/402]  eta: 0:04:30  lr: 0.001000  loss: 0.7247 (0.7081)  loss_classifier: 0.2885 (0.2871)  loss_box_reg: 0.3113 (0.3138)  loss_objectness: 0.0606 (0.0639)  loss_rpn_box_reg: 0.0452 (0.0434)  time: 0.8639  data: 0.0286  max mem: 6287
Epoch: [5]  [200/402]  eta: 0:02:57  lr: 0.001000  loss: 0.7038 (0.7169)  loss_classifier: 0.2860 (0.2898)  loss_box_reg: 0.3142 (0.3195)  loss_objectness: 0.0565 (0.0643)  loss_rpn_box_reg: 0.0412 (0.0434)  time: 0.8582  data: 0.0304  max mem: 6287
Epoch: [5]  [300/402]  eta: 0:01:28  lr: 0.001000  loss: 0.6959 (0.7133)  loss_classifier: 0.2794 (0.2874)  loss_box_reg: 0.3139 (0.3186)  loss_objectness: 0.0635 (0.0643)  loss_rpn_box_reg: 0.0416 (0.0429)  time: 0.8592  data: 0.0312  max mem: 6287
Epoch: [5]  [400/402]  eta: 0:00:01  lr: 0.001000  loss: 0.6903 (0.7084)  loss_classifier: 0.2790 (0.2851)  loss_box_reg: 0.3115 (0.3172)  loss_objectness: 0.0545 (0.0635)  loss_rpn_box_reg: 0.0404 (0.0426)  time: 0.8513  data: 0.0272  max mem: 6287
Epoch: [5]  [401/402]  eta: 0:00:00  lr: 0.001000  loss: 0.6776 (0.7083)  loss_classifier: 0.2779 (0.2851)  loss_box_reg: 0.3053 (0.3171)  loss_objectness: 0.0545 (0.0635)  loss_rpn_box_reg: 0.0404 (0.0426)  time: 0.8349  data: 0.0266  max mem: 6287
Epoch: [5] Total time: 0:05:48 (0.8671 s / it)
Test:  [  0/101]  eta: 0:02:43  model_time: 0.3283 (0.3283)  evaluator_time: 0.0199 (0.0199)  time: 1.6227  data: 1.0165  max mem: 6287
Test:  [100/101]  eta: 0:00:00  model_time: 0.2340 (0.2339)  evaluator_time: 0.0133 (0.0174)  time: 0.2933  data: 0.0240  max mem: 6287
Test: Total time: 0:00:32 (0.3204 s / it)
Average Precision  (AP) @[ IoU=0.50:0.95 | area=   all | maxDets=100 ] = 0.03234590762486037
Average Precision  (AP) @[ IoU=0.50      | area=   all | maxDets=100 ] = 0.10856762946635315
Average Precision  (AP) @[ IoU=0.75      | area=   all | maxDets=100 ] = 0.011804921273778225
Average Precision  (AP) @[ IoU=0.50:0.95 | area= small | maxDets=100 ] = 0.0
Average Precision  (AP) @[ IoU=0.50:0.95 | area=medium | maxDets=100 ] = 0.05701320132013201
Average Precision  (AP) @[ IoU=0.50:0.95 | area= large | maxDets=100 ] = 0.03293897849917982
Average Recall     (AR) @[ IoU=0.50:0.95 | area=   all | maxDets=  1 ] = 0.06504043119560679
Average Recall     (AR) @[ IoU=0.50:0.95 | area=   all | maxDets= 10 ] = 0.12312250328665897
Average Recall     (AR) @[ IoU=0.50:0.95 | area=   all | maxDets=100 ] = 0.12375413286565698
Average Recall     (AR) @[ IoU=0.50:0.95 | area= small | maxDets=100 ] = 0.0
Average Recall     (AR) @[ IoU=0.50:0.95 | area=medium | maxDets=100 ] = 0.08148148148148147
Average Recall     (AR) @[ IoU=0.50:0.95 | area= large | maxDets=100 ] = 0.12535339137502804



Epoch: [6]  [  0/402]  eta: 0:21:17  lr: 0.001000  loss: 0.7077 (0.7077)  loss_classifier: 0.2855 (0.2855)  loss_box_reg: 0.3186 (0.3186)  loss_objectness: 0.0631 (0.0631)  loss_rpn_box_reg: 0.0405 (0.0405)  time: 3.1787  data: 2.0244  max mem: 6287
Epoch: [6]  [100/402]  eta: 0:04:26  lr: 0.001000  loss: 0.7028 (0.7070)  loss_classifier: 0.2696 (0.2832)  loss_box_reg: 0.3258 (0.3214)  loss_objectness: 0.0554 (0.0611)  loss_rpn_box_reg: 0.0412 (0.0413)  time: 0.8459  data: 0.0288  max mem: 6287
Epoch: [6]  [200/402]  eta: 0:02:54  lr: 0.001000  loss: 0.6707 (0.7018)  loss_classifier: 0.2646 (0.2810)  loss_box_reg: 0.2976 (0.3180)  loss_objectness: 0.0608 (0.0612)  loss_rpn_box_reg: 0.0404 (0.0415)  time: 0.8633  data: 0.0295  max mem: 6287
Epoch: [6]  [300/402]  eta: 0:01:27  lr: 0.001000  loss: 0.6643 (0.6960)  loss_classifier: 0.2665 (0.2791)  loss_box_reg: 0.2986 (0.3149)  loss_objectness: 0.0515 (0.0608)  loss_rpn_box_reg: 0.0376 (0.0413)  time: 0.8555  data: 0.0303  max mem: 6287
Epoch: [6]  [400/402]  eta: 0:00:01  lr: 0.001000  loss: 0.6934 (0.6943)  loss_classifier: 0.2756 (0.2788)  loss_box_reg: 0.3224 (0.3141)  loss_objectness: 0.0534 (0.0602)  loss_rpn_box_reg: 0.0403 (0.0412)  time: 0.8267  data: 0.0277  max mem: 6287
Epoch: [6]  [401/402]  eta: 0:00:00  lr: 0.001000  loss: 0.6936 (0.6943)  loss_classifier: 0.2750 (0.2788)  loss_box_reg: 0.3240 (0.3142)  loss_objectness: 0.0534 (0.0601)  loss_rpn_box_reg: 0.0400 (0.0412)  time: 0.8112  data: 0.0276  max mem: 6287
Epoch: [6] Total time: 0:05:44 (0.8578 s / it)
Test:  [  0/101]  eta: 0:02:37  model_time: 0.2840 (0.2840)  evaluator_time: 0.0201 (0.0201)  time: 1.5620  data: 0.9650  max mem: 6287
Test:  [100/101]  eta: 0:00:00  model_time: 0.2302 (0.2303)  evaluator_time: 0.0122 (0.0120)  time: 0.2899  data: 0.0238  max mem: 6287
Test: Total time: 0:00:31 (0.3147 s / it)
Average Precision  (AP) @[ IoU=0.50:0.95 | area=   all | maxDets=100 ] = 0.044442153017279
Average Precision  (AP) @[ IoU=0.50      | area=   all | maxDets=100 ] = 0.15679804801931957
Average Precision  (AP) @[ IoU=0.75      | area=   all | maxDets=100 ] = 0.014294682207031062
Average Precision  (AP) @[ IoU=0.50:0.95 | area= small | maxDets=100 ] = 0.0
Average Precision  (AP) @[ IoU=0.50:0.95 | area=medium | maxDets=100 ] = 0.04714118078474514
Average Precision  (AP) @[ IoU=0.50:0.95 | area= large | maxDets=100 ] = 0.04589254551913578
Average Recall     (AR) @[ IoU=0.50:0.95 | area=   all | maxDets=  1 ] = 0.09039765241401364
Average Recall     (AR) @[ IoU=0.50:0.95 | area=   all | maxDets= 10 ] = 0.14918886874761358
Average Recall     (AR) @[ IoU=0.50:0.95 | area=   all | maxDets=100 ] = 0.14957873229537186
Average Recall     (AR) @[ IoU=0.50:0.95 | area= small | maxDets=100 ] = 0.0
Average Recall     (AR) @[ IoU=0.50:0.95 | area=medium | maxDets=100 ] = 0.1
Average Recall     (AR) @[ IoU=0.50:0.95 | area= large | maxDets=100 ] = 0.1514384691050944



Epoch: [7]  [  0/402]  eta: 0:22:18  lr: 0.001000  loss: 0.7413 (0.7413)  loss_classifier: 0.3191 (0.3191)  loss_box_reg: 0.3451 (0.3451)  loss_objectness: 0.0445 (0.0445)  loss_rpn_box_reg: 0.0326 (0.0326)  time: 3.3288  data: 2.2415  max mem: 6287
Epoch: [7]  [100/402]  eta: 0:04:26  lr: 0.001000  loss: 0.6775 (0.6819)  loss_classifier: 0.2756 (0.2739)  loss_box_reg: 0.3010 (0.3081)  loss_objectness: 0.0603 (0.0591)  loss_rpn_box_reg: 0.0415 (0.0408)  time: 0.8616  data: 0.0318  max mem: 6287
Epoch: [7]  [200/402]  eta: 0:02:55  lr: 0.001000  loss: 0.6463 (0.6766)  loss_classifier: 0.2657 (0.2723)  loss_box_reg: 0.3020 (0.3052)  loss_objectness: 0.0516 (0.0586)  loss_rpn_box_reg: 0.0396 (0.0405)  time: 0.8578  data: 0.0303  max mem: 6287
Epoch: [7]  [300/402]  eta: 0:01:28  lr: 0.001000  loss: 0.6756 (0.6747)  loss_classifier: 0.2729 (0.2716)  loss_box_reg: 0.3071 (0.3053)  loss_objectness: 0.0498 (0.0575)  loss_rpn_box_reg: 0.0404 (0.0404)  time: 0.8489  data: 0.0284  max mem: 6287
Epoch: [7]  [400/402]  eta: 0:00:01  lr: 0.001000  loss: 0.6532 (0.6740)  loss_classifier: 0.2656 (0.2715)  loss_box_reg: 0.2989 (0.3050)  loss_objectness: 0.0526 (0.0571)  loss_rpn_box_reg: 0.0397 (0.0405)  time: 0.8406  data: 0.0271  max mem: 6287
Epoch: [7]  [401/402]  eta: 0:00:00  lr: 0.001000  loss: 0.6551 (0.6740)  loss_classifier: 0.2656 (0.2715)  loss_box_reg: 0.3010 (0.3050)  loss_objectness: 0.0527 (0.0571)  loss_rpn_box_reg: 0.0400 (0.0405)  time: 0.8247  data: 0.0265  max mem: 6287
Epoch: [7] Total time: 0:05:45 (0.8584 s / it)
Test:  [  0/101]  eta: 0:02:39  model_time: 0.3388 (0.3388)  evaluator_time: 0.0213 (0.0213)  time: 1.5796  data: 0.9494  max mem: 6287
Test:  [100/101]  eta: 0:00:00  model_time: 0.2279 (0.2276)  evaluator_time: 0.0138 (0.0162)  time: 0.3047  data: 0.0248  max mem: 6287
Test: Total time: 0:00:31 (0.3126 s / it)
Average Precision  (AP) @[ IoU=0.50:0.95 | area=   all | maxDets=100 ] = 0.05011704236411265
Average Precision  (AP) @[ IoU=0.50      | area=   all | maxDets=100 ] = 0.18825849445956405
Average Precision  (AP) @[ IoU=0.75      | area=   all | maxDets=100 ] = 0.016208287717896216
Average Precision  (AP) @[ IoU=0.50:0.95 | area= small | maxDets=100 ] = 0.0
Average Precision  (AP) @[ IoU=0.50:0.95 | area=medium | maxDets=100 ] = 0.030561056105610565
Average Precision  (AP) @[ IoU=0.50:0.95 | area= large | maxDets=100 ] = 0.05133123267763525
Average Recall     (AR) @[ IoU=0.50:0.95 | area=   all | maxDets=  1 ] = 0.09149068624164519
Average Recall     (AR) @[ IoU=0.50:0.95 | area=   all | maxDets= 10 ] = 0.15014327917234443
Average Recall     (AR) @[ IoU=0.50:0.95 | area=   all | maxDets=100 ] = 0.1503382109462236
Average Recall     (AR) @[ IoU=0.50:0.95 | area= small | maxDets=100 ] = 0.0
Average Recall     (AR) @[ IoU=0.50:0.95 | area=medium | maxDets=100 ] = 0.07037037037037036
Average Recall     (AR) @[ IoU=0.50:0.95 | area= large | maxDets=100 ] = 0.15231509464669732



Epoch: [8]  [  0/402]  eta: 0:22:52  lr: 0.001000  loss: 0.5870 (0.5870)  loss_classifier: 0.2526 (0.2526)  loss_box_reg: 0.2621 (0.2621)  loss_objectness: 0.0332 (0.0332)  loss_rpn_box_reg: 0.0392 (0.0392)  time: 3.4130  data: 2.2743  max mem: 6287
Epoch: [8]  [100/402]  eta: 0:04:28  lr: 0.001000  loss: 0.6493 (0.6511)  loss_classifier: 0.2585 (0.2619)  loss_box_reg: 0.2976 (0.2953)  loss_objectness: 0.0529 (0.0539)  loss_rpn_box_reg: 0.0370 (0.0400)  time: 0.8597  data: 0.0300  max mem: 6287
Epoch: [8]  [200/402]  eta: 0:02:55  lr: 0.001000  loss: 0.6516 (0.6526)  loss_classifier: 0.2534 (0.2619)  loss_box_reg: 0.3008 (0.2966)  loss_objectness: 0.0548 (0.0541)  loss_rpn_box_reg: 0.0391 (0.0399)  time: 0.8517  data: 0.0313  max mem: 6287
Epoch: [8]  [300/402]  eta: 0:01:28  lr: 0.001000  loss: 0.6454 (0.6508)  loss_classifier: 0.2623 (0.2610)  loss_box_reg: 0.2967 (0.2965)  loss_objectness: 0.0488 (0.0536)  loss_rpn_box_reg: 0.0375 (0.0397)  time: 0.8452  data: 0.0333  max mem: 6287
Epoch: [8]  [400/402]  eta: 0:00:01  lr: 0.001000  loss: 0.6685 (0.6521)  loss_classifier: 0.2602 (0.2621)  loss_box_reg: 0.3102 (0.2966)  loss_objectness: 0.0486 (0.0537)  loss_rpn_box_reg: 0.0405 (0.0397)  time: 0.8346  data: 0.0273  max mem: 6287
Epoch: [8]  [401/402]  eta: 0:00:00  lr: 0.001000  loss: 0.6685 (0.6518)  loss_classifier: 0.2602 (0.2620)  loss_box_reg: 0.3102 (0.2965)  loss_objectness: 0.0486 (0.0537)  loss_rpn_box_reg: 0.0405 (0.0397)  time: 0.8162  data: 0.0271  max mem: 6287
Epoch: [8] Total time: 0:05:45 (0.8592 s / it)
Test:  [  0/101]  eta: 0:02:37  model_time: 0.4163 (0.4163)  evaluator_time: 0.0347 (0.0347)  time: 1.5619  data: 0.7665  max mem: 6287
Test:  [100/101]  eta: 0:00:00  model_time: 0.2340 (0.2332)  evaluator_time: 0.0138 (0.0145)  time: 0.2952  data: 0.0241  max mem: 6287
Test: Total time: 0:00:32 (0.3177 s / it)
Average Precision  (AP) @[ IoU=0.50:0.95 | area=   all | maxDets=100 ] = 0.03466834665226299
Average Precision  (AP) @[ IoU=0.50      | area=   all | maxDets=100 ] = 0.12660550334941092
Average Precision  (AP) @[ IoU=0.75      | area=   all | maxDets=100 ] = 0.012384721926902268
Average Precision  (AP) @[ IoU=0.50:0.95 | area= small | maxDets=100 ] = 0.0
Average Precision  (AP) @[ IoU=0.50:0.95 | area=medium | maxDets=100 ] = 0.0476713749356587
Average Precision  (AP) @[ IoU=0.50:0.95 | area= large | maxDets=100 ] = 0.03563603174895745
Average Recall     (AR) @[ IoU=0.50:0.95 | area=   all | maxDets=  1 ] = 0.06739865707241173
Average Recall     (AR) @[ IoU=0.50:0.95 | area=   all | maxDets= 10 ] = 0.12338547658007941
Average Recall     (AR) @[ IoU=0.50:0.95 | area=   all | maxDets=100 ] = 0.12358040835395855
Average Recall     (AR) @[ IoU=0.50:0.95 | area= small | maxDets=100 ] = 0.0
Average Recall     (AR) @[ IoU=0.50:0.95 | area=medium | maxDets=100 ] = 0.09259259259259259
Average Recall     (AR) @[ IoU=0.50:0.95 | area= large | maxDets=100 ] = 0.1248232013985872



Epoch: [9]  [  0/402]  eta: 0:23:56  lr: 0.001000  loss: 0.6230 (0.6230)  loss_classifier: 0.2649 (0.2649)  loss_box_reg: 0.2684 (0.2684)  loss_objectness: 0.0491 (0.0491)  loss_rpn_box_reg: 0.0406 (0.0406)  time: 3.5740  data: 2.3713  max mem: 6287
Epoch: [9]  [100/402]  eta: 0:04:25  lr: 0.001000  loss: 0.6574 (0.6438)  loss_classifier: 0.2585 (0.2593)  loss_box_reg: 0.3025 (0.2927)  loss_objectness: 0.0518 (0.0524)  loss_rpn_box_reg: 0.0386 (0.0395)  time: 0.8504  data: 0.0304  max mem: 6287
Epoch: [9]  [200/402]  eta: 0:02:54  lr: 0.001000  loss: 0.6630 (0.6456)  loss_classifier: 0.2706 (0.2603)  loss_box_reg: 0.2984 (0.2937)  loss_objectness: 0.0534 (0.0525)  loss_rpn_box_reg: 0.0389 (0.0391)  time: 0.8428  data: 0.0315  max mem: 6287
Epoch: [9]  [300/402]  eta: 0:01:27  lr: 0.001000  loss: 0.6356 (0.6458)  loss_classifier: 0.2540 (0.2606)  loss_box_reg: 0.2918 (0.2945)  loss_objectness: 0.0413 (0.0516)  loss_rpn_box_reg: 0.0383 (0.0390)  time: 0.8473  data: 0.0328  max mem: 6287
Epoch: [9]  [400/402]  eta: 0:00:01  lr: 0.001000  loss: 0.6478 (0.6456)  loss_classifier: 0.2630 (0.2599)  loss_box_reg: 0.2921 (0.2951)  loss_objectness: 0.0506 (0.0517)  loss_rpn_box_reg: 0.0377 (0.0389)  time: 0.8225  data: 0.0277  max mem: 6287
Epoch: [9]  [401/402]  eta: 0:00:00  lr: 0.001000  loss: 0.6478 (0.6458)  loss_classifier: 0.2630 (0.2599)  loss_box_reg: 0.2957 (0.2953)  loss_objectness: 0.0501 (0.0517)  loss_rpn_box_reg: 0.0368 (0.0389)  time: 0.8076  data: 0.0272  max mem: 6287
Epoch: [9] Total time: 0:05:42 (0.8529 s / it)
Test:  [  0/101]  eta: 0:02:37  model_time: 0.3851 (0.3851)  evaluator_time: 0.0626 (0.0626)  time: 1.5571  data: 0.7781  max mem: 6287
Test:  [100/101]  eta: 0:00:00  model_time: 0.2318 (0.2308)  evaluator_time: 0.0147 (0.0180)  time: 0.2941  data: 0.0244  max mem: 6287
Test: Total time: 0:00:32 (0.3169 s / it)
Average Precision  (AP) @[ IoU=0.50:0.95 | area=   all | maxDets=100 ] = 0.031041470279708053
Average Precision  (AP) @[ IoU=0.50      | area=   all | maxDets=100 ] = 0.11854597698528657
Average Precision  (AP) @[ IoU=0.75      | area=   all | maxDets=100 ] = 0.012581202115846632
Average Precision  (AP) @[ IoU=0.50:0.95 | area= small | maxDets=100 ] = 0.0
Average Precision  (AP) @[ IoU=0.50:0.95 | area=medium | maxDets=100 ] = 0.05653400553087891
Average Precision  (AP) @[ IoU=0.50:0.95 | area= large | maxDets=100 ] = 0.031502360529113295
Average Recall     (AR) @[ IoU=0.50:0.95 | area=   all | maxDets=  1 ] = 0.06585489747947339
Average Recall     (AR) @[ IoU=0.50:0.95 | area=   all | maxDets= 10 ] = 0.11599017907326753
Average Recall     (AR) @[ IoU=0.50:0.95 | area=   all | maxDets=100 ] = 0.11633130967755603
Average Recall     (AR) @[ IoU=0.50:0.95 | area= small | maxDets=100 ] = 0.0
Average Recall     (AR) @[ IoU=0.50:0.95 | area=medium | maxDets=100 ] = 0.12685185185185185
Average Recall     (AR) @[ IoU=0.50:0.95 | area= large | maxDets=100 ] = 0.11672704171146267



Epoch: [10]  [  0/402]  eta: 0:22:00  lr: 0.001000  loss: 0.6483 (0.6483)  loss_classifier: 0.2482 (0.2482)  loss_box_reg: 0.2957 (0.2957)  loss_objectness: 0.0619 (0.0619)  loss_rpn_box_reg: 0.0426 (0.0426)  time: 3.2840  data: 2.1564  max mem: 6287
Epoch: [10]  [100/402]  eta: 0:04:22  lr: 0.001000  loss: 0.6252 (0.6419)  loss_classifier: 0.2568 (0.2570)  loss_box_reg: 0.2824 (0.2972)  loss_objectness: 0.0466 (0.0500)  loss_rpn_box_reg: 0.0341 (0.0377)  time: 0.8473  data: 0.0296  max mem: 6287
Epoch: [10]  [200/402]  eta: 0:02:52  lr: 0.001000  loss: 0.6313 (0.6376)  loss_classifier: 0.2457 (0.2556)  loss_box_reg: 0.2853 (0.2931)  loss_objectness: 0.0473 (0.0506)  loss_rpn_box_reg: 0.0368 (0.0383)  time: 0.8493  data: 0.0319  max mem: 6287
Epoch: [10]  [300/402]  eta: 0:01:27  lr: 0.001000  loss: 0.6240 (0.6338)  loss_classifier: 0.2500 (0.2540)  loss_box_reg: 0.2822 (0.2903)  loss_objectness: 0.0500 (0.0510)  loss_rpn_box_reg: 0.0359 (0.0384)  time: 0.8473  data: 0.0298  max mem: 6287
Epoch: [10]  [400/402]  eta: 0:00:01  lr: 0.001000  loss: 0.6351 (0.6321)  loss_classifier: 0.2499 (0.2541)  loss_box_reg: 0.2875 (0.2896)  loss_objectness: 0.0424 (0.0502)  loss_rpn_box_reg: 0.0386 (0.0382)  time: 0.8247  data: 0.0285  max mem: 6287
Epoch: [10]  [401/402]  eta: 0:00:00  lr: 0.001000  loss: 0.6351 (0.6322)  loss_classifier: 0.2515 (0.2541)  loss_box_reg: 0.2856 (0.2896)  loss_objectness: 0.0424 (0.0502)  loss_rpn_box_reg: 0.0388 (0.0382)  time: 0.8066  data: 0.0277  max mem: 6287
Epoch: [10] Total time: 0:05:41 (0.8498 s / it)
Test:  [  0/101]  eta: 0:02:41  model_time: 0.3576 (0.3576)  evaluator_time: 0.0306 (0.0306)  time: 1.5962  data: 0.8939  max mem: 6287
Test:  [100/101]  eta: 0:00:00  model_time: 0.2333 (0.2341)  evaluator_time: 0.0131 (0.0159)  time: 0.2924  data: 0.0233  max mem: 6287
Test: Total time: 0:00:32 (0.3206 s / it)
Average Precision  (AP) @[ IoU=0.50:0.95 | area=   all | maxDets=100 ] = 0.04046274718170926
Average Precision  (AP) @[ IoU=0.50      | area=   all | maxDets=100 ] = 0.13562044992306022
Average Precision  (AP) @[ IoU=0.75      | area=   all | maxDets=100 ] = 0.017511114289845822
Average Precision  (AP) @[ IoU=0.50:0.95 | area= small | maxDets=100 ] = 0.0
Average Precision  (AP) @[ IoU=0.50:0.95 | area=medium | maxDets=100 ] = 0.03751243148094309
Average Precision  (AP) @[ IoU=0.50:0.95 | area= large | maxDets=100 ] = 0.04180000458862999
Average Recall     (AR) @[ IoU=0.50:0.95 | area=   all | maxDets=  1 ] = 0.07580151019206935
Average Recall     (AR) @[ IoU=0.50:0.95 | area=   all | maxDets= 10 ] = 0.12473298396223606
Average Recall     (AR) @[ IoU=0.50:0.95 | area=   all | maxDets=100 ] = 0.1252203133969339
Average Recall     (AR) @[ IoU=0.50:0.95 | area= small | maxDets=100 ] = 0.0
Average Recall     (AR) @[ IoU=0.50:0.95 | area=medium | maxDets=100 ] = 0.1111111111111111
Average Recall     (AR) @[ IoU=0.50:0.95 | area= large | maxDets=100 ] = 0.12652907563502755



Epoch: [11]  [  0/402]  eta: 0:22:02  lr: 0.001000  loss: 0.6228 (0.6228)  loss_classifier: 0.2445 (0.2445)  loss_box_reg: 0.2873 (0.2873)  loss_objectness: 0.0525 (0.0525)  loss_rpn_box_reg: 0.0386 (0.0386)  time: 3.2903  data: 2.1838  max mem: 6287
Epoch: [11]  [100/402]  eta: 0:04:24  lr: 0.001000  loss: 0.6330 (0.6246)  loss_classifier: 0.2535 (0.2516)  loss_box_reg: 0.2830 (0.2857)  loss_objectness: 0.0424 (0.0498)  loss_rpn_box_reg: 0.0367 (0.0375)  time: 0.8463  data: 0.0305  max mem: 6287
Epoch: [11]  [200/402]  eta: 0:02:53  lr: 0.001000  loss: 0.5925 (0.6202)  loss_classifier: 0.2382 (0.2490)  loss_box_reg: 0.2728 (0.2844)  loss_objectness: 0.0449 (0.0490)  loss_rpn_box_reg: 0.0372 (0.0378)  time: 0.8434  data: 0.0300  max mem: 6287
Epoch: [11]  [300/402]  eta: 0:01:26  lr: 0.001000  loss: 0.6327 (0.6228)  loss_classifier: 0.2571 (0.2499)  loss_box_reg: 0.2819 (0.2854)  loss_objectness: 0.0455 (0.0499)  loss_rpn_box_reg: 0.0357 (0.0376)  time: 0.8415  data: 0.0297  max mem: 6287
Epoch: [11]  [400/402]  eta: 0:00:01  lr: 0.001000  loss: 0.6080 (0.6187)  loss_classifier: 0.2402 (0.2478)  loss_box_reg: 0.2782 (0.2837)  loss_objectness: 0.0435 (0.0496)  loss_rpn_box_reg: 0.0352 (0.0375)  time: 0.8250  data: 0.0281  max mem: 6287
Epoch: [11]  [401/402]  eta: 0:00:00  lr: 0.001000  loss: 0.6080 (0.6185)  loss_classifier: 0.2340 (0.2477)  loss_box_reg: 0.2758 (0.2837)  loss_objectness: 0.0435 (0.0496)  loss_rpn_box_reg: 0.0358 (0.0375)  time: 0.8090  data: 0.0275  max mem: 6287
Epoch: [11] Total time: 0:05:41 (0.8502 s / it)
Test:  [  0/101]  eta: 0:02:43  model_time: 0.2782 (0.2782)  evaluator_time: 0.0222 (0.0222)  time: 1.6152  data: 1.0488  max mem: 6287
Test:  [100/101]  eta: 0:00:00  model_time: 0.2292 (0.2314)  evaluator_time: 0.0136 (0.0169)  time: 0.2893  data: 0.0243  max mem: 6287
Test: Total time: 0:00:32 (0.3172 s / it)
Average Precision  (AP) @[ IoU=0.50:0.95 | area=   all | maxDets=100 ] = 0.05272706194684833
Average Precision  (AP) @[ IoU=0.50      | area=   all | maxDets=100 ] = 0.1843162867080656
Average Precision  (AP) @[ IoU=0.75      | area=   all | maxDets=100 ] = 0.0203439657798612
Average Precision  (AP) @[ IoU=0.50:0.95 | area= small | maxDets=100 ] = 0.0
Average Precision  (AP) @[ IoU=0.50:0.95 | area=medium | maxDets=100 ] = 0.049313531353135306
Average Precision  (AP) @[ IoU=0.50:0.95 | area= large | maxDets=100 ] = 0.05409198414099438
Average Recall     (AR) @[ IoU=0.50:0.95 | area=   all | maxDets=  1 ] = 0.09525784539707381
Average Recall     (AR) @[ IoU=0.50:0.95 | area=   all | maxDets= 10 ] = 0.15947243250275106
Average Recall     (AR) @[ IoU=0.50:0.95 | area=   all | maxDets=100 ] = 0.160154693711328
Average Recall     (AR) @[ IoU=0.50:0.95 | area= small | maxDets=100 ] = 0.0
Average Recall     (AR) @[ IoU=0.50:0.95 | area=medium | maxDets=100 ] = 0.1
Average Recall     (AR) @[ IoU=0.50:0.95 | area= large | maxDets=100 ] = 0.16215093207848172



Epoch: [12]  [  0/402]  eta: 0:22:11  lr: 0.001000  loss: 0.5982 (0.5982)  loss_classifier: 0.2378 (0.2378)  loss_box_reg: 0.2618 (0.2618)  loss_objectness: 0.0594 (0.0594)  loss_rpn_box_reg: 0.0391 (0.0391)  time: 3.3115  data: 2.1759  max mem: 6287
Epoch: [12]  [100/402]  eta: 0:04:25  lr: 0.001000  loss: 0.5911 (0.6045)  loss_classifier: 0.2354 (0.2420)  loss_box_reg: 0.2585 (0.2774)  loss_objectness: 0.0403 (0.0474)  loss_rpn_box_reg: 0.0344 (0.0378)  time: 0.8528  data: 0.0297  max mem: 6287
Epoch: [12]  [200/402]  eta: 0:02:54  lr: 0.001000  loss: 0.6236 (0.6081)  loss_classifier: 0.2552 (0.2435)  loss_box_reg: 0.2898 (0.2788)  loss_objectness: 0.0456 (0.0480)  loss_rpn_box_reg: 0.0356 (0.0378)  time: 0.8351  data: 0.0305  max mem: 6287
Epoch: [12]  [300/402]  eta: 0:01:27  lr: 0.001000  loss: 0.6011 (0.6072)  loss_classifier: 0.2381 (0.2434)  loss_box_reg: 0.2780 (0.2782)  loss_objectness: 0.0429 (0.0479)  loss_rpn_box_reg: 0.0371 (0.0377)  time: 0.8537  data: 0.0297  max mem: 6287
Epoch: [12]  [400/402]  eta: 0:00:01  lr: 0.001000  loss: 0.5745 (0.6054)  loss_classifier: 0.2367 (0.2421)  loss_box_reg: 0.2693 (0.2776)  loss_objectness: 0.0424 (0.0480)  loss_rpn_box_reg: 0.0344 (0.0376)  time: 0.8438  data: 0.0280  max mem: 6287
Epoch: [12]  [401/402]  eta: 0:00:00  lr: 0.001000  loss: 0.5745 (0.6055)  loss_classifier: 0.2365 (0.2421)  loss_box_reg: 0.2709 (0.2777)  loss_objectness: 0.0430 (0.0480)  loss_rpn_box_reg: 0.0344 (0.0377)  time: 0.8278  data: 0.0278  max mem: 6287
Epoch: [12] Total time: 0:05:43 (0.8538 s / it)
Test:  [  0/101]  eta: 0:02:52  model_time: 0.3466 (0.3466)  evaluator_time: 0.0308 (0.0308)  time: 1.7101  data: 0.9981  max mem: 6287
Test:  [100/101]  eta: 0:00:00  model_time: 0.2285 (0.2320)  evaluator_time: 0.0135 (0.0166)  time: 0.2885  data: 0.0236  max mem: 6287
Test: Total time: 0:00:32 (0.3187 s / it)
Average Precision  (AP) @[ IoU=0.50:0.95 | area=   all | maxDets=100 ] = 0.03948789386704819
Average Precision  (AP) @[ IoU=0.50      | area=   all | maxDets=100 ] = 0.13281967046022006
Average Precision  (AP) @[ IoU=0.75      | area=   all | maxDets=100 ] = 0.01629688726957612
Average Precision  (AP) @[ IoU=0.50:0.95 | area= small | maxDets=100 ] = 0.0
Average Precision  (AP) @[ IoU=0.50:0.95 | area=medium | maxDets=100 ] = 0.08366336633663364
Average Precision  (AP) @[ IoU=0.50:0.95 | area= large | maxDets=100 ] = 0.04025635603877851
Average Recall     (AR) @[ IoU=0.50:0.95 | area=   all | maxDets=  1 ] = 0.0771060761475207
Average Recall     (AR) @[ IoU=0.50:0.95 | area=   all | maxDets= 10 ] = 0.12476121868274735
Average Recall     (AR) @[ IoU=0.50:0.95 | area=   all | maxDets=100 ] = 0.12485868456968692
Average Recall     (AR) @[ IoU=0.50:0.95 | area= small | maxDets=100 ] = 0.0
Average Recall     (AR) @[ IoU=0.50:0.95 | area=medium | maxDets=100 ] = 0.11481481481481483
Average Recall     (AR) @[ IoU=0.50:0.95 | area= large | maxDets=100 ] = 0.12579579480602004



Epoch: [13]  [  0/402]  eta: 0:21:15  lr: 0.001000  loss: 0.6286 (0.6286)  loss_classifier: 0.2511 (0.2511)  loss_box_reg: 0.2601 (0.2601)  loss_objectness: 0.0698 (0.0698)  loss_rpn_box_reg: 0.0476 (0.0476)  time: 3.1719  data: 2.0972  max mem: 6287
Epoch: [13]  [100/402]  eta: 0:04:24  lr: 0.001000  loss: 0.5948 (0.5982)  loss_classifier: 0.2384 (0.2364)  loss_box_reg: 0.2828 (0.2771)  loss_objectness: 0.0447 (0.0480)  loss_rpn_box_reg: 0.0346 (0.0366)  time: 0.8418  data: 0.0286  max mem: 6287
Epoch: [13]  [200/402]  eta: 0:02:53  lr: 0.001000  loss: 0.6090 (0.5978)  loss_classifier: 0.2388 (0.2367)  loss_box_reg: 0.2838 (0.2772)  loss_objectness: 0.0455 (0.0472)  loss_rpn_box_reg: 0.0369 (0.0368)  time: 0.8458  data: 0.0285  max mem: 6287
Epoch: [13]  [300/402]  eta: 0:01:27  lr: 0.001000  loss: 0.5868 (0.5969)  loss_classifier: 0.2334 (0.2367)  loss_box_reg: 0.2712 (0.2765)  loss_objectness: 0.0414 (0.0470)  loss_rpn_box_reg: 0.0355 (0.0367)  time: 0.8374  data: 0.0281  max mem: 6287
Epoch: [13]  [400/402]  eta: 0:00:01  lr: 0.001000  loss: 0.5747 (0.5977)  loss_classifier: 0.2294 (0.2371)  loss_box_reg: 0.2643 (0.2767)  loss_objectness: 0.0449 (0.0471)  loss_rpn_box_reg: 0.0354 (0.0368)  time: 0.8299  data: 0.0256  max mem: 6287
Epoch: [13]  [401/402]  eta: 0:00:00  lr: 0.001000  loss: 0.5747 (0.5978)  loss_classifier: 0.2294 (0.2372)  loss_box_reg: 0.2643 (0.2767)  loss_objectness: 0.0454 (0.0472)  loss_rpn_box_reg: 0.0355 (0.0368)  time: 0.8114  data: 0.0254  max mem: 6287
Epoch: [13] Total time: 0:05:40 (0.8477 s / it)
Test:  [  0/101]  eta: 0:02:39  model_time: 0.2864 (0.2864)  evaluator_time: 0.0232 (0.0232)  time: 1.5823  data: 0.9782  max mem: 6287
Test:  [100/101]  eta: 0:00:00  model_time: 0.2226 (0.2193)  evaluator_time: 0.0142 (0.0167)  time: 0.2821  data: 0.0238  max mem: 6287
Test: Total time: 0:00:30 (0.3047 s / it)
Average Precision  (AP) @[ IoU=0.50:0.95 | area=   all | maxDets=100 ] = 0.0544713798624162
Average Precision  (AP) @[ IoU=0.50      | area=   all | maxDets=100 ] = 0.18993761087819147
Average Precision  (AP) @[ IoU=0.75      | area=   all | maxDets=100 ] = 0.01818268275417994
Average Precision  (AP) @[ IoU=0.50:0.95 | area= small | maxDets=100 ] = 0.0
Average Precision  (AP) @[ IoU=0.50:0.95 | area=medium | maxDets=100 ] = 0.04931784907814089
Average Precision  (AP) @[ IoU=0.50:0.95 | area= large | maxDets=100 ] = 0.05604959851643207
Average Recall     (AR) @[ IoU=0.50:0.95 | area=   all | maxDets=  1 ] = 0.09678720821414417
Average Recall     (AR) @[ IoU=0.50:0.95 | area=   all | maxDets= 10 ] = 0.16083208554088227
Average Recall     (AR) @[ IoU=0.50:0.95 | area=   all | maxDets=100 ] = 0.16122194908864054
Average Recall     (AR) @[ IoU=0.50:0.95 | area= small | maxDets=100 ] = 0.0
Average Recall     (AR) @[ IoU=0.50:0.95 | area=medium | maxDets=100 ] = 0.08888888888888888
Average Recall     (AR) @[ IoU=0.50:0.95 | area= large | maxDets=100 ] = 0.16323297364374756



Epoch: [14]  [  0/402]  eta: 0:21:45  lr: 0.001000  loss: 0.5422 (0.5422)  loss_classifier: 0.2023 (0.2023)  loss_box_reg: 0.2650 (0.2650)  loss_objectness: 0.0354 (0.0354)  loss_rpn_box_reg: 0.0395 (0.0395)  time: 3.2484  data: 2.2000  max mem: 6287
Epoch: [14]  [100/402]  eta: 0:04:23  lr: 0.001000  loss: 0.5763 (0.5918)  loss_classifier: 0.2316 (0.2364)  loss_box_reg: 0.2557 (0.2721)  loss_objectness: 0.0416 (0.0468)  loss_rpn_box_reg: 0.0359 (0.0365)  time: 0.8456  data: 0.0308  max mem: 6287
Epoch: [14]  [200/402]  eta: 0:02:53  lr: 0.001000  loss: 0.5958 (0.5878)  loss_classifier: 0.2371 (0.2336)  loss_box_reg: 0.2692 (0.2710)  loss_objectness: 0.0425 (0.0469)  loss_rpn_box_reg: 0.0343 (0.0364)  time: 0.8459  data: 0.0319  max mem: 6287
Epoch: [14]  [300/402]  eta: 0:01:27  lr: 0.001000  loss: 0.5853 (0.5890)  loss_classifier: 0.2356 (0.2342)  loss_box_reg: 0.2682 (0.2720)  loss_objectness: 0.0403 (0.0464)  loss_rpn_box_reg: 0.0366 (0.0364)  time: 0.8467  data: 0.0307  max mem: 6287
Epoch: [14]  [400/402]  eta: 0:00:01  lr: 0.001000  loss: 0.5944 (0.5894)  loss_classifier: 0.2332 (0.2342)  loss_box_reg: 0.2669 (0.2718)  loss_objectness: 0.0416 (0.0471)  loss_rpn_box_reg: 0.0366 (0.0364)  time: 0.8233  data: 0.0267  max mem: 6287
Epoch: [14]  [401/402]  eta: 0:00:00  lr: 0.001000  loss: 0.5839 (0.5892)  loss_classifier: 0.2294 (0.2341)  loss_box_reg: 0.2669 (0.2717)  loss_objectness: 0.0411 (0.0470)  loss_rpn_box_reg: 0.0366 (0.0364)  time: 0.8060  data: 0.0262  max mem: 6287
Epoch: [14] Total time: 0:05:41 (0.8501 s / it)
Test:  [  0/101]  eta: 0:02:39  model_time: 0.3371 (0.3371)  evaluator_time: 0.0339 (0.0339)  time: 1.5806  data: 0.9664  max mem: 6287
Test:  [100/101]  eta: 0:00:00  model_time: 0.1849 (0.2104)  evaluator_time: 0.0141 (0.0166)  time: 0.2542  data: 0.0221  max mem: 6287
Test: Total time: 0:00:29 (0.2938 s / it)
Average Precision  (AP) @[ IoU=0.50:0.95 | area=   all | maxDets=100 ] = 0.062481487911789514
Average Precision  (AP) @[ IoU=0.50      | area=   all | maxDets=100 ] = 0.2318437519209661
Average Precision  (AP) @[ IoU=0.75      | area=   all | maxDets=100 ] = 0.01914156317545719
Average Precision  (AP) @[ IoU=0.50:0.95 | area= small | maxDets=100 ] = 0.0
Average Precision  (AP) @[ IoU=0.50:0.95 | area=medium | maxDets=100 ] = 0.07411807847451413
Average Precision  (AP) @[ IoU=0.50:0.95 | area= large | maxDets=100 ] = 0.06366993409654986
Average Recall     (AR) @[ IoU=0.50:0.95 | area=   all | maxDets=  1 ] = 0.11403576704556938
Average Recall     (AR) @[ IoU=0.50:0.95 | area=   all | maxDets= 10 ] = 0.17941072012793277
Average Recall     (AR) @[ IoU=0.50:0.95 | area=   all | maxDets=100 ] = 0.17960565190181194
Average Recall     (AR) @[ IoU=0.50:0.95 | area= small | maxDets=100 ] = 0.0
Average Recall     (AR) @[ IoU=0.50:0.95 | area=medium | maxDets=100 ] = 0.11481481481481483
Average Recall     (AR) @[ IoU=0.50:0.95 | area= large | maxDets=100 ] = 0.1810256131330177



Epoch: [15]  [  0/402]  eta: 0:21:48  lr: 0.001000  loss: 0.6282 (0.6282)  loss_classifier: 0.2437 (0.2437)  loss_box_reg: 0.2902 (0.2902)  loss_objectness: 0.0587 (0.0587)  loss_rpn_box_reg: 0.0357 (0.0357)  time: 3.2538  data: 2.1334  max mem: 6287
Epoch: [15]  [100/402]  eta: 0:04:23  lr: 0.001000  loss: 0.6163 (0.5880)  loss_classifier: 0.2355 (0.2302)  loss_box_reg: 0.2846 (0.2747)  loss_objectness: 0.0457 (0.0472)  loss_rpn_box_reg: 0.0357 (0.0359)  time: 0.8320  data: 0.0297  max mem: 6287
Epoch: [15]  [200/402]  eta: 0:02:53  lr: 0.001000  loss: 0.5576 (0.5822)  loss_classifier: 0.2192 (0.2289)  loss_box_reg: 0.2507 (0.2712)  loss_objectness: 0.0417 (0.0466)  loss_rpn_box_reg: 0.0356 (0.0355)  time: 0.8554  data: 0.0296  max mem: 6287
Epoch: [15]  [300/402]  eta: 0:01:26  lr: 0.001000  loss: 0.5630 (0.5805)  loss_classifier: 0.2261 (0.2286)  loss_box_reg: 0.2674 (0.2697)  loss_objectness: 0.0397 (0.0463)  loss_rpn_box_reg: 0.0350 (0.0358)  time: 0.8466  data: 0.0307  max mem: 6287
Epoch: [15]  [400/402]  eta: 0:00:01  lr: 0.001000  loss: 0.5972 (0.5826)  loss_classifier: 0.2379 (0.2298)  loss_box_reg: 0.2679 (0.2705)  loss_objectness: 0.0449 (0.0462)  loss_rpn_box_reg: 0.0373 (0.0361)  time: 0.8288  data: 0.0293  max mem: 6287
Epoch: [15]  [401/402]  eta: 0:00:00  lr: 0.001000  loss: 0.5972 (0.5828)  loss_classifier: 0.2379 (0.2298)  loss_box_reg: 0.2679 (0.2705)  loss_objectness: 0.0449 (0.0463)  loss_rpn_box_reg: 0.0374 (0.0361)  time: 0.8101  data: 0.0288  max mem: 6287
Epoch: [15] Total time: 0:05:40 (0.8480 s / it)
Test:  [  0/101]  eta: 0:02:42  model_time: 0.2548 (0.2548)  evaluator_time: 0.0206 (0.0206)  time: 1.6096  data: 1.0427  max mem: 6287
Test:  [100/101]  eta: 0:00:00  model_time: 0.2256 (0.2283)  evaluator_time: 0.0137 (0.0168)  time: 0.2847  data: 0.0232  max mem: 6287
Test: Total time: 0:00:31 (0.3131 s / it)
Average Precision  (AP) @[ IoU=0.50:0.95 | area=   all | maxDets=100 ] = 0.059275576234849886
Average Precision  (AP) @[ IoU=0.50      | area=   all | maxDets=100 ] = 0.2058693321685249
Average Precision  (AP) @[ IoU=0.75      | area=   all | maxDets=100 ] = 0.02392159508166597
Average Precision  (AP) @[ IoU=0.50:0.95 | area= small | maxDets=100 ] = 0.0
Average Precision  (AP) @[ IoU=0.50:0.95 | area=medium | maxDets=100 ] = 0.06905023835716904
Average Precision  (AP) @[ IoU=0.50:0.95 | area= large | maxDets=100 ] = 0.06007869870533545
Average Recall     (AR) @[ IoU=0.50:0.95 | area=   all | maxDets=  1 ] = 0.10517579606359563
Average Recall     (AR) @[ IoU=0.50:0.95 | area=   all | maxDets= 10 ] = 0.17242581486334405
Average Recall     (AR) @[ IoU=0.50:0.95 | area=   all | maxDets=100 ] = 0.17247454780681384
Average Recall     (AR) @[ IoU=0.50:0.95 | area= small | maxDets=100 ] = 0.0
Average Recall     (AR) @[ IoU=0.50:0.95 | area=medium | maxDets=100 ] = 0.1111111111111111
Average Recall     (AR) @[ IoU=0.50:0.95 | area= large | maxDets=100 ] = 0.17400651189666083



Epoch: [16]  [  0/402]  eta: 0:21:34  lr: 0.001000  loss: 0.5046 (0.5046)  loss_classifier: 0.2051 (0.2051)  loss_box_reg: 0.2394 (0.2394)  loss_objectness: 0.0273 (0.0273)  loss_rpn_box_reg: 0.0328 (0.0328)  time: 3.2199  data: 2.0310  max mem: 6287
Epoch: [16]  [100/402]  eta: 0:04:22  lr: 0.001000  loss: 0.5657 (0.5642)  loss_classifier: 0.2257 (0.2243)  loss_box_reg: 0.2584 (0.2607)  loss_objectness: 0.0406 (0.0441)  loss_rpn_box_reg: 0.0336 (0.0351)  time: 0.8381  data: 0.0288  max mem: 6287
Epoch: [16]  [200/402]  eta: 0:02:52  lr: 0.001000  loss: 0.5618 (0.5676)  loss_classifier: 0.2210 (0.2252)  loss_box_reg: 0.2567 (0.2620)  loss_objectness: 0.0463 (0.0447)  loss_rpn_box_reg: 0.0348 (0.0358)  time: 0.8360  data: 0.0292  max mem: 6287
Epoch: [16]  [300/402]  eta: 0:01:26  lr: 0.001000  loss: 0.5556 (0.5684)  loss_classifier: 0.2230 (0.2251)  loss_box_reg: 0.2586 (0.2632)  loss_objectness: 0.0392 (0.0445)  loss_rpn_box_reg: 0.0345 (0.0356)  time: 0.8391  data: 0.0307  max mem: 6287
Epoch: [16]  [400/402]  eta: 0:00:01  lr: 0.001000  loss: 0.5653 (0.5672)  loss_classifier: 0.2251 (0.2245)  loss_box_reg: 0.2674 (0.2628)  loss_objectness: 0.0377 (0.0441)  loss_rpn_box_reg: 0.0337 (0.0357)  time: 0.8123  data: 0.0274  max mem: 6287
Epoch: [16]  [401/402]  eta: 0:00:00  lr: 0.001000  loss: 0.5687 (0.5672)  loss_classifier: 0.2260 (0.2245)  loss_box_reg: 0.2674 (0.2628)  loss_objectness: 0.0377 (0.0441)  loss_rpn_box_reg: 0.0341 (0.0357)  time: 0.7965  data: 0.0267  max mem: 6287
Epoch: [16] Total time: 0:05:40 (0.8472 s / it)
Test:  [  0/101]  eta: 0:02:43  model_time: 0.3708 (0.3708)  evaluator_time: 0.0357 (0.0357)  time: 1.6183  data: 0.9025  max mem: 6287
Test:  [100/101]  eta: 0:00:00  model_time: 0.2386 (0.2333)  evaluator_time: 0.0125 (0.0133)  time: 0.2972  data: 0.0238  max mem: 6287
Test: Total time: 0:00:32 (0.3173 s / it)
Average Precision  (AP) @[ IoU=0.50:0.95 | area=   all | maxDets=100 ] = 0.04688175679058293
Average Precision  (AP) @[ IoU=0.50      | area=   all | maxDets=100 ] = 0.16339564112711294
Average Precision  (AP) @[ IoU=0.75      | area=   all | maxDets=100 ] = 0.016958132668064625
Average Precision  (AP) @[ IoU=0.50:0.95 | area= small | maxDets=100 ] = 0.0
Average Precision  (AP) @[ IoU=0.50:0.95 | area=medium | maxDets=100 ] = 0.08197469746974698
Average Precision  (AP) @[ IoU=0.50:0.95 | area= large | maxDets=100 ] = 0.04761387842925757
Average Recall     (AR) @[ IoU=0.50:0.95 | area=   all | maxDets=  1 ] = 0.0865910791252818
Average Recall     (AR) @[ IoU=0.50:0.95 | area=   all | maxDets= 10 ] = 0.14342335417470803
Average Recall     (AR) @[ IoU=0.50:0.95 | area=   all | maxDets=100 ] = 0.14371575183552673
Average Recall     (AR) @[ IoU=0.50:0.95 | area= small | maxDets=100 ] = 0.0
Average Recall     (AR) @[ IoU=0.50:0.95 | area=medium | maxDets=100 ] = 0.14814814814814817
Average Recall     (AR) @[ IoU=0.50:0.95 | area= large | maxDets=100 ] = 0.1445137254937931



Epoch: [17]  [  0/402]  eta: 0:23:39  lr: 0.001000  loss: 0.6799 (0.6799)  loss_classifier: 0.2798 (0.2798)  loss_box_reg: 0.2945 (0.2945)  loss_objectness: 0.0584 (0.0584)  loss_rpn_box_reg: 0.0473 (0.0473)  time: 3.5304  data: 2.3891  max mem: 6287
Epoch: [17]  [100/402]  eta: 0:04:22  lr: 0.001000  loss: 0.5700 (0.5652)  loss_classifier: 0.2201 (0.2248)  loss_box_reg: 0.2497 (0.2610)  loss_objectness: 0.0414 (0.0431)  loss_rpn_box_reg: 0.0354 (0.0363)  time: 0.8427  data: 0.0296  max mem: 6287
Epoch: [17]  [200/402]  eta: 0:02:53  lr: 0.001000  loss: 0.5568 (0.5599)  loss_classifier: 0.2175 (0.2235)  loss_box_reg: 0.2482 (0.2573)  loss_objectness: 0.0467 (0.0431)  loss_rpn_box_reg: 0.0358 (0.0360)  time: 0.8497  data: 0.0306  max mem: 6287
Epoch: [17]  [300/402]  eta: 0:01:26  lr: 0.001000  loss: 0.5522 (0.5595)  loss_classifier: 0.2163 (0.2229)  loss_box_reg: 0.2511 (0.2577)  loss_objectness: 0.0426 (0.0432)  loss_rpn_box_reg: 0.0363 (0.0357)  time: 0.8389  data: 0.0291  max mem: 6287
Epoch: [17]  [400/402]  eta: 0:00:01  lr: 0.001000  loss: 0.5571 (0.5596)  loss_classifier: 0.2236 (0.2232)  loss_box_reg: 0.2543 (0.2575)  loss_objectness: 0.0404 (0.0431)  loss_rpn_box_reg: 0.0344 (0.0358)  time: 0.8202  data: 0.0279  max mem: 6287
Epoch: [17]  [401/402]  eta: 0:00:00  lr: 0.001000  loss: 0.5621 (0.5596)  loss_classifier: 0.2270 (0.2233)  loss_box_reg: 0.2543 (0.2574)  loss_objectness: 0.0411 (0.0431)  loss_rpn_box_reg: 0.0344 (0.0358)  time: 0.8057  data: 0.0268  max mem: 6287
Epoch: [17] Total time: 0:05:40 (0.8477 s / it)
Test:  [  0/101]  eta: 0:02:40  model_time: 0.3112 (0.3112)  evaluator_time: 0.0338 (0.0338)  time: 1.5905  data: 0.9792  max mem: 6287
Test:  [100/101]  eta: 0:00:00  model_time: 0.2263 (0.2250)  evaluator_time: 0.0142 (0.0171)  time: 0.2863  data: 0.0235  max mem: 6287
Test: Total time: 0:00:31 (0.3103 s / it)
Average Precision  (AP) @[ IoU=0.50:0.95 | area=   all | maxDets=100 ] = 0.051782609637158104
Average Precision  (AP) @[ IoU=0.50      | area=   all | maxDets=100 ] = 0.19566467831012602
Average Precision  (AP) @[ IoU=0.75      | area=   all | maxDets=100 ] = 0.015376926525424472
Average Precision  (AP) @[ IoU=0.50:0.95 | area= small | maxDets=100 ] = 0.0
Average Precision  (AP) @[ IoU=0.50:0.95 | area=medium | maxDets=100 ] = 0.061797899648120845
Average Precision  (AP) @[ IoU=0.50:0.95 | area= large | maxDets=100 ] = 0.05259983719781187
Average Recall     (AR) @[ IoU=0.50:0.95 | area=   all | maxDets=  1 ] = 0.0954628388876956
Average Recall     (AR) @[ IoU=0.50:0.95 | area=   all | maxDets= 10 ] = 0.1541091660392361
Average Recall     (AR) @[ IoU=0.50:0.95 | area=   all | maxDets=100 ] = 0.15454776253046418
Average Recall     (AR) @[ IoU=0.50:0.95 | area= small | maxDets=100 ] = 0.0
Average Recall     (AR) @[ IoU=0.50:0.95 | area=medium | maxDets=100 ] = 0.11203703703703702
Average Recall     (AR) @[ IoU=0.50:0.95 | area= large | maxDets=100 ] = 0.155670498450667



Epoch: [18]  [  0/402]  eta: 0:22:40  lr: 0.001000  loss: 0.5761 (0.5761)  loss_classifier: 0.2355 (0.2355)  loss_box_reg: 0.2597 (0.2597)  loss_objectness: 0.0424 (0.0424)  loss_rpn_box_reg: 0.0385 (0.0385)  time: 3.3852  data: 2.3111  max mem: 6287
Epoch: [18]  [100/402]  eta: 0:04:19  lr: 0.001000  loss: 0.5529 (0.5603)  loss_classifier: 0.2186 (0.2211)  loss_box_reg: 0.2591 (0.2593)  loss_objectness: 0.0381 (0.0445)  loss_rpn_box_reg: 0.0355 (0.0353)  time: 0.8241  data: 0.0280  max mem: 6287
Epoch: [18]  [200/402]  eta: 0:02:50  lr: 0.001000  loss: 0.5562 (0.5614)  loss_classifier: 0.2214 (0.2230)  loss_box_reg: 0.2498 (0.2590)  loss_objectness: 0.0396 (0.0440)  loss_rpn_box_reg: 0.0354 (0.0354)  time: 0.8345  data: 0.0285  max mem: 6287
Epoch: [18]  [300/402]  eta: 0:01:25  lr: 0.001000  loss: 0.5319 (0.5558)  loss_classifier: 0.2110 (0.2212)  loss_box_reg: 0.2415 (0.2560)  loss_objectness: 0.0389 (0.0435)  loss_rpn_box_reg: 0.0339 (0.0351)  time: 0.8401  data: 0.0295  max mem: 6287
Epoch: [18]  [400/402]  eta: 0:00:01  lr: 0.001000  loss: 0.5192 (0.5518)  loss_classifier: 0.2089 (0.2193)  loss_box_reg: 0.2367 (0.2542)  loss_objectness: 0.0431 (0.0430)  loss_rpn_box_reg: 0.0365 (0.0353)  time: 0.8358  data: 0.0260  max mem: 6287
Epoch: [18]  [401/402]  eta: 0:00:00  lr: 0.001000  loss: 0.5192 (0.5517)  loss_classifier: 0.2089 (0.2193)  loss_box_reg: 0.2367 (0.2541)  loss_objectness: 0.0431 (0.0430)  loss_rpn_box_reg: 0.0365 (0.0353)  time: 0.8174  data: 0.0254  max mem: 6287
Epoch: [18] Total time: 0:05:38 (0.8408 s / it)
Test:  [  0/101]  eta: 0:02:39  model_time: 0.3610 (0.3610)  evaluator_time: 0.0335 (0.0335)  time: 1.5781  data: 0.8646  max mem: 6287
Test:  [100/101]  eta: 0:00:00  model_time: 0.2209 (0.2219)  evaluator_time: 0.0136 (0.0137)  time: 0.2743  data: 0.0230  max mem: 6287
Test: Total time: 0:00:30 (0.3056 s / it)
Average Precision  (AP) @[ IoU=0.50:0.95 | area=   all | maxDets=100 ] = 0.0614688477559865
Average Precision  (AP) @[ IoU=0.50      | area=   all | maxDets=100 ] = 0.21449599046995774
Average Precision  (AP) @[ IoU=0.75      | area=   all | maxDets=100 ] = 0.021870094721780486
Average Precision  (AP) @[ IoU=0.50:0.95 | area= small | maxDets=100 ] = 0.0
Average Precision  (AP) @[ IoU=0.50:0.95 | area=medium | maxDets=100 ] = 0.0722960867515323
Average Precision  (AP) @[ IoU=0.50:0.95 | area= large | maxDets=100 ] = 0.06257741307866779
Average Recall     (AR) @[ IoU=0.50:0.95 | area=   all | maxDets=  1 ] = 0.10555407158084211
Average Recall     (AR) @[ IoU=0.50:0.95 | area=   all | maxDets= 10 ] = 0.16892959990410006
Average Recall     (AR) @[ IoU=0.50:0.95 | area=   all | maxDets=100 ] = 0.16902706579103963
Average Recall     (AR) @[ IoU=0.50:0.95 | area= small | maxDets=100 ] = 0.0
Average Recall     (AR) @[ IoU=0.50:0.95 | area=medium | maxDets=100 ] = 0.1
Average Recall     (AR) @[ IoU=0.50:0.95 | area= large | maxDets=100 ] = 0.1705617503701621



Epoch: [19]  [  0/402]  eta: 0:21:30  lr: 0.001000  loss: 0.5565 (0.5565)  loss_classifier: 0.2048 (0.2048)  loss_box_reg: 0.2567 (0.2567)  loss_objectness: 0.0576 (0.0576)  loss_rpn_box_reg: 0.0374 (0.0374)  time: 3.2093  data: 1.9919  max mem: 6287
Epoch: [19]  [100/402]  eta: 0:04:20  lr: 0.001000  loss: 0.5386 (0.5497)  loss_classifier: 0.2159 (0.2181)  loss_box_reg: 0.2568 (0.2541)  loss_objectness: 0.0346 (0.0426)  loss_rpn_box_reg: 0.0334 (0.0348)  time: 0.8289  data: 0.0301  max mem: 6287
Epoch: [19]  [200/402]  eta: 0:02:50  lr: 0.001000  loss: 0.5545 (0.5592)  loss_classifier: 0.2214 (0.2215)  loss_box_reg: 0.2570 (0.2593)  loss_objectness: 0.0455 (0.0432)  loss_rpn_box_reg: 0.0347 (0.0353)  time: 0.8419  data: 0.0313  max mem: 6287
Epoch: [19]  [300/402]  eta: 0:01:25  lr: 0.001000  loss: 0.5554 (0.5595)  loss_classifier: 0.2221 (0.2215)  loss_box_reg: 0.2651 (0.2604)  loss_objectness: 0.0392 (0.0426)  loss_rpn_box_reg: 0.0337 (0.0351)  time: 0.8221  data: 0.0279  max mem: 6287
Epoch: [19]  [400/402]  eta: 0:00:01  lr: 0.001000  loss: 0.5420 (0.5557)  loss_classifier: 0.2113 (0.2199)  loss_box_reg: 0.2472 (0.2589)  loss_objectness: 0.0427 (0.0421)  loss_rpn_box_reg: 0.0342 (0.0349)  time: 0.8192  data: 0.0275  max mem: 6287
Epoch: [19]  [401/402]  eta: 0:00:00  lr: 0.001000  loss: 0.5420 (0.5559)  loss_classifier: 0.2113 (0.2199)  loss_box_reg: 0.2472 (0.2590)  loss_objectness: 0.0407 (0.0420)  loss_rpn_box_reg: 0.0339 (0.0349)  time: 0.8033  data: 0.0270  max mem: 6287
Epoch: [19] Total time: 0:05:36 (0.8367 s / it)
Test:  [  0/101]  eta: 0:02:42  model_time: 0.2937 (0.2937)  evaluator_time: 0.0320 (0.0320)  time: 1.6117  data: 0.9936  max mem: 6287
Test:  [100/101]  eta: 0:00:00  model_time: 0.2223 (0.2250)  evaluator_time: 0.0148 (0.0175)  time: 0.2846  data: 0.0238  max mem: 6287
Test: Total time: 0:00:31 (0.3105 s / it)
Average Precision  (AP) @[ IoU=0.50:0.95 | area=   all | maxDets=100 ] = 0.055215419487172505
Average Precision  (AP) @[ IoU=0.50      | area=   all | maxDets=100 ] = 0.2012728260802418
Average Precision  (AP) @[ IoU=0.75      | area=   all | maxDets=100 ] = 0.017483820277949876
Average Precision  (AP) @[ IoU=0.50:0.95 | area= small | maxDets=100 ] = 0.0
Average Precision  (AP) @[ IoU=0.50:0.95 | area=medium | maxDets=100 ] = 0.08486936193619363
Average Precision  (AP) @[ IoU=0.50:0.95 | area= large | maxDets=100 ] = 0.05591101832732297
Average Recall     (AR) @[ IoU=0.50:0.95 | area=   all | maxDets=  1 ] = 0.10002378613338117
Average Recall     (AR) @[ IoU=0.50:0.95 | area=   all | maxDets= 10 ] = 0.16712839536588744
Average Recall     (AR) @[ IoU=0.50:0.95 | area=   all | maxDets=100 ] = 0.16756699185711552
Average Recall     (AR) @[ IoU=0.50:0.95 | area= small | maxDets=100 ] = 0.0
Average Recall     (AR) @[ IoU=0.50:0.95 | area=medium | maxDets=100 ] = 0.12222222222222222
Average Recall     (AR) @[ IoU=0.50:0.95 | area= large | maxDets=100 ] = 0.1687295855322792



Epoch: [20]  [  0/402]  eta: 0:23:13  lr: 0.001000  loss: 0.5186 (0.5186)  loss_classifier: 0.2028 (0.2028)  loss_box_reg: 0.2355 (0.2355)  loss_objectness: 0.0453 (0.0453)  loss_rpn_box_reg: 0.0351 (0.0351)  time: 3.4661  data: 2.3639  max mem: 6287
Epoch: [20]  [100/402]  eta: 0:04:19  lr: 0.001000  loss: 0.5417 (0.5459)  loss_classifier: 0.2107 (0.2155)  loss_box_reg: 0.2520 (0.2549)  loss_objectness: 0.0385 (0.0407)  loss_rpn_box_reg: 0.0335 (0.0348)  time: 0.8279  data: 0.0294  max mem: 6287
Epoch: [20]  [200/402]  eta: 0:02:51  lr: 0.001000  loss: 0.5401 (0.5419)  loss_classifier: 0.2136 (0.2141)  loss_box_reg: 0.2493 (0.2517)  loss_objectness: 0.0384 (0.0415)  loss_rpn_box_reg: 0.0333 (0.0345)  time: 0.8352  data: 0.0311  max mem: 6287
Epoch: [20]  [300/402]  eta: 0:01:26  lr: 0.001000  loss: 0.5424 (0.5413)  loss_classifier: 0.2118 (0.2134)  loss_box_reg: 0.2531 (0.2518)  loss_objectness: 0.0411 (0.0414)  loss_rpn_box_reg: 0.0340 (0.0347)  time: 0.8368  data: 0.0302  max mem: 6287
Epoch: [20]  [400/402]  eta: 0:00:01  lr: 0.001000  loss: 0.5154 (0.5400)  loss_classifier: 0.2036 (0.2131)  loss_box_reg: 0.2441 (0.2513)  loss_objectness: 0.0381 (0.0410)  loss_rpn_box_reg: 0.0343 (0.0347)  time: 0.8246  data: 0.0270  max mem: 6287
Epoch: [20]  [401/402]  eta: 0:00:00  lr: 0.001000  loss: 0.5133 (0.5399)  loss_classifier: 0.2033 (0.2130)  loss_box_reg: 0.2416 (0.2512)  loss_objectness: 0.0389 (0.0410)  loss_rpn_box_reg: 0.0339 (0.0347)  time: 0.8076  data: 0.0265  max mem: 6287
Epoch: [20] Total time: 0:05:37 (0.8403 s / it)
Test:  [  0/101]  eta: 0:02:37  model_time: 0.4038 (0.4038)  evaluator_time: 0.0375 (0.0375)  time: 1.5557  data: 0.7453  max mem: 6287
Test:  [100/101]  eta: 0:00:00  model_time: 0.2239 (0.2223)  evaluator_time: 0.0131 (0.0125)  time: 0.2780  data: 0.0231  max mem: 6287
Test: Total time: 0:00:30 (0.3044 s / it)
Average Precision  (AP) @[ IoU=0.50:0.95 | area=   all | maxDets=100 ] = 0.06421058955605394
Average Precision  (AP) @[ IoU=0.50      | area=   all | maxDets=100 ] = 0.2248851805137776
Average Precision  (AP) @[ IoU=0.75      | area=   all | maxDets=100 ] = 0.02318559843015413
Average Precision  (AP) @[ IoU=0.50:0.95 | area= small | maxDets=100 ] = 0.0
Average Precision  (AP) @[ IoU=0.50:0.95 | area=medium | maxDets=100 ] = 0.07012651265126511
Average Precision  (AP) @[ IoU=0.50:0.95 | area= large | maxDets=100 ] = 0.0653586893451705
Average Recall     (AR) @[ IoU=0.50:0.95 | area=   all | maxDets=  1 ] = 0.12121276843357581
Average Recall     (AR) @[ IoU=0.50:0.95 | area=   all | maxDets= 10 ] = 0.18243623719102267
Average Recall     (AR) @[ IoU=0.50:0.95 | area=   all | maxDets=100 ] = 0.18253370307796224
Average Recall     (AR) @[ IoU=0.50:0.95 | area= small | maxDets=100 ] = 0.0
Average Recall     (AR) @[ IoU=0.50:0.95 | area=medium | maxDets=100 ] = 0.10740740740740741
Average Recall     (AR) @[ IoU=0.50:0.95 | area= large | maxDets=100 ] = 0.1842693574880628



Epoch: [21]  [  0/402]  eta: 0:19:27  lr: 0.001000  loss: 0.5960 (0.5960)  loss_classifier: 0.2242 (0.2242)  loss_box_reg: 0.2899 (0.2899)  loss_objectness: 0.0436 (0.0436)  loss_rpn_box_reg: 0.0382 (0.0382)  time: 2.9048  data: 1.6745  max mem: 6287
Epoch: [21]  [100/402]  eta: 0:04:23  lr: 0.001000  loss: 0.5093 (0.5279)  loss_classifier: 0.2080 (0.2100)  loss_box_reg: 0.2334 (0.2446)  loss_objectness: 0.0329 (0.0391)  loss_rpn_box_reg: 0.0328 (0.0343)  time: 0.8483  data: 0.0298  max mem: 6287
Epoch: [21]  [200/402]  eta: 0:02:51  lr: 0.001000  loss: 0.5400 (0.5309)  loss_classifier: 0.2147 (0.2102)  loss_box_reg: 0.2480 (0.2468)  loss_objectness: 0.0422 (0.0400)  loss_rpn_box_reg: 0.0358 (0.0340)  time: 0.8297  data: 0.0300  max mem: 6287
Epoch: [21]  [300/402]  eta: 0:01:26  lr: 0.001000  loss: 0.5319 (0.5319)  loss_classifier: 0.2081 (0.2102)  loss_box_reg: 0.2418 (0.2470)  loss_objectness: 0.0395 (0.0402)  loss_rpn_box_reg: 0.0351 (0.0344)  time: 0.8343  data: 0.0294  max mem: 6287
Epoch: [21]  [400/402]  eta: 0:00:01  lr: 0.001000  loss: 0.5462 (0.5324)  loss_classifier: 0.2121 (0.2103)  loss_box_reg: 0.2485 (0.2472)  loss_objectness: 0.0392 (0.0405)  loss_rpn_box_reg: 0.0338 (0.0344)  time: 0.8241  data: 0.0281  max mem: 6287
Epoch: [21]  [401/402]  eta: 0:00:00  lr: 0.001000  loss: 0.5379 (0.5324)  loss_classifier: 0.2099 (0.2103)  loss_box_reg: 0.2459 (0.2472)  loss_objectness: 0.0392 (0.0405)  loss_rpn_box_reg: 0.0338 (0.0344)  time: 0.8049  data: 0.0273  max mem: 6287
Epoch: [21] Total time: 0:05:38 (0.8421 s / it)
Test:  [  0/101]  eta: 0:02:39  model_time: 0.2733 (0.2733)  evaluator_time: 0.0216 (0.0216)  time: 1.5796  data: 0.9895  max mem: 6287
Test:  [100/101]  eta: 0:00:00  model_time: 0.2282 (0.2303)  evaluator_time: 0.0137 (0.0167)  time: 0.2879  data: 0.0231  max mem: 6287
Test: Total time: 0:00:31 (0.3147 s / it)
Average Precision  (AP) @[ IoU=0.50:0.95 | area=   all | maxDets=100 ] = 0.06331014315508693
Average Precision  (AP) @[ IoU=0.50      | area=   all | maxDets=100 ] = 0.22136752055985218
Average Precision  (AP) @[ IoU=0.75      | area=   all | maxDets=100 ] = 0.020881037498071197
Average Precision  (AP) @[ IoU=0.50:0.95 | area= small | maxDets=100 ] = 0.0
Average Precision  (AP) @[ IoU=0.50:0.95 | area=medium | maxDets=100 ] = 0.10023102310231023
Average Precision  (AP) @[ IoU=0.50:0.95 | area= large | maxDets=100 ] = 0.06399568109315572
Average Recall     (AR) @[ IoU=0.50:0.95 | area=   all | maxDets=  1 ] = 0.11163963517041038
Average Recall     (AR) @[ IoU=0.50:0.95 | area=   all | maxDets= 10 ] = 0.1830158950012574
Average Recall     (AR) @[ IoU=0.50:0.95 | area=   all | maxDets=100 ] = 0.18394182092718336
Average Recall     (AR) @[ IoU=0.50:0.95 | area= small | maxDets=100 ] = 0.0
Average Recall     (AR) @[ IoU=0.50:0.95 | area=medium | maxDets=100 ] = 0.1814814814814815
Average Recall     (AR) @[ IoU=0.50:0.95 | area= large | maxDets=100 ] = 0.18528522533485664



Epoch: [22]  [  0/402]  eta: 0:22:35  lr: 0.001000  loss: 0.4828 (0.4828)  loss_classifier: 0.1882 (0.1882)  loss_box_reg: 0.2191 (0.2191)  loss_objectness: 0.0445 (0.0445)  loss_rpn_box_reg: 0.0309 (0.0309)  time: 3.3708  data: 2.1884  max mem: 6287
Epoch: [22]  [100/402]  eta: 0:04:20  lr: 0.001000  loss: 0.5179 (0.5216)  loss_classifier: 0.2011 (0.2048)  loss_box_reg: 0.2427 (0.2442)  loss_objectness: 0.0337 (0.0392)  loss_rpn_box_reg: 0.0335 (0.0334)  time: 0.8357  data: 0.0292  max mem: 6287
Epoch: [22]  [200/402]  eta: 0:02:52  lr: 0.001000  loss: 0.5034 (0.5194)  loss_classifier: 0.2022 (0.2033)  loss_box_reg: 0.2342 (0.2429)  loss_objectness: 0.0335 (0.0393)  loss_rpn_box_reg: 0.0321 (0.0338)  time: 0.8406  data: 0.0303  max mem: 6287
Epoch: [22]  [300/402]  eta: 0:01:26  lr: 0.001000  loss: 0.5005 (0.5183)  loss_classifier: 0.1964 (0.2036)  loss_box_reg: 0.2369 (0.2408)  loss_objectness: 0.0376 (0.0400)  loss_rpn_box_reg: 0.0327 (0.0339)  time: 0.8349  data: 0.0287  max mem: 6287
Epoch: [22]  [400/402]  eta: 0:00:01  lr: 0.001000  loss: 0.5048 (0.5178)  loss_classifier: 0.1965 (0.2035)  loss_box_reg: 0.2302 (0.2406)  loss_objectness: 0.0340 (0.0398)  loss_rpn_box_reg: 0.0333 (0.0339)  time: 0.8354  data: 0.0266  max mem: 6287
Epoch: [22]  [401/402]  eta: 0:00:00  lr: 0.001000  loss: 0.5049 (0.5179)  loss_classifier: 0.1984 (0.2035)  loss_box_reg: 0.2344 (0.2407)  loss_objectness: 0.0336 (0.0398)  loss_rpn_box_reg: 0.0336 (0.0339)  time: 0.8177  data: 0.0264  max mem: 6287
Epoch: [22] Total time: 0:05:40 (0.8462 s / it)
Test:  [  0/101]  eta: 0:02:59  model_time: 0.3935 (0.3935)  evaluator_time: 0.0619 (0.0619)  time: 1.7766  data: 0.9107  max mem: 6287
Test:  [100/101]  eta: 0:00:00  model_time: 0.2273 (0.2316)  evaluator_time: 0.0130 (0.0177)  time: 0.2874  data: 0.0231  max mem: 6287
Test: Total time: 0:00:32 (0.3190 s / it)
Average Precision  (AP) @[ IoU=0.50:0.95 | area=   all | maxDets=100 ] = 0.04740291705065002
Average Precision  (AP) @[ IoU=0.50      | area=   all | maxDets=100 ] = 0.16671046085799207
Average Precision  (AP) @[ IoU=0.75      | area=   all | maxDets=100 ] = 0.016203881237377628
Average Precision  (AP) @[ IoU=0.50:0.95 | area= small | maxDets=100 ] = 0.0
Average Precision  (AP) @[ IoU=0.50:0.95 | area=medium | maxDets=100 ] = 0.08047461889046047
Average Precision  (AP) @[ IoU=0.50:0.95 | area= large | maxDets=100 ] = 0.04829447200539233
Average Recall     (AR) @[ IoU=0.50:0.95 | area=   all | maxDets=  1 ] = 0.090407178088166
Average Recall     (AR) @[ IoU=0.50:0.95 | area=   all | maxDets= 10 ] = 0.143212390176682
Average Recall     (AR) @[ IoU=0.50:0.95 | area=   all | maxDets=100 ] = 0.144222520237718
Average Recall     (AR) @[ IoU=0.50:0.95 | area= small | maxDets=100 ] = 0.0
Average Recall     (AR) @[ IoU=0.50:0.95 | area=medium | maxDets=100 ] = 0.10740740740740741
Average Recall     (AR) @[ IoU=0.50:0.95 | area= large | maxDets=100 ] = 0.145447109934324



Epoch: [23]  [  0/402]  eta: 0:21:36  lr: 0.001000  loss: 0.5669 (0.5669)  loss_classifier: 0.2286 (0.2286)  loss_box_reg: 0.2624 (0.2624)  loss_objectness: 0.0398 (0.0398)  loss_rpn_box_reg: 0.0360 (0.0360)  time: 3.2251  data: 2.1479  max mem: 6287
Epoch: [23]  [100/402]  eta: 0:04:20  lr: 0.001000  loss: 0.5090 (0.5128)  loss_classifier: 0.1957 (0.2011)  loss_box_reg: 0.2416 (0.2389)  loss_objectness: 0.0372 (0.0381)  loss_rpn_box_reg: 0.0333 (0.0347)  time: 0.8278  data: 0.0288  max mem: 6287
Epoch: [23]  [200/402]  eta: 0:02:51  lr: 0.001000  loss: 0.5216 (0.5150)  loss_classifier: 0.2002 (0.2021)  loss_box_reg: 0.2445 (0.2399)  loss_objectness: 0.0388 (0.0388)  loss_rpn_box_reg: 0.0344 (0.0342)  time: 0.8357  data: 0.0292  max mem: 6287
Epoch: [23]  [300/402]  eta: 0:01:26  lr: 0.001000  loss: 0.5099 (0.5108)  loss_classifier: 0.1932 (0.1999)  loss_box_reg: 0.2358 (0.2387)  loss_objectness: 0.0354 (0.0383)  loss_rpn_box_reg: 0.0314 (0.0339)  time: 0.8453  data: 0.0300  max mem: 6287
Epoch: [23]  [400/402]  eta: 0:00:01  lr: 0.001000  loss: 0.4931 (0.5091)  loss_classifier: 0.1912 (0.1991)  loss_box_reg: 0.2405 (0.2380)  loss_objectness: 0.0351 (0.0383)  loss_rpn_box_reg: 0.0340 (0.0338)  time: 0.8199  data: 0.0274  max mem: 6287
Epoch: [23]  [401/402]  eta: 0:00:00  lr: 0.001000  loss: 0.4931 (0.5091)  loss_classifier: 0.1912 (0.1991)  loss_box_reg: 0.2405 (0.2380)  loss_objectness: 0.0351 (0.0383)  loss_rpn_box_reg: 0.0340 (0.0337)  time: 0.8070  data: 0.0270  max mem: 6287
Epoch: [23] Total time: 0:05:39 (0.8442 s / it)
Test:  [  0/101]  eta: 0:02:42  model_time: 0.2793 (0.2793)  evaluator_time: 0.0210 (0.0210)  time: 1.6069  data: 1.0302  max mem: 6287
Test:  [100/101]  eta: 0:00:00  model_time: 0.2206 (0.2175)  evaluator_time: 0.0140 (0.0169)  time: 0.2763  data: 0.0246  max mem: 6287
Test: Total time: 0:00:30 (0.3038 s / it)
Average Precision  (AP) @[ IoU=0.50:0.95 | area=   all | maxDets=100 ] = 0.06664208205479973
Average Precision  (AP) @[ IoU=0.50      | area=   all | maxDets=100 ] = 0.2409828449574046
Average Precision  (AP) @[ IoU=0.75      | area=   all | maxDets=100 ] = 0.018613730179461597
Average Precision  (AP) @[ IoU=0.50:0.95 | area= small | maxDets=100 ] = 0.0
Average Precision  (AP) @[ IoU=0.50:0.95 | area=medium | maxDets=100 ] = 0.11380638063806382
Average Precision  (AP) @[ IoU=0.50:0.95 | area= large | maxDets=100 ] = 0.06768100851760762
Average Recall     (AR) @[ IoU=0.50:0.95 | area=   all | maxDets=  1 ] = 0.11703899867283431
Average Recall     (AR) @[ IoU=0.50:0.95 | area=   all | maxDets= 10 ] = 0.19082142192883947
Average Recall     (AR) @[ IoU=0.50:0.95 | area=   all | maxDets=100 ] = 0.19130875136353734
Average Recall     (AR) @[ IoU=0.50:0.95 | area= small | maxDets=100 ] = 0.0
Average Recall     (AR) @[ IoU=0.50:0.95 | area=medium | maxDets=100 ] = 0.2185185185185185
Average Recall     (AR) @[ IoU=0.50:0.95 | area= large | maxDets=100 ] = 0.1925261546252828



Epoch: [24]  [  0/402]  eta: 0:21:39  lr: 0.001000  loss: 0.4916 (0.4916)  loss_classifier: 0.1820 (0.1820)  loss_box_reg: 0.2384 (0.2384)  loss_objectness: 0.0351 (0.0351)  loss_rpn_box_reg: 0.0361 (0.0361)  time: 3.2332  data: 2.1151  max mem: 6287
Epoch: [24]  [100/402]  eta: 0:04:19  lr: 0.001000  loss: 0.5029 (0.5113)  loss_classifier: 0.1989 (0.2009)  loss_box_reg: 0.2372 (0.2368)  loss_objectness: 0.0333 (0.0395)  loss_rpn_box_reg: 0.0330 (0.0340)  time: 0.8341  data: 0.0291  max mem: 6287
Epoch: [24]  [200/402]  eta: 0:02:52  lr: 0.001000  loss: 0.4822 (0.5065)  loss_classifier: 0.1909 (0.1988)  loss_box_reg: 0.2303 (0.2347)  loss_objectness: 0.0358 (0.0389)  loss_rpn_box_reg: 0.0333 (0.0340)  time: 0.8456  data: 0.0309  max mem: 6287
Epoch: [24]  [300/402]  eta: 0:01:26  lr: 0.001000  loss: 0.5009 (0.5084)  loss_classifier: 0.2006 (0.1999)  loss_box_reg: 0.2356 (0.2358)  loss_objectness: 0.0364 (0.0390)  loss_rpn_box_reg: 0.0318 (0.0337)  time: 0.8409  data: 0.0288  max mem: 6287
Epoch: [24]  [400/402]  eta: 0:00:01  lr: 0.001000  loss: 0.4937 (0.5107)  loss_classifier: 0.1958 (0.2008)  loss_box_reg: 0.2264 (0.2370)  loss_objectness: 0.0405 (0.0392)  loss_rpn_box_reg: 0.0337 (0.0338)  time: 0.8216  data: 0.0268  max mem: 6287
Epoch: [24]  [401/402]  eta: 0:00:00  lr: 0.001000  loss: 0.4939 (0.5106)  loss_classifier: 0.1958 (0.2007)  loss_box_reg: 0.2240 (0.2370)  loss_objectness: 0.0405 (0.0392)  loss_rpn_box_reg: 0.0343 (0.0338)  time: 0.8077  data: 0.0265  max mem: 6287
Epoch: [24] Total time: 0:05:39 (0.8435 s / it)
Test:  [  0/101]  eta: 0:02:36  model_time: 0.3695 (0.3695)  evaluator_time: 0.0325 (0.0325)  time: 1.5492  data: 0.8250  max mem: 6287
Test:  [100/101]  eta: 0:00:00  model_time: 0.2270 (0.2213)  evaluator_time: 0.0134 (0.0175)  time: 0.2822  data: 0.0243  max mem: 6287
Test: Total time: 0:00:30 (0.3057 s / it)
Average Precision  (AP) @[ IoU=0.50:0.95 | area=   all | maxDets=100 ] = 0.05879480527978415
Average Precision  (AP) @[ IoU=0.50      | area=   all | maxDets=100 ] = 0.21068256688958112
Average Precision  (AP) @[ IoU=0.75      | area=   all | maxDets=100 ] = 0.021073241629686598
Average Precision  (AP) @[ IoU=0.50:0.95 | area= small | maxDets=100 ] = 0.0
Average Precision  (AP) @[ IoU=0.50:0.95 | area=medium | maxDets=100 ] = 0.12362564827911364
Average Precision  (AP) @[ IoU=0.50:0.95 | area= large | maxDets=100 ] = 0.05938740418092709
Average Recall     (AR) @[ IoU=0.50:0.95 | area=   all | maxDets=  1 ] = 0.10164239406925421
Average Recall     (AR) @[ IoU=0.50:0.95 | area=   all | maxDets= 10 ] = 0.16952686686199925
Average Recall     (AR) @[ IoU=0.50:0.95 | area=   all | maxDets=100 ] = 0.17030851257733742
Average Recall     (AR) @[ IoU=0.50:0.95 | area= small | maxDets=100 ] = 0.0
Average Recall     (AR) @[ IoU=0.50:0.95 | area=medium | maxDets=100 ] = 0.18981481481481483
Average Recall     (AR) @[ IoU=0.50:0.95 | area= large | maxDets=100 ] = 0.17137782458795084




