Epoch: [0]  [  0/402]  eta: 0:46:18  lr: 0.000003  loss: 2.8463 (2.8463)  loss_classifier: 2.1742 (2.1742)  loss_box_reg: 0.5255 (0.5255)  loss_objectness: 0.1229 (0.1229)  loss_rpn_box_reg: 0.0236 (0.0236)  time: 6.9125  data: 3.6475  max mem: 10763
Epoch: [0]  [100/402]  eta: 0:17:13  lr: 0.000253  loss: 1.1694 (1.6160)  loss_classifier: 0.5198 (0.9110)  loss_box_reg: 0.6042 (0.5910)  loss_objectness: 0.0242 (0.0876)  loss_rpn_box_reg: 0.0145 (0.0264)  time: 3.4468  data: 0.0424  max mem: 11078
Epoch: [0]  [200/402]  eta: 0:11:33  lr: 0.000502  loss: 0.9746 (1.3481)  loss_classifier: 0.4096 (0.6820)  loss_box_reg: 0.5167 (0.5791)  loss_objectness: 0.0176 (0.0635)  loss_rpn_box_reg: 0.0131 (0.0235)  time: 3.4590  data: 0.0425  max mem: 11078
Epoch: [0]  [300/402]  eta: 0:05:50  lr: 0.000751  loss: 0.6732 (1.1619)  loss_classifier: 0.3066 (0.5720)  loss_box_reg: 0.3321 (0.5131)  loss_objectness: 0.0234 (0.0539)  loss_rpn_box_reg: 0.0119 (0.0229)  time: 3.4588  data: 0.0425  max mem: 11078
Epoch: [0]  [400/402]  eta: 0:00:06  lr: 0.001000  loss: 0.5264 (1.0191)  loss_classifier: 0.2174 (0.4926)  loss_box_reg: 0.2696 (0.4586)  loss_objectness: 0.0134 (0.0461)  loss_rpn_box_reg: 0.0113 (0.0219)  time: 3.4343  data: 0.0336  max mem: 11078
Epoch: [0]  [401/402]  eta: 0:00:03  lr: 0.001000  loss: 0.5264 (1.0179)  loss_classifier: 0.2174 (0.4919)  loss_box_reg: 0.2696 (0.4581)  loss_objectness: 0.0134 (0.0460)  loss_rpn_box_reg: 0.0109 (0.0218)  time: 3.3544  data: 0.0324  max mem: 11078
Epoch: [0] Total time: 0:23:01 (3.4366 s / it)
Test:  [  0/101]  eta: 0:04:08  model_time: 1.3744 (1.3744)  evaluator_time: 0.0256 (0.0256)  time: 2.4555  data: 0.7329  max mem: 11078
Test:  [100/101]  eta: 0:00:01  model_time: 1.3690 (1.3510)  evaluator_time: 0.0186 (0.0253)  time: 1.4234  data: 0.0213  max mem: 11078
Test: Total time: 0:02:25 (1.4398 s / it)
Average Precision  (AP) @[ IoU=0.50:0.95 | area=   all | maxDets=100 ] = 0.13223287673175896
Average Precision  (AP) @[ IoU=0.50      | area=   all | maxDets=100 ] = 0.3304991897907193
Average Precision  (AP) @[ IoU=0.75      | area=   all | maxDets=100 ] = 0.08655996268744767
Average Precision  (AP) @[ IoU=0.50:0.95 | area= small | maxDets=100 ] = 0.0
Average Precision  (AP) @[ IoU=0.50:0.95 | area=medium | maxDets=100 ] = 0.0332642982024121
Average Precision  (AP) @[ IoU=0.50:0.95 | area= large | maxDets=100 ] = 0.13396587577395858
Average Recall     (AR) @[ IoU=0.50:0.95 | area=   all | maxDets=  1 ] = 0.2404430213909328
Average Recall     (AR) @[ IoU=0.50:0.95 | area=   all | maxDets= 10 ] = 0.4270904824492547
Average Recall     (AR) @[ IoU=0.50:0.95 | area=   all | maxDets=100 ] = 0.44234409449499895
Average Recall     (AR) @[ IoU=0.50:0.95 | area= small | maxDets=100 ] = 0.0
Average Recall     (AR) @[ IoU=0.50:0.95 | area=medium | maxDets=100 ] = 0.27
Average Recall     (AR) @[ IoU=0.50:0.95 | area= large | maxDets=100 ] = 0.44610618460738266



Epoch: [1]  [  0/402]  eta: 0:34:00  lr: 0.001000  loss: 0.5238 (0.5238)  loss_classifier: 0.2196 (0.2196)  loss_box_reg: 0.2657 (0.2657)  loss_objectness: 0.0260 (0.0260)  loss_rpn_box_reg: 0.0125 (0.0125)  time: 5.0767  data: 1.4425  max mem: 11078
Epoch: [1]  [100/402]  eta: 0:17:10  lr: 0.001000  loss: 0.4654 (0.4919)  loss_classifier: 0.1826 (0.1980)  loss_box_reg: 0.2495 (0.2575)  loss_objectness: 0.0123 (0.0189)  loss_rpn_box_reg: 0.0117 (0.0174)  time: 3.3879  data: 0.0282  max mem: 11078
Epoch: [1]  [200/402]  eta: 0:11:27  lr: 0.001000  loss: 0.4367 (0.4724)  loss_classifier: 0.1702 (0.1874)  loss_box_reg: 0.2310 (0.2502)  loss_objectness: 0.0120 (0.0187)  loss_rpn_box_reg: 0.0099 (0.0162)  time: 3.3839  data: 0.0290  max mem: 11078
Epoch: [1]  [300/402]  eta: 0:05:46  lr: 0.001000  loss: 0.4061 (0.4577)  loss_classifier: 0.1540 (0.1784)  loss_box_reg: 0.2293 (0.2453)  loss_objectness: 0.0098 (0.0182)  loss_rpn_box_reg: 0.0116 (0.0158)  time: 3.4031  data: 0.0301  max mem: 11078
Epoch: [1]  [400/402]  eta: 0:00:06  lr: 0.001000  loss: 0.3788 (0.4443)  loss_classifier: 0.1386 (0.1713)  loss_box_reg: 0.2244 (0.2407)  loss_objectness: 0.0090 (0.0171)  loss_rpn_box_reg: 0.0079 (0.0151)  time: 3.3874  data: 0.0263  max mem: 11078
Epoch: [1]  [401/402]  eta: 0:00:03  lr: 0.001000  loss: 0.3788 (0.4444)  loss_classifier: 0.1386 (0.1711)  loss_box_reg: 0.2194 (0.2407)  loss_objectness: 0.0094 (0.0172)  loss_rpn_box_reg: 0.0079 (0.0154)  time: 3.3106  data: 0.0259  max mem: 11078
Epoch: [1] Total time: 0:22:43 (3.3919 s / it)
Test:  [  0/101]  eta: 0:04:13  model_time: 1.3898 (1.3898)  evaluator_time: 0.0205 (0.0205)  time: 2.5145  data: 0.8243  max mem: 11078
Test:  [100/101]  eta: 0:00:01  model_time: 1.3551 (1.3553)  evaluator_time: 0.0166 (0.0219)  time: 1.4061  data: 0.0226  max mem: 11078
Test: Total time: 0:02:25 (1.4425 s / it)
Average Precision  (AP) @[ IoU=0.50:0.95 | area=   all | maxDets=100 ] = 0.16364166333319521
Average Precision  (AP) @[ IoU=0.50      | area=   all | maxDets=100 ] = 0.3794064094418205
Average Precision  (AP) @[ IoU=0.75      | area=   all | maxDets=100 ] = 0.12519822805465233
Average Precision  (AP) @[ IoU=0.50:0.95 | area= small | maxDets=100 ] = 0.0
Average Precision  (AP) @[ IoU=0.50:0.95 | area=medium | maxDets=100 ] = 0.05367479947965716
Average Precision  (AP) @[ IoU=0.50:0.95 | area= large | maxDets=100 ] = 0.16680647395821432
Average Recall     (AR) @[ IoU=0.50:0.95 | area=   all | maxDets=  1 ] = 0.2689155963560285
Average Recall     (AR) @[ IoU=0.50:0.95 | area=   all | maxDets= 10 ] = 0.44425178249668285
Average Recall     (AR) @[ IoU=0.50:0.95 | area=   all | maxDets=100 ] = 0.45610171031638846
Average Recall     (AR) @[ IoU=0.50:0.95 | area= small | maxDets=100 ] = 0.0
Average Recall     (AR) @[ IoU=0.50:0.95 | area=medium | maxDets=100 ] = 0.248125
Average Recall     (AR) @[ IoU=0.50:0.95 | area= large | maxDets=100 ] = 0.46011525618133287



Epoch: [2]  [  0/402]  eta: 0:35:55  lr: 0.001000  loss: 0.4253 (0.4253)  loss_classifier: 0.1530 (0.1530)  loss_box_reg: 0.2500 (0.2500)  loss_objectness: 0.0109 (0.0109)  loss_rpn_box_reg: 0.0113 (0.0113)  time: 5.3615  data: 1.7913  max mem: 11078
Epoch: [2]  [100/402]  eta: 0:17:11  lr: 0.001000  loss: 0.3797 (0.3905)  loss_classifier: 0.1330 (0.1393)  loss_box_reg: 0.2234 (0.2209)  loss_objectness: 0.0103 (0.0156)  loss_rpn_box_reg: 0.0085 (0.0146)  time: 3.3946  data: 0.0287  max mem: 11078
Epoch: [2]  [200/402]  eta: 0:11:27  lr: 0.001000  loss: 0.3624 (0.3821)  loss_classifier: 0.1324 (0.1368)  loss_box_reg: 0.2066 (0.2162)  loss_objectness: 0.0115 (0.0146)  loss_rpn_box_reg: 0.0082 (0.0145)  time: 3.3837  data: 0.0299  max mem: 11078
Epoch: [2]  [300/402]  eta: 0:05:46  lr: 0.001000  loss: 0.3412 (0.3748)  loss_classifier: 0.1199 (0.1345)  loss_box_reg: 0.1994 (0.2127)  loss_objectness: 0.0073 (0.0133)  loss_rpn_box_reg: 0.0094 (0.0143)  time: 3.3898  data: 0.0292  max mem: 11078
Epoch: [2]  [400/402]  eta: 0:00:06  lr: 0.001000  loss: 0.3580 (0.3712)  loss_classifier: 0.1305 (0.1324)  loss_box_reg: 0.2023 (0.2112)  loss_objectness: 0.0111 (0.0132)  loss_rpn_box_reg: 0.0106 (0.0144)  time: 3.3636  data: 0.0266  max mem: 11078
Epoch: [2]  [401/402]  eta: 0:00:03  lr: 0.001000  loss: 0.3580 (0.3710)  loss_classifier: 0.1305 (0.1323)  loss_box_reg: 0.2009 (0.2111)  loss_objectness: 0.0111 (0.0132)  loss_rpn_box_reg: 0.0106 (0.0144)  time: 3.2876  data: 0.0261  max mem: 11078
Epoch: [2] Total time: 0:22:43 (3.3905 s / it)
Test:  [  0/101]  eta: 0:04:03  model_time: 1.3631 (1.3631)  evaluator_time: 0.0245 (0.0245)  time: 2.4089  data: 0.7095  max mem: 11078
Test:  [100/101]  eta: 0:00:01  model_time: 1.3450 (1.3469)  evaluator_time: 0.0180 (0.0228)  time: 1.3987  data: 0.0227  max mem: 11078
Test: Total time: 0:02:24 (1.4343 s / it)
Average Precision  (AP) @[ IoU=0.50:0.95 | area=   all | maxDets=100 ] = 0.21063686735686551
Average Precision  (AP) @[ IoU=0.50      | area=   all | maxDets=100 ] = 0.4660913124547371
Average Precision  (AP) @[ IoU=0.75      | area=   all | maxDets=100 ] = 0.1749143795550096
Average Precision  (AP) @[ IoU=0.50:0.95 | area= small | maxDets=100 ] = 0.0
Average Precision  (AP) @[ IoU=0.50:0.95 | area=medium | maxDets=100 ] = 0.06993183292641747
Average Precision  (AP) @[ IoU=0.50:0.95 | area= large | maxDets=100 ] = 0.2184626863892584
Average Recall     (AR) @[ IoU=0.50:0.95 | area=   all | maxDets=  1 ] = 0.31913525543302285
Average Recall     (AR) @[ IoU=0.50:0.95 | area=   all | maxDets= 10 ] = 0.48237310266135947
Average Recall     (AR) @[ IoU=0.50:0.95 | area=   all | maxDets=100 ] = 0.49005771188837843
Average Recall     (AR) @[ IoU=0.50:0.95 | area= small | maxDets=100 ] = 0.0
Average Recall     (AR) @[ IoU=0.50:0.95 | area=medium | maxDets=100 ] = 0.28312499999999996
Average Recall     (AR) @[ IoU=0.50:0.95 | area= large | maxDets=100 ] = 0.49506835126046284



Epoch: [3]  [  0/402]  eta: 0:35:46  lr: 0.001000  loss: 0.2953 (0.2953)  loss_classifier: 0.1087 (0.1087)  loss_box_reg: 0.1734 (0.1734)  loss_objectness: 0.0044 (0.0044)  loss_rpn_box_reg: 0.0087 (0.0087)  time: 5.3401  data: 1.8353  max mem: 11078
Epoch: [3]  [100/402]  eta: 0:17:10  lr: 0.001000  loss: 0.3210 (0.3390)  loss_classifier: 0.1131 (0.1179)  loss_box_reg: 0.1862 (0.1986)  loss_objectness: 0.0077 (0.0110)  loss_rpn_box_reg: 0.0080 (0.0114)  time: 3.3932  data: 0.0291  max mem: 11078
Epoch: [3]  [200/402]  eta: 0:11:27  lr: 0.001000  loss: 0.3414 (0.3420)  loss_classifier: 0.1219 (0.1181)  loss_box_reg: 0.1996 (0.1986)  loss_objectness: 0.0130 (0.0120)  loss_rpn_box_reg: 0.0099 (0.0134)  time: 3.4014  data: 0.0299  max mem: 11078
Epoch: [3]  [300/402]  eta: 0:05:46  lr: 0.001000  loss: 0.3221 (0.3383)  loss_classifier: 0.1071 (0.1166)  loss_box_reg: 0.2002 (0.1976)  loss_objectness: 0.0072 (0.0111)  loss_rpn_box_reg: 0.0093 (0.0129)  time: 3.4042  data: 0.0308  max mem: 11078
Epoch: [3]  [400/402]  eta: 0:00:06  lr: 0.001000  loss: 0.3430 (0.3355)  loss_classifier: 0.1134 (0.1148)  loss_box_reg: 0.1879 (0.1961)  loss_objectness: 0.0096 (0.0115)  loss_rpn_box_reg: 0.0105 (0.0130)  time: 3.3909  data: 0.0263  max mem: 11078
Epoch: [3]  [401/402]  eta: 0:00:03  lr: 0.001000  loss: 0.3324 (0.3354)  loss_classifier: 0.1109 (0.1148)  loss_box_reg: 0.1948 (0.1962)  loss_objectness: 0.0096 (0.0115)  loss_rpn_box_reg: 0.0101 (0.0130)  time: 3.3145  data: 0.0261  max mem: 11078
Epoch: [3] Total time: 0:22:45 (3.3963 s / it)
Test:  [  0/101]  eta: 0:04:07  model_time: 1.3823 (1.3823)  evaluator_time: 0.0259 (0.0259)  time: 2.4491  data: 0.7545  max mem: 11078
Test:  [100/101]  eta: 0:00:01  model_time: 1.3840 (1.3744)  evaluator_time: 0.0170 (0.0224)  time: 1.4477  data: 0.0239  max mem: 11078
Test: Total time: 0:02:27 (1.4650 s / it)
Average Precision  (AP) @[ IoU=0.50:0.95 | area=   all | maxDets=100 ] = 0.1875997775056952
Average Precision  (AP) @[ IoU=0.50      | area=   all | maxDets=100 ] = 0.42461829418407676
Average Precision  (AP) @[ IoU=0.75      | area=   all | maxDets=100 ] = 0.14390628162946237
Average Precision  (AP) @[ IoU=0.50:0.95 | area= small | maxDets=100 ] = 0.0
Average Precision  (AP) @[ IoU=0.50:0.95 | area=medium | maxDets=100 ] = 0.08709725227594953
Average Precision  (AP) @[ IoU=0.50:0.95 | area= large | maxDets=100 ] = 0.19474788636366833
Average Recall     (AR) @[ IoU=0.50:0.95 | area=   all | maxDets=  1 ] = 0.30002809594877544
Average Recall     (AR) @[ IoU=0.50:0.95 | area=   all | maxDets= 10 ] = 0.4556705835664156
Average Recall     (AR) @[ IoU=0.50:0.95 | area=   all | maxDets=100 ] = 0.4659126420469248
Average Recall     (AR) @[ IoU=0.50:0.95 | area= small | maxDets=100 ] = 0.0
Average Recall     (AR) @[ IoU=0.50:0.95 | area=medium | maxDets=100 ] = 0.303125
Average Recall     (AR) @[ IoU=0.50:0.95 | area= large | maxDets=100 ] = 0.47027796818628703



Epoch: [4]  [  0/402]  eta: 0:36:26  lr: 0.001000  loss: 0.3583 (0.3583)  loss_classifier: 0.1369 (0.1369)  loss_box_reg: 0.2054 (0.2054)  loss_objectness: 0.0089 (0.0089)  loss_rpn_box_reg: 0.0070 (0.0070)  time: 5.4387  data: 2.0246  max mem: 11078
Epoch: [4]  [100/402]  eta: 0:17:13  lr: 0.001000  loss: 0.3069 (0.3169)  loss_classifier: 0.1085 (0.1077)  loss_box_reg: 0.1774 (0.1882)  loss_objectness: 0.0085 (0.0093)  loss_rpn_box_reg: 0.0079 (0.0116)  time: 3.3978  data: 0.0299  max mem: 11078
Epoch: [4]  [200/402]  eta: 0:11:29  lr: 0.001000  loss: 0.3259 (0.3219)  loss_classifier: 0.1118 (0.1083)  loss_box_reg: 0.1942 (0.1907)  loss_objectness: 0.0104 (0.0105)  loss_rpn_box_reg: 0.0083 (0.0124)  time: 3.4016  data: 0.0295  max mem: 11078
Epoch: [4]  [300/402]  eta: 0:05:47  lr: 0.001000  loss: 0.3045 (0.3159)  loss_classifier: 0.1053 (0.1063)  loss_box_reg: 0.1782 (0.1884)  loss_objectness: 0.0055 (0.0096)  loss_rpn_box_reg: 0.0067 (0.0116)  time: 3.4045  data: 0.0298  max mem: 11078
Epoch: [4]  [400/402]  eta: 0:00:06  lr: 0.001000  loss: 0.2772 (0.3118)  loss_classifier: 0.0904 (0.1045)  loss_box_reg: 0.1633 (0.1861)  loss_objectness: 0.0062 (0.0094)  loss_rpn_box_reg: 0.0081 (0.0118)  time: 3.3874  data: 0.0272  max mem: 11078
Epoch: [4]  [401/402]  eta: 0:00:03  lr: 0.001000  loss: 0.2772 (0.3117)  loss_classifier: 0.0924 (0.1045)  loss_box_reg: 0.1668 (0.1860)  loss_objectness: 0.0061 (0.0093)  loss_rpn_box_reg: 0.0078 (0.0118)  time: 3.3092  data: 0.0266  max mem: 11078
Epoch: [4] Total time: 0:22:47 (3.4015 s / it)
Test:  [  0/101]  eta: 0:04:10  model_time: 1.3785 (1.3785)  evaluator_time: 0.0307 (0.0307)  time: 2.4763  data: 0.7773  max mem: 11078
Test:  [100/101]  eta: 0:00:01  model_time: 1.3752 (1.3761)  evaluator_time: 0.0163 (0.0216)  time: 1.4288  data: 0.0232  max mem: 11078
Test: Total time: 0:02:27 (1.4632 s / it)
Average Precision  (AP) @[ IoU=0.50:0.95 | area=   all | maxDets=100 ] = 0.21292733469798458
Average Precision  (AP) @[ IoU=0.50      | area=   all | maxDets=100 ] = 0.4452671487789658
Average Precision  (AP) @[ IoU=0.75      | area=   all | maxDets=100 ] = 0.18918482674785458
Average Precision  (AP) @[ IoU=0.50:0.95 | area= small | maxDets=100 ] = 0.0
Average Precision  (AP) @[ IoU=0.50:0.95 | area=medium | maxDets=100 ] = 0.08511980070025014
Average Precision  (AP) @[ IoU=0.50:0.95 | area= large | maxDets=100 ] = 0.22136256542085567
Average Recall     (AR) @[ IoU=0.50:0.95 | area=   all | maxDets=  1 ] = 0.32393952879578125
Average Recall     (AR) @[ IoU=0.50:0.95 | area=   all | maxDets= 10 ] = 0.47679799820948704
Average Recall     (AR) @[ IoU=0.50:0.95 | area=   all | maxDets=100 ] = 0.4812096359233465
Average Recall     (AR) @[ IoU=0.50:0.95 | area= small | maxDets=100 ] = 0.0
Average Recall     (AR) @[ IoU=0.50:0.95 | area=medium | maxDets=100 ] = 0.309375
Average Recall     (AR) @[ IoU=0.50:0.95 | area= large | maxDets=100 ] = 0.48555788350131857



Epoch: [5]  [  0/402]  eta: 0:35:44  lr: 0.001000  loss: 0.2793 (0.2793)  loss_classifier: 0.1016 (0.1016)  loss_box_reg: 0.1681 (0.1681)  loss_objectness: 0.0024 (0.0024)  loss_rpn_box_reg: 0.0072 (0.0072)  time: 5.3345  data: 1.5244  max mem: 11078
Epoch: [5]  [100/402]  eta: 0:17:10  lr: 0.001000  loss: 0.3012 (0.2925)  loss_classifier: 0.1021 (0.0978)  loss_box_reg: 0.1826 (0.1781)  loss_objectness: 0.0064 (0.0072)  loss_rpn_box_reg: 0.0074 (0.0094)  time: 3.3890  data: 0.0281  max mem: 11078
Epoch: [5]  [200/402]  eta: 0:11:27  lr: 0.001000  loss: 0.2953 (0.2946)  loss_classifier: 0.0951 (0.0971)  loss_box_reg: 0.1722 (0.1772)  loss_objectness: 0.0092 (0.0091)  loss_rpn_box_reg: 0.0073 (0.0112)  time: 3.4116  data: 0.0309  max mem: 11078
Epoch: [5]  [300/402]  eta: 0:05:47  lr: 0.001000  loss: 0.2798 (0.2932)  loss_classifier: 0.0905 (0.0962)  loss_box_reg: 0.1751 (0.1769)  loss_objectness: 0.0054 (0.0088)  loss_rpn_box_reg: 0.0064 (0.0112)  time: 3.3971  data: 0.0307  max mem: 11078
Epoch: [5]  [400/402]  eta: 0:00:06  lr: 0.001000  loss: 0.2832 (0.2924)  loss_classifier: 0.0898 (0.0960)  loss_box_reg: 0.1755 (0.1763)  loss_objectness: 0.0063 (0.0086)  loss_rpn_box_reg: 0.0085 (0.0115)  time: 3.3830  data: 0.0283  max mem: 11078
Epoch: [5]  [401/402]  eta: 0:00:03  lr: 0.001000  loss: 0.2834 (0.2925)  loss_classifier: 0.0954 (0.0960)  loss_box_reg: 0.1817 (0.1764)  loss_objectness: 0.0063 (0.0086)  loss_rpn_box_reg: 0.0085 (0.0115)  time: 3.3077  data: 0.0278  max mem: 11078
Epoch: [5] Total time: 0:22:45 (3.3976 s / it)
Test:  [  0/101]  eta: 0:04:13  model_time: 1.3675 (1.3675)  evaluator_time: 0.0260 (0.0260)  time: 2.5094  data: 0.8267  max mem: 11078
Test:  [100/101]  eta: 0:00:01  model_time: 1.3824 (1.3759)  evaluator_time: 0.0158 (0.0203)  time: 1.4325  data: 0.0237  max mem: 11078
Test: Total time: 0:02:27 (1.4625 s / it)
Average Precision  (AP) @[ IoU=0.50:0.95 | area=   all | maxDets=100 ] = 0.22577364369465489
Average Precision  (AP) @[ IoU=0.50      | area=   all | maxDets=100 ] = 0.47660356048509167
Average Precision  (AP) @[ IoU=0.75      | area=   all | maxDets=100 ] = 0.2007048861740976
Average Precision  (AP) @[ IoU=0.50:0.95 | area= small | maxDets=100 ] = 0.0
Average Precision  (AP) @[ IoU=0.50:0.95 | area=medium | maxDets=100 ] = 0.1457792411703857
Average Precision  (AP) @[ IoU=0.50:0.95 | area= large | maxDets=100 ] = 0.2327633457074664
Average Recall     (AR) @[ IoU=0.50:0.95 | area=   all | maxDets=  1 ] = 0.33476814636495783
Average Recall     (AR) @[ IoU=0.50:0.95 | area=   all | maxDets= 10 ] = 0.4772764802704004
Average Recall     (AR) @[ IoU=0.50:0.95 | area=   all | maxDets=100 ] = 0.48391230220379533
Average Recall     (AR) @[ IoU=0.50:0.95 | area= small | maxDets=100 ] = 0.0
Average Recall     (AR) @[ IoU=0.50:0.95 | area=medium | maxDets=100 ] = 0.363125
Average Recall     (AR) @[ IoU=0.50:0.95 | area= large | maxDets=100 ] = 0.4882157012560092



Epoch: [6]  [  0/402]  eta: 0:37:02  lr: 0.001000  loss: 0.2667 (0.2667)  loss_classifier: 0.0741 (0.0741)  loss_box_reg: 0.1504 (0.1504)  loss_objectness: 0.0126 (0.0126)  loss_rpn_box_reg: 0.0295 (0.0295)  time: 5.5282  data: 2.0741  max mem: 11078
Epoch: [6]  [100/402]  eta: 0:17:12  lr: 0.001000  loss: 0.2692 (0.2801)  loss_classifier: 0.0919 (0.0912)  loss_box_reg: 0.1629 (0.1707)  loss_objectness: 0.0052 (0.0072)  loss_rpn_box_reg: 0.0059 (0.0110)  time: 3.3952  data: 0.0305  max mem: 11078
Epoch: [6]  [200/402]  eta: 0:11:28  lr: 0.001000  loss: 0.2671 (0.2768)  loss_classifier: 0.0808 (0.0903)  loss_box_reg: 0.1585 (0.1688)  loss_objectness: 0.0058 (0.0067)  loss_rpn_box_reg: 0.0075 (0.0109)  time: 3.3910  data: 0.0280  max mem: 11078
Epoch: [6]  [300/402]  eta: 0:05:47  lr: 0.001000  loss: 0.2726 (0.2755)  loss_classifier: 0.0886 (0.0900)  loss_box_reg: 0.1667 (0.1684)  loss_objectness: 0.0041 (0.0066)  loss_rpn_box_reg: 0.0075 (0.0105)  time: 3.3933  data: 0.0280  max mem: 11078
Epoch: [6]  [400/402]  eta: 0:00:06  lr: 0.001000  loss: 0.2611 (0.2735)  loss_classifier: 0.0829 (0.0891)  loss_box_reg: 0.1676 (0.1673)  loss_objectness: 0.0040 (0.0069)  loss_rpn_box_reg: 0.0061 (0.0103)  time: 3.4134  data: 0.0419  max mem: 11078
Epoch: [6]  [401/402]  eta: 0:00:03  lr: 0.001000  loss: 0.2623 (0.2735)  loss_classifier: 0.0829 (0.0890)  loss_box_reg: 0.1677 (0.1673)  loss_objectness: 0.0040 (0.0069)  loss_rpn_box_reg: 0.0061 (0.0103)  time: 3.3334  data: 0.0415  max mem: 11078
Epoch: [6] Total time: 0:22:46 (3.4002 s / it)
Test:  [  0/101]  eta: 0:04:20  model_time: 1.3873 (1.3873)  evaluator_time: 0.0254 (0.0254)  time: 2.5823  data: 0.8778  max mem: 11078
Test:  [100/101]  eta: 0:00:01  model_time: 1.3883 (1.3834)  evaluator_time: 0.0147 (0.0190)  time: 1.4536  data: 0.0239  max mem: 11078
Test: Total time: 0:02:28 (1.4686 s / it)
Average Precision  (AP) @[ IoU=0.50:0.95 | area=   all | maxDets=100 ] = 0.2626984638746293
Average Precision  (AP) @[ IoU=0.50      | area=   all | maxDets=100 ] = 0.5400495629292179
Average Precision  (AP) @[ IoU=0.75      | area=   all | maxDets=100 ] = 0.23959393094466425
Average Precision  (AP) @[ IoU=0.50:0.95 | area= small | maxDets=100 ] = 0.0
Average Precision  (AP) @[ IoU=0.50:0.95 | area=medium | maxDets=100 ] = 0.22526303784500956
Average Precision  (AP) @[ IoU=0.50:0.95 | area= large | maxDets=100 ] = 0.2681820228824907
Average Recall     (AR) @[ IoU=0.50:0.95 | area=   all | maxDets=  1 ] = 0.3694116035354524
Average Recall     (AR) @[ IoU=0.50:0.95 | area=   all | maxDets= 10 ] = 0.5008487118500284
Average Recall     (AR) @[ IoU=0.50:0.95 | area=   all | maxDets=100 ] = 0.5060045016680215
Average Recall     (AR) @[ IoU=0.50:0.95 | area= small | maxDets=100 ] = 0.0
Average Recall     (AR) @[ IoU=0.50:0.95 | area=medium | maxDets=100 ] = 0.34249999999999997
Average Recall     (AR) @[ IoU=0.50:0.95 | area= large | maxDets=100 ] = 0.5109953794283038



Epoch: [7]  [  0/402]  eta: 0:37:21  lr: 0.001000  loss: 0.2962 (0.2962)  loss_classifier: 0.0876 (0.0876)  loss_box_reg: 0.1933 (0.1933)  loss_objectness: 0.0057 (0.0057)  loss_rpn_box_reg: 0.0095 (0.0095)  time: 5.5754  data: 2.1638  max mem: 11078
Epoch: [7]  [100/402]  eta: 0:17:13  lr: 0.001000  loss: 0.2595 (0.2597)  loss_classifier: 0.0842 (0.0834)  loss_box_reg: 0.1571 (0.1599)  loss_objectness: 0.0057 (0.0073)  loss_rpn_box_reg: 0.0082 (0.0090)  time: 3.4070  data: 0.0310  max mem: 11078
Epoch: [7]  [200/402]  eta: 0:11:29  lr: 0.001000  loss: 0.2490 (0.2614)  loss_classifier: 0.0796 (0.0836)  loss_box_reg: 0.1642 (0.1612)  loss_objectness: 0.0046 (0.0071)  loss_rpn_box_reg: 0.0062 (0.0094)  time: 3.4060  data: 0.0303  max mem: 11078
Epoch: [7]  [300/402]  eta: 0:05:47  lr: 0.001000  loss: 0.2674 (0.2633)  loss_classifier: 0.0848 (0.0842)  loss_box_reg: 0.1652 (0.1618)  loss_objectness: 0.0052 (0.0071)  loss_rpn_box_reg: 0.0063 (0.0101)  time: 3.3972  data: 0.0297  max mem: 11078
Epoch: [7]  [400/402]  eta: 0:00:06  lr: 0.001000  loss: 0.2730 (0.2640)  loss_classifier: 0.0873 (0.0846)  loss_box_reg: 0.1695 (0.1619)  loss_objectness: 0.0051 (0.0071)  loss_rpn_box_reg: 0.0078 (0.0104)  time: 3.3942  data: 0.0271  max mem: 11078
Epoch: [7]  [401/402]  eta: 0:00:03  lr: 0.001000  loss: 0.2651 (0.2640)  loss_classifier: 0.0864 (0.0846)  loss_box_reg: 0.1680 (0.1619)  loss_objectness: 0.0051 (0.0071)  loss_rpn_box_reg: 0.0075 (0.0104)  time: 3.3170  data: 0.0267  max mem: 11078
Epoch: [7] Total time: 0:22:48 (3.4046 s / it)
Test:  [  0/101]  eta: 0:04:19  model_time: 1.3735 (1.3735)  evaluator_time: 0.0274 (0.0274)  time: 2.5686  data: 0.8718  max mem: 11078
Test:  [100/101]  eta: 0:00:01  model_time: 1.3891 (1.3820)  evaluator_time: 0.0156 (0.0208)  time: 1.4366  data: 0.0236  max mem: 11078
Test: Total time: 0:02:28 (1.4697 s / it)
Average Precision  (AP) @[ IoU=0.50:0.95 | area=   all | maxDets=100 ] = 0.19590408033190848
Average Precision  (AP) @[ IoU=0.50      | area=   all | maxDets=100 ] = 0.4382985032211154
Average Precision  (AP) @[ IoU=0.75      | area=   all | maxDets=100 ] = 0.1576310130926525
Average Precision  (AP) @[ IoU=0.50:0.95 | area= small | maxDets=100 ] = 0.0
Average Precision  (AP) @[ IoU=0.50:0.95 | area=medium | maxDets=100 ] = 0.13957856694576565
Average Precision  (AP) @[ IoU=0.50:0.95 | area= large | maxDets=100 ] = 0.20246435522834533
Average Recall     (AR) @[ IoU=0.50:0.95 | area=   all | maxDets=  1 ] = 0.31044569270036493
Average Recall     (AR) @[ IoU=0.50:0.95 | area=   all | maxDets= 10 ] = 0.4427564662404919
Average Recall     (AR) @[ IoU=0.50:0.95 | area=   all | maxDets=100 ] = 0.4492719848196556
Average Recall     (AR) @[ IoU=0.50:0.95 | area= small | maxDets=100 ] = 0.0
Average Recall     (AR) @[ IoU=0.50:0.95 | area=medium | maxDets=100 ] = 0.363125
Average Recall     (AR) @[ IoU=0.50:0.95 | area= large | maxDets=100 ] = 0.453721327556331



Epoch: [8]  [  0/402]  eta: 0:36:38  lr: 0.001000  loss: 0.2731 (0.2731)  loss_classifier: 0.0925 (0.0925)  loss_box_reg: 0.1701 (0.1701)  loss_objectness: 0.0033 (0.0033)  loss_rpn_box_reg: 0.0071 (0.0071)  time: 5.4694  data: 1.8217  max mem: 11078
Epoch: [8]  [100/402]  eta: 0:17:12  lr: 0.001000  loss: 0.2488 (0.2579)  loss_classifier: 0.0832 (0.0821)  loss_box_reg: 0.1499 (0.1570)  loss_objectness: 0.0052 (0.0079)  loss_rpn_box_reg: 0.0066 (0.0110)  time: 3.4053  data: 0.0300  max mem: 11078
Epoch: [8]  [200/402]  eta: 0:11:28  lr: 0.001000  loss: 0.2436 (0.2562)  loss_classifier: 0.0747 (0.0808)  loss_box_reg: 0.1557 (0.1555)  loss_objectness: 0.0046 (0.0079)  loss_rpn_box_reg: 0.0060 (0.0120)  time: 3.4034  data: 0.0280  max mem: 11078
Epoch: [8]  [300/402]  eta: 0:05:47  lr: 0.001000  loss: 0.2379 (0.2550)  loss_classifier: 0.0723 (0.0801)  loss_box_reg: 0.1569 (0.1558)  loss_objectness: 0.0035 (0.0073)  loss_rpn_box_reg: 0.0057 (0.0118)  time: 3.4068  data: 0.0284  max mem: 11078
Epoch: [8]  [400/402]  eta: 0:00:06  lr: 0.001000  loss: 0.2422 (0.2534)  loss_classifier: 0.0754 (0.0795)  loss_box_reg: 0.1515 (0.1553)  loss_objectness: 0.0049 (0.0071)  loss_rpn_box_reg: 0.0061 (0.0115)  time: 3.3949  data: 0.0280  max mem: 11078
Epoch: [8]  [401/402]  eta: 0:00:03  lr: 0.001000  loss: 0.2422 (0.2533)  loss_classifier: 0.0735 (0.0794)  loss_box_reg: 0.1515 (0.1553)  loss_objectness: 0.0049 (0.0071)  loss_rpn_box_reg: 0.0058 (0.0115)  time: 3.3182  data: 0.0274  max mem: 11078
Epoch: [8] Total time: 0:22:47 (3.4019 s / it)
Test:  [  0/101]  eta: 0:04:09  model_time: 1.3845 (1.3845)  evaluator_time: 0.0235 (0.0235)  time: 2.4749  data: 0.7581  max mem: 11078
Test:  [100/101]  eta: 0:00:01  model_time: 1.3771 (1.3749)  evaluator_time: 0.0140 (0.0189)  time: 1.4272  data: 0.0233  max mem: 11078
Test: Total time: 0:02:27 (1.4597 s / it)
Average Precision  (AP) @[ IoU=0.50:0.95 | area=   all | maxDets=100 ] = 0.20278659919241482
Average Precision  (AP) @[ IoU=0.50      | area=   all | maxDets=100 ] = 0.44765570220643525
Average Precision  (AP) @[ IoU=0.75      | area=   all | maxDets=100 ] = 0.16261257949350544
Average Precision  (AP) @[ IoU=0.50:0.95 | area= small | maxDets=100 ] = 0.0
Average Precision  (AP) @[ IoU=0.50:0.95 | area=medium | maxDets=100 ] = 0.1523637953040155
Average Precision  (AP) @[ IoU=0.50:0.95 | area= large | maxDets=100 ] = 0.20835271750825649
Average Recall     (AR) @[ IoU=0.50:0.95 | area=   all | maxDets=  1 ] = 0.3038300708351253
Average Recall     (AR) @[ IoU=0.50:0.95 | area=   all | maxDets= 10 ] = 0.4324635925596708
Average Recall     (AR) @[ IoU=0.50:0.95 | area=   all | maxDets=100 ] = 0.43665348909830554
Average Recall     (AR) @[ IoU=0.50:0.95 | area= small | maxDets=100 ] = 0.0
Average Recall     (AR) @[ IoU=0.50:0.95 | area=medium | maxDets=100 ] = 0.38
Average Recall     (AR) @[ IoU=0.50:0.95 | area= large | maxDets=100 ] = 0.44068912338860994



Epoch: [9]  [  0/402]  eta: 0:36:39  lr: 0.001000  loss: 0.2622 (0.2622)  loss_classifier: 0.0792 (0.0792)  loss_box_reg: 0.1721 (0.1721)  loss_objectness: 0.0062 (0.0062)  loss_rpn_box_reg: 0.0047 (0.0047)  time: 5.4710  data: 1.9020  max mem: 11078
Epoch: [9]  [100/402]  eta: 0:17:14  lr: 0.001000  loss: 0.2394 (0.2422)  loss_classifier: 0.0734 (0.0763)  loss_box_reg: 0.1511 (0.1526)  loss_objectness: 0.0036 (0.0055)  loss_rpn_box_reg: 0.0063 (0.0078)  time: 3.4083  data: 0.0311  max mem: 11078
Epoch: [9]  [200/402]  eta: 0:11:29  lr: 0.001000  loss: 0.2333 (0.2425)  loss_classifier: 0.0759 (0.0768)  loss_box_reg: 0.1475 (0.1516)  loss_objectness: 0.0035 (0.0053)  loss_rpn_box_reg: 0.0071 (0.0088)  time: 3.4021  data: 0.0298  max mem: 11078
Epoch: [9]  [300/402]  eta: 0:05:47  lr: 0.001000  loss: 0.2399 (0.2432)  loss_classifier: 0.0762 (0.0768)  loss_box_reg: 0.1473 (0.1508)  loss_objectness: 0.0045 (0.0057)  loss_rpn_box_reg: 0.0073 (0.0099)  time: 3.4053  data: 0.0292  max mem: 11078
Epoch: [9]  [400/402]  eta: 0:00:06  lr: 0.001000  loss: 0.2395 (0.2416)  loss_classifier: 0.0759 (0.0763)  loss_box_reg: 0.1506 (0.1499)  loss_objectness: 0.0051 (0.0059)  loss_rpn_box_reg: 0.0062 (0.0095)  time: 3.3889  data: 0.0269  max mem: 11078
Epoch: [9]  [401/402]  eta: 0:00:03  lr: 0.001000  loss: 0.2395 (0.2416)  loss_classifier: 0.0756 (0.0763)  loss_box_reg: 0.1506 (0.1499)  loss_objectness: 0.0053 (0.0059)  loss_rpn_box_reg: 0.0062 (0.0095)  time: 3.3117  data: 0.0266  max mem: 11078
Epoch: [9] Total time: 0:22:48 (3.4042 s / it)
Test:  [  0/101]  eta: 0:04:09  model_time: 1.3789 (1.3789)  evaluator_time: 0.0237 (0.0237)  time: 2.4696  data: 0.8072  max mem: 11078
Test:  [100/101]  eta: 0:00:01  model_time: 1.3918 (1.3778)  evaluator_time: 0.0140 (0.0184)  time: 1.4399  data: 0.0236  max mem: 11078
Test: Total time: 0:02:27 (1.4623 s / it)
Average Precision  (AP) @[ IoU=0.50:0.95 | area=   all | maxDets=100 ] = 0.21379776835054193
Average Precision  (AP) @[ IoU=0.50      | area=   all | maxDets=100 ] = 0.4550607676423142
Average Precision  (AP) @[ IoU=0.75      | area=   all | maxDets=100 ] = 0.1903333266193545
Average Precision  (AP) @[ IoU=0.50:0.95 | area= small | maxDets=100 ] = 0.0
Average Precision  (AP) @[ IoU=0.50:0.95 | area=medium | maxDets=100 ] = 0.14547106168500218
Average Precision  (AP) @[ IoU=0.50:0.95 | area= large | maxDets=100 ] = 0.22160646587375202
Average Recall     (AR) @[ IoU=0.50:0.95 | area=   all | maxDets=  1 ] = 0.3226284898517377
Average Recall     (AR) @[ IoU=0.50:0.95 | area=   all | maxDets= 10 ] = 0.43876763951335074
Average Recall     (AR) @[ IoU=0.50:0.95 | area=   all | maxDets=100 ] = 0.44153729902673533
Average Recall     (AR) @[ IoU=0.50:0.95 | area= small | maxDets=100 ] = 0.0
Average Recall     (AR) @[ IoU=0.50:0.95 | area=medium | maxDets=100 ] = 0.36875
Average Recall     (AR) @[ IoU=0.50:0.95 | area= large | maxDets=100 ] = 0.44593510457447566



Epoch: [10]  [  0/402]  eta: 0:37:02  lr: 0.001000  loss: 0.2455 (0.2455)  loss_classifier: 0.0792 (0.0792)  loss_box_reg: 0.1600 (0.1600)  loss_objectness: 0.0020 (0.0020)  loss_rpn_box_reg: 0.0042 (0.0042)  time: 5.5288  data: 1.8993  max mem: 11078
Epoch: [10]  [100/402]  eta: 0:17:14  lr: 0.001000  loss: 0.2316 (0.2362)  loss_classifier: 0.0684 (0.0742)  loss_box_reg: 0.1454 (0.1468)  loss_objectness: 0.0046 (0.0059)  loss_rpn_box_reg: 0.0067 (0.0092)  time: 3.4073  data: 0.0312  max mem: 11078
Epoch: [10]  [200/402]  eta: 0:11:29  lr: 0.001000  loss: 0.2299 (0.2359)  loss_classifier: 0.0686 (0.0742)  loss_box_reg: 0.1435 (0.1460)  loss_objectness: 0.0048 (0.0063)  loss_rpn_box_reg: 0.0071 (0.0094)  time: 3.4079  data: 0.0306  max mem: 11078
Epoch: [10]  [300/402]  eta: 0:05:47  lr: 0.001000  loss: 0.2331 (0.2361)  loss_classifier: 0.0749 (0.0743)  loss_box_reg: 0.1407 (0.1463)  loss_objectness: 0.0043 (0.0062)  loss_rpn_box_reg: 0.0059 (0.0093)  time: 3.3884  data: 0.0299  max mem: 11078
Epoch: [10]  [400/402]  eta: 0:00:06  lr: 0.001000  loss: 0.2231 (0.2349)  loss_classifier: 0.0655 (0.0735)  loss_box_reg: 0.1346 (0.1452)  loss_objectness: 0.0045 (0.0065)  loss_rpn_box_reg: 0.0065 (0.0096)  time: 3.3975  data: 0.0272  max mem: 11078
Epoch: [10]  [401/402]  eta: 0:00:03  lr: 0.001000  loss: 0.2256 (0.2348)  loss_classifier: 0.0655 (0.0735)  loss_box_reg: 0.1401 (0.1452)  loss_objectness: 0.0045 (0.0064)  loss_rpn_box_reg: 0.0062 (0.0096)  time: 3.3191  data: 0.0267  max mem: 11078
Epoch: [10] Total time: 0:22:48 (3.4046 s / it)
Test:  [  0/101]  eta: 0:04:12  model_time: 1.3615 (1.3615)  evaluator_time: 0.0269 (0.0269)  time: 2.5020  data: 0.8446  max mem: 11078
Test:  [100/101]  eta: 0:00:01  model_time: 1.3726 (1.3677)  evaluator_time: 0.0142 (0.0152)  time: 1.4235  data: 0.0230  max mem: 11078
Test: Total time: 0:02:26 (1.4493 s / it)
Average Precision  (AP) @[ IoU=0.50:0.95 | area=   all | maxDets=100 ] = 0.20434996008152873
Average Precision  (AP) @[ IoU=0.50      | area=   all | maxDets=100 ] = 0.43726015900529014
Average Precision  (AP) @[ IoU=0.75      | area=   all | maxDets=100 ] = 0.17780865441931534
Average Precision  (AP) @[ IoU=0.50:0.95 | area= small | maxDets=100 ] = 0.0
Average Precision  (AP) @[ IoU=0.50:0.95 | area=medium | maxDets=100 ] = 0.20596287659881868
Average Precision  (AP) @[ IoU=0.50:0.95 | area= large | maxDets=100 ] = 0.211117339658478
Average Recall     (AR) @[ IoU=0.50:0.95 | area=   all | maxDets=  1 ] = 0.30823641279397956
Average Recall     (AR) @[ IoU=0.50:0.95 | area=   all | maxDets= 10 ] = 0.4329966700202187
Average Recall     (AR) @[ IoU=0.50:0.95 | area=   all | maxDets=100 ] = 0.4347985176344233
Average Recall     (AR) @[ IoU=0.50:0.95 | area= small | maxDets=100 ] = 0.0
Average Recall     (AR) @[ IoU=0.50:0.95 | area=medium | maxDets=100 ] = 0.385
Average Recall     (AR) @[ IoU=0.50:0.95 | area= large | maxDets=100 ] = 0.4389399690619483



Epoch: [11]  [  0/402]  eta: 0:38:37  lr: 0.001000  loss: 0.2552 (0.2552)  loss_classifier: 0.0945 (0.0945)  loss_box_reg: 0.1483 (0.1483)  loss_objectness: 0.0076 (0.0076)  loss_rpn_box_reg: 0.0048 (0.0048)  time: 5.7643  data: 2.3122  max mem: 11078
Epoch: [11]  [100/402]  eta: 0:17:14  lr: 0.001000  loss: 0.2158 (0.2305)  loss_classifier: 0.0663 (0.0726)  loss_box_reg: 0.1336 (0.1434)  loss_objectness: 0.0036 (0.0060)  loss_rpn_box_reg: 0.0061 (0.0084)  time: 3.3896  data: 0.0304  max mem: 11078
Epoch: [11]  [200/402]  eta: 0:11:29  lr: 0.001000  loss: 0.2094 (0.2296)  loss_classifier: 0.0666 (0.0720)  loss_box_reg: 0.1322 (0.1426)  loss_objectness: 0.0041 (0.0058)  loss_rpn_box_reg: 0.0046 (0.0092)  time: 3.4035  data: 0.0331  max mem: 11078
Epoch: [11]  [300/402]  eta: 0:05:47  lr: 0.001000  loss: 0.2232 (0.2302)  loss_classifier: 0.0741 (0.0716)  loss_box_reg: 0.1404 (0.1427)  loss_objectness: 0.0049 (0.0062)  loss_rpn_box_reg: 0.0059 (0.0097)  time: 3.4041  data: 0.0312  max mem: 11078
Epoch: [11]  [400/402]  eta: 0:00:06  lr: 0.001000  loss: 0.2201 (0.2282)  loss_classifier: 0.0663 (0.0708)  loss_box_reg: 0.1378 (0.1413)  loss_objectness: 0.0041 (0.0062)  loss_rpn_box_reg: 0.0060 (0.0099)  time: 3.4026  data: 0.0294  max mem: 11078
Epoch: [11]  [401/402]  eta: 0:00:03  lr: 0.001000  loss: 0.2201 (0.2285)  loss_classifier: 0.0663 (0.0709)  loss_box_reg: 0.1378 (0.1415)  loss_objectness: 0.0042 (0.0062)  loss_rpn_box_reg: 0.0062 (0.0099)  time: 3.3241  data: 0.0288  max mem: 11078
Epoch: [11] Total time: 0:22:49 (3.4055 s / it)
Test:  [  0/101]  eta: 0:04:09  model_time: 1.3620 (1.3620)  evaluator_time: 0.0288 (0.0288)  time: 2.4735  data: 0.8312  max mem: 11078
Test:  [100/101]  eta: 0:00:01  model_time: 1.3816 (1.3708)  evaluator_time: 0.0150 (0.0192)  time: 1.4422  data: 0.0227  max mem: 11078
Test: Total time: 0:02:27 (1.4564 s / it)
Average Precision  (AP) @[ IoU=0.50:0.95 | area=   all | maxDets=100 ] = 0.22448485847449387
Average Precision  (AP) @[ IoU=0.50      | area=   all | maxDets=100 ] = 0.4722496469469331
Average Precision  (AP) @[ IoU=0.75      | area=   all | maxDets=100 ] = 0.1980650265677761
Average Precision  (AP) @[ IoU=0.50:0.95 | area= small | maxDets=100 ] = 0.0
Average Precision  (AP) @[ IoU=0.50:0.95 | area=medium | maxDets=100 ] = 0.15043505254139872
Average Precision  (AP) @[ IoU=0.50:0.95 | area= large | maxDets=100 ] = 0.23312050297256534
Average Recall     (AR) @[ IoU=0.50:0.95 | area=   all | maxDets=  1 ] = 0.3350532412951552
Average Recall     (AR) @[ IoU=0.50:0.95 | area=   all | maxDets= 10 ] = 0.45041188191811954
Average Recall     (AR) @[ IoU=0.50:0.95 | area=   all | maxDets=100 ] = 0.454164318565293
Average Recall     (AR) @[ IoU=0.50:0.95 | area= small | maxDets=100 ] = 0.0
Average Recall     (AR) @[ IoU=0.50:0.95 | area=medium | maxDets=100 ] = 0.388125
Average Recall     (AR) @[ IoU=0.50:0.95 | area= large | maxDets=100 ] = 0.4581717201299801



Epoch: [12]  [  0/402]  eta: 0:37:32  lr: 0.001000  loss: 0.2011 (0.2011)  loss_classifier: 0.0646 (0.0646)  loss_box_reg: 0.1158 (0.1158)  loss_objectness: 0.0049 (0.0049)  loss_rpn_box_reg: 0.0158 (0.0158)  time: 5.6028  data: 2.1337  max mem: 11078
Epoch: [12]  [100/402]  eta: 0:17:15  lr: 0.001000  loss: 0.2128 (0.2205)  loss_classifier: 0.0637 (0.0683)  loss_box_reg: 0.1313 (0.1375)  loss_objectness: 0.0029 (0.0056)  loss_rpn_box_reg: 0.0054 (0.0090)  time: 3.4047  data: 0.0303  max mem: 11078
Epoch: [12]  [200/402]  eta: 0:11:30  lr: 0.001000  loss: 0.2231 (0.2196)  loss_classifier: 0.0653 (0.0679)  loss_box_reg: 0.1432 (0.1365)  loss_objectness: 0.0059 (0.0058)  loss_rpn_box_reg: 0.0055 (0.0094)  time: 3.4054  data: 0.0303  max mem: 11078
Epoch: [12]  [300/402]  eta: 0:05:47  lr: 0.001000  loss: 0.2089 (0.2196)  loss_classifier: 0.0660 (0.0681)  loss_box_reg: 0.1386 (0.1364)  loss_objectness: 0.0038 (0.0056)  loss_rpn_box_reg: 0.0055 (0.0095)  time: 3.4042  data: 0.0310  max mem: 11078
Epoch: [12]  [400/402]  eta: 0:00:06  lr: 0.001000  loss: 0.2118 (0.2185)  loss_classifier: 0.0618 (0.0675)  loss_box_reg: 0.1341 (0.1355)  loss_objectness: 0.0031 (0.0060)  loss_rpn_box_reg: 0.0053 (0.0096)  time: 3.3980  data: 0.0277  max mem: 11078
Epoch: [12]  [401/402]  eta: 0:00:03  lr: 0.001000  loss: 0.2118 (0.2183)  loss_classifier: 0.0618 (0.0674)  loss_box_reg: 0.1341 (0.1354)  loss_objectness: 0.0038 (0.0060)  loss_rpn_box_reg: 0.0053 (0.0096)  time: 3.3213  data: 0.0275  max mem: 11078
Epoch: [12] Total time: 0:22:49 (3.4067 s / it)
Test:  [  0/101]  eta: 0:04:20  model_time: 1.3724 (1.3724)  evaluator_time: 0.0259 (0.0259)  time: 2.5807  data: 0.8694  max mem: 11078
Test:  [100/101]  eta: 0:00:01  model_time: 1.3735 (1.3750)  evaluator_time: 0.0140 (0.0152)  time: 1.4229  data: 0.0231  max mem: 11078
Test: Total time: 0:02:27 (1.4613 s / it)
Average Precision  (AP) @[ IoU=0.50:0.95 | area=   all | maxDets=100 ] = 0.23147475967421655
Average Precision  (AP) @[ IoU=0.50      | area=   all | maxDets=100 ] = 0.5004472900306971
Average Precision  (AP) @[ IoU=0.75      | area=   all | maxDets=100 ] = 0.2029530517617825
Average Precision  (AP) @[ IoU=0.50:0.95 | area= small | maxDets=100 ] = 0.0
Average Precision  (AP) @[ IoU=0.50:0.95 | area=medium | maxDets=100 ] = 0.17468564544381546
Average Precision  (AP) @[ IoU=0.50:0.95 | area= large | maxDets=100 ] = 0.23880354441303958
Average Recall     (AR) @[ IoU=0.50:0.95 | area=   all | maxDets=  1 ] = 0.33997902081499237
Average Recall     (AR) @[ IoU=0.50:0.95 | area=   all | maxDets= 10 ] = 0.4567172488987258
Average Recall     (AR) @[ IoU=0.50:0.95 | area=   all | maxDets=100 ] = 0.4596285596182466
Average Recall     (AR) @[ IoU=0.50:0.95 | area= small | maxDets=100 ] = 0.0
Average Recall     (AR) @[ IoU=0.50:0.95 | area=medium | maxDets=100 ] = 0.40374999999999994
Average Recall     (AR) @[ IoU=0.50:0.95 | area= large | maxDets=100 ] = 0.46399465114562294



Epoch: [13]  [  0/402]  eta: 0:38:08  lr: 0.001000  loss: 0.2353 (0.2353)  loss_classifier: 0.0708 (0.0708)  loss_box_reg: 0.1434 (0.1434)  loss_objectness: 0.0059 (0.0059)  loss_rpn_box_reg: 0.0152 (0.0152)  time: 5.6930  data: 2.2624  max mem: 11078
Epoch: [13]  [100/402]  eta: 0:17:14  lr: 0.001000  loss: 0.2045 (0.2136)  loss_classifier: 0.0637 (0.0655)  loss_box_reg: 0.1335 (0.1323)  loss_objectness: 0.0044 (0.0059)  loss_rpn_box_reg: 0.0071 (0.0099)  time: 3.3909  data: 0.0295  max mem: 11078
Epoch: [13]  [200/402]  eta: 0:11:29  lr: 0.001000  loss: 0.2017 (0.2151)  loss_classifier: 0.0604 (0.0660)  loss_box_reg: 0.1260 (0.1328)  loss_objectness: 0.0048 (0.0065)  loss_rpn_box_reg: 0.0057 (0.0099)  time: 3.3994  data: 0.0300  max mem: 11078
Epoch: [13]  [300/402]  eta: 0:05:47  lr: 0.001000  loss: 0.2087 (0.2131)  loss_classifier: 0.0645 (0.0654)  loss_box_reg: 0.1286 (0.1319)  loss_objectness: 0.0037 (0.0061)  loss_rpn_box_reg: 0.0052 (0.0098)  time: 3.4056  data: 0.0307  max mem: 11078
Epoch: [13]  [400/402]  eta: 0:00:06  lr: 0.001000  loss: 0.1884 (0.2121)  loss_classifier: 0.0570 (0.0652)  loss_box_reg: 0.1201 (0.1314)  loss_objectness: 0.0047 (0.0061)  loss_rpn_box_reg: 0.0040 (0.0094)  time: 3.3901  data: 0.0272  max mem: 11078
Epoch: [13]  [401/402]  eta: 0:00:03  lr: 0.001000  loss: 0.1860 (0.2120)  loss_classifier: 0.0570 (0.0652)  loss_box_reg: 0.1198 (0.1314)  loss_objectness: 0.0047 (0.0061)  loss_rpn_box_reg: 0.0045 (0.0094)  time: 3.3124  data: 0.0267  max mem: 11078
Epoch: [13] Total time: 0:22:47 (3.4028 s / it)
Test:  [  0/101]  eta: 0:04:13  model_time: 1.3838 (1.3838)  evaluator_time: 0.0220 (0.0220)  time: 2.5053  data: 0.8003  max mem: 11078
Test:  [100/101]  eta: 0:00:01  model_time: 1.3729 (1.3725)  evaluator_time: 0.0134 (0.0141)  time: 1.4203  data: 0.0235  max mem: 11078
Test: Total time: 0:02:27 (1.4561 s / it)
Average Precision  (AP) @[ IoU=0.50:0.95 | area=   all | maxDets=100 ] = 0.23805906045498093
Average Precision  (AP) @[ IoU=0.50      | area=   all | maxDets=100 ] = 0.5042057175489396
Average Precision  (AP) @[ IoU=0.75      | area=   all | maxDets=100 ] = 0.20877823770376133
Average Precision  (AP) @[ IoU=0.50:0.95 | area= small | maxDets=100 ] = 0.0
Average Precision  (AP) @[ IoU=0.50:0.95 | area=medium | maxDets=100 ] = 0.19442773764931007
Average Precision  (AP) @[ IoU=0.50:0.95 | area= large | maxDets=100 ] = 0.24499739488349578
Average Recall     (AR) @[ IoU=0.50:0.95 | area=   all | maxDets=  1 ] = 0.33826862447507133
Average Recall     (AR) @[ IoU=0.50:0.95 | area=   all | maxDets= 10 ] = 0.44133550946584804
Average Recall     (AR) @[ IoU=0.50:0.95 | area=   all | maxDets=100 ] = 0.4439072274747811
Average Recall     (AR) @[ IoU=0.50:0.95 | area= small | maxDets=100 ] = 0.0
Average Recall     (AR) @[ IoU=0.50:0.95 | area=medium | maxDets=100 ] = 0.351875
Average Recall     (AR) @[ IoU=0.50:0.95 | area= large | maxDets=100 ] = 0.4485305204495923



Epoch: [14]  [  0/402]  eta: 0:37:46  lr: 0.001000  loss: 0.1811 (0.1811)  loss_classifier: 0.0513 (0.0513)  loss_box_reg: 0.1228 (0.1228)  loss_objectness: 0.0027 (0.0027)  loss_rpn_box_reg: 0.0043 (0.0043)  time: 5.6371  data: 2.1845  max mem: 11078
Epoch: [14]  [100/402]  eta: 0:17:15  lr: 0.001000  loss: 0.1985 (0.2160)  loss_classifier: 0.0645 (0.0660)  loss_box_reg: 0.1280 (0.1330)  loss_objectness: 0.0038 (0.0064)  loss_rpn_box_reg: 0.0058 (0.0107)  time: 3.4059  data: 0.0297  max mem: 11078
Epoch: [14]  [200/402]  eta: 0:11:30  lr: 0.001000  loss: 0.2095 (0.2094)  loss_classifier: 0.0660 (0.0639)  loss_box_reg: 0.1268 (0.1294)  loss_objectness: 0.0041 (0.0060)  loss_rpn_box_reg: 0.0071 (0.0101)  time: 3.4046  data: 0.0294  max mem: 11078
Epoch: [14]  [300/402]  eta: 0:05:48  lr: 0.001000  loss: 0.2027 (0.2075)  loss_classifier: 0.0614 (0.0634)  loss_box_reg: 0.1280 (0.1286)  loss_objectness: 0.0047 (0.0059)  loss_rpn_box_reg: 0.0056 (0.0095)  time: 3.4044  data: 0.0292  max mem: 11078
Epoch: [14]  [400/402]  eta: 0:00:06  lr: 0.001000  loss: 0.2050 (0.2056)  loss_classifier: 0.0631 (0.0626)  loss_box_reg: 0.1273 (0.1276)  loss_objectness: 0.0043 (0.0058)  loss_rpn_box_reg: 0.0061 (0.0096)  time: 3.4031  data: 0.0279  max mem: 11078
Epoch: [14]  [401/402]  eta: 0:00:03  lr: 0.001000  loss: 0.2019 (0.2056)  loss_classifier: 0.0623 (0.0626)  loss_box_reg: 0.1256 (0.1276)  loss_objectness: 0.0050 (0.0058)  loss_rpn_box_reg: 0.0061 (0.0096)  time: 3.3253  data: 0.0273  max mem: 11078
Epoch: [14] Total time: 0:22:50 (3.4084 s / it)
Test:  [  0/101]  eta: 0:04:23  model_time: 1.3891 (1.3891)  evaluator_time: 0.0275 (0.0275)  time: 2.6043  data: 0.9109  max mem: 11078
Test:  [100/101]  eta: 0:00:01  model_time: 1.3893 (1.3885)  evaluator_time: 0.0141 (0.0186)  time: 1.4410  data: 0.0234  max mem: 11078
Test: Total time: 0:02:28 (1.4742 s / it)
Average Precision  (AP) @[ IoU=0.50:0.95 | area=   all | maxDets=100 ] = 0.24782582127496072
Average Precision  (AP) @[ IoU=0.50      | area=   all | maxDets=100 ] = 0.5128140413686392
Average Precision  (AP) @[ IoU=0.75      | area=   all | maxDets=100 ] = 0.22366275997886434
Average Precision  (AP) @[ IoU=0.50:0.95 | area= small | maxDets=100 ] = 0.0
Average Precision  (AP) @[ IoU=0.50:0.95 | area=medium | maxDets=100 ] = 0.22495611200526325
Average Precision  (AP) @[ IoU=0.50:0.95 | area= large | maxDets=100 ] = 0.256004271504527
Average Recall     (AR) @[ IoU=0.50:0.95 | area=   all | maxDets=  1 ] = 0.3628067257216888
Average Recall     (AR) @[ IoU=0.50:0.95 | area=   all | maxDets= 10 ] = 0.4686654183870711
Average Recall     (AR) @[ IoU=0.50:0.95 | area=   all | maxDets=100 ] = 0.47050422362413574
Average Recall     (AR) @[ IoU=0.50:0.95 | area= small | maxDets=100 ] = 0.0
Average Recall     (AR) @[ IoU=0.50:0.95 | area=medium | maxDets=100 ] = 0.37312500000000004
Average Recall     (AR) @[ IoU=0.50:0.95 | area= large | maxDets=100 ] = 0.474776118679371



Epoch: [15]  [  0/402]  eta: 0:38:28  lr: 0.001000  loss: 0.2905 (0.2905)  loss_classifier: 0.0865 (0.0865)  loss_box_reg: 0.1391 (0.1391)  loss_objectness: 0.0217 (0.0217)  loss_rpn_box_reg: 0.0433 (0.0433)  time: 5.7415  data: 2.3329  max mem: 11078
Epoch: [15]  [100/402]  eta: 0:17:14  lr: 0.001000  loss: 0.1996 (0.1963)  loss_classifier: 0.0588 (0.0598)  loss_box_reg: 0.1290 (0.1227)  loss_objectness: 0.0036 (0.0056)  loss_rpn_box_reg: 0.0052 (0.0082)  time: 3.4099  data: 0.0285  max mem: 11078
Epoch: [15]  [200/402]  eta: 0:11:29  lr: 0.001000  loss: 0.1908 (0.1954)  loss_classifier: 0.0591 (0.0596)  loss_box_reg: 0.1212 (0.1227)  loss_objectness: 0.0032 (0.0051)  loss_rpn_box_reg: 0.0067 (0.0080)  time: 3.3951  data: 0.0299  max mem: 11078
Epoch: [15]  [300/402]  eta: 0:05:47  lr: 0.001000  loss: 0.1812 (0.1975)  loss_classifier: 0.0582 (0.0602)  loss_box_reg: 0.1170 (0.1238)  loss_objectness: 0.0037 (0.0050)  loss_rpn_box_reg: 0.0052 (0.0086)  time: 3.4137  data: 0.0291  max mem: 11078
Epoch: [15]  [400/402]  eta: 0:00:06  lr: 0.001000  loss: 0.2004 (0.1976)  loss_classifier: 0.0612 (0.0601)  loss_box_reg: 0.1241 (0.1237)  loss_objectness: 0.0035 (0.0053)  loss_rpn_box_reg: 0.0057 (0.0085)  time: 3.4027  data: 0.0270  max mem: 11078
Epoch: [15]  [401/402]  eta: 0:00:03  lr: 0.001000  loss: 0.2004 (0.1977)  loss_classifier: 0.0631 (0.0601)  loss_box_reg: 0.1222 (0.1237)  loss_objectness: 0.0036 (0.0053)  loss_rpn_box_reg: 0.0057 (0.0086)  time: 3.3257  data: 0.0264  max mem: 11078
Epoch: [15] Total time: 0:22:48 (3.4046 s / it)
Test:  [  0/101]  eta: 0:04:15  model_time: 1.3814 (1.3814)  evaluator_time: 0.0262 (0.0262)  time: 2.5266  data: 0.8257  max mem: 11078
Test:  [100/101]  eta: 0:00:01  model_time: 1.3931 (1.3835)  evaluator_time: 0.0154 (0.0191)  time: 1.4422  data: 0.0233  max mem: 11078
Test: Total time: 0:02:28 (1.4697 s / it)
Average Precision  (AP) @[ IoU=0.50:0.95 | area=   all | maxDets=100 ] = 0.1992915095256779
Average Precision  (AP) @[ IoU=0.50      | area=   all | maxDets=100 ] = 0.45070234473784615
Average Precision  (AP) @[ IoU=0.75      | area=   all | maxDets=100 ] = 0.159983168239244
Average Precision  (AP) @[ IoU=0.50:0.95 | area= small | maxDets=100 ] = 0.0
Average Precision  (AP) @[ IoU=0.50:0.95 | area=medium | maxDets=100 ] = 0.150272679256562
Average Precision  (AP) @[ IoU=0.50:0.95 | area= large | maxDets=100 ] = 0.20767849680131378
Average Recall     (AR) @[ IoU=0.50:0.95 | area=   all | maxDets=  1 ] = 0.30321849539238965
Average Recall     (AR) @[ IoU=0.50:0.95 | area=   all | maxDets= 10 ] = 0.4057916139319915
Average Recall     (AR) @[ IoU=0.50:0.95 | area=   all | maxDets=100 ] = 0.40940837913229877
Average Recall     (AR) @[ IoU=0.50:0.95 | area= small | maxDets=100 ] = 0.0
Average Recall     (AR) @[ IoU=0.50:0.95 | area=medium | maxDets=100 ] = 0.381875
Average Recall     (AR) @[ IoU=0.50:0.95 | area= large | maxDets=100 ] = 0.4132721067877645



Epoch: [16]  [  0/402]  eta: 0:36:48  lr: 0.001000  loss: 0.1545 (0.1545)  loss_classifier: 0.0492 (0.0492)  loss_box_reg: 0.0978 (0.0978)  loss_objectness: 0.0031 (0.0031)  loss_rpn_box_reg: 0.0045 (0.0045)  time: 5.4928  data: 1.9023  max mem: 11078
Epoch: [16]  [100/402]  eta: 0:17:13  lr: 0.001000  loss: 0.1833 (0.1943)  loss_classifier: 0.0531 (0.0590)  loss_box_reg: 0.1182 (0.1223)  loss_objectness: 0.0029 (0.0045)  loss_rpn_box_reg: 0.0068 (0.0085)  time: 3.4041  data: 0.0296  max mem: 11078
Epoch: [16]  [200/402]  eta: 0:11:29  lr: 0.001000  loss: 0.1915 (0.1947)  loss_classifier: 0.0574 (0.0592)  loss_box_reg: 0.1252 (0.1226)  loss_objectness: 0.0044 (0.0046)  loss_rpn_box_reg: 0.0063 (0.0083)  time: 3.4084  data: 0.0292  max mem: 11078
Epoch: [16]  [300/402]  eta: 0:05:47  lr: 0.001000  loss: 0.1973 (0.1942)  loss_classifier: 0.0574 (0.0590)  loss_box_reg: 0.1221 (0.1221)  loss_objectness: 0.0033 (0.0048)  loss_rpn_box_reg: 0.0059 (0.0083)  time: 3.4031  data: 0.0313  max mem: 11078
Epoch: [16]  [400/402]  eta: 0:00:06  lr: 0.001000  loss: 0.1721 (0.1928)  loss_classifier: 0.0527 (0.0588)  loss_box_reg: 0.1103 (0.1211)  loss_objectness: 0.0022 (0.0047)  loss_rpn_box_reg: 0.0042 (0.0082)  time: 3.3993  data: 0.0264  max mem: 11078
Epoch: [16]  [401/402]  eta: 0:00:03  lr: 0.001000  loss: 0.1721 (0.1928)  loss_classifier: 0.0527 (0.0588)  loss_box_reg: 0.1103 (0.1211)  loss_objectness: 0.0022 (0.0047)  loss_rpn_box_reg: 0.0043 (0.0082)  time: 3.3219  data: 0.0258  max mem: 11078
Epoch: [16] Total time: 0:22:48 (3.4041 s / it)
Test:  [  0/101]  eta: 0:04:59  model_time: 1.3695 (1.3695)  evaluator_time: 0.0184 (0.0184)  time: 2.9604  data: 1.3347  max mem: 11078
Test:  [100/101]  eta: 0:00:01  model_time: 1.3922 (1.3864)  evaluator_time: 0.0132 (0.0136)  time: 1.4389  data: 0.0224  max mem: 11078
Test: Total time: 0:02:28 (1.4717 s / it)
Average Precision  (AP) @[ IoU=0.50:0.95 | area=   all | maxDets=100 ] = 0.24621387500745695
Average Precision  (AP) @[ IoU=0.50      | area=   all | maxDets=100 ] = 0.5236109202781963
Average Precision  (AP) @[ IoU=0.75      | area=   all | maxDets=100 ] = 0.21684158096920736
Average Precision  (AP) @[ IoU=0.50:0.95 | area= small | maxDets=100 ] = 0.0
Average Precision  (AP) @[ IoU=0.50:0.95 | area=medium | maxDets=100 ] = 0.22162312064539785
Average Precision  (AP) @[ IoU=0.50:0.95 | area= large | maxDets=100 ] = 0.2520391846382596
Average Recall     (AR) @[ IoU=0.50:0.95 | area=   all | maxDets=  1 ] = 0.34739704279918754
Average Recall     (AR) @[ IoU=0.50:0.95 | area=   all | maxDets= 10 ] = 0.4445337698254874
Average Recall     (AR) @[ IoU=0.50:0.95 | area=   all | maxDets=100 ] = 0.44570336046876224
Average Recall     (AR) @[ IoU=0.50:0.95 | area= small | maxDets=100 ] = 0.0
Average Recall     (AR) @[ IoU=0.50:0.95 | area=medium | maxDets=100 ] = 0.34187500000000004
Average Recall     (AR) @[ IoU=0.50:0.95 | area= large | maxDets=100 ] = 0.45045486827517434



Epoch: [17]  [  0/402]  eta: 0:37:59  lr: 0.001000  loss: 0.1822 (0.1822)  loss_classifier: 0.0512 (0.0512)  loss_box_reg: 0.1194 (0.1194)  loss_objectness: 0.0025 (0.0025)  loss_rpn_box_reg: 0.0092 (0.0092)  time: 5.6697  data: 2.1855  max mem: 11078
Epoch: [17]  [100/402]  eta: 0:17:14  lr: 0.001000  loss: 0.1845 (0.1939)  loss_classifier: 0.0579 (0.0589)  loss_box_reg: 0.1191 (0.1216)  loss_objectness: 0.0031 (0.0052)  loss_rpn_box_reg: 0.0057 (0.0083)  time: 3.3911  data: 0.0299  max mem: 11078
Epoch: [17]  [200/402]  eta: 0:11:29  lr: 0.001000  loss: 0.1800 (0.1899)  loss_classifier: 0.0581 (0.0578)  loss_box_reg: 0.1149 (0.1196)  loss_objectness: 0.0027 (0.0045)  loss_rpn_box_reg: 0.0049 (0.0080)  time: 3.4110  data: 0.0293  max mem: 11078
Epoch: [17]  [300/402]  eta: 0:05:48  lr: 0.001000  loss: 0.1846 (0.1913)  loss_classifier: 0.0553 (0.0581)  loss_box_reg: 0.1121 (0.1199)  loss_objectness: 0.0028 (0.0047)  loss_rpn_box_reg: 0.0052 (0.0086)  time: 3.4075  data: 0.0303  max mem: 11078
Epoch: [17]  [400/402]  eta: 0:00:06  lr: 0.001000  loss: 0.1877 (0.1907)  loss_classifier: 0.0610 (0.0577)  loss_box_reg: 0.1158 (0.1193)  loss_objectness: 0.0031 (0.0049)  loss_rpn_box_reg: 0.0052 (0.0088)  time: 3.3927  data: 0.0261  max mem: 11078
Epoch: [17]  [401/402]  eta: 0:00:03  lr: 0.001000  loss: 0.1890 (0.1907)  loss_classifier: 0.0611 (0.0577)  loss_box_reg: 0.1158 (0.1193)  loss_objectness: 0.0035 (0.0049)  loss_rpn_box_reg: 0.0052 (0.0087)  time: 3.3155  data: 0.0253  max mem: 11078
Epoch: [17] Total time: 0:22:49 (3.4061 s / it)
Test:  [  0/101]  eta: 0:04:07  model_time: 1.3736 (1.3736)  evaluator_time: 0.0286 (0.0286)  time: 2.4508  data: 0.7684  max mem: 11078
Test:  [100/101]  eta: 0:00:01  model_time: 1.3888 (1.3850)  evaluator_time: 0.0169 (0.0209)  time: 1.4563  data: 0.0235  max mem: 11078
Test: Total time: 0:02:28 (1.4711 s / it)
Average Precision  (AP) @[ IoU=0.50:0.95 | area=   all | maxDets=100 ] = 0.2705111116658753
Average Precision  (AP) @[ IoU=0.50      | area=   all | maxDets=100 ] = 0.5651090202965205
Average Precision  (AP) @[ IoU=0.75      | area=   all | maxDets=100 ] = 0.23670347570947864
Average Precision  (AP) @[ IoU=0.50:0.95 | area= small | maxDets=100 ] = 0.0
Average Precision  (AP) @[ IoU=0.50:0.95 | area=medium | maxDets=100 ] = 0.18583465657886544
Average Precision  (AP) @[ IoU=0.50:0.95 | area= large | maxDets=100 ] = 0.27889944891664875
Average Recall     (AR) @[ IoU=0.50:0.95 | area=   all | maxDets=  1 ] = 0.3794480509351826
Average Recall     (AR) @[ IoU=0.50:0.95 | area=   all | maxDets= 10 ] = 0.47166716641202205
Average Recall     (AR) @[ IoU=0.50:0.95 | area=   all | maxDets=100 ] = 0.47421451184926056
Average Recall     (AR) @[ IoU=0.50:0.95 | area= small | maxDets=100 ] = 0.0
Average Recall     (AR) @[ IoU=0.50:0.95 | area=medium | maxDets=100 ] = 0.39
Average Recall     (AR) @[ IoU=0.50:0.95 | area= large | maxDets=100 ] = 0.47897858374232655



Epoch: [18]  [  0/402]  eta: 0:37:32  lr: 0.001000  loss: 0.2005 (0.2005)  loss_classifier: 0.0679 (0.0679)  loss_box_reg: 0.1187 (0.1187)  loss_objectness: 0.0050 (0.0050)  loss_rpn_box_reg: 0.0089 (0.0089)  time: 5.6026  data: 2.1494  max mem: 11078
Epoch: [18]  [100/402]  eta: 0:17:15  lr: 0.001000  loss: 0.1819 (0.1863)  loss_classifier: 0.0548 (0.0561)  loss_box_reg: 0.1116 (0.1158)  loss_objectness: 0.0038 (0.0049)  loss_rpn_box_reg: 0.0082 (0.0096)  time: 3.4096  data: 0.0294  max mem: 11078
Epoch: [18]  [200/402]  eta: 0:11:30  lr: 0.001000  loss: 0.1805 (0.1859)  loss_classifier: 0.0526 (0.0561)  loss_box_reg: 0.1088 (0.1150)  loss_objectness: 0.0040 (0.0051)  loss_rpn_box_reg: 0.0057 (0.0098)  time: 3.4079  data: 0.0302  max mem: 11078
Epoch: [18]  [300/402]  eta: 0:05:48  lr: 0.001000  loss: 0.1650 (0.1857)  loss_classifier: 0.0533 (0.0558)  loss_box_reg: 0.1100 (0.1149)  loss_objectness: 0.0045 (0.0051)  loss_rpn_box_reg: 0.0049 (0.0099)  time: 3.4054  data: 0.0314  max mem: 11078
Epoch: [18]  [400/402]  eta: 0:00:06  lr: 0.001000  loss: 0.1889 (0.1863)  loss_classifier: 0.0583 (0.0560)  loss_box_reg: 0.1188 (0.1150)  loss_objectness: 0.0039 (0.0052)  loss_rpn_box_reg: 0.0063 (0.0101)  time: 3.4020  data: 0.0275  max mem: 11078
Epoch: [18]  [401/402]  eta: 0:00:03  lr: 0.001000  loss: 0.1889 (0.1864)  loss_classifier: 0.0583 (0.0560)  loss_box_reg: 0.1188 (0.1151)  loss_objectness: 0.0036 (0.0052)  loss_rpn_box_reg: 0.0055 (0.0101)  time: 3.3246  data: 0.0269  max mem: 11078
Epoch: [18] Total time: 0:22:50 (3.4085 s / it)
Test:  [  0/101]  eta: 0:04:20  model_time: 1.3724 (1.3724)  evaluator_time: 0.0243 (0.0243)  time: 2.5814  data: 0.9158  max mem: 11078
Test:  [100/101]  eta: 0:00:01  model_time: 1.3774 (1.3678)  evaluator_time: 0.0140 (0.0182)  time: 1.4236  data: 0.0225  max mem: 11078
Test: Total time: 0:02:26 (1.4525 s / it)
Average Precision  (AP) @[ IoU=0.50:0.95 | area=   all | maxDets=100 ] = 0.24470435373350868
Average Precision  (AP) @[ IoU=0.50      | area=   all | maxDets=100 ] = 0.5299546800659145
Average Precision  (AP) @[ IoU=0.75      | area=   all | maxDets=100 ] = 0.20476673029757766
Average Precision  (AP) @[ IoU=0.50:0.95 | area= small | maxDets=100 ] = 0.0
Average Precision  (AP) @[ IoU=0.50:0.95 | area=medium | maxDets=100 ] = 0.2076223935757631
Average Precision  (AP) @[ IoU=0.50:0.95 | area= large | maxDets=100 ] = 0.2506575474598723
Average Recall     (AR) @[ IoU=0.50:0.95 | area=   all | maxDets=  1 ] = 0.34567188927913656
Average Recall     (AR) @[ IoU=0.50:0.95 | area=   all | maxDets= 10 ] = 0.446941609487111
Average Recall     (AR) @[ IoU=0.50:0.95 | area=   all | maxDets=100 ] = 0.4486440959516652
Average Recall     (AR) @[ IoU=0.50:0.95 | area= small | maxDets=100 ] = 0.0
Average Recall     (AR) @[ IoU=0.50:0.95 | area=medium | maxDets=100 ] = 0.406875
Average Recall     (AR) @[ IoU=0.50:0.95 | area= large | maxDets=100 ] = 0.45288171471213323



Epoch: [19]  [  0/402]  eta: 0:37:28  lr: 0.001000  loss: 0.2243 (0.2243)  loss_classifier: 0.0540 (0.0540)  loss_box_reg: 0.0930 (0.0930)  loss_objectness: 0.0328 (0.0328)  loss_rpn_box_reg: 0.0445 (0.0445)  time: 5.5922  data: 2.1382  max mem: 11078
Epoch: [19]  [100/402]  eta: 0:17:14  lr: 0.001000  loss: 0.1762 (0.1847)  loss_classifier: 0.0533 (0.0558)  loss_box_reg: 0.1143 (0.1136)  loss_objectness: 0.0026 (0.0050)  loss_rpn_box_reg: 0.0041 (0.0103)  time: 3.4095  data: 0.0300  max mem: 11078
Epoch: [19]  [200/402]  eta: 0:11:28  lr: 0.001000  loss: 0.1689 (0.1839)  loss_classifier: 0.0504 (0.0549)  loss_box_reg: 0.1128 (0.1126)  loss_objectness: 0.0026 (0.0059)  loss_rpn_box_reg: 0.0036 (0.0105)  time: 3.3915  data: 0.0303  max mem: 11078
Epoch: [19]  [300/402]  eta: 0:05:47  lr: 0.001000  loss: 0.1668 (0.1831)  loss_classifier: 0.0484 (0.0546)  loss_box_reg: 0.1031 (0.1128)  loss_objectness: 0.0030 (0.0058)  loss_rpn_box_reg: 0.0050 (0.0099)  time: 3.4085  data: 0.0303  max mem: 11078
Epoch: [19]  [400/402]  eta: 0:00:06  lr: 0.001000  loss: 0.1757 (0.1825)  loss_classifier: 0.0538 (0.0546)  loss_box_reg: 0.1094 (0.1128)  loss_objectness: 0.0026 (0.0053)  loss_rpn_box_reg: 0.0050 (0.0097)  time: 3.3870  data: 0.0267  max mem: 11078
Epoch: [19]  [401/402]  eta: 0:00:03  lr: 0.001000  loss: 0.1792 (0.1826)  loss_classifier: 0.0545 (0.0547)  loss_box_reg: 0.1153 (0.1129)  loss_objectness: 0.0027 (0.0053)  loss_rpn_box_reg: 0.0050 (0.0097)  time: 3.3084  data: 0.0263  max mem: 11078
Epoch: [19] Total time: 0:22:48 (3.4040 s / it)
Test:  [  0/101]  eta: 0:04:21  model_time: 1.3723 (1.3723)  evaluator_time: 0.0259 (0.0259)  time: 2.5919  data: 0.9201  max mem: 11078
Test:  [100/101]  eta: 0:00:01  model_time: 1.3623 (1.3548)  evaluator_time: 0.0139 (0.0152)  time: 1.4086  data: 0.0224  max mem: 11078
Test: Total time: 0:02:25 (1.4394 s / it)
Average Precision  (AP) @[ IoU=0.50:0.95 | area=   all | maxDets=100 ] = 0.2448683333477644
Average Precision  (AP) @[ IoU=0.50      | area=   all | maxDets=100 ] = 0.5284452800027036
Average Precision  (AP) @[ IoU=0.75      | area=   all | maxDets=100 ] = 0.21021079465350043
Average Precision  (AP) @[ IoU=0.50:0.95 | area= small | maxDets=100 ] = 0.0
Average Precision  (AP) @[ IoU=0.50:0.95 | area=medium | maxDets=100 ] = 0.21454971296709285
Average Precision  (AP) @[ IoU=0.50:0.95 | area= large | maxDets=100 ] = 0.25168366527618624
Average Recall     (AR) @[ IoU=0.50:0.95 | area=   all | maxDets=  1 ] = 0.3488437203262115
Average Recall     (AR) @[ IoU=0.50:0.95 | area=   all | maxDets= 10 ] = 0.44890081042809354
Average Recall     (AR) @[ IoU=0.50:0.95 | area=   all | maxDets=100 ] = 0.4509185569419613
Average Recall     (AR) @[ IoU=0.50:0.95 | area= small | maxDets=100 ] = 0.0
Average Recall     (AR) @[ IoU=0.50:0.95 | area=medium | maxDets=100 ] = 0.371875
Average Recall     (AR) @[ IoU=0.50:0.95 | area= large | maxDets=100 ] = 0.45529267125899275



Epoch: [20]  [  0/402]  eta: 0:36:17  lr: 0.001000  loss: 0.1633 (0.1633)  loss_classifier: 0.0464 (0.0464)  loss_box_reg: 0.1024 (0.1024)  loss_objectness: 0.0020 (0.0020)  loss_rpn_box_reg: 0.0126 (0.0126)  time: 5.4158  data: 1.9649  max mem: 11078
Epoch: [20]  [100/402]  eta: 0:17:13  lr: 0.001000  loss: 0.1802 (0.1784)  loss_classifier: 0.0512 (0.0540)  loss_box_reg: 0.1172 (0.1135)  loss_objectness: 0.0022 (0.0038)  loss_rpn_box_reg: 0.0049 (0.0071)  time: 3.4004  data: 0.0309  max mem: 11078
Epoch: [20]  [200/402]  eta: 0:11:29  lr: 0.001000  loss: 0.1611 (0.1785)  loss_classifier: 0.0460 (0.0536)  loss_box_reg: 0.1038 (0.1124)  loss_objectness: 0.0019 (0.0045)  loss_rpn_box_reg: 0.0042 (0.0079)  time: 3.3985  data: 0.0292  max mem: 11078
Epoch: [20]  [300/402]  eta: 0:05:48  lr: 0.001000  loss: 0.1622 (0.1786)  loss_classifier: 0.0477 (0.0538)  loss_box_reg: 0.1017 (0.1124)  loss_objectness: 0.0028 (0.0046)  loss_rpn_box_reg: 0.0042 (0.0079)  time: 3.4093  data: 0.0289  max mem: 11078
Epoch: [20]  [400/402]  eta: 0:00:06  lr: 0.001000  loss: 0.1681 (0.1782)  loss_classifier: 0.0517 (0.0535)  loss_box_reg: 0.1053 (0.1116)  loss_objectness: 0.0030 (0.0047)  loss_rpn_box_reg: 0.0047 (0.0083)  time: 3.3901  data: 0.0267  max mem: 11078
Epoch: [20]  [401/402]  eta: 0:00:03  lr: 0.001000  loss: 0.1658 (0.1781)  loss_classifier: 0.0517 (0.0535)  loss_box_reg: 0.1039 (0.1116)  loss_objectness: 0.0030 (0.0047)  loss_rpn_box_reg: 0.0040 (0.0083)  time: 3.3135  data: 0.0261  max mem: 11078
Epoch: [20] Total time: 0:22:49 (3.4076 s / it)
Test:  [  0/101]  eta: 0:04:19  model_time: 1.3656 (1.3656)  evaluator_time: 0.0251 (0.0251)  time: 2.5688  data: 0.9300  max mem: 11078
Test:  [100/101]  eta: 0:00:01  model_time: 1.3587 (1.3533)  evaluator_time: 0.0138 (0.0177)  time: 1.4080  data: 0.0235  max mem: 11078
Test: Total time: 0:02:25 (1.4383 s / it)
Average Precision  (AP) @[ IoU=0.50:0.95 | area=   all | maxDets=100 ] = 0.23725168833628196
Average Precision  (AP) @[ IoU=0.50      | area=   all | maxDets=100 ] = 0.5041596406221499
Average Precision  (AP) @[ IoU=0.75      | area=   all | maxDets=100 ] = 0.2078670250451343
Average Precision  (AP) @[ IoU=0.50:0.95 | area= small | maxDets=100 ] = 0.0
Average Precision  (AP) @[ IoU=0.50:0.95 | area=medium | maxDets=100 ] = 0.17711048067524657
Average Precision  (AP) @[ IoU=0.50:0.95 | area= large | maxDets=100 ] = 0.24485184837968374
Average Recall     (AR) @[ IoU=0.50:0.95 | area=   all | maxDets=  1 ] = 0.34311850732468574
Average Recall     (AR) @[ IoU=0.50:0.95 | area=   all | maxDets= 10 ] = 0.4377646590695149
Average Recall     (AR) @[ IoU=0.50:0.95 | area=   all | maxDets=100 ] = 0.43878805088238043
Average Recall     (AR) @[ IoU=0.50:0.95 | area= small | maxDets=100 ] = 0.0
Average Recall     (AR) @[ IoU=0.50:0.95 | area=medium | maxDets=100 ] = 0.35375
Average Recall     (AR) @[ IoU=0.50:0.95 | area= large | maxDets=100 ] = 0.44307944254621884



Epoch: [21]  [  0/402]  eta: 0:37:37  lr: 0.001000  loss: 0.1617 (0.1617)  loss_classifier: 0.0510 (0.0510)  loss_box_reg: 0.1051 (0.1051)  loss_objectness: 0.0021 (0.0021)  loss_rpn_box_reg: 0.0035 (0.0035)  time: 5.6165  data: 2.2030  max mem: 11078
Epoch: [21]  [100/402]  eta: 0:17:16  lr: 0.001000  loss: 0.1874 (0.1792)  loss_classifier: 0.0560 (0.0532)  loss_box_reg: 0.1128 (0.1102)  loss_objectness: 0.0045 (0.0058)  loss_rpn_box_reg: 0.0064 (0.0100)  time: 3.4026  data: 0.0287  max mem: 11078
Epoch: [21]  [200/402]  eta: 0:11:30  lr: 0.001000  loss: 0.1626 (0.1777)  loss_classifier: 0.0504 (0.0533)  loss_box_reg: 0.1002 (0.1097)  loss_objectness: 0.0035 (0.0055)  loss_rpn_box_reg: 0.0040 (0.0092)  time: 3.3950  data: 0.0300  max mem: 11078
Epoch: [21]  [300/402]  eta: 0:05:48  lr: 0.001000  loss: 0.1578 (0.1755)  loss_classifier: 0.0481 (0.0526)  loss_box_reg: 0.1002 (0.1083)  loss_objectness: 0.0022 (0.0053)  loss_rpn_box_reg: 0.0046 (0.0092)  time: 3.3990  data: 0.0304  max mem: 11078
Epoch: [21]  [400/402]  eta: 0:00:06  lr: 0.001000  loss: 0.1689 (0.1737)  loss_classifier: 0.0517 (0.0523)  loss_box_reg: 0.1057 (0.1079)  loss_objectness: 0.0026 (0.0048)  loss_rpn_box_reg: 0.0044 (0.0086)  time: 3.4032  data: 0.0265  max mem: 11078
Epoch: [21]  [401/402]  eta: 0:00:03  lr: 0.001000  loss: 0.1637 (0.1736)  loss_classifier: 0.0507 (0.0523)  loss_box_reg: 0.1052 (0.1079)  loss_objectness: 0.0025 (0.0048)  loss_rpn_box_reg: 0.0044 (0.0086)  time: 3.3269  data: 0.0261  max mem: 11078
Epoch: [21] Total time: 0:22:49 (3.4061 s / it)
Test:  [  0/101]  eta: 0:04:13  model_time: 1.3616 (1.3616)  evaluator_time: 0.0272 (0.0272)  time: 2.5146  data: 0.8474  max mem: 11078
Test:  [100/101]  eta: 0:00:01  model_time: 1.4008 (1.3859)  evaluator_time: 0.0134 (0.0139)  time: 1.4442  data: 0.0229  max mem: 11078
Test: Total time: 0:02:28 (1.4694 s / it)
Average Precision  (AP) @[ IoU=0.50:0.95 | area=   all | maxDets=100 ] = 0.21874940737550666
Average Precision  (AP) @[ IoU=0.50      | area=   all | maxDets=100 ] = 0.4825763573972551
Average Precision  (AP) @[ IoU=0.75      | area=   all | maxDets=100 ] = 0.18682635402080577
Average Precision  (AP) @[ IoU=0.50:0.95 | area= small | maxDets=100 ] = 0.0
Average Precision  (AP) @[ IoU=0.50:0.95 | area=medium | maxDets=100 ] = 0.13834447478062553
Average Precision  (AP) @[ IoU=0.50:0.95 | area= large | maxDets=100 ] = 0.22565675084717882
Average Recall     (AR) @[ IoU=0.50:0.95 | area=   all | maxDets=  1 ] = 0.3164106691408341
Average Recall     (AR) @[ IoU=0.50:0.95 | area=   all | maxDets= 10 ] = 0.41136702410357623
Average Recall     (AR) @[ IoU=0.50:0.95 | area=   all | maxDets=100 ] = 0.41200055236868344
Average Recall     (AR) @[ IoU=0.50:0.95 | area= small | maxDets=100 ] = 0.0
Average Recall     (AR) @[ IoU=0.50:0.95 | area=medium | maxDets=100 ] = 0.320625
Average Recall     (AR) @[ IoU=0.50:0.95 | area= large | maxDets=100 ] = 0.41624706576865383



Epoch: [22]  [  0/402]  eta: 0:36:32  lr: 0.001000  loss: 0.1568 (0.1568)  loss_classifier: 0.0410 (0.0410)  loss_box_reg: 0.1099 (0.1099)  loss_objectness: 0.0024 (0.0024)  loss_rpn_box_reg: 0.0035 (0.0035)  time: 5.4548  data: 1.8589  max mem: 11078
Epoch: [22]  [100/402]  eta: 0:17:15  lr: 0.001000  loss: 0.1614 (0.1683)  loss_classifier: 0.0458 (0.0504)  loss_box_reg: 0.0994 (0.1071)  loss_objectness: 0.0022 (0.0034)  loss_rpn_box_reg: 0.0043 (0.0075)  time: 3.4032  data: 0.0300  max mem: 11078
Epoch: [22]  [200/402]  eta: 0:11:29  lr: 0.001000  loss: 0.1658 (0.1666)  loss_classifier: 0.0517 (0.0501)  loss_box_reg: 0.1105 (0.1058)  loss_objectness: 0.0017 (0.0034)  loss_rpn_box_reg: 0.0046 (0.0072)  time: 3.3868  data: 0.0299  max mem: 11078
Epoch: [22]  [300/402]  eta: 0:05:47  lr: 0.001000  loss: 0.1631 (0.1673)  loss_classifier: 0.0473 (0.0500)  loss_box_reg: 0.1002 (0.1060)  loss_objectness: 0.0037 (0.0039)  loss_rpn_box_reg: 0.0045 (0.0073)  time: 3.4070  data: 0.0291  max mem: 11078
Epoch: [22]  [400/402]  eta: 0:00:06  lr: 0.001000  loss: 0.1739 (0.1672)  loss_classifier: 0.0503 (0.0501)  loss_box_reg: 0.1072 (0.1059)  loss_objectness: 0.0023 (0.0040)  loss_rpn_box_reg: 0.0040 (0.0073)  time: 3.3803  data: 0.0273  max mem: 11078
Epoch: [22]  [401/402]  eta: 0:00:03  lr: 0.001000  loss: 0.1730 (0.1672)  loss_classifier: 0.0503 (0.0501)  loss_box_reg: 0.1064 (0.1059)  loss_objectness: 0.0023 (0.0040)  loss_rpn_box_reg: 0.0040 (0.0073)  time: 3.3025  data: 0.0265  max mem: 11078
Epoch: [22] Total time: 0:22:47 (3.4029 s / it)
Test:  [  0/101]  eta: 0:04:23  model_time: 1.3554 (1.3554)  evaluator_time: 0.0257 (0.0257)  time: 2.6121  data: 0.9470  max mem: 11078
Test:  [100/101]  eta: 0:00:01  model_time: 1.3529 (1.3525)  evaluator_time: 0.0138 (0.0175)  time: 1.4055  data: 0.0220  max mem: 11078
Test: Total time: 0:02:25 (1.4371 s / it)
Average Precision  (AP) @[ IoU=0.50:0.95 | area=   all | maxDets=100 ] = 0.25155448794629837
Average Precision  (AP) @[ IoU=0.50      | area=   all | maxDets=100 ] = 0.5366153863326789
Average Precision  (AP) @[ IoU=0.75      | area=   all | maxDets=100 ] = 0.2122278119243577
Average Precision  (AP) @[ IoU=0.50:0.95 | area= small | maxDets=100 ] = 0.0
Average Precision  (AP) @[ IoU=0.50:0.95 | area=medium | maxDets=100 ] = 0.16482422958473708
Average Precision  (AP) @[ IoU=0.50:0.95 | area= large | maxDets=100 ] = 0.26012979164600675
Average Recall     (AR) @[ IoU=0.50:0.95 | area=   all | maxDets=  1 ] = 0.3555400537195228
Average Recall     (AR) @[ IoU=0.50:0.95 | area=   all | maxDets= 10 ] = 0.44516829262811647
Average Recall     (AR) @[ IoU=0.50:0.95 | area=   all | maxDets=100 ] = 0.44550942323240494
Average Recall     (AR) @[ IoU=0.50:0.95 | area= small | maxDets=100 ] = 0.0
Average Recall     (AR) @[ IoU=0.50:0.95 | area=medium | maxDets=100 ] = 0.340625
Average Recall     (AR) @[ IoU=0.50:0.95 | area= large | maxDets=100 ] = 0.45011512388753544



Epoch: [23]  [  0/402]  eta: 0:36:51  lr: 0.001000  loss: 0.1613 (0.1613)  loss_classifier: 0.0552 (0.0552)  loss_box_reg: 0.0995 (0.0995)  loss_objectness: 0.0024 (0.0024)  loss_rpn_box_reg: 0.0042 (0.0042)  time: 5.5001  data: 2.0210  max mem: 11078
Epoch: [23]  [100/402]  eta: 0:17:13  lr: 0.001000  loss: 0.1499 (0.1631)  loss_classifier: 0.0460 (0.0490)  loss_box_reg: 0.0941 (0.1021)  loss_objectness: 0.0019 (0.0039)  loss_rpn_box_reg: 0.0035 (0.0082)  time: 3.4068  data: 0.0296  max mem: 11078
Epoch: [23]  [200/402]  eta: 0:11:29  lr: 0.001000  loss: 0.1591 (0.1659)  loss_classifier: 0.0467 (0.0495)  loss_box_reg: 0.0978 (0.1024)  loss_objectness: 0.0040 (0.0048)  loss_rpn_box_reg: 0.0044 (0.0092)  time: 3.4000  data: 0.0284  max mem: 11078
Epoch: [23]  [300/402]  eta: 0:05:47  lr: 0.001000  loss: 0.1653 (0.1661)  loss_classifier: 0.0506 (0.0494)  loss_box_reg: 0.1067 (0.1025)  loss_objectness: 0.0039 (0.0046)  loss_rpn_box_reg: 0.0038 (0.0095)  time: 3.3835  data: 0.0300  max mem: 11078
Epoch: [23]  [400/402]  eta: 0:00:06  lr: 0.001000  loss: 0.1613 (0.1653)  loss_classifier: 0.0495 (0.0491)  loss_box_reg: 0.1000 (0.1027)  loss_objectness: 0.0023 (0.0045)  loss_rpn_box_reg: 0.0048 (0.0090)  time: 3.3961  data: 0.0266  max mem: 11078
Epoch: [23]  [401/402]  eta: 0:00:03  lr: 0.001000  loss: 0.1603 (0.1653)  loss_classifier: 0.0473 (0.0491)  loss_box_reg: 0.0998 (0.1027)  loss_objectness: 0.0023 (0.0045)  loss_rpn_box_reg: 0.0047 (0.0089)  time: 3.3207  data: 0.0263  max mem: 11078
Epoch: [23] Total time: 0:22:48 (3.4038 s / it)
Test:  [  0/101]  eta: 0:04:19  model_time: 1.3641 (1.3641)  evaluator_time: 0.0253 (0.0253)  time: 2.5679  data: 0.9033  max mem: 11078
Test:  [100/101]  eta: 0:00:01  model_time: 1.3859 (1.3827)  evaluator_time: 0.0133 (0.0144)  time: 1.4336  data: 0.0230  max mem: 11078
Test: Total time: 0:02:28 (1.4671 s / it)
Average Precision  (AP) @[ IoU=0.50:0.95 | area=   all | maxDets=100 ] = 0.23093628664118282
Average Precision  (AP) @[ IoU=0.50      | area=   all | maxDets=100 ] = 0.5092938407934291
Average Precision  (AP) @[ IoU=0.75      | area=   all | maxDets=100 ] = 0.18761667005337163
Average Precision  (AP) @[ IoU=0.50:0.95 | area= small | maxDets=100 ] = 0.0
Average Precision  (AP) @[ IoU=0.50:0.95 | area=medium | maxDets=100 ] = 0.19134927322519488
Average Precision  (AP) @[ IoU=0.50:0.95 | area= large | maxDets=100 ] = 0.23728738770139332
Average Recall     (AR) @[ IoU=0.50:0.95 | area=   all | maxDets=  1 ] = 0.33416179000291385
Average Recall     (AR) @[ IoU=0.50:0.95 | area=   all | maxDets= 10 ] = 0.43102145571649897
Average Recall     (AR) @[ IoU=0.50:0.95 | area=   all | maxDets=100 ] = 0.4323729315188658
Average Recall     (AR) @[ IoU=0.50:0.95 | area= small | maxDets=100 ] = 0.0
Average Recall     (AR) @[ IoU=0.50:0.95 | area=medium | maxDets=100 ] = 0.38375000000000004
Average Recall     (AR) @[ IoU=0.50:0.95 | area= large | maxDets=100 ] = 0.43628837753101257



Epoch: [24]  [  0/402]  eta: 0:38:07  lr: 0.001000  loss: 0.1500 (0.1500)  loss_classifier: 0.0428 (0.0428)  loss_box_reg: 0.0995 (0.0995)  loss_objectness: 0.0031 (0.0031)  loss_rpn_box_reg: 0.0046 (0.0046)  time: 5.6906  data: 2.2113  max mem: 11078
Epoch: [24]  [100/402]  eta: 0:17:15  lr: 0.001000  loss: 0.1673 (0.1583)  loss_classifier: 0.0508 (0.0474)  loss_box_reg: 0.0997 (0.1000)  loss_objectness: 0.0027 (0.0035)  loss_rpn_box_reg: 0.0047 (0.0074)  time: 3.4075  data: 0.0292  max mem: 11078
Epoch: [24]  [200/402]  eta: 0:11:29  lr: 0.001000  loss: 0.1499 (0.1615)  loss_classifier: 0.0437 (0.0485)  loss_box_reg: 0.0985 (0.1012)  loss_objectness: 0.0022 (0.0039)  loss_rpn_box_reg: 0.0038 (0.0078)  time: 3.4039  data: 0.0288  max mem: 11078
Epoch: [24]  [300/402]  eta: 0:05:47  lr: 0.001000  loss: 0.1581 (0.1617)  loss_classifier: 0.0468 (0.0487)  loss_box_reg: 0.0949 (0.1010)  loss_objectness: 0.0021 (0.0040)  loss_rpn_box_reg: 0.0047 (0.0080)  time: 3.4093  data: 0.0298  max mem: 11078
Epoch: [24]  [400/402]  eta: 0:00:06  lr: 0.001000  loss: 0.1511 (0.1606)  loss_classifier: 0.0452 (0.0483)  loss_box_reg: 0.0913 (0.1003)  loss_objectness: 0.0032 (0.0041)  loss_rpn_box_reg: 0.0042 (0.0079)  time: 3.3973  data: 0.0276  max mem: 11078
Epoch: [24]  [401/402]  eta: 0:00:03  lr: 0.001000  loss: 0.1522 (0.1606)  loss_classifier: 0.0455 (0.0483)  loss_box_reg: 0.0966 (0.1003)  loss_objectness: 0.0036 (0.0041)  loss_rpn_box_reg: 0.0042 (0.0079)  time: 3.3194  data: 0.0268  max mem: 11078
Epoch: [24] Total time: 0:22:49 (3.4057 s / it)
Test:  [  0/101]  eta: 0:04:21  model_time: 1.3697 (1.3697)  evaluator_time: 0.0235 (0.0235)  time: 2.5886  data: 0.9359  max mem: 11078
Test:  [100/101]  eta: 0:00:01  model_time: 1.3651 (1.3552)  evaluator_time: 0.0129 (0.0138)  time: 1.4151  data: 0.0234  max mem: 11078
Test: Total time: 0:02:25 (1.4359 s / it)
Average Precision  (AP) @[ IoU=0.50:0.95 | area=   all | maxDets=100 ] = 0.2457111198541593
Average Precision  (AP) @[ IoU=0.50      | area=   all | maxDets=100 ] = 0.5225154419176583
Average Precision  (AP) @[ IoU=0.75      | area=   all | maxDets=100 ] = 0.21646732356607667
Average Precision  (AP) @[ IoU=0.50:0.95 | area= small | maxDets=100 ] = 0.0
Average Precision  (AP) @[ IoU=0.50:0.95 | area=medium | maxDets=100 ] = 0.23995863625324032
Average Precision  (AP) @[ IoU=0.50:0.95 | area= large | maxDets=100 ] = 0.25227155770533705
Average Recall     (AR) @[ IoU=0.50:0.95 | area=   all | maxDets=  1 ] = 0.33600641398469594
Average Recall     (AR) @[ IoU=0.50:0.95 | area=   all | maxDets= 10 ] = 0.42729519040545233
Average Recall     (AR) @[ IoU=0.50:0.95 | area=   all | maxDets=100 ] = 0.4280749175009689
Average Recall     (AR) @[ IoU=0.50:0.95 | area= small | maxDets=100 ] = 0.0
Average Recall     (AR) @[ IoU=0.50:0.95 | area=medium | maxDets=100 ] = 0.36375
Average Recall     (AR) @[ IoU=0.50:0.95 | area= large | maxDets=100 ] = 0.432235269703432




