Epoch: [0]  [  0/402]  eta: 0:27:12  lr: 0.000003  loss: 2.2794 (2.2794)  loss_classifier: 1.4096 (1.4096)  loss_box_reg: 0.1308 (0.1308)  loss_objectness: 0.7101 (0.7101)  loss_rpn_box_reg: 0.0289 (0.0289)  time: 4.0620  data: 3.0759  max mem: 1246
Epoch: [0]  [100/402]  eta: 0:02:38  lr: 0.000253  loss: 1.2570 (1.4380)  loss_classifier: 0.7032 (0.6497)  loss_box_reg: 0.1608 (0.1651)  loss_objectness: 0.3572 (0.5981)  loss_rpn_box_reg: 0.0241 (0.0251)  time: 0.4782  data: 0.0433  max mem: 1309
Epoch: [0]  [200/402]  eta: 0:01:41  lr: 0.000502  loss: 0.7110 (1.1148)  loss_classifier: 0.2856 (0.4988)  loss_box_reg: 0.2229 (0.1948)  loss_objectness: 0.1762 (0.3966)  loss_rpn_box_reg: 0.0218 (0.0247)  time: 0.4791  data: 0.0478  max mem: 1309
Epoch: [0]  [300/402]  eta: 0:00:50  lr: 0.000751  loss: 0.6817 (0.9712)  loss_classifier: 0.2871 (0.4275)  loss_box_reg: 0.2304 (0.2046)  loss_objectness: 0.1267 (0.3148)  loss_rpn_box_reg: 0.0222 (0.0244)  time: 0.4822  data: 0.0517  max mem: 1309
Epoch: [0]  [400/402]  eta: 0:00:00  lr: 0.001000  loss: 0.6807 (0.8995)  loss_classifier: 0.2986 (0.3962)  loss_box_reg: 0.2510 (0.2160)  loss_objectness: 0.0945 (0.2636)  loss_rpn_box_reg: 0.0179 (0.0238)  time: 0.4405  data: 0.0362  max mem: 1309
Epoch: [0]  [401/402]  eta: 0:00:00  lr: 0.001000  loss: 0.6807 (0.8991)  loss_classifier: 0.2986 (0.3960)  loss_box_reg: 0.2510 (0.2162)  loss_objectness: 0.0942 (0.2631)  loss_rpn_box_reg: 0.0178 (0.0238)  time: 0.4257  data: 0.0357  max mem: 1309
Epoch: [0] Total time: 0:03:16 (0.4900 s / it)
Test:  [  0/101]  eta: 0:02:15  model_time: 0.2209 (0.2209)  evaluator_time: 0.0365 (0.0365)  time: 1.3422  data: 0.8098  max mem: 1309
Test:  [100/101]  eta: 0:00:00  model_time: 0.1036 (0.1101)  evaluator_time: 0.0260 (0.0372)  time: 0.1735  data: 0.0228  max mem: 1309
Test: Total time: 0:00:21 (0.2120 s / it)
Average Precision  (AP) @[ IoU=0.50:0.95 | area=   all | maxDets=100 ] = 0.0017107627956059414
Average Precision  (AP) @[ IoU=0.50      | area=   all | maxDets=100 ] = 0.00804384754002412
Average Precision  (AP) @[ IoU=0.75      | area=   all | maxDets=100 ] = 0.00012536130726709314
Average Precision  (AP) @[ IoU=0.50:0.95 | area= small | maxDets=100 ] = 0.0
Average Precision  (AP) @[ IoU=0.50:0.95 | area=medium | maxDets=100 ] = 0.0
Average Precision  (AP) @[ IoU=0.50:0.95 | area= large | maxDets=100 ] = 0.0017485855668910304
Average Recall     (AR) @[ IoU=0.50:0.95 | area=   all | maxDets=  1 ] = 0.010963768811426654
Average Recall     (AR) @[ IoU=0.50:0.95 | area=   all | maxDets= 10 ] = 0.03734005205317868
Average Recall     (AR) @[ IoU=0.50:0.95 | area=   all | maxDets=100 ] = 0.04085367149589637
Average Recall     (AR) @[ IoU=0.50:0.95 | area= small | maxDets=100 ] = 0.0
Average Recall     (AR) @[ IoU=0.50:0.95 | area=medium | maxDets=100 ] = 0.0
Average Recall     (AR) @[ IoU=0.50:0.95 | area= large | maxDets=100 ] = 0.04147317354068763



Epoch: [1]  [  0/402]  eta: 0:19:08  lr: 0.001000  loss: 0.6852 (0.6852)  loss_classifier: 0.3028 (0.3028)  loss_box_reg: 0.2723 (0.2723)  loss_objectness: 0.0863 (0.0863)  loss_rpn_box_reg: 0.0238 (0.0238)  time: 2.8561  data: 2.0440  max mem: 1309
Epoch: [1]  [100/402]  eta: 0:02:36  lr: 0.001000  loss: 0.6874 (0.7060)  loss_classifier: 0.3144 (0.3198)  loss_box_reg: 0.2790 (0.2772)  loss_objectness: 0.0844 (0.0905)  loss_rpn_box_reg: 0.0186 (0.0184)  time: 0.4827  data: 0.0487  max mem: 1309
Epoch: [1]  [200/402]  eta: 0:01:41  lr: 0.001000  loss: 0.6879 (0.7024)  loss_classifier: 0.3198 (0.3207)  loss_box_reg: 0.2841 (0.2787)  loss_objectness: 0.0704 (0.0853)  loss_rpn_box_reg: 0.0159 (0.0177)  time: 0.4879  data: 0.0455  max mem: 1309
Epoch: [1]  [300/402]  eta: 0:00:50  lr: 0.001000  loss: 0.6941 (0.7016)  loss_classifier: 0.3221 (0.3221)  loss_box_reg: 0.2851 (0.2805)  loss_objectness: 0.0691 (0.0818)  loss_rpn_box_reg: 0.0162 (0.0173)  time: 0.4848  data: 0.0486  max mem: 1309
Epoch: [1]  [400/402]  eta: 0:00:00  lr: 0.001000  loss: 0.6843 (0.7011)  loss_classifier: 0.3225 (0.3229)  loss_box_reg: 0.2900 (0.2827)  loss_objectness: 0.0592 (0.0786)  loss_rpn_box_reg: 0.0142 (0.0170)  time: 0.4410  data: 0.0400  max mem: 1309
Epoch: [1]  [401/402]  eta: 0:00:00  lr: 0.001000  loss: 0.6845 (0.7010)  loss_classifier: 0.3231 (0.3229)  loss_box_reg: 0.2900 (0.2826)  loss_objectness: 0.0592 (0.0785)  loss_rpn_box_reg: 0.0142 (0.0170)  time: 0.4296  data: 0.0393  max mem: 1309
Epoch: [1] Total time: 0:03:17 (0.4921 s / it)
Test:  [  0/101]  eta: 0:02:30  model_time: 0.2207 (0.2207)  evaluator_time: 0.0440 (0.0440)  time: 1.4860  data: 0.9118  max mem: 1309
Test:  [100/101]  eta: 0:00:00  model_time: 0.1039 (0.1080)  evaluator_time: 0.0328 (0.0388)  time: 0.1921  data: 0.0226  max mem: 1309
Test: Total time: 0:00:21 (0.2135 s / it)
Average Precision  (AP) @[ IoU=0.50:0.95 | area=   all | maxDets=100 ] = 0.009219917912937556
Average Precision  (AP) @[ IoU=0.50      | area=   all | maxDets=100 ] = 0.036476200297959796
Average Precision  (AP) @[ IoU=0.75      | area=   all | maxDets=100 ] = 0.0020673257879539374
Average Precision  (AP) @[ IoU=0.50:0.95 | area= small | maxDets=100 ] = 0.0
Average Precision  (AP) @[ IoU=0.50:0.95 | area=medium | maxDets=100 ] = 0.0
Average Precision  (AP) @[ IoU=0.50:0.95 | area= large | maxDets=100 ] = 0.009632336585096409
Average Recall     (AR) @[ IoU=0.50:0.95 | area=   all | maxDets=  1 ] = 0.03868501758775012
Average Recall     (AR) @[ IoU=0.50:0.95 | area=   all | maxDets= 10 ] = 0.08692166743697016
Average Recall     (AR) @[ IoU=0.50:0.95 | area=   all | maxDets=100 ] = 0.0901760778046219
Average Recall     (AR) @[ IoU=0.50:0.95 | area= small | maxDets=100 ] = 0.0
Average Recall     (AR) @[ IoU=0.50:0.95 | area=medium | maxDets=100 ] = 0.0
Average Recall     (AR) @[ IoU=0.50:0.95 | area= large | maxDets=100 ] = 0.09210377542256974



Epoch: [2]  [  0/402]  eta: 0:18:32  lr: 0.001000  loss: 0.6962 (0.6962)  loss_classifier: 0.3356 (0.3356)  loss_box_reg: 0.2781 (0.2781)  loss_objectness: 0.0671 (0.0671)  loss_rpn_box_reg: 0.0154 (0.0154)  time: 2.7664  data: 2.0185  max mem: 1309
Epoch: [2]  [100/402]  eta: 0:02:34  lr: 0.001000  loss: 0.6959 (0.6932)  loss_classifier: 0.3144 (0.3201)  loss_box_reg: 0.2929 (0.2875)  loss_objectness: 0.0639 (0.0694)  loss_rpn_box_reg: 0.0148 (0.0163)  time: 0.4873  data: 0.0468  max mem: 1309
Epoch: [2]  [200/402]  eta: 0:01:40  lr: 0.001000  loss: 0.6663 (0.6854)  loss_classifier: 0.3091 (0.3172)  loss_box_reg: 0.2768 (0.2849)  loss_objectness: 0.0626 (0.0674)  loss_rpn_box_reg: 0.0156 (0.0159)  time: 0.4702  data: 0.0474  max mem: 1309
Epoch: [2]  [300/402]  eta: 0:00:49  lr: 0.001000  loss: 0.6503 (0.6813)  loss_classifier: 0.2967 (0.3150)  loss_box_reg: 0.2762 (0.2846)  loss_objectness: 0.0561 (0.0661)  loss_rpn_box_reg: 0.0140 (0.0157)  time: 0.4731  data: 0.0467  max mem: 1309
Epoch: [2]  [400/402]  eta: 0:00:00  lr: 0.001000  loss: 0.6311 (0.6732)  loss_classifier: 0.2943 (0.3111)  loss_box_reg: 0.2730 (0.2819)  loss_objectness: 0.0564 (0.0648)  loss_rpn_box_reg: 0.0142 (0.0154)  time: 0.4412  data: 0.0407  max mem: 1309
Epoch: [2]  [401/402]  eta: 0:00:00  lr: 0.001000  loss: 0.6512 (0.6732)  loss_classifier: 0.2955 (0.3111)  loss_box_reg: 0.2792 (0.2819)  loss_objectness: 0.0566 (0.0648)  loss_rpn_box_reg: 0.0142 (0.0154)  time: 0.4243  data: 0.0386  max mem: 1309
Epoch: [2] Total time: 0:03:14 (0.4843 s / it)
Test:  [  0/101]  eta: 0:02:37  model_time: 0.2384 (0.2384)  evaluator_time: 0.0579 (0.0579)  time: 1.5639  data: 0.9973  max mem: 1309
Test:  [100/101]  eta: 0:00:00  model_time: 0.1069 (0.1114)  evaluator_time: 0.0325 (0.0457)  time: 0.1962  data: 0.0233  max mem: 1309
Test: Total time: 0:00:22 (0.2246 s / it)
Average Precision  (AP) @[ IoU=0.50:0.95 | area=   all | maxDets=100 ] = 0.01292726925965982
Average Precision  (AP) @[ IoU=0.50      | area=   all | maxDets=100 ] = 0.058768531134061684
Average Precision  (AP) @[ IoU=0.75      | area=   all | maxDets=100 ] = 0.003055147307734371
Average Precision  (AP) @[ IoU=0.50:0.95 | area= small | maxDets=100 ] = 0.0
Average Precision  (AP) @[ IoU=0.50:0.95 | area=medium | maxDets=100 ] = 0.0
Average Precision  (AP) @[ IoU=0.50:0.95 | area= large | maxDets=100 ] = 0.01329641488542548
Average Recall     (AR) @[ IoU=0.50:0.95 | area=   all | maxDets=  1 ] = 0.051224478790394976
Average Recall     (AR) @[ IoU=0.50:0.95 | area=   all | maxDets= 10 ] = 0.11488507363550013
Average Recall     (AR) @[ IoU=0.50:0.95 | area=   all | maxDets=100 ] = 0.12487466645064794
Average Recall     (AR) @[ IoU=0.50:0.95 | area= small | maxDets=100 ] = 0.0
Average Recall     (AR) @[ IoU=0.50:0.95 | area=medium | maxDets=100 ] = 0.0
Average Recall     (AR) @[ IoU=0.50:0.95 | area= large | maxDets=100 ] = 0.12704522037938035



Epoch: [3]  [  0/402]  eta: 0:18:07  lr: 0.001000  loss: 0.6661 (0.6661)  loss_classifier: 0.3209 (0.3209)  loss_box_reg: 0.2873 (0.2873)  loss_objectness: 0.0457 (0.0457)  loss_rpn_box_reg: 0.0122 (0.0122)  time: 2.7047  data: 1.9579  max mem: 1309
Epoch: [3]  [100/402]  eta: 0:02:33  lr: 0.001000  loss: 0.6415 (0.6452)  loss_classifier: 0.2963 (0.2955)  loss_box_reg: 0.2787 (0.2760)  loss_objectness: 0.0554 (0.0588)  loss_rpn_box_reg: 0.0146 (0.0148)  time: 0.4670  data: 0.0518  max mem: 1309
Epoch: [3]  [200/402]  eta: 0:01:39  lr: 0.001000  loss: 0.6478 (0.6428)  loss_classifier: 0.2967 (0.2950)  loss_box_reg: 0.2752 (0.2748)  loss_objectness: 0.0602 (0.0586)  loss_rpn_box_reg: 0.0138 (0.0143)  time: 0.4774  data: 0.0505  max mem: 1309
Epoch: [3]  [300/402]  eta: 0:00:49  lr: 0.001000  loss: 0.6369 (0.6387)  loss_classifier: 0.2856 (0.2929)  loss_box_reg: 0.2687 (0.2736)  loss_objectness: 0.0550 (0.0579)  loss_rpn_box_reg: 0.0141 (0.0144)  time: 0.4776  data: 0.0496  max mem: 1309
Epoch: [3]  [400/402]  eta: 0:00:00  lr: 0.001000  loss: 0.6246 (0.6370)  loss_classifier: 0.2841 (0.2918)  loss_box_reg: 0.2716 (0.2736)  loss_objectness: 0.0515 (0.0573)  loss_rpn_box_reg: 0.0130 (0.0143)  time: 0.4418  data: 0.0398  max mem: 1309
Epoch: [3]  [401/402]  eta: 0:00:00  lr: 0.001000  loss: 0.6216 (0.6369)  loss_classifier: 0.2830 (0.2918)  loss_box_reg: 0.2707 (0.2735)  loss_objectness: 0.0535 (0.0573)  loss_rpn_box_reg: 0.0130 (0.0143)  time: 0.4227  data: 0.0369  max mem: 1309
Epoch: [3] Total time: 0:03:14 (0.4831 s / it)
Test:  [  0/101]  eta: 0:02:36  model_time: 0.2600 (0.2600)  evaluator_time: 0.1042 (0.1042)  time: 1.5493  data: 0.9063  max mem: 1309
Test:  [100/101]  eta: 0:00:00  model_time: 0.1080 (0.1117)  evaluator_time: 0.0317 (0.0469)  time: 0.1820  data: 0.0240  max mem: 1309
Test: Total time: 0:00:22 (0.2263 s / it)
Average Precision  (AP) @[ IoU=0.50:0.95 | area=   all | maxDets=100 ] = 0.02671244021009575
Average Precision  (AP) @[ IoU=0.50      | area=   all | maxDets=100 ] = 0.10345017723346091
Average Precision  (AP) @[ IoU=0.75      | area=   all | maxDets=100 ] = 0.00610133664161688
Average Precision  (AP) @[ IoU=0.50:0.95 | area= small | maxDets=100 ] = 0.0
Average Precision  (AP) @[ IoU=0.50:0.95 | area=medium | maxDets=100 ] = 0.004002980943255615
Average Precision  (AP) @[ IoU=0.50:0.95 | area= large | maxDets=100 ] = 0.0273452323822413
Average Recall     (AR) @[ IoU=0.50:0.95 | area=   all | maxDets=  1 ] = 0.07404349355018236
Average Recall     (AR) @[ IoU=0.50:0.95 | area=   all | maxDets= 10 ] = 0.154982355089935
Average Recall     (AR) @[ IoU=0.50:0.95 | area=   all | maxDets=100 ] = 0.16766559160206138
Average Recall     (AR) @[ IoU=0.50:0.95 | area= small | maxDets=100 ] = 0.0
Average Recall     (AR) @[ IoU=0.50:0.95 | area=medium | maxDets=100 ] = 0.007407407407407407
Average Recall     (AR) @[ IoU=0.50:0.95 | area= large | maxDets=100 ] = 0.17037879531441896



Epoch: [4]  [  0/402]  eta: 0:17:51  lr: 0.001000  loss: 0.5882 (0.5882)  loss_classifier: 0.2734 (0.2734)  loss_box_reg: 0.2251 (0.2251)  loss_objectness: 0.0744 (0.0744)  loss_rpn_box_reg: 0.0152 (0.0152)  time: 2.6656  data: 1.8366  max mem: 1309
Epoch: [4]  [100/402]  eta: 0:02:32  lr: 0.001000  loss: 0.6073 (0.6063)  loss_classifier: 0.2680 (0.2764)  loss_box_reg: 0.2607 (0.2633)  loss_objectness: 0.0471 (0.0532)  loss_rpn_box_reg: 0.0126 (0.0134)  time: 0.4772  data: 0.0474  max mem: 1309
Epoch: [4]  [200/402]  eta: 0:01:38  lr: 0.001000  loss: 0.6102 (0.6011)  loss_classifier: 0.2828 (0.2744)  loss_box_reg: 0.2600 (0.2606)  loss_objectness: 0.0510 (0.0525)  loss_rpn_box_reg: 0.0132 (0.0136)  time: 0.4765  data: 0.0481  max mem: 1309
Epoch: [4]  [300/402]  eta: 0:00:49  lr: 0.001000  loss: 0.5888 (0.5986)  loss_classifier: 0.2672 (0.2722)  loss_box_reg: 0.2602 (0.2613)  loss_objectness: 0.0491 (0.0515)  loss_rpn_box_reg: 0.0134 (0.0136)  time: 0.4831  data: 0.0459  max mem: 1309
Epoch: [4]  [400/402]  eta: 0:00:00  lr: 0.001000  loss: 0.5673 (0.5961)  loss_classifier: 0.2619 (0.2707)  loss_box_reg: 0.2477 (0.2607)  loss_objectness: 0.0477 (0.0511)  loss_rpn_box_reg: 0.0129 (0.0135)  time: 0.4337  data: 0.0357  max mem: 1309
Epoch: [4]  [401/402]  eta: 0:00:00  lr: 0.001000  loss: 0.5652 (0.5959)  loss_classifier: 0.2571 (0.2706)  loss_box_reg: 0.2466 (0.2607)  loss_objectness: 0.0477 (0.0511)  loss_rpn_box_reg: 0.0129 (0.0135)  time: 0.4214  data: 0.0350  max mem: 1309
Epoch: [4] Total time: 0:03:12 (0.4801 s / it)
Test:  [  0/101]  eta: 0:02:33  model_time: 0.2616 (0.2616)  evaluator_time: 0.0496 (0.0496)  time: 1.5229  data: 0.9391  max mem: 1309
Test:  [100/101]  eta: 0:00:00  model_time: 0.1009 (0.1114)  evaluator_time: 0.0269 (0.0371)  time: 0.1789  data: 0.0238  max mem: 1309
Test: Total time: 0:00:21 (0.2170 s / it)
Average Precision  (AP) @[ IoU=0.50:0.95 | area=   all | maxDets=100 ] = 0.022492519253740777
Average Precision  (AP) @[ IoU=0.50      | area=   all | maxDets=100 ] = 0.09080167832363277
Average Precision  (AP) @[ IoU=0.75      | area=   all | maxDets=100 ] = 0.007173447156629788
Average Precision  (AP) @[ IoU=0.50:0.95 | area= small | maxDets=100 ] = 0.0
Average Precision  (AP) @[ IoU=0.50:0.95 | area=medium | maxDets=100 ] = 0.006496297229164134
Average Precision  (AP) @[ IoU=0.50:0.95 | area= large | maxDets=100 ] = 0.0229822608743055
Average Recall     (AR) @[ IoU=0.50:0.95 | area=   all | maxDets=  1 ] = 0.05977943854346288
Average Recall     (AR) @[ IoU=0.50:0.95 | area=   all | maxDets= 10 ] = 0.11245018601561366
Average Recall     (AR) @[ IoU=0.50:0.95 | area=   all | maxDets=100 ] = 0.11745483087428814
Average Recall     (AR) @[ IoU=0.50:0.95 | area= small | maxDets=100 ] = 0.0
Average Recall     (AR) @[ IoU=0.50:0.95 | area=medium | maxDets=100 ] = 0.029629629629629627
Average Recall     (AR) @[ IoU=0.50:0.95 | area= large | maxDets=100 ] = 0.11889019208943459



Epoch: [5]  [  0/402]  eta: 0:20:07  lr: 0.001000  loss: 0.5853 (0.5853)  loss_classifier: 0.2711 (0.2711)  loss_box_reg: 0.2483 (0.2483)  loss_objectness: 0.0540 (0.0540)  loss_rpn_box_reg: 0.0119 (0.0119)  time: 3.0027  data: 2.2407  max mem: 1309
Epoch: [5]  [100/402]  eta: 0:02:33  lr: 0.001000  loss: 0.5590 (0.5802)  loss_classifier: 0.2502 (0.2627)  loss_box_reg: 0.2522 (0.2566)  loss_objectness: 0.0457 (0.0482)  loss_rpn_box_reg: 0.0126 (0.0128)  time: 0.4750  data: 0.0462  max mem: 1309
Epoch: [5]  [200/402]  eta: 0:01:39  lr: 0.001000  loss: 0.5553 (0.5761)  loss_classifier: 0.2474 (0.2598)  loss_box_reg: 0.2528 (0.2546)  loss_objectness: 0.0443 (0.0488)  loss_rpn_box_reg: 0.0134 (0.0130)  time: 0.4823  data: 0.0479  max mem: 1309
Epoch: [5]  [300/402]  eta: 0:00:49  lr: 0.001000  loss: 0.5679 (0.5717)  loss_classifier: 0.2524 (0.2574)  loss_box_reg: 0.2468 (0.2535)  loss_objectness: 0.0476 (0.0479)  loss_rpn_box_reg: 0.0126 (0.0129)  time: 0.4841  data: 0.0453  max mem: 1309
Epoch: [5]  [400/402]  eta: 0:00:00  lr: 0.001000  loss: 0.5451 (0.5672)  loss_classifier: 0.2423 (0.2552)  loss_box_reg: 0.2456 (0.2521)  loss_objectness: 0.0438 (0.0471)  loss_rpn_box_reg: 0.0120 (0.0128)  time: 0.4471  data: 0.0419  max mem: 1309
Epoch: [5]  [401/402]  eta: 0:00:00  lr: 0.001000  loss: 0.5425 (0.5670)  loss_classifier: 0.2423 (0.2551)  loss_box_reg: 0.2456 (0.2520)  loss_objectness: 0.0438 (0.0471)  loss_rpn_box_reg: 0.0120 (0.0128)  time: 0.4300  data: 0.0391  max mem: 1309
Epoch: [5] Total time: 0:03:14 (0.4842 s / it)
Test:  [  0/101]  eta: 0:02:31  model_time: 0.2771 (0.2771)  evaluator_time: 0.0592 (0.0592)  time: 1.4965  data: 0.8556  max mem: 1309
Test:  [100/101]  eta: 0:00:00  model_time: 0.1036 (0.1112)  evaluator_time: 0.0318 (0.0394)  time: 0.1947  data: 0.0243  max mem: 1309
Test: Total time: 0:00:22 (0.2193 s / it)
Average Precision  (AP) @[ IoU=0.50:0.95 | area=   all | maxDets=100 ] = 0.02268060648855387
Average Precision  (AP) @[ IoU=0.50      | area=   all | maxDets=100 ] = 0.09184524853645144
Average Precision  (AP) @[ IoU=0.75      | area=   all | maxDets=100 ] = 0.0064621643479075026
Average Precision  (AP) @[ IoU=0.50:0.95 | area= small | maxDets=100 ] = 0.0
Average Precision  (AP) @[ IoU=0.50:0.95 | area=medium | maxDets=100 ] = 0.02086846268212474
Average Precision  (AP) @[ IoU=0.50:0.95 | area= large | maxDets=100 ] = 0.023189129801409334
Average Recall     (AR) @[ IoU=0.50:0.95 | area=   all | maxDets=  1 ] = 0.06322768784588363
Average Recall     (AR) @[ IoU=0.50:0.95 | area=   all | maxDets= 10 ] = 0.1188290089554616
Average Recall     (AR) @[ IoU=0.50:0.95 | area=   all | maxDets=100 ] = 0.1263870083313912
Average Recall     (AR) @[ IoU=0.50:0.95 | area= small | maxDets=100 ] = 0.0
Average Recall     (AR) @[ IoU=0.50:0.95 | area=medium | maxDets=100 ] = 0.04444444444444444
Average Recall     (AR) @[ IoU=0.50:0.95 | area= large | maxDets=100 ] = 0.12774056186879523



Epoch: [6]  [  0/402]  eta: 0:19:07  lr: 0.001000  loss: 0.4954 (0.4954)  loss_classifier: 0.2108 (0.2108)  loss_box_reg: 0.2411 (0.2411)  loss_objectness: 0.0341 (0.0341)  loss_rpn_box_reg: 0.0095 (0.0095)  time: 2.8556  data: 2.0823  max mem: 1309
Epoch: [6]  [100/402]  eta: 0:02:36  lr: 0.001000  loss: 0.5516 (0.5537)  loss_classifier: 0.2527 (0.2479)  loss_box_reg: 0.2506 (0.2492)  loss_objectness: 0.0393 (0.0443)  loss_rpn_box_reg: 0.0112 (0.0124)  time: 0.4934  data: 0.0521  max mem: 1309
Epoch: [6]  [200/402]  eta: 0:01:41  lr: 0.001000  loss: 0.5447 (0.5581)  loss_classifier: 0.2480 (0.2497)  loss_box_reg: 0.2416 (0.2499)  loss_objectness: 0.0420 (0.0458)  loss_rpn_box_reg: 0.0120 (0.0127)  time: 0.4945  data: 0.0458  max mem: 1309
Epoch: [6]  [300/402]  eta: 0:00:50  lr: 0.001000  loss: 0.5341 (0.5561)  loss_classifier: 0.2415 (0.2485)  loss_box_reg: 0.2455 (0.2494)  loss_objectness: 0.0425 (0.0456)  loss_rpn_box_reg: 0.0120 (0.0126)  time: 0.4854  data: 0.0545  max mem: 1309
Epoch: [6]  [400/402]  eta: 0:00:00  lr: 0.001000  loss: 0.5390 (0.5530)  loss_classifier: 0.2360 (0.2469)  loss_box_reg: 0.2383 (0.2481)  loss_objectness: 0.0437 (0.0455)  loss_rpn_box_reg: 0.0119 (0.0126)  time: 0.4490  data: 0.0392  max mem: 1309
Epoch: [6]  [401/402]  eta: 0:00:00  lr: 0.001000  loss: 0.5413 (0.5531)  loss_classifier: 0.2393 (0.2469)  loss_box_reg: 0.2383 (0.2481)  loss_objectness: 0.0441 (0.0455)  loss_rpn_box_reg: 0.0119 (0.0126)  time: 0.4345  data: 0.0386  max mem: 1309
Epoch: [6] Total time: 0:03:17 (0.4922 s / it)
Test:  [  0/101]  eta: 0:02:38  model_time: 0.1771 (0.1771)  evaluator_time: 0.0584 (0.0584)  time: 1.5705  data: 1.0722  max mem: 1309
Test:  [100/101]  eta: 0:00:00  model_time: 0.1000 (0.1077)  evaluator_time: 0.0309 (0.0375)  time: 0.1779  data: 0.0245  max mem: 1309
Test: Total time: 0:00:21 (0.2174 s / it)
Average Precision  (AP) @[ IoU=0.50:0.95 | area=   all | maxDets=100 ] = 0.024976727593691146
Average Precision  (AP) @[ IoU=0.50      | area=   all | maxDets=100 ] = 0.10377632810450785
Average Precision  (AP) @[ IoU=0.75      | area=   all | maxDets=100 ] = 0.00553829652515338
Average Precision  (AP) @[ IoU=0.50:0.95 | area= small | maxDets=100 ] = 0.0
Average Precision  (AP) @[ IoU=0.50:0.95 | area=medium | maxDets=100 ] = 0.0017228085966328368
Average Precision  (AP) @[ IoU=0.50:0.95 | area= large | maxDets=100 ] = 0.0254336534167852
Average Recall     (AR) @[ IoU=0.50:0.95 | area=   all | maxDets=  1 ] = 0.0664227141724441
Average Recall     (AR) @[ IoU=0.50:0.95 | area=   all | maxDets= 10 ] = 0.12702577921142444
Average Recall     (AR) @[ IoU=0.50:0.95 | area=   all | maxDets=100 ] = 0.1328444511279582
Average Recall     (AR) @[ IoU=0.50:0.95 | area= small | maxDets=100 ] = 0.0
Average Recall     (AR) @[ IoU=0.50:0.95 | area=medium | maxDets=100 ] = 0.04444444444444444
Average Recall     (AR) @[ IoU=0.50:0.95 | area= large | maxDets=100 ] = 0.13429032322858064



Epoch: [7]  [  0/402]  eta: 0:18:35  lr: 0.001000  loss: 0.5947 (0.5947)  loss_classifier: 0.2683 (0.2683)  loss_box_reg: 0.2543 (0.2543)  loss_objectness: 0.0557 (0.0557)  loss_rpn_box_reg: 0.0164 (0.0164)  time: 2.7753  data: 2.0397  max mem: 1309
Epoch: [7]  [100/402]  eta: 0:02:34  lr: 0.001000  loss: 0.5426 (0.5405)  loss_classifier: 0.2363 (0.2393)  loss_box_reg: 0.2456 (0.2462)  loss_objectness: 0.0420 (0.0427)  loss_rpn_box_reg: 0.0118 (0.0122)  time: 0.4713  data: 0.0448  max mem: 1309
Epoch: [7]  [200/402]  eta: 0:01:40  lr: 0.001000  loss: 0.5375 (0.5365)  loss_classifier: 0.2381 (0.2379)  loss_box_reg: 0.2440 (0.2440)  loss_objectness: 0.0391 (0.0424)  loss_rpn_box_reg: 0.0115 (0.0122)  time: 0.4772  data: 0.0440  max mem: 1309
Epoch: [7]  [300/402]  eta: 0:00:50  lr: 0.001000  loss: 0.5310 (0.5351)  loss_classifier: 0.2359 (0.2375)  loss_box_reg: 0.2471 (0.2437)  loss_objectness: 0.0368 (0.0419)  loss_rpn_box_reg: 0.0112 (0.0121)  time: 0.4775  data: 0.0469  max mem: 1309
Epoch: [7]  [400/402]  eta: 0:00:00  lr: 0.001000  loss: 0.5108 (0.5333)  loss_classifier: 0.2278 (0.2370)  loss_box_reg: 0.2324 (0.2427)  loss_objectness: 0.0393 (0.0416)  loss_rpn_box_reg: 0.0121 (0.0121)  time: 0.4410  data: 0.0441  max mem: 1309
Epoch: [7]  [401/402]  eta: 0:00:00  lr: 0.001000  loss: 0.5108 (0.5331)  loss_classifier: 0.2278 (0.2369)  loss_box_reg: 0.2296 (0.2426)  loss_objectness: 0.0430 (0.0416)  loss_rpn_box_reg: 0.0114 (0.0121)  time: 0.4269  data: 0.0419  max mem: 1309
Epoch: [7] Total time: 0:03:15 (0.4867 s / it)
Test:  [  0/101]  eta: 0:02:37  model_time: 0.1701 (0.1701)  evaluator_time: 0.0548 (0.0548)  time: 1.5552  data: 1.0592  max mem: 1309
Test:  [100/101]  eta: 0:00:00  model_time: 0.1006 (0.1076)  evaluator_time: 0.0300 (0.0388)  time: 0.1771  data: 0.0241  max mem: 1309
Test: Total time: 0:00:21 (0.2160 s / it)
Average Precision  (AP) @[ IoU=0.50:0.95 | area=   all | maxDets=100 ] = 0.02601047143483351
Average Precision  (AP) @[ IoU=0.50      | area=   all | maxDets=100 ] = 0.10398908354208623
Average Precision  (AP) @[ IoU=0.75      | area=   all | maxDets=100 ] = 0.006243074486414824
Average Precision  (AP) @[ IoU=0.50:0.95 | area= small | maxDets=100 ] = 0.0
Average Precision  (AP) @[ IoU=0.50:0.95 | area=medium | maxDets=100 ] = 0.015347449575996397
Average Precision  (AP) @[ IoU=0.50:0.95 | area= large | maxDets=100 ] = 0.026552594585178217
Average Recall     (AR) @[ IoU=0.50:0.95 | area=   all | maxDets=  1 ] = 0.06402061961466211
Average Recall     (AR) @[ IoU=0.50:0.95 | area=   all | maxDets= 10 ] = 0.12057348217443567
Average Recall     (AR) @[ IoU=0.50:0.95 | area=   all | maxDets=100 ] = 0.12581412974467773
Average Recall     (AR) @[ IoU=0.50:0.95 | area= small | maxDets=100 ] = 0.0
Average Recall     (AR) @[ IoU=0.50:0.95 | area=medium | maxDets=100 ] = 0.059259259259259255
Average Recall     (AR) @[ IoU=0.50:0.95 | area= large | maxDets=100 ] = 0.12702433036558328



Epoch: [8]  [  0/402]  eta: 0:18:40  lr: 0.001000  loss: 0.4812 (0.4812)  loss_classifier: 0.2151 (0.2151)  loss_box_reg: 0.2203 (0.2203)  loss_objectness: 0.0351 (0.0351)  loss_rpn_box_reg: 0.0106 (0.0106)  time: 2.7883  data: 2.0724  max mem: 1309
Epoch: [8]  [100/402]  eta: 0:02:35  lr: 0.001000  loss: 0.5149 (0.5233)  loss_classifier: 0.2329 (0.2313)  loss_box_reg: 0.2325 (0.2389)  loss_objectness: 0.0403 (0.0409)  loss_rpn_box_reg: 0.0125 (0.0123)  time: 0.4848  data: 0.0493  max mem: 1309
Epoch: [8]  [200/402]  eta: 0:01:39  lr: 0.001000  loss: 0.5040 (0.5159)  loss_classifier: 0.2204 (0.2276)  loss_box_reg: 0.2300 (0.2365)  loss_objectness: 0.0371 (0.0399)  loss_rpn_box_reg: 0.0118 (0.0120)  time: 0.4751  data: 0.0493  max mem: 1309
Epoch: [8]  [300/402]  eta: 0:00:50  lr: 0.001000  loss: 0.4969 (0.5147)  loss_classifier: 0.2269 (0.2273)  loss_box_reg: 0.2298 (0.2358)  loss_objectness: 0.0348 (0.0397)  loss_rpn_box_reg: 0.0114 (0.0120)  time: 0.4828  data: 0.0475  max mem: 1309
Epoch: [8]  [400/402]  eta: 0:00:00  lr: 0.001000  loss: 0.5055 (0.5129)  loss_classifier: 0.2228 (0.2265)  loss_box_reg: 0.2355 (0.2350)  loss_objectness: 0.0341 (0.0394)  loss_rpn_box_reg: 0.0108 (0.0119)  time: 0.4378  data: 0.0364  max mem: 1309
Epoch: [8]  [401/402]  eta: 0:00:00  lr: 0.001000  loss: 0.4985 (0.5129)  loss_classifier: 0.2227 (0.2265)  loss_box_reg: 0.2325 (0.2350)  loss_objectness: 0.0341 (0.0395)  loss_rpn_box_reg: 0.0105 (0.0119)  time: 0.4258  data: 0.0353  max mem: 1309
Epoch: [8] Total time: 0:03:15 (0.4859 s / it)
Test:  [  0/101]  eta: 0:02:42  model_time: 0.2132 (0.2132)  evaluator_time: 0.0557 (0.0557)  time: 1.6083  data: 1.0566  max mem: 1309
Test:  [100/101]  eta: 0:00:00  model_time: 0.1029 (0.1125)  evaluator_time: 0.0273 (0.0378)  time: 0.1766  data: 0.0237  max mem: 1309
Test: Total time: 0:00:22 (0.2203 s / it)
Average Precision  (AP) @[ IoU=0.50:0.95 | area=   all | maxDets=100 ] = 0.0200912656225784
Average Precision  (AP) @[ IoU=0.50      | area=   all | maxDets=100 ] = 0.07758327190810696
Average Precision  (AP) @[ IoU=0.75      | area=   all | maxDets=100 ] = 0.007239414762901913
Average Precision  (AP) @[ IoU=0.50:0.95 | area= small | maxDets=100 ] = 0.0
Average Precision  (AP) @[ IoU=0.50:0.95 | area=medium | maxDets=100 ] = 0.01807323589501807
Average Precision  (AP) @[ IoU=0.50:0.95 | area= large | maxDets=100 ] = 0.020500457773573077
Average Recall     (AR) @[ IoU=0.50:0.95 | area=   all | maxDets=  1 ] = 0.05354567295503978
Average Recall     (AR) @[ IoU=0.50:0.95 | area=   all | maxDets= 10 ] = 0.10714029322220014
Average Recall     (AR) @[ IoU=0.50:0.95 | area=   all | maxDets=100 ] = 0.11423598178975013
Average Recall     (AR) @[ IoU=0.50:0.95 | area= small | maxDets=100 ] = 0.0
Average Recall     (AR) @[ IoU=0.50:0.95 | area=medium | maxDets=100 ] = 0.04814814814814815
Average Recall     (AR) @[ IoU=0.50:0.95 | area= large | maxDets=100 ] = 0.11526058892320078



Epoch: [9]  [  0/402]  eta: 0:15:39  lr: 0.001000  loss: 0.4530 (0.4530)  loss_classifier: 0.1952 (0.1952)  loss_box_reg: 0.2107 (0.2107)  loss_objectness: 0.0353 (0.0353)  loss_rpn_box_reg: 0.0118 (0.0118)  time: 2.3378  data: 1.7575  max mem: 1309
Epoch: [9]  [100/402]  eta: 0:02:34  lr: 0.001000  loss: 0.5030 (0.5070)  loss_classifier: 0.2176 (0.2235)  loss_box_reg: 0.2340 (0.2328)  loss_objectness: 0.0384 (0.0389)  loss_rpn_box_reg: 0.0109 (0.0118)  time: 0.4767  data: 0.0481  max mem: 1309
Epoch: [9]  [200/402]  eta: 0:01:40  lr: 0.001000  loss: 0.4853 (0.5047)  loss_classifier: 0.2169 (0.2218)  loss_box_reg: 0.2272 (0.2327)  loss_objectness: 0.0363 (0.0385)  loss_rpn_box_reg: 0.0112 (0.0117)  time: 0.4722  data: 0.0469  max mem: 1309
Epoch: [9]  [300/402]  eta: 0:00:50  lr: 0.001000  loss: 0.4910 (0.5023)  loss_classifier: 0.2176 (0.2206)  loss_box_reg: 0.2227 (0.2316)  loss_objectness: 0.0357 (0.0385)  loss_rpn_box_reg: 0.0115 (0.0117)  time: 0.5009  data: 0.0659  max mem: 1309
Epoch: [9]  [400/402]  eta: 0:00:00  lr: 0.001000  loss: 0.4950 (0.5010)  loss_classifier: 0.2143 (0.2197)  loss_box_reg: 0.2303 (0.2312)  loss_objectness: 0.0336 (0.0384)  loss_rpn_box_reg: 0.0115 (0.0116)  time: 0.4381  data: 0.0366  max mem: 1309
Epoch: [9]  [401/402]  eta: 0:00:00  lr: 0.001000  loss: 0.4932 (0.5010)  loss_classifier: 0.2143 (0.2197)  loss_box_reg: 0.2311 (0.2312)  loss_objectness: 0.0336 (0.0384)  loss_rpn_box_reg: 0.0115 (0.0116)  time: 0.4240  data: 0.0360  max mem: 1309
Epoch: [9] Total time: 0:03:15 (0.4874 s / it)
Test:  [  0/101]  eta: 0:02:33  model_time: 0.3176 (0.3176)  evaluator_time: 0.1592 (0.1592)  time: 1.5208  data: 0.7546  max mem: 1309
Test:  [100/101]  eta: 0:00:00  model_time: 0.1010 (0.1103)  evaluator_time: 0.0273 (0.0368)  time: 0.1777  data: 0.0243  max mem: 1309
Test: Total time: 0:00:21 (0.2135 s / it)
Average Precision  (AP) @[ IoU=0.50:0.95 | area=   all | maxDets=100 ] = 0.026823539222613844
Average Precision  (AP) @[ IoU=0.50      | area=   all | maxDets=100 ] = 0.10066505921623438
Average Precision  (AP) @[ IoU=0.75      | area=   all | maxDets=100 ] = 0.009953316015599055
Average Precision  (AP) @[ IoU=0.50:0.95 | area= small | maxDets=100 ] = 0.0
Average Precision  (AP) @[ IoU=0.50:0.95 | area=medium | maxDets=100 ] = 0.01220697508347326
Average Precision  (AP) @[ IoU=0.50:0.95 | area= large | maxDets=100 ] = 0.02742663483965736
Average Recall     (AR) @[ IoU=0.50:0.95 | area=   all | maxDets=  1 ] = 0.06881671336303752
Average Recall     (AR) @[ IoU=0.50:0.95 | area=   all | maxDets= 10 ] = 0.12870798402865286
Average Recall     (AR) @[ IoU=0.50:0.95 | area=   all | maxDets=100 ] = 0.13501193980518936
Average Recall     (AR) @[ IoU=0.50:0.95 | area= small | maxDets=100 ] = 0.0
Average Recall     (AR) @[ IoU=0.50:0.95 | area=medium | maxDets=100 ] = 0.029629629629629627
Average Recall     (AR) @[ IoU=0.50:0.95 | area= large | maxDets=100 ] = 0.1368414634488832



Epoch: [10]  [  0/402]  eta: 0:16:46  lr: 0.001000  loss: 0.5000 (0.5000)  loss_classifier: 0.2117 (0.2117)  loss_box_reg: 0.2475 (0.2475)  loss_objectness: 0.0268 (0.0268)  loss_rpn_box_reg: 0.0140 (0.0140)  time: 2.5040  data: 1.9079  max mem: 1309
Epoch: [10]  [100/402]  eta: 0:02:34  lr: 0.001000  loss: 0.4832 (0.4930)  loss_classifier: 0.2072 (0.2158)  loss_box_reg: 0.2310 (0.2279)  loss_objectness: 0.0321 (0.0377)  loss_rpn_box_reg: 0.0121 (0.0117)  time: 0.4754  data: 0.0495  max mem: 1309
Epoch: [10]  [200/402]  eta: 0:01:40  lr: 0.001000  loss: 0.4973 (0.4979)  loss_classifier: 0.2106 (0.2182)  loss_box_reg: 0.2350 (0.2300)  loss_objectness: 0.0363 (0.0380)  loss_rpn_box_reg: 0.0110 (0.0117)  time: 0.4743  data: 0.0475  max mem: 1309
Epoch: [10]  [300/402]  eta: 0:00:50  lr: 0.001000  loss: 0.4920 (0.4937)  loss_classifier: 0.2121 (0.2164)  loss_box_reg: 0.2200 (0.2282)  loss_objectness: 0.0338 (0.0375)  loss_rpn_box_reg: 0.0111 (0.0116)  time: 0.4816  data: 0.0453  max mem: 1309
Epoch: [10]  [400/402]  eta: 0:00:00  lr: 0.001000  loss: 0.4819 (0.4925)  loss_classifier: 0.2191 (0.2158)  loss_box_reg: 0.2210 (0.2277)  loss_objectness: 0.0378 (0.0375)  loss_rpn_box_reg: 0.0105 (0.0115)  time: 0.4350  data: 0.0388  max mem: 1309
Epoch: [10]  [401/402]  eta: 0:00:00  lr: 0.001000  loss: 0.4819 (0.4925)  loss_classifier: 0.2137 (0.2158)  loss_box_reg: 0.2210 (0.2277)  loss_objectness: 0.0349 (0.0375)  loss_rpn_box_reg: 0.0105 (0.0115)  time: 0.4213  data: 0.0366  max mem: 1309
Epoch: [10] Total time: 0:03:14 (0.4846 s / it)
Test:  [  0/101]  eta: 0:02:40  model_time: 0.1958 (0.1958)  evaluator_time: 0.0647 (0.0647)  time: 1.5868  data: 1.0558  max mem: 1309
Test:  [100/101]  eta: 0:00:00  model_time: 0.1071 (0.1114)  evaluator_time: 0.0306 (0.0421)  time: 0.1828  data: 0.0240  max mem: 1309
Test: Total time: 0:00:22 (0.2224 s / it)
Average Precision  (AP) @[ IoU=0.50:0.95 | area=   all | maxDets=100 ] = 0.02706541391732565
Average Precision  (AP) @[ IoU=0.50      | area=   all | maxDets=100 ] = 0.10969725447115661
Average Precision  (AP) @[ IoU=0.75      | area=   all | maxDets=100 ] = 0.008411956321332348
Average Precision  (AP) @[ IoU=0.50:0.95 | area= small | maxDets=100 ] = 0.0
Average Precision  (AP) @[ IoU=0.50:0.95 | area=medium | maxDets=100 ] = 0.032908382764728364
Average Precision  (AP) @[ IoU=0.50:0.95 | area= large | maxDets=100 ] = 0.02746851075994051
Average Recall     (AR) @[ IoU=0.50:0.95 | area=   all | maxDets=  1 ] = 0.061991376272737216
Average Recall     (AR) @[ IoU=0.50:0.95 | area=   all | maxDets= 10 ] = 0.12567208143563297
Average Recall     (AR) @[ IoU=0.50:0.95 | area=   all | maxDets=100 ] = 0.13640787508746413
Average Recall     (AR) @[ IoU=0.50:0.95 | area= small | maxDets=100 ] = 0.0
Average Recall     (AR) @[ IoU=0.50:0.95 | area=medium | maxDets=100 ] = 0.06666666666666667
Average Recall     (AR) @[ IoU=0.50:0.95 | area= large | maxDets=100 ] = 0.1376534414113596



Epoch: [11]  [  0/402]  eta: 0:19:00  lr: 0.001000  loss: 0.5258 (0.5258)  loss_classifier: 0.2351 (0.2351)  loss_box_reg: 0.2449 (0.2449)  loss_objectness: 0.0347 (0.0347)  loss_rpn_box_reg: 0.0112 (0.0112)  time: 2.8379  data: 2.0850  max mem: 1309
Epoch: [11]  [100/402]  eta: 0:02:33  lr: 0.001000  loss: 0.4652 (0.4826)  loss_classifier: 0.1991 (0.2101)  loss_box_reg: 0.2195 (0.2241)  loss_objectness: 0.0356 (0.0370)  loss_rpn_box_reg: 0.0103 (0.0114)  time: 0.4730  data: 0.0440  max mem: 1309
Epoch: [11]  [200/402]  eta: 0:01:39  lr: 0.001000  loss: 0.4837 (0.4848)  loss_classifier: 0.2127 (0.2115)  loss_box_reg: 0.2264 (0.2252)  loss_objectness: 0.0315 (0.0367)  loss_rpn_box_reg: 0.0111 (0.0114)  time: 0.4760  data: 0.0419  max mem: 1309
Epoch: [11]  [300/402]  eta: 0:00:49  lr: 0.001000  loss: 0.4747 (0.4827)  loss_classifier: 0.2071 (0.2103)  loss_box_reg: 0.2269 (0.2244)  loss_objectness: 0.0322 (0.0365)  loss_rpn_box_reg: 0.0099 (0.0114)  time: 0.4725  data: 0.0466  max mem: 1309
Epoch: [11]  [400/402]  eta: 0:00:00  lr: 0.001000  loss: 0.4804 (0.4811)  loss_classifier: 0.2018 (0.2093)  loss_box_reg: 0.2196 (0.2242)  loss_objectness: 0.0370 (0.0363)  loss_rpn_box_reg: 0.0113 (0.0113)  time: 0.4405  data: 0.0412  max mem: 1309
Epoch: [11]  [401/402]  eta: 0:00:00  lr: 0.001000  loss: 0.4816 (0.4812)  loss_classifier: 0.2038 (0.2093)  loss_box_reg: 0.2200 (0.2242)  loss_objectness: 0.0374 (0.0363)  loss_rpn_box_reg: 0.0115 (0.0113)  time: 0.4286  data: 0.0391  max mem: 1309
Epoch: [11] Total time: 0:03:13 (0.4822 s / it)
Test:  [  0/101]  eta: 0:02:37  model_time: 0.2052 (0.2052)  evaluator_time: 0.0637 (0.0637)  time: 1.5563  data: 1.0390  max mem: 1309
Test:  [100/101]  eta: 0:00:00  model_time: 0.1042 (0.1088)  evaluator_time: 0.0298 (0.0402)  time: 0.1901  data: 0.0241  max mem: 1309
Test: Total time: 0:00:22 (0.2178 s / it)
Average Precision  (AP) @[ IoU=0.50:0.95 | area=   all | maxDets=100 ] = 0.027590530771951404
Average Precision  (AP) @[ IoU=0.50      | area=   all | maxDets=100 ] = 0.11079655992308156
Average Precision  (AP) @[ IoU=0.75      | area=   all | maxDets=100 ] = 0.007830323288422002
Average Precision  (AP) @[ IoU=0.50:0.95 | area= small | maxDets=100 ] = 0.0
Average Precision  (AP) @[ IoU=0.50:0.95 | area=medium | maxDets=100 ] = 0.033639301430143015
Average Precision  (AP) @[ IoU=0.50:0.95 | area= large | maxDets=100 ] = 0.028036875707048853
Average Recall     (AR) @[ IoU=0.50:0.95 | area=   all | maxDets=  1 ] = 0.06356999989421742
Average Recall     (AR) @[ IoU=0.50:0.95 | area=   all | maxDets= 10 ] = 0.1325587142748658
Average Recall     (AR) @[ IoU=0.50:0.95 | area=   all | maxDets=100 ] = 0.14017724302241683
Average Recall     (AR) @[ IoU=0.50:0.95 | area= small | maxDets=100 ] = 0.0
Average Recall     (AR) @[ IoU=0.50:0.95 | area=medium | maxDets=100 ] = 0.07037037037037037
Average Recall     (AR) @[ IoU=0.50:0.95 | area= large | maxDets=100 ] = 0.14151452130321124



Epoch: [12]  [  0/402]  eta: 0:18:08  lr: 0.001000  loss: 0.5289 (0.5289)  loss_classifier: 0.2213 (0.2213)  loss_box_reg: 0.2566 (0.2566)  loss_objectness: 0.0387 (0.0387)  loss_rpn_box_reg: 0.0122 (0.0122)  time: 2.7072  data: 1.8867  max mem: 1309
Epoch: [12]  [100/402]  eta: 0:02:33  lr: 0.001000  loss: 0.4785 (0.4732)  loss_classifier: 0.2071 (0.2059)  loss_box_reg: 0.2232 (0.2216)  loss_objectness: 0.0331 (0.0346)  loss_rpn_box_reg: 0.0106 (0.0109)  time: 0.4800  data: 0.0479  max mem: 1309
Epoch: [12]  [200/402]  eta: 0:01:39  lr: 0.001000  loss: 0.4623 (0.4747)  loss_classifier: 0.1992 (0.2064)  loss_box_reg: 0.2168 (0.2219)  loss_objectness: 0.0308 (0.0354)  loss_rpn_box_reg: 0.0108 (0.0110)  time: 0.4848  data: 0.0442  max mem: 1309
Epoch: [12]  [300/402]  eta: 0:00:49  lr: 0.001000  loss: 0.4610 (0.4744)  loss_classifier: 0.1996 (0.2062)  loss_box_reg: 0.2145 (0.2216)  loss_objectness: 0.0376 (0.0355)  loss_rpn_box_reg: 0.0104 (0.0111)  time: 0.4722  data: 0.0468  max mem: 1309
Epoch: [12]  [400/402]  eta: 0:00:00  lr: 0.001000  loss: 0.4593 (0.4719)  loss_classifier: 0.2012 (0.2050)  loss_box_reg: 0.2179 (0.2209)  loss_objectness: 0.0287 (0.0351)  loss_rpn_box_reg: 0.0101 (0.0110)  time: 0.4312  data: 0.0457  max mem: 1309
Epoch: [12]  [401/402]  eta: 0:00:00  lr: 0.001000  loss: 0.4650 (0.4719)  loss_classifier: 0.2025 (0.2050)  loss_box_reg: 0.2190 (0.2209)  loss_objectness: 0.0287 (0.0350)  loss_rpn_box_reg: 0.0100 (0.0110)  time: 0.4200  data: 0.0441  max mem: 1309
Epoch: [12] Total time: 0:03:14 (0.4826 s / it)
Test:  [  0/101]  eta: 0:02:34  model_time: 0.2792 (0.2792)  evaluator_time: 0.0847 (0.0847)  time: 1.5249  data: 0.8560  max mem: 1309
Test:  [100/101]  eta: 0:00:00  model_time: 0.1008 (0.1106)  evaluator_time: 0.0314 (0.0396)  time: 0.1778  data: 0.0236  max mem: 1309
Test: Total time: 0:00:21 (0.2175 s / it)
Average Precision  (AP) @[ IoU=0.50:0.95 | area=   all | maxDets=100 ] = 0.030599270387643835
Average Precision  (AP) @[ IoU=0.50      | area=   all | maxDets=100 ] = 0.1188969704245814
Average Precision  (AP) @[ IoU=0.75      | area=   all | maxDets=100 ] = 0.009269169570148098
Average Precision  (AP) @[ IoU=0.50:0.95 | area= small | maxDets=100 ] = 0.0
Average Precision  (AP) @[ IoU=0.50:0.95 | area=medium | maxDets=100 ] = 0.03977099176680273
Average Precision  (AP) @[ IoU=0.50:0.95 | area= large | maxDets=100 ] = 0.031098629810651902
Average Recall     (AR) @[ IoU=0.50:0.95 | area=   all | maxDets=  1 ] = 0.06914222583533668
Average Recall     (AR) @[ IoU=0.50:0.95 | area=   all | maxDets= 10 ] = 0.13549740171648558
Average Recall     (AR) @[ IoU=0.50:0.95 | area=   all | maxDets=100 ] = 0.14163456627999427
Average Recall     (AR) @[ IoU=0.50:0.95 | area= small | maxDets=100 ] = 0.0
Average Recall     (AR) @[ IoU=0.50:0.95 | area=medium | maxDets=100 ] = 0.07037037037037036
Average Recall     (AR) @[ IoU=0.50:0.95 | area= large | maxDets=100 ] = 0.14291392588118304



Epoch: [13]  [  0/402]  eta: 0:18:28  lr: 0.001000  loss: 0.4634 (0.4634)  loss_classifier: 0.2035 (0.2035)  loss_box_reg: 0.2228 (0.2228)  loss_objectness: 0.0266 (0.0266)  loss_rpn_box_reg: 0.0104 (0.0104)  time: 2.7584  data: 2.0368  max mem: 1309
Epoch: [13]  [100/402]  eta: 0:02:34  lr: 0.001000  loss: 0.4452 (0.4606)  loss_classifier: 0.1850 (0.1983)  loss_box_reg: 0.2117 (0.2180)  loss_objectness: 0.0304 (0.0336)  loss_rpn_box_reg: 0.0106 (0.0107)  time: 0.4857  data: 0.0480  max mem: 1309
Epoch: [13]  [200/402]  eta: 0:01:40  lr: 0.001000  loss: 0.4491 (0.4633)  loss_classifier: 0.1979 (0.1996)  loss_box_reg: 0.2144 (0.2189)  loss_objectness: 0.0287 (0.0338)  loss_rpn_box_reg: 0.0104 (0.0109)  time: 0.4885  data: 0.0481  max mem: 1309
Epoch: [13]  [300/402]  eta: 0:00:50  lr: 0.001000  loss: 0.4573 (0.4617)  loss_classifier: 0.1909 (0.1983)  loss_box_reg: 0.2211 (0.2185)  loss_objectness: 0.0322 (0.0339)  loss_rpn_box_reg: 0.0104 (0.0109)  time: 0.4890  data: 0.0491  max mem: 1309
Epoch: [13]  [400/402]  eta: 0:00:00  lr: 0.001000  loss: 0.4469 (0.4594)  loss_classifier: 0.1874 (0.1974)  loss_box_reg: 0.2136 (0.2176)  loss_objectness: 0.0290 (0.0335)  loss_rpn_box_reg: 0.0111 (0.0109)  time: 0.4400  data: 0.0391  max mem: 1309
Epoch: [13]  [401/402]  eta: 0:00:00  lr: 0.001000  loss: 0.4469 (0.4595)  loss_classifier: 0.1874 (0.1974)  loss_box_reg: 0.2142 (0.2177)  loss_objectness: 0.0289 (0.0335)  loss_rpn_box_reg: 0.0111 (0.0109)  time: 0.4247  data: 0.0383  max mem: 1309
Epoch: [13] Total time: 0:03:15 (0.4860 s / it)
Test:  [  0/101]  eta: 0:02:37  model_time: 0.1734 (0.1734)  evaluator_time: 0.0605 (0.0605)  time: 1.5580  data: 1.0378  max mem: 1309
Test:  [100/101]  eta: 0:00:00  model_time: 0.1004 (0.1090)  evaluator_time: 0.0267 (0.0406)  time: 0.1763  data: 0.0235  max mem: 1309
Test: Total time: 0:00:21 (0.2174 s / it)
Average Precision  (AP) @[ IoU=0.50:0.95 | area=   all | maxDets=100 ] = 0.028071551208146465
Average Precision  (AP) @[ IoU=0.50      | area=   all | maxDets=100 ] = 0.10378025774883791
Average Precision  (AP) @[ IoU=0.75      | area=   all | maxDets=100 ] = 0.010383849083715525
Average Precision  (AP) @[ IoU=0.50:0.95 | area= small | maxDets=100 ] = 0.0
Average Precision  (AP) @[ IoU=0.50:0.95 | area=medium | maxDets=100 ] = 0.04745957614629387
Average Precision  (AP) @[ IoU=0.50:0.95 | area= large | maxDets=100 ] = 0.028233767352863575
Average Recall     (AR) @[ IoU=0.50:0.95 | area=   all | maxDets=  1 ] = 0.06572381571238087
Average Recall     (AR) @[ IoU=0.50:0.95 | area=   all | maxDets= 10 ] = 0.12050268837129847
Average Recall     (AR) @[ IoU=0.50:0.95 | area=   all | maxDets=100 ] = 0.12710444849023908
Average Recall     (AR) @[ IoU=0.50:0.95 | area= small | maxDets=100 ] = 0.0
Average Recall     (AR) @[ IoU=0.50:0.95 | area=medium | maxDets=100 ] = 0.07037037037037037
Average Recall     (AR) @[ IoU=0.50:0.95 | area= large | maxDets=100 ] = 0.1279790210944323



Epoch: [14]  [  0/402]  eta: 0:18:49  lr: 0.001000  loss: 0.4657 (0.4657)  loss_classifier: 0.2082 (0.2082)  loss_box_reg: 0.2246 (0.2246)  loss_objectness: 0.0228 (0.0228)  loss_rpn_box_reg: 0.0102 (0.0102)  time: 2.8108  data: 2.0616  max mem: 1309
Epoch: [14]  [100/402]  eta: 0:02:34  lr: 0.001000  loss: 0.4557 (0.4584)  loss_classifier: 0.1961 (0.1970)  loss_box_reg: 0.2150 (0.2189)  loss_objectness: 0.0285 (0.0319)  loss_rpn_box_reg: 0.0103 (0.0106)  time: 0.4931  data: 0.0691  max mem: 1309
Epoch: [14]  [200/402]  eta: 0:01:39  lr: 0.001000  loss: 0.4411 (0.4573)  loss_classifier: 0.1890 (0.1955)  loss_box_reg: 0.2085 (0.2179)  loss_objectness: 0.0304 (0.0332)  loss_rpn_box_reg: 0.0108 (0.0108)  time: 0.4843  data: 0.0442  max mem: 1309
Epoch: [14]  [300/402]  eta: 0:00:50  lr: 0.001000  loss: 0.4494 (0.4548)  loss_classifier: 0.1894 (0.1946)  loss_box_reg: 0.2115 (0.2164)  loss_objectness: 0.0276 (0.0331)  loss_rpn_box_reg: 0.0099 (0.0107)  time: 0.4873  data: 0.0502  max mem: 1309
Epoch: [14]  [400/402]  eta: 0:00:00  lr: 0.001000  loss: 0.4330 (0.4546)  loss_classifier: 0.1852 (0.1948)  loss_box_reg: 0.2089 (0.2161)  loss_objectness: 0.0306 (0.0331)  loss_rpn_box_reg: 0.0107 (0.0107)  time: 0.4386  data: 0.0398  max mem: 1309
Epoch: [14]  [401/402]  eta: 0:00:00  lr: 0.001000  loss: 0.4330 (0.4544)  loss_classifier: 0.1836 (0.1947)  loss_box_reg: 0.2089 (0.2160)  loss_objectness: 0.0305 (0.0331)  loss_rpn_box_reg: 0.0107 (0.0107)  time: 0.4256  data: 0.0392  max mem: 1309
Epoch: [14] Total time: 0:03:16 (0.4881 s / it)
Test:  [  0/101]  eta: 0:02:37  model_time: 0.2535 (0.2535)  evaluator_time: 0.0533 (0.0533)  time: 1.5643  data: 0.9850  max mem: 1309
Test:  [100/101]  eta: 0:00:00  model_time: 0.1009 (0.1081)  evaluator_time: 0.0305 (0.0341)  time: 0.1741  data: 0.0241  max mem: 1309
Test: Total time: 0:00:21 (0.2108 s / it)
Average Precision  (AP) @[ IoU=0.50:0.95 | area=   all | maxDets=100 ] = 0.026773445192735112
Average Precision  (AP) @[ IoU=0.50      | area=   all | maxDets=100 ] = 0.10330917110404461
Average Precision  (AP) @[ IoU=0.75      | area=   all | maxDets=100 ] = 0.007118556145315649
Average Precision  (AP) @[ IoU=0.50:0.95 | area= small | maxDets=100 ] = 0.0
Average Precision  (AP) @[ IoU=0.50:0.95 | area=medium | maxDets=100 ] = 0.04837740736098927
Average Precision  (AP) @[ IoU=0.50:0.95 | area= large | maxDets=100 ] = 0.02706895465216199
Average Recall     (AR) @[ IoU=0.50:0.95 | area=   all | maxDets=  1 ] = 0.06758071125912443
Average Recall     (AR) @[ IoU=0.50:0.95 | area=   all | maxDets= 10 ] = 0.11889020184650259
Average Recall     (AR) @[ IoU=0.50:0.95 | area=   all | maxDets=100 ] = 0.12363919653176371
Average Recall     (AR) @[ IoU=0.50:0.95 | area= small | maxDets=100 ] = 0.0
Average Recall     (AR) @[ IoU=0.50:0.95 | area=medium | maxDets=100 ] = 0.07407407407407408
Average Recall     (AR) @[ IoU=0.50:0.95 | area= large | maxDets=100 ] = 0.1245003423505588



Epoch: [15]  [  0/402]  eta: 0:20:37  lr: 0.001000  loss: 0.4874 (0.4874)  loss_classifier: 0.2085 (0.2085)  loss_box_reg: 0.2249 (0.2249)  loss_objectness: 0.0433 (0.0433)  loss_rpn_box_reg: 0.0107 (0.0107)  time: 3.0787  data: 2.2734  max mem: 1309
Epoch: [15]  [100/402]  eta: 0:02:34  lr: 0.001000  loss: 0.4584 (0.4522)  loss_classifier: 0.1933 (0.1933)  loss_box_reg: 0.2176 (0.2152)  loss_objectness: 0.0329 (0.0331)  loss_rpn_box_reg: 0.0102 (0.0106)  time: 0.4774  data: 0.0472  max mem: 1309
Epoch: [15]  [200/402]  eta: 0:01:40  lr: 0.001000  loss: 0.4461 (0.4504)  loss_classifier: 0.1937 (0.1927)  loss_box_reg: 0.2144 (0.2140)  loss_objectness: 0.0329 (0.0330)  loss_rpn_box_reg: 0.0103 (0.0107)  time: 0.4838  data: 0.0440  max mem: 1309
Epoch: [15]  [300/402]  eta: 0:00:50  lr: 0.001000  loss: 0.4399 (0.4483)  loss_classifier: 0.1855 (0.1916)  loss_box_reg: 0.2142 (0.2134)  loss_objectness: 0.0303 (0.0326)  loss_rpn_box_reg: 0.0102 (0.0106)  time: 0.4730  data: 0.0476  max mem: 1309
Epoch: [15]  [400/402]  eta: 0:00:00  lr: 0.001000  loss: 0.4348 (0.4475)  loss_classifier: 0.1846 (0.1913)  loss_box_reg: 0.2048 (0.2134)  loss_objectness: 0.0280 (0.0322)  loss_rpn_box_reg: 0.0104 (0.0106)  time: 0.4365  data: 0.0424  max mem: 1309
Epoch: [15]  [401/402]  eta: 0:00:00  lr: 0.001000  loss: 0.4348 (0.4475)  loss_classifier: 0.1846 (0.1914)  loss_box_reg: 0.2048 (0.2134)  loss_objectness: 0.0280 (0.0322)  loss_rpn_box_reg: 0.0104 (0.0106)  time: 0.4219  data: 0.0403  max mem: 1309
Epoch: [15] Total time: 0:03:15 (0.4865 s / it)
Test:  [  0/101]  eta: 0:03:06  model_time: 0.2272 (0.2272)  evaluator_time: 0.3837 (0.3837)  time: 1.8443  data: 0.9582  max mem: 1309
Test:  [100/101]  eta: 0:00:00  model_time: 0.1030 (0.1104)  evaluator_time: 0.0295 (0.0433)  time: 0.1924  data: 0.0238  max mem: 1309
Test: Total time: 0:00:22 (0.2219 s / it)
Average Precision  (AP) @[ IoU=0.50:0.95 | area=   all | maxDets=100 ] = 0.03078782833536533
Average Precision  (AP) @[ IoU=0.50      | area=   all | maxDets=100 ] = 0.11550017176821314
Average Precision  (AP) @[ IoU=0.75      | area=   all | maxDets=100 ] = 0.011810634072216948
Average Precision  (AP) @[ IoU=0.50:0.95 | area= small | maxDets=100 ] = 0.0
Average Precision  (AP) @[ IoU=0.50:0.95 | area=medium | maxDets=100 ] = 0.02682739993294021
Average Precision  (AP) @[ IoU=0.50:0.95 | area= large | maxDets=100 ] = 0.03125301384215839
Average Recall     (AR) @[ IoU=0.50:0.95 | area=   all | maxDets=  1 ] = 0.07419904513831689
Average Recall     (AR) @[ IoU=0.50:0.95 | area=   all | maxDets= 10 ] = 0.14183686224399772
Average Recall     (AR) @[ IoU=0.50:0.95 | area=   all | maxDets=100 ] = 0.15192705894502542
Average Recall     (AR) @[ IoU=0.50:0.95 | area= small | maxDets=100 ] = 0.0
Average Recall     (AR) @[ IoU=0.50:0.95 | area=medium | maxDets=100 ] = 0.08518518518518518
Average Recall     (AR) @[ IoU=0.50:0.95 | area= large | maxDets=100 ] = 0.15283161128484704



Epoch: [16]  [  0/402]  eta: 0:20:10  lr: 0.001000  loss: 0.4864 (0.4864)  loss_classifier: 0.2082 (0.2082)  loss_box_reg: 0.2401 (0.2401)  loss_objectness: 0.0277 (0.0277)  loss_rpn_box_reg: 0.0103 (0.0103)  time: 3.0123  data: 2.2235  max mem: 1309
Epoch: [16]  [100/402]  eta: 0:02:36  lr: 0.001000  loss: 0.4347 (0.4398)  loss_classifier: 0.1820 (0.1856)  loss_box_reg: 0.2105 (0.2105)  loss_objectness: 0.0356 (0.0327)  loss_rpn_box_reg: 0.0104 (0.0110)  time: 0.4922  data: 0.0503  max mem: 1309
Epoch: [16]  [200/402]  eta: 0:01:41  lr: 0.001000  loss: 0.4333 (0.4420)  loss_classifier: 0.1869 (0.1880)  loss_box_reg: 0.2056 (0.2117)  loss_objectness: 0.0274 (0.0316)  loss_rpn_box_reg: 0.0095 (0.0107)  time: 0.4946  data: 0.0491  max mem: 1309
Epoch: [16]  [300/402]  eta: 0:00:51  lr: 0.001000  loss: 0.4500 (0.4421)  loss_classifier: 0.1907 (0.1880)  loss_box_reg: 0.2137 (0.2118)  loss_objectness: 0.0307 (0.0316)  loss_rpn_box_reg: 0.0104 (0.0107)  time: 0.5009  data: 0.0491  max mem: 1309
Epoch: [16]  [400/402]  eta: 0:00:00  lr: 0.001000  loss: 0.4222 (0.4395)  loss_classifier: 0.1816 (0.1864)  loss_box_reg: 0.2016 (0.2112)  loss_objectness: 0.0308 (0.0313)  loss_rpn_box_reg: 0.0102 (0.0106)  time: 0.4423  data: 0.0371  max mem: 1309
Epoch: [16]  [401/402]  eta: 0:00:00  lr: 0.001000  loss: 0.4215 (0.4395)  loss_classifier: 0.1802 (0.1863)  loss_box_reg: 0.2023 (0.2113)  loss_objectness: 0.0302 (0.0312)  loss_rpn_box_reg: 0.0102 (0.0106)  time: 0.4302  data: 0.0365  max mem: 1309
Epoch: [16] Total time: 0:03:19 (0.4969 s / it)
Test:  [  0/101]  eta: 0:02:36  model_time: 0.2275 (0.2275)  evaluator_time: 0.0702 (0.0702)  time: 1.5464  data: 0.9888  max mem: 1309
Test:  [100/101]  eta: 0:00:00  model_time: 0.0998 (0.1063)  evaluator_time: 0.0316 (0.0400)  time: 0.1858  data: 0.0234  max mem: 1309
Test: Total time: 0:00:21 (0.2144 s / it)
Average Precision  (AP) @[ IoU=0.50:0.95 | area=   all | maxDets=100 ] = 0.03650468076261069
Average Precision  (AP) @[ IoU=0.50      | area=   all | maxDets=100 ] = 0.13231884339760228
Average Precision  (AP) @[ IoU=0.75      | area=   all | maxDets=100 ] = 0.01443812077783607
Average Precision  (AP) @[ IoU=0.50:0.95 | area= small | maxDets=100 ] = 0.0
Average Precision  (AP) @[ IoU=0.50:0.95 | area=medium | maxDets=100 ] = 0.03869034522499869
Average Precision  (AP) @[ IoU=0.50:0.95 | area= large | maxDets=100 ] = 0.03694554704197086
Average Recall     (AR) @[ IoU=0.50:0.95 | area=   all | maxDets=  1 ] = 0.08254746797261311
Average Recall     (AR) @[ IoU=0.50:0.95 | area=   all | maxDets= 10 ] = 0.14422388161545807
Average Recall     (AR) @[ IoU=0.50:0.95 | area=   all | maxDets=100 ] = 0.15177946009077475
Average Recall     (AR) @[ IoU=0.50:0.95 | area= small | maxDets=100 ] = 0.0
Average Recall     (AR) @[ IoU=0.50:0.95 | area=medium | maxDets=100 ] = 0.07037037037037037
Average Recall     (AR) @[ IoU=0.50:0.95 | area= large | maxDets=100 ] = 0.15306589566970386



Epoch: [17]  [  0/402]  eta: 0:19:15  lr: 0.001000  loss: 0.4124 (0.4124)  loss_classifier: 0.1684 (0.1684)  loss_box_reg: 0.1968 (0.1968)  loss_objectness: 0.0370 (0.0370)  loss_rpn_box_reg: 0.0102 (0.0102)  time: 2.8745  data: 2.1577  max mem: 1309
Epoch: [17]  [100/402]  eta: 0:02:33  lr: 0.001000  loss: 0.4191 (0.4353)  loss_classifier: 0.1816 (0.1847)  loss_box_reg: 0.2006 (0.2095)  loss_objectness: 0.0274 (0.0306)  loss_rpn_box_reg: 0.0102 (0.0105)  time: 0.4747  data: 0.0478  max mem: 1309
Epoch: [17]  [200/402]  eta: 0:01:39  lr: 0.001000  loss: 0.4275 (0.4382)  loss_classifier: 0.1826 (0.1861)  loss_box_reg: 0.2104 (0.2107)  loss_objectness: 0.0294 (0.0310)  loss_rpn_box_reg: 0.0106 (0.0104)  time: 0.4837  data: 0.0471  max mem: 1309
Epoch: [17]  [300/402]  eta: 0:00:49  lr: 0.001000  loss: 0.4265 (0.4358)  loss_classifier: 0.1750 (0.1846)  loss_box_reg: 0.2040 (0.2097)  loss_objectness: 0.0258 (0.0311)  loss_rpn_box_reg: 0.0106 (0.0104)  time: 0.4795  data: 0.0478  max mem: 1309
Epoch: [17]  [400/402]  eta: 0:00:00  lr: 0.001000  loss: 0.4424 (0.4343)  loss_classifier: 0.1861 (0.1838)  loss_box_reg: 0.2100 (0.2092)  loss_objectness: 0.0327 (0.0309)  loss_rpn_box_reg: 0.0103 (0.0104)  time: 0.4366  data: 0.0433  max mem: 1309
Epoch: [17]  [401/402]  eta: 0:00:00  lr: 0.001000  loss: 0.4424 (0.4344)  loss_classifier: 0.1861 (0.1838)  loss_box_reg: 0.2100 (0.2093)  loss_objectness: 0.0327 (0.0309)  loss_rpn_box_reg: 0.0103 (0.0104)  time: 0.4256  data: 0.0428  max mem: 1309
Epoch: [17] Total time: 0:03:14 (0.4827 s / it)
Test:  [  0/101]  eta: 0:02:33  model_time: 0.2567 (0.2567)  evaluator_time: 0.0775 (0.0775)  time: 1.5237  data: 0.9058  max mem: 1309
Test:  [100/101]  eta: 0:00:00  model_time: 0.1022 (0.1075)  evaluator_time: 0.0295 (0.0400)  time: 0.1861  data: 0.0240  max mem: 1309
Test: Total time: 0:00:21 (0.2143 s / it)
Average Precision  (AP) @[ IoU=0.50:0.95 | area=   all | maxDets=100 ] = 0.03605941167641041
Average Precision  (AP) @[ IoU=0.50      | area=   all | maxDets=100 ] = 0.13451485913209835
Average Precision  (AP) @[ IoU=0.75      | area=   all | maxDets=100 ] = 0.01302679661244567
Average Precision  (AP) @[ IoU=0.50:0.95 | area= small | maxDets=100 ] = 0.0
Average Precision  (AP) @[ IoU=0.50:0.95 | area=medium | maxDets=100 ] = 0.0349635950437149
Average Precision  (AP) @[ IoU=0.50:0.95 | area= large | maxDets=100 ] = 0.03676016588188073
Average Recall     (AR) @[ IoU=0.50:0.95 | area=   all | maxDets=  1 ] = 0.08055133337358418
Average Recall     (AR) @[ IoU=0.50:0.95 | area=   all | maxDets= 10 ] = 0.15068905907267266
Average Recall     (AR) @[ IoU=0.50:0.95 | area=   all | maxDets=100 ] = 0.15750407641400577
Average Recall     (AR) @[ IoU=0.50:0.95 | area= small | maxDets=100 ] = 0.0
Average Recall     (AR) @[ IoU=0.50:0.95 | area=medium | maxDets=100 ] = 0.06296296296296296
Average Recall     (AR) @[ IoU=0.50:0.95 | area= large | maxDets=100 ] = 0.15897265951780898



Epoch: [18]  [  0/402]  eta: 0:19:23  lr: 0.001000  loss: 0.4021 (0.4021)  loss_classifier: 0.1718 (0.1718)  loss_box_reg: 0.2001 (0.2001)  loss_objectness: 0.0227 (0.0227)  loss_rpn_box_reg: 0.0075 (0.0075)  time: 2.8942  data: 2.0219  max mem: 1309
Epoch: [18]  [100/402]  eta: 0:02:34  lr: 0.001000  loss: 0.4186 (0.4249)  loss_classifier: 0.1773 (0.1783)  loss_box_reg: 0.2090 (0.2054)  loss_objectness: 0.0329 (0.0307)  loss_rpn_box_reg: 0.0096 (0.0104)  time: 0.4879  data: 0.0494  max mem: 1309
Epoch: [18]  [200/402]  eta: 0:01:40  lr: 0.001000  loss: 0.4117 (0.4249)  loss_classifier: 0.1719 (0.1778)  loss_box_reg: 0.2032 (0.2067)  loss_objectness: 0.0298 (0.0300)  loss_rpn_box_reg: 0.0107 (0.0104)  time: 0.4854  data: 0.0479  max mem: 1309
Epoch: [18]  [300/402]  eta: 0:00:50  lr: 0.001000  loss: 0.4297 (0.4257)  loss_classifier: 0.1784 (0.1781)  loss_box_reg: 0.2083 (0.2068)  loss_objectness: 0.0308 (0.0304)  loss_rpn_box_reg: 0.0104 (0.0105)  time: 0.4786  data: 0.0475  max mem: 1309
Epoch: [18]  [400/402]  eta: 0:00:00  lr: 0.001000  loss: 0.4200 (0.4256)  loss_classifier: 0.1735 (0.1781)  loss_box_reg: 0.2066 (0.2066)  loss_objectness: 0.0263 (0.0304)  loss_rpn_box_reg: 0.0094 (0.0104)  time: 0.4406  data: 0.0434  max mem: 1309
Epoch: [18]  [401/402]  eta: 0:00:00  lr: 0.001000  loss: 0.4200 (0.4256)  loss_classifier: 0.1735 (0.1781)  loss_box_reg: 0.2066 (0.2066)  loss_objectness: 0.0262 (0.0304)  loss_rpn_box_reg: 0.0094 (0.0104)  time: 0.4265  data: 0.0412  max mem: 1309
Epoch: [18] Total time: 0:03:14 (0.4848 s / it)
Test:  [  0/101]  eta: 0:02:39  model_time: 0.2686 (0.2686)  evaluator_time: 0.1024 (0.1024)  time: 1.5748  data: 0.8933  max mem: 1309
Test:  [100/101]  eta: 0:00:00  model_time: 0.1043 (0.1097)  evaluator_time: 0.0337 (0.0415)  time: 0.1909  data: 0.0237  max mem: 1309
Test: Total time: 0:00:22 (0.2188 s / it)
Average Precision  (AP) @[ IoU=0.50:0.95 | area=   all | maxDets=100 ] = 0.031916664099629746
Average Precision  (AP) @[ IoU=0.50      | area=   all | maxDets=100 ] = 0.12072145561104886
Average Precision  (AP) @[ IoU=0.75      | area=   all | maxDets=100 ] = 0.01347641789219395
Average Precision  (AP) @[ IoU=0.50:0.95 | area= small | maxDets=100 ] = 0.0
Average Precision  (AP) @[ IoU=0.50:0.95 | area=medium | maxDets=100 ] = 0.04052046507908936
Average Precision  (AP) @[ IoU=0.50:0.95 | area= large | maxDets=100 ] = 0.03202507950402052
Average Recall     (AR) @[ IoU=0.50:0.95 | area=   all | maxDets=  1 ] = 0.07358702280736153
Average Recall     (AR) @[ IoU=0.50:0.95 | area=   all | maxDets= 10 ] = 0.1349696601881887
Average Recall     (AR) @[ IoU=0.50:0.95 | area=   all | maxDets=100 ] = 0.1433365515015856
Average Recall     (AR) @[ IoU=0.50:0.95 | area= small | maxDets=100 ] = 0.0
Average Recall     (AR) @[ IoU=0.50:0.95 | area=medium | maxDets=100 ] = 0.07407407407407408
Average Recall     (AR) @[ IoU=0.50:0.95 | area= large | maxDets=100 ] = 0.14436126518313985



Epoch: [19]  [  0/402]  eta: 0:18:26  lr: 0.001000  loss: 0.4838 (0.4838)  loss_classifier: 0.2043 (0.2043)  loss_box_reg: 0.2406 (0.2406)  loss_objectness: 0.0285 (0.0285)  loss_rpn_box_reg: 0.0104 (0.0104)  time: 2.7519  data: 2.0354  max mem: 1309
Epoch: [19]  [100/402]  eta: 0:02:33  lr: 0.001000  loss: 0.4139 (0.4221)  loss_classifier: 0.1741 (0.1755)  loss_box_reg: 0.1986 (0.2061)  loss_objectness: 0.0269 (0.0303)  loss_rpn_box_reg: 0.0096 (0.0103)  time: 0.4719  data: 0.0503  max mem: 1309
Epoch: [19]  [200/402]  eta: 0:01:39  lr: 0.001000  loss: 0.4245 (0.4207)  loss_classifier: 0.1769 (0.1748)  loss_box_reg: 0.2074 (0.2050)  loss_objectness: 0.0297 (0.0308)  loss_rpn_box_reg: 0.0098 (0.0102)  time: 0.4699  data: 0.0418  max mem: 1309
Epoch: [19]  [300/402]  eta: 0:00:49  lr: 0.001000  loss: 0.4179 (0.4199)  loss_classifier: 0.1765 (0.1749)  loss_box_reg: 0.2029 (0.2049)  loss_objectness: 0.0278 (0.0300)  loss_rpn_box_reg: 0.0094 (0.0101)  time: 0.4765  data: 0.0443  max mem: 1309
Epoch: [19]  [400/402]  eta: 0:00:00  lr: 0.001000  loss: 0.4198 (0.4208)  loss_classifier: 0.1789 (0.1758)  loss_box_reg: 0.2055 (0.2050)  loss_objectness: 0.0273 (0.0299)  loss_rpn_box_reg: 0.0100 (0.0101)  time: 0.4308  data: 0.0395  max mem: 1309
Epoch: [19]  [401/402]  eta: 0:00:00  lr: 0.001000  loss: 0.4105 (0.4207)  loss_classifier: 0.1717 (0.1757)  loss_box_reg: 0.1996 (0.2050)  loss_objectness: 0.0273 (0.0299)  loss_rpn_box_reg: 0.0100 (0.0101)  time: 0.4158  data: 0.0378  max mem: 1309
Epoch: [19] Total time: 0:03:14 (0.4829 s / it)
Test:  [  0/101]  eta: 0:02:31  model_time: 0.2220 (0.2220)  evaluator_time: 0.0356 (0.0356)  time: 1.5017  data: 0.9667  max mem: 1309
Test:  [100/101]  eta: 0:00:00  model_time: 0.0993 (0.1073)  evaluator_time: 0.0336 (0.0414)  time: 0.1872  data: 0.0229  max mem: 1309
Test: Total time: 0:00:21 (0.2156 s / it)
Average Precision  (AP) @[ IoU=0.50:0.95 | area=   all | maxDets=100 ] = 0.03188070142355492
Average Precision  (AP) @[ IoU=0.50      | area=   all | maxDets=100 ] = 0.1165027949526311
Average Precision  (AP) @[ IoU=0.75      | area=   all | maxDets=100 ] = 0.013119127345764358
Average Precision  (AP) @[ IoU=0.50:0.95 | area= small | maxDets=100 ] = 0.0
Average Precision  (AP) @[ IoU=0.50:0.95 | area=medium | maxDets=100 ] = 0.04614796585402352
Average Precision  (AP) @[ IoU=0.50:0.95 | area= large | maxDets=100 ] = 0.032396868430640144
Average Recall     (AR) @[ IoU=0.50:0.95 | area=   all | maxDets=  1 ] = 0.08199275421637592
Average Recall     (AR) @[ IoU=0.50:0.95 | area=   all | maxDets= 10 ] = 0.14958100631545193
Average Recall     (AR) @[ IoU=0.50:0.95 | area=   all | maxDets=100 ] = 0.1555791125177742
Average Recall     (AR) @[ IoU=0.50:0.95 | area= small | maxDets=100 ] = 0.0
Average Recall     (AR) @[ IoU=0.50:0.95 | area=medium | maxDets=100 ] = 0.08888888888888889
Average Recall     (AR) @[ IoU=0.50:0.95 | area= large | maxDets=100 ] = 0.1565874283968732



Epoch: [20]  [  0/402]  eta: 0:16:15  lr: 0.001000  loss: 0.4543 (0.4543)  loss_classifier: 0.1960 (0.1960)  loss_box_reg: 0.2227 (0.2227)  loss_objectness: 0.0251 (0.0251)  loss_rpn_box_reg: 0.0105 (0.0105)  time: 2.4272  data: 1.5797  max mem: 1309
Epoch: [20]  [100/402]  eta: 0:02:33  lr: 0.001000  loss: 0.3938 (0.4158)  loss_classifier: 0.1617 (0.1744)  loss_box_reg: 0.1954 (0.2028)  loss_objectness: 0.0274 (0.0287)  loss_rpn_box_reg: 0.0099 (0.0099)  time: 0.4770  data: 0.0479  max mem: 1309
Epoch: [20]  [200/402]  eta: 0:01:40  lr: 0.001000  loss: 0.4179 (0.4182)  loss_classifier: 0.1770 (0.1758)  loss_box_reg: 0.2033 (0.2032)  loss_objectness: 0.0253 (0.0291)  loss_rpn_box_reg: 0.0095 (0.0101)  time: 0.4785  data: 0.0512  max mem: 1309
Epoch: [20]  [300/402]  eta: 0:00:49  lr: 0.001000  loss: 0.4073 (0.4175)  loss_classifier: 0.1723 (0.1753)  loss_box_reg: 0.1977 (0.2031)  loss_objectness: 0.0285 (0.0290)  loss_rpn_box_reg: 0.0095 (0.0101)  time: 0.4778  data: 0.0456  max mem: 1309
Epoch: [20]  [400/402]  eta: 0:00:00  lr: 0.001000  loss: 0.4010 (0.4161)  loss_classifier: 0.1641 (0.1740)  loss_box_reg: 0.1918 (0.2029)  loss_objectness: 0.0284 (0.0291)  loss_rpn_box_reg: 0.0100 (0.0102)  time: 0.4294  data: 0.0401  max mem: 1309
Epoch: [20]  [401/402]  eta: 0:00:00  lr: 0.001000  loss: 0.4010 (0.4162)  loss_classifier: 0.1641 (0.1741)  loss_box_reg: 0.1918 (0.2029)  loss_objectness: 0.0284 (0.0291)  loss_rpn_box_reg: 0.0100 (0.0102)  time: 0.4177  data: 0.0385  max mem: 1309
Epoch: [20] Total time: 0:03:15 (0.4853 s / it)
Test:  [  0/101]  eta: 0:02:36  model_time: 0.2204 (0.2204)  evaluator_time: 0.0567 (0.0567)  time: 1.5494  data: 0.9981  max mem: 1309
Test:  [100/101]  eta: 0:00:00  model_time: 0.1025 (0.1085)  evaluator_time: 0.0287 (0.0362)  time: 0.1746  data: 0.0236  max mem: 1309
Test: Total time: 0:00:21 (0.2126 s / it)
Average Precision  (AP) @[ IoU=0.50:0.95 | area=   all | maxDets=100 ] = 0.029747500322626966
Average Precision  (AP) @[ IoU=0.50      | area=   all | maxDets=100 ] = 0.11271416100783556
Average Precision  (AP) @[ IoU=0.75      | area=   all | maxDets=100 ] = 0.012676503714343446
Average Precision  (AP) @[ IoU=0.50:0.95 | area= small | maxDets=100 ] = 0.0
Average Precision  (AP) @[ IoU=0.50:0.95 | area=medium | maxDets=100 ] = 0.03208647690399981
Average Precision  (AP) @[ IoU=0.50:0.95 | area= large | maxDets=100 ] = 0.03029002327555826
Average Recall     (AR) @[ IoU=0.50:0.95 | area=   all | maxDets=  1 ] = 0.07462679398794056
Average Recall     (AR) @[ IoU=0.50:0.95 | area=   all | maxDets= 10 ] = 0.13850625856005552
Average Recall     (AR) @[ IoU=0.50:0.95 | area=   all | maxDets=100 ] = 0.14435495774061652
Average Recall     (AR) @[ IoU=0.50:0.95 | area= small | maxDets=100 ] = 0.0
Average Recall     (AR) @[ IoU=0.50:0.95 | area=medium | maxDets=100 ] = 0.09259259259259259
Average Recall     (AR) @[ IoU=0.50:0.95 | area= large | maxDets=100 ] = 0.14511478318477097



Epoch: [21]  [  0/402]  eta: 0:18:33  lr: 0.001000  loss: 0.4508 (0.4508)  loss_classifier: 0.1884 (0.1884)  loss_box_reg: 0.2134 (0.2134)  loss_objectness: 0.0401 (0.0401)  loss_rpn_box_reg: 0.0088 (0.0088)  time: 2.7708  data: 2.0820  max mem: 1309
Epoch: [21]  [100/402]  eta: 0:02:33  lr: 0.001000  loss: 0.4118 (0.4066)  loss_classifier: 0.1693 (0.1697)  loss_box_reg: 0.2011 (0.1979)  loss_objectness: 0.0292 (0.0290)  loss_rpn_box_reg: 0.0092 (0.0100)  time: 0.4716  data: 0.0446  max mem: 1309
Epoch: [21]  [200/402]  eta: 0:01:39  lr: 0.001000  loss: 0.3887 (0.4068)  loss_classifier: 0.1571 (0.1697)  loss_box_reg: 0.1927 (0.1983)  loss_objectness: 0.0249 (0.0288)  loss_rpn_box_reg: 0.0092 (0.0100)  time: 0.4756  data: 0.0442  max mem: 1309
Epoch: [21]  [300/402]  eta: 0:00:49  lr: 0.001000  loss: 0.4032 (0.4079)  loss_classifier: 0.1669 (0.1701)  loss_box_reg: 0.2002 (0.1992)  loss_objectness: 0.0247 (0.0286)  loss_rpn_box_reg: 0.0093 (0.0100)  time: 0.4827  data: 0.0504  max mem: 1309
Epoch: [21]  [400/402]  eta: 0:00:00  lr: 0.001000  loss: 0.3859 (0.4080)  loss_classifier: 0.1597 (0.1702)  loss_box_reg: 0.1922 (0.1995)  loss_objectness: 0.0241 (0.0284)  loss_rpn_box_reg: 0.0089 (0.0100)  time: 0.4340  data: 0.0377  max mem: 1309
Epoch: [21]  [401/402]  eta: 0:00:00  lr: 0.001000  loss: 0.3887 (0.4079)  loss_classifier: 0.1658 (0.1702)  loss_box_reg: 0.1922 (0.1995)  loss_objectness: 0.0241 (0.0284)  loss_rpn_box_reg: 0.0089 (0.0100)  time: 0.4190  data: 0.0358  max mem: 1309
Epoch: [21] Total time: 0:03:14 (0.4827 s / it)
Test:  [  0/101]  eta: 0:02:33  model_time: 0.2012 (0.2012)  evaluator_time: 0.0394 (0.0394)  time: 1.5208  data: 1.0132  max mem: 1309
Test:  [100/101]  eta: 0:00:00  model_time: 0.1015 (0.1071)  evaluator_time: 0.0325 (0.0419)  time: 0.1897  data: 0.0223  max mem: 1309
Test: Total time: 0:00:21 (0.2168 s / it)
Average Precision  (AP) @[ IoU=0.50:0.95 | area=   all | maxDets=100 ] = 0.03141980397734693
Average Precision  (AP) @[ IoU=0.50      | area=   all | maxDets=100 ] = 0.12318842015157189
Average Precision  (AP) @[ IoU=0.75      | area=   all | maxDets=100 ] = 0.009318575122905725
Average Precision  (AP) @[ IoU=0.50:0.95 | area= small | maxDets=100 ] = 0.0
Average Precision  (AP) @[ IoU=0.50:0.95 | area=medium | maxDets=100 ] = 0.04965377838596867
Average Precision  (AP) @[ IoU=0.50:0.95 | area= large | maxDets=100 ] = 0.0318095049802032
Average Recall     (AR) @[ IoU=0.50:0.95 | area=   all | maxDets=  1 ] = 0.0749993407216618
Average Recall     (AR) @[ IoU=0.50:0.95 | area=   all | maxDets= 10 ] = 0.13589592540994577
Average Recall     (AR) @[ IoU=0.50:0.95 | area=   all | maxDets=100 ] = 0.14457629596147706
Average Recall     (AR) @[ IoU=0.50:0.95 | area= small | maxDets=100 ] = 0.0
Average Recall     (AR) @[ IoU=0.50:0.95 | area=medium | maxDets=100 ] = 0.08888888888888888
Average Recall     (AR) @[ IoU=0.50:0.95 | area= large | maxDets=100 ] = 0.1457716725646466



Epoch: [22]  [  0/402]  eta: 0:19:46  lr: 0.001000  loss: 0.3864 (0.3864)  loss_classifier: 0.1512 (0.1512)  loss_box_reg: 0.1912 (0.1912)  loss_objectness: 0.0317 (0.0317)  loss_rpn_box_reg: 0.0122 (0.0122)  time: 2.9516  data: 2.1939  max mem: 1309
Epoch: [22]  [100/402]  eta: 0:02:34  lr: 0.001000  loss: 0.4085 (0.4066)  loss_classifier: 0.1678 (0.1677)  loss_box_reg: 0.2023 (0.2003)  loss_objectness: 0.0273 (0.0286)  loss_rpn_box_reg: 0.0104 (0.0100)  time: 0.4788  data: 0.0421  max mem: 1309
Epoch: [22]  [200/402]  eta: 0:01:39  lr: 0.001000  loss: 0.3980 (0.4032)  loss_classifier: 0.1572 (0.1661)  loss_box_reg: 0.2002 (0.1992)  loss_objectness: 0.0261 (0.0280)  loss_rpn_box_reg: 0.0099 (0.0100)  time: 0.4704  data: 0.0473  max mem: 1309
Epoch: [22]  [300/402]  eta: 0:00:49  lr: 0.001000  loss: 0.3865 (0.4020)  loss_classifier: 0.1597 (0.1655)  loss_box_reg: 0.1928 (0.1985)  loss_objectness: 0.0265 (0.0280)  loss_rpn_box_reg: 0.0088 (0.0099)  time: 0.4869  data: 0.0451  max mem: 1309
Epoch: [22]  [400/402]  eta: 0:00:00  lr: 0.001000  loss: 0.3858 (0.4010)  loss_classifier: 0.1598 (0.1649)  loss_box_reg: 0.1907 (0.1983)  loss_objectness: 0.0243 (0.0280)  loss_rpn_box_reg: 0.0097 (0.0099)  time: 0.4350  data: 0.0371  max mem: 1309
Epoch: [22]  [401/402]  eta: 0:00:00  lr: 0.001000  loss: 0.3858 (0.4011)  loss_classifier: 0.1607 (0.1649)  loss_box_reg: 0.1907 (0.1984)  loss_objectness: 0.0243 (0.0279)  loss_rpn_box_reg: 0.0095 (0.0099)  time: 0.4192  data: 0.0353  max mem: 1309
Epoch: [22] Total time: 0:03:14 (0.4842 s / it)
Test:  [  0/101]  eta: 0:02:32  model_time: 0.2287 (0.2287)  evaluator_time: 0.0343 (0.0343)  time: 1.5133  data: 0.9763  max mem: 1309
Test:  [100/101]  eta: 0:00:00  model_time: 0.1017 (0.1100)  evaluator_time: 0.0300 (0.0389)  time: 0.1875  data: 0.0227  max mem: 1309
Test: Total time: 0:00:21 (0.2168 s / it)
Average Precision  (AP) @[ IoU=0.50:0.95 | area=   all | maxDets=100 ] = 0.036538652121055296
Average Precision  (AP) @[ IoU=0.50      | area=   all | maxDets=100 ] = 0.14553256935668235
Average Precision  (AP) @[ IoU=0.75      | area=   all | maxDets=100 ] = 0.011599096102095776
Average Precision  (AP) @[ IoU=0.50:0.95 | area= small | maxDets=100 ] = 0.0
Average Precision  (AP) @[ IoU=0.50:0.95 | area=medium | maxDets=100 ] = 0.04717437369618652
Average Precision  (AP) @[ IoU=0.50:0.95 | area= large | maxDets=100 ] = 0.03727130449216949
Average Recall     (AR) @[ IoU=0.50:0.95 | area=   all | maxDets=  1 ] = 0.09388692844920642
Average Recall     (AR) @[ IoU=0.50:0.95 | area=   all | maxDets= 10 ] = 0.16008442297799172
Average Recall     (AR) @[ IoU=0.50:0.95 | area=   all | maxDets=100 ] = 0.16665940486136177
Average Recall     (AR) @[ IoU=0.50:0.95 | area= small | maxDets=100 ] = 0.0
Average Recall     (AR) @[ IoU=0.50:0.95 | area=medium | maxDets=100 ] = 0.1
Average Recall     (AR) @[ IoU=0.50:0.95 | area= large | maxDets=100 ] = 0.16784476381293192



Epoch: [23]  [  0/402]  eta: 0:19:07  lr: 0.001000  loss: 0.4170 (0.4170)  loss_classifier: 0.1775 (0.1775)  loss_box_reg: 0.1911 (0.1911)  loss_objectness: 0.0366 (0.0366)  loss_rpn_box_reg: 0.0119 (0.0119)  time: 2.8552  data: 2.0801  max mem: 1309
Epoch: [23]  [100/402]  eta: 0:02:32  lr: 0.001000  loss: 0.3930 (0.3967)  loss_classifier: 0.1601 (0.1628)  loss_box_reg: 0.1925 (0.1961)  loss_objectness: 0.0262 (0.0279)  loss_rpn_box_reg: 0.0101 (0.0099)  time: 0.4731  data: 0.0454  max mem: 1309
Epoch: [23]  [200/402]  eta: 0:01:38  lr: 0.001000  loss: 0.4187 (0.4002)  loss_classifier: 0.1696 (0.1643)  loss_box_reg: 0.2100 (0.1983)  loss_objectness: 0.0270 (0.0276)  loss_rpn_box_reg: 0.0100 (0.0099)  time: 0.4776  data: 0.0484  max mem: 1309
Epoch: [23]  [300/402]  eta: 0:00:49  lr: 0.001000  loss: 0.3944 (0.4003)  loss_classifier: 0.1608 (0.1645)  loss_box_reg: 0.1975 (0.1982)  loss_objectness: 0.0269 (0.0277)  loss_rpn_box_reg: 0.0095 (0.0099)  time: 0.4702  data: 0.0490  max mem: 1309
Epoch: [23]  [400/402]  eta: 0:00:00  lr: 0.001000  loss: 0.3992 (0.3998)  loss_classifier: 0.1652 (0.1645)  loss_box_reg: 0.1941 (0.1981)  loss_objectness: 0.0237 (0.0275)  loss_rpn_box_reg: 0.0093 (0.0098)  time: 0.4323  data: 0.0376  max mem: 1309
Epoch: [23]  [401/402]  eta: 0:00:00  lr: 0.001000  loss: 0.3992 (0.3997)  loss_classifier: 0.1652 (0.1644)  loss_box_reg: 0.1941 (0.1980)  loss_objectness: 0.0237 (0.0274)  loss_rpn_box_reg: 0.0093 (0.0098)  time: 0.4175  data: 0.0363  max mem: 1309
Epoch: [23] Total time: 0:03:12 (0.4799 s / it)
Test:  [  0/101]  eta: 0:02:37  model_time: 0.2518 (0.2518)  evaluator_time: 0.0487 (0.0487)  time: 1.5601  data: 1.0130  max mem: 1309
Test:  [100/101]  eta: 0:00:00  model_time: 0.1042 (0.1086)  evaluator_time: 0.0287 (0.0371)  time: 0.1773  data: 0.0235  max mem: 1309
Test: Total time: 0:00:21 (0.2140 s / it)
Average Precision  (AP) @[ IoU=0.50:0.95 | area=   all | maxDets=100 ] = 0.03929481265953289
Average Precision  (AP) @[ IoU=0.50      | area=   all | maxDets=100 ] = 0.14352517988422625
Average Precision  (AP) @[ IoU=0.75      | area=   all | maxDets=100 ] = 0.017018168944230496
Average Precision  (AP) @[ IoU=0.50:0.95 | area= small | maxDets=100 ] = 0.0
Average Precision  (AP) @[ IoU=0.50:0.95 | area=medium | maxDets=100 ] = 0.034045654565456544
Average Precision  (AP) @[ IoU=0.50:0.95 | area= large | maxDets=100 ] = 0.03998333535490672
Average Recall     (AR) @[ IoU=0.50:0.95 | area=   all | maxDets=  1 ] = 0.08471155080860687
Average Recall     (AR) @[ IoU=0.50:0.95 | area=   all | maxDets= 10 ] = 0.15672983093361417
Average Recall     (AR) @[ IoU=0.50:0.95 | area=   all | maxDets=100 ] = 0.16321350365319878
Average Recall     (AR) @[ IoU=0.50:0.95 | area= small | maxDets=100 ] = 0.0
Average Recall     (AR) @[ IoU=0.50:0.95 | area=medium | maxDets=100 ] = 0.08148148148148149
Average Recall     (AR) @[ IoU=0.50:0.95 | area= large | maxDets=100 ] = 0.16467876284707295



Epoch: [24]  [  0/402]  eta: 0:18:08  lr: 0.001000  loss: 0.3979 (0.3979)  loss_classifier: 0.1554 (0.1554)  loss_box_reg: 0.2079 (0.2079)  loss_objectness: 0.0248 (0.0248)  loss_rpn_box_reg: 0.0098 (0.0098)  time: 2.7086  data: 1.9886  max mem: 1309
Epoch: [24]  [100/402]  eta: 0:02:34  lr: 0.001000  loss: 0.4007 (0.3931)  loss_classifier: 0.1675 (0.1614)  loss_box_reg: 0.1956 (0.1944)  loss_objectness: 0.0263 (0.0277)  loss_rpn_box_reg: 0.0094 (0.0097)  time: 0.4847  data: 0.0440  max mem: 1309
Epoch: [24]  [200/402]  eta: 0:01:40  lr: 0.001000  loss: 0.3962 (0.3924)  loss_classifier: 0.1575 (0.1606)  loss_box_reg: 0.1923 (0.1950)  loss_objectness: 0.0245 (0.0272)  loss_rpn_box_reg: 0.0087 (0.0097)  time: 0.4807  data: 0.0498  max mem: 1309
Epoch: [24]  [300/402]  eta: 0:00:49  lr: 0.001000  loss: 0.3917 (0.3925)  loss_classifier: 0.1600 (0.1607)  loss_box_reg: 0.1956 (0.1953)  loss_objectness: 0.0244 (0.0268)  loss_rpn_box_reg: 0.0100 (0.0097)  time: 0.4792  data: 0.0480  max mem: 1309
Epoch: [24]  [400/402]  eta: 0:00:00  lr: 0.001000  loss: 0.3898 (0.3929)  loss_classifier: 0.1559 (0.1608)  loss_box_reg: 0.2013 (0.1957)  loss_objectness: 0.0237 (0.0267)  loss_rpn_box_reg: 0.0084 (0.0097)  time: 0.4296  data: 0.0388  max mem: 1309
Epoch: [24]  [401/402]  eta: 0:00:00  lr: 0.001000  loss: 0.3898 (0.3929)  loss_classifier: 0.1559 (0.1608)  loss_box_reg: 0.2013 (0.1957)  loss_objectness: 0.0250 (0.0267)  loss_rpn_box_reg: 0.0084 (0.0097)  time: 0.4193  data: 0.0383  max mem: 1309
Epoch: [24] Total time: 0:03:14 (0.4832 s / it)
Test:  [  0/101]  eta: 0:02:42  model_time: 0.2490 (0.2490)  evaluator_time: 0.1308 (0.1308)  time: 1.6100  data: 0.9493  max mem: 1309
Test:  [100/101]  eta: 0:00:00  model_time: 0.1001 (0.1066)  evaluator_time: 0.0309 (0.0388)  time: 0.1729  data: 0.0227  max mem: 1309
Test: Total time: 0:00:21 (0.2117 s / it)
Average Precision  (AP) @[ IoU=0.50:0.95 | area=   all | maxDets=100 ] = 0.040288544781590135
Average Precision  (AP) @[ IoU=0.50      | area=   all | maxDets=100 ] = 0.14977362779904088
Average Precision  (AP) @[ IoU=0.75      | area=   all | maxDets=100 ] = 0.01307598002103143
Average Precision  (AP) @[ IoU=0.50:0.95 | area= small | maxDets=100 ] = 0.0
Average Precision  (AP) @[ IoU=0.50:0.95 | area=medium | maxDets=100 ] = 0.06605243857719106
Average Precision  (AP) @[ IoU=0.50:0.95 | area= large | maxDets=100 ] = 0.040374980624146475
Average Recall     (AR) @[ IoU=0.50:0.95 | area=   all | maxDets=  1 ] = 0.08902864669185616
Average Recall     (AR) @[ IoU=0.50:0.95 | area=   all | maxDets= 10 ] = 0.16488114873361506
Average Recall     (AR) @[ IoU=0.50:0.95 | area=   all | maxDets=100 ] = 0.170985139702886
Average Recall     (AR) @[ IoU=0.50:0.95 | area= small | maxDets=100 ] = 0.0
Average Recall     (AR) @[ IoU=0.50:0.95 | area=medium | maxDets=100 ] = 0.09629629629629628
Average Recall     (AR) @[ IoU=0.50:0.95 | area= large | maxDets=100 ] = 0.1720685954125524




