Epoch: [0]  [  0/402]  eta: 0:31:58  lr: 0.000003  loss: 4.0116 (4.0116)  loss_classifier: 2.4805 (2.4805)  loss_box_reg: 0.1797 (0.1797)  loss_objectness: 0.7174 (0.7174)  loss_rpn_box_reg: 0.6340 (0.6340)  time: 4.7722  data: 2.9596  max mem: 9123
Epoch: [0]  [100/402]  eta: 0:07:17  lr: 0.000253  loss: 1.3542 (1.8543)  loss_classifier: 0.4407 (0.7114)  loss_box_reg: 0.3868 (0.3164)  loss_objectness: 0.4146 (0.5628)  loss_rpn_box_reg: 0.1249 (0.2638)  time: 1.4188  data: 0.0355  max mem: 9346
Epoch: [0]  [200/402]  eta: 0:04:49  lr: 0.000502  loss: 1.1098 (1.5308)  loss_classifier: 0.4225 (0.5770)  loss_box_reg: 0.4021 (0.3640)  loss_objectness: 0.1691 (0.3968)  loss_rpn_box_reg: 0.1071 (0.1931)  time: 1.4068  data: 0.0350  max mem: 9346
Epoch: [0]  [300/402]  eta: 0:02:25  lr: 0.000751  loss: 0.9433 (1.3543)  loss_classifier: 0.3618 (0.5132)  loss_box_reg: 0.3500 (0.3652)  loss_objectness: 0.1471 (0.3158)  loss_rpn_box_reg: 0.0850 (0.1600)  time: 1.4101  data: 0.0360  max mem: 9346
Epoch: [0]  [400/402]  eta: 0:00:02  lr: 0.001000  loss: 0.8484 (1.2341)  loss_classifier: 0.3320 (0.4697)  loss_box_reg: 0.3085 (0.3556)  loss_objectness: 0.1233 (0.2696)  loss_rpn_box_reg: 0.0716 (0.1392)  time: 1.3696  data: 0.0299  max mem: 9346
Epoch: [0]  [401/402]  eta: 0:00:01  lr: 0.001000  loss: 0.8484 (1.2328)  loss_classifier: 0.3320 (0.4692)  loss_box_reg: 0.3085 (0.3554)  loss_objectness: 0.1219 (0.2691)  loss_rpn_box_reg: 0.0716 (0.1391)  time: 1.3357  data: 0.0285  max mem: 9346
Epoch: [0] Total time: 0:09:28 (1.4153 s / it)
Test:  [  0/101]  eta: 0:02:23  model_time: 0.4068 (0.4068)  evaluator_time: 0.0237 (0.0237)  time: 1.4229  data: 0.6747  max mem: 9346
Test:  [100/101]  eta: 0:00:00  model_time: 0.2952 (0.3036)  evaluator_time: 0.0177 (0.0221)  time: 0.3615  data: 0.0222  max mem: 9346
Test: Total time: 0:00:39 (0.3901 s / it)
Average Precision  (AP) @[ IoU=0.50:0.95 | area=   all | maxDets=100 ] = 0.0075164348016009234
Average Precision  (AP) @[ IoU=0.50      | area=   all | maxDets=100 ] = 0.035220382453088804
Average Precision  (AP) @[ IoU=0.75      | area=   all | maxDets=100 ] = 0.002634047699632165
Average Precision  (AP) @[ IoU=0.50:0.95 | area= small | maxDets=100 ] = 0.0
Average Precision  (AP) @[ IoU=0.50:0.95 | area=medium | maxDets=100 ] = 0.0015543489832854252
Average Precision  (AP) @[ IoU=0.50:0.95 | area= large | maxDets=100 ] = 0.007796720989426847
Average Recall     (AR) @[ IoU=0.50:0.95 | area=   all | maxDets=  1 ] = 0.025626301355612398
Average Recall     (AR) @[ IoU=0.50:0.95 | area=   all | maxDets= 10 ] = 0.0738659639802066
Average Recall     (AR) @[ IoU=0.50:0.95 | area=   all | maxDets=100 ] = 0.07965507513559547
Average Recall     (AR) @[ IoU=0.50:0.95 | area= small | maxDets=100 ] = 0.0
Average Recall     (AR) @[ IoU=0.50:0.95 | area=medium | maxDets=100 ] = 0.01111111111111111
Average Recall     (AR) @[ IoU=0.50:0.95 | area= large | maxDets=100 ] = 0.08143634387202377



Epoch: [1]  [  0/402]  eta: 0:23:40  lr: 0.001000  loss: 0.8222 (0.8222)  loss_classifier: 0.3322 (0.3322)  loss_box_reg: 0.3216 (0.3216)  loss_objectness: 0.1027 (0.1027)  loss_rpn_box_reg: 0.0657 (0.0657)  time: 3.5333  data: 1.9176  max mem: 9346
Epoch: [1]  [100/402]  eta: 0:06:51  lr: 0.001000  loss: 0.8060 (0.8166)  loss_classifier: 0.3150 (0.3186)  loss_box_reg: 0.3148 (0.3116)  loss_objectness: 0.1124 (0.1193)  loss_rpn_box_reg: 0.0653 (0.0671)  time: 1.3295  data: 0.0304  max mem: 9346
Epoch: [1]  [200/402]  eta: 0:04:29  lr: 0.001000  loss: 0.7561 (0.8037)  loss_classifier: 0.2984 (0.3128)  loss_box_reg: 0.2982 (0.3101)  loss_objectness: 0.0969 (0.1160)  loss_rpn_box_reg: 0.0553 (0.0648)  time: 1.2954  data: 0.0286  max mem: 9346
Epoch: [1]  [300/402]  eta: 0:02:14  lr: 0.001000  loss: 0.7823 (0.7942)  loss_classifier: 0.3030 (0.3094)  loss_box_reg: 0.3122 (0.3092)  loss_objectness: 0.1030 (0.1128)  loss_rpn_box_reg: 0.0559 (0.0627)  time: 1.2865  data: 0.0301  max mem: 9346
Epoch: [1]  [400/402]  eta: 0:00:02  lr: 0.001000  loss: 0.7531 (0.7858)  loss_classifier: 0.2948 (0.3063)  loss_box_reg: 0.3108 (0.3091)  loss_objectness: 0.0949 (0.1093)  loss_rpn_box_reg: 0.0554 (0.0610)  time: 1.2517  data: 0.0277  max mem: 9346
Epoch: [1]  [401/402]  eta: 0:00:01  lr: 0.001000  loss: 0.7458 (0.7856)  loss_classifier: 0.2944 (0.3063)  loss_box_reg: 0.3055 (0.3091)  loss_objectness: 0.0908 (0.1092)  loss_rpn_box_reg: 0.0529 (0.0609)  time: 1.2241  data: 0.0274  max mem: 9346
Epoch: [1] Total time: 0:08:43 (1.3030 s / it)
Test:  [  0/101]  eta: 0:02:40  model_time: 0.3643 (0.3643)  evaluator_time: 0.0217 (0.0217)  time: 1.5848  data: 0.9122  max mem: 9346
Test:  [100/101]  eta: 0:00:00  model_time: 0.3236 (0.3071)  evaluator_time: 0.0150 (0.0200)  time: 0.3832  data: 0.0242  max mem: 9346
Test: Total time: 0:00:39 (0.3944 s / it)
Average Precision  (AP) @[ IoU=0.50:0.95 | area=   all | maxDets=100 ] = 0.013919593406587286
Average Precision  (AP) @[ IoU=0.50      | area=   all | maxDets=100 ] = 0.059980113176788086
Average Precision  (AP) @[ IoU=0.75      | area=   all | maxDets=100 ] = 0.004163688018000109
Average Precision  (AP) @[ IoU=0.50:0.95 | area= small | maxDets=100 ] = 0.0
Average Precision  (AP) @[ IoU=0.50:0.95 | area=medium | maxDets=100 ] = 0.0027854785478547855
Average Precision  (AP) @[ IoU=0.50:0.95 | area= large | maxDets=100 ] = 0.014241949268163915
Average Recall     (AR) @[ IoU=0.50:0.95 | area=   all | maxDets=  1 ] = 0.03888367690570361
Average Recall     (AR) @[ IoU=0.50:0.95 | area=   all | maxDets= 10 ] = 0.10102073852769647
Average Recall     (AR) @[ IoU=0.50:0.95 | area=   all | maxDets=100 ] = 0.10571114604653334
Average Recall     (AR) @[ IoU=0.50:0.95 | area= small | maxDets=100 ] = 0.0
Average Recall     (AR) @[ IoU=0.50:0.95 | area=medium | maxDets=100 ] = 0.01111111111111111
Average Recall     (AR) @[ IoU=0.50:0.95 | area= large | maxDets=100 ] = 0.10793078086871072



Epoch: [2]  [  0/402]  eta: 0:21:56  lr: 0.001000  loss: 0.7656 (0.7656)  loss_classifier: 0.3001 (0.3001)  loss_box_reg: 0.3183 (0.3183)  loss_objectness: 0.0882 (0.0882)  loss_rpn_box_reg: 0.0590 (0.0590)  time: 3.2754  data: 1.6216  max mem: 9346
Epoch: [2]  [100/402]  eta: 0:06:24  lr: 0.001000  loss: 0.7373 (0.7607)  loss_classifier: 0.2925 (0.2947)  loss_box_reg: 0.3068 (0.3107)  loss_objectness: 0.0930 (0.0991)  loss_rpn_box_reg: 0.0538 (0.0563)  time: 1.2510  data: 0.0308  max mem: 9346
Epoch: [2]  [200/402]  eta: 0:04:12  lr: 0.001000  loss: 0.7540 (0.7620)  loss_classifier: 0.2907 (0.2946)  loss_box_reg: 0.3141 (0.3127)  loss_objectness: 0.0877 (0.0990)  loss_rpn_box_reg: 0.0520 (0.0557)  time: 1.2224  data: 0.0302  max mem: 9346
Epoch: [2]  [300/402]  eta: 0:02:06  lr: 0.001000  loss: 0.7616 (0.7601)  loss_classifier: 0.2891 (0.2943)  loss_box_reg: 0.3263 (0.3135)  loss_objectness: 0.0872 (0.0980)  loss_rpn_box_reg: 0.0491 (0.0543)  time: 1.2178  data: 0.0306  max mem: 9346
Epoch: [2]  [400/402]  eta: 0:00:02  lr: 0.001000  loss: 0.7211 (0.7564)  loss_classifier: 0.2773 (0.2927)  loss_box_reg: 0.2986 (0.3129)  loss_objectness: 0.0887 (0.0971)  loss_rpn_box_reg: 0.0484 (0.0536)  time: 1.2048  data: 0.0267  max mem: 9346
Epoch: [2]  [401/402]  eta: 0:00:01  lr: 0.001000  loss: 0.7211 (0.7565)  loss_classifier: 0.2773 (0.2928)  loss_box_reg: 0.2986 (0.3130)  loss_objectness: 0.0882 (0.0970)  loss_rpn_box_reg: 0.0482 (0.0536)  time: 1.1775  data: 0.0259  max mem: 9346
Epoch: [2] Total time: 0:08:17 (1.2364 s / it)
Test:  [  0/101]  eta: 0:02:39  model_time: 0.3540 (0.3540)  evaluator_time: 0.0220 (0.0220)  time: 1.5781  data: 0.9209  max mem: 9346
Test:  [100/101]  eta: 0:00:00  model_time: 0.3234 (0.3160)  evaluator_time: 0.0170 (0.0180)  time: 0.3839  data: 0.0230  max mem: 9346
Test: Total time: 0:00:40 (0.4045 s / it)
Average Precision  (AP) @[ IoU=0.50:0.95 | area=   all | maxDets=100 ] = 0.019468401067411576
Average Precision  (AP) @[ IoU=0.50      | area=   all | maxDets=100 ] = 0.08098196211064279
Average Precision  (AP) @[ IoU=0.75      | area=   all | maxDets=100 ] = 0.007205160870283539
Average Precision  (AP) @[ IoU=0.50:0.95 | area= small | maxDets=100 ] = 0.0
Average Precision  (AP) @[ IoU=0.50:0.95 | area=medium | maxDets=100 ] = 0.00462046204620462
Average Precision  (AP) @[ IoU=0.50:0.95 | area= large | maxDets=100 ] = 0.01997783445301216
Average Recall     (AR) @[ IoU=0.50:0.95 | area=   all | maxDets=  1 ] = 0.049437900697559926
Average Recall     (AR) @[ IoU=0.50:0.95 | area=   all | maxDets= 10 ] = 0.10680226159544431
Average Recall     (AR) @[ IoU=0.50:0.95 | area=   all | maxDets=100 ] = 0.10830455088264866
Average Recall     (AR) @[ IoU=0.50:0.95 | area= small | maxDets=100 ] = 0.0
Average Recall     (AR) @[ IoU=0.50:0.95 | area=medium | maxDets=100 ] = 0.01111111111111111
Average Recall     (AR) @[ IoU=0.50:0.95 | area= large | maxDets=100 ] = 0.11058393601446545



Epoch: [3]  [  0/402]  eta: 0:24:28  lr: 0.001000  loss: 0.7305 (0.7305)  loss_classifier: 0.2723 (0.2723)  loss_box_reg: 0.3090 (0.3090)  loss_objectness: 0.0997 (0.0997)  loss_rpn_box_reg: 0.0495 (0.0495)  time: 3.6523  data: 2.1421  max mem: 9346
Epoch: [3]  [100/402]  eta: 0:06:12  lr: 0.001000  loss: 0.7336 (0.7448)  loss_classifier: 0.2834 (0.2874)  loss_box_reg: 0.3165 (0.3175)  loss_objectness: 0.0827 (0.0884)  loss_rpn_box_reg: 0.0501 (0.0515)  time: 1.2245  data: 0.0307  max mem: 9346
Epoch: [3]  [200/402]  eta: 0:04:05  lr: 0.001000  loss: 0.7454 (0.7456)  loss_classifier: 0.2989 (0.2899)  loss_box_reg: 0.3127 (0.3180)  loss_objectness: 0.0899 (0.0876)  loss_rpn_box_reg: 0.0483 (0.0501)  time: 1.1848  data: 0.0312  max mem: 9346
Epoch: [3]  [300/402]  eta: 0:02:03  lr: 0.001000  loss: 0.7596 (0.7440)  loss_classifier: 0.3043 (0.2894)  loss_box_reg: 0.3254 (0.3176)  loss_objectness: 0.0835 (0.0872)  loss_rpn_box_reg: 0.0500 (0.0498)  time: 1.1801  data: 0.0300  max mem: 9346
Epoch: [3]  [400/402]  eta: 0:00:02  lr: 0.001000  loss: 0.7294 (0.7435)  loss_classifier: 0.2852 (0.2891)  loss_box_reg: 0.3051 (0.3174)  loss_objectness: 0.0832 (0.0873)  loss_rpn_box_reg: 0.0495 (0.0496)  time: 1.1822  data: 0.0283  max mem: 9346
Epoch: [3]  [401/402]  eta: 0:00:01  lr: 0.001000  loss: 0.7294 (0.7435)  loss_classifier: 0.2858 (0.2891)  loss_box_reg: 0.3051 (0.3174)  loss_objectness: 0.0832 (0.0873)  loss_rpn_box_reg: 0.0495 (0.0496)  time: 1.1570  data: 0.0278  max mem: 9346
Epoch: [3] Total time: 0:08:01 (1.1988 s / it)
Test:  [  0/101]  eta: 0:02:52  model_time: 0.3918 (0.3918)  evaluator_time: 0.0225 (0.0225)  time: 1.7113  data: 1.0357  max mem: 9346
Test:  [100/101]  eta: 0:00:00  model_time: 0.3180 (0.3165)  evaluator_time: 0.0152 (0.0149)  time: 0.3802  data: 0.0250  max mem: 9346
Test: Total time: 0:00:40 (0.4041 s / it)
Average Precision  (AP) @[ IoU=0.50:0.95 | area=   all | maxDets=100 ] = 0.030190631801690477
Average Precision  (AP) @[ IoU=0.50      | area=   all | maxDets=100 ] = 0.11111188734485661
Average Precision  (AP) @[ IoU=0.75      | area=   all | maxDets=100 ] = 0.00946628851205421
Average Precision  (AP) @[ IoU=0.50:0.95 | area= small | maxDets=100 ] = 0.0
Average Precision  (AP) @[ IoU=0.50:0.95 | area=medium | maxDets=100 ] = 0.0015841584158415845
Average Precision  (AP) @[ IoU=0.50:0.95 | area= large | maxDets=100 ] = 0.031243164015666316
Average Recall     (AR) @[ IoU=0.50:0.95 | area=   all | maxDets=  1 ] = 0.06815122868600293
Average Recall     (AR) @[ IoU=0.50:0.95 | area=   all | maxDets= 10 ] = 0.13402558435394832
Average Recall     (AR) @[ IoU=0.50:0.95 | area=   all | maxDets=100 ] = 0.1348352817861074
Average Recall     (AR) @[ IoU=0.50:0.95 | area= small | maxDets=100 ] = 0.0
Average Recall     (AR) @[ IoU=0.50:0.95 | area=medium | maxDets=100 ] = 0.007407407407407407
Average Recall     (AR) @[ IoU=0.50:0.95 | area= large | maxDets=100 ] = 0.13801731947930396



Epoch: [4]  [  0/402]  eta: 0:26:00  lr: 0.001000  loss: 0.8213 (0.8213)  loss_classifier: 0.3269 (0.3269)  loss_box_reg: 0.3412 (0.3412)  loss_objectness: 0.0981 (0.0981)  loss_rpn_box_reg: 0.0551 (0.0551)  time: 3.8826  data: 2.4526  max mem: 9346
Epoch: [4]  [100/402]  eta: 0:06:04  lr: 0.001000  loss: 0.7287 (0.7300)  loss_classifier: 0.2835 (0.2848)  loss_box_reg: 0.3182 (0.3137)  loss_objectness: 0.0819 (0.0840)  loss_rpn_box_reg: 0.0460 (0.0474)  time: 1.1784  data: 0.0324  max mem: 9346
Epoch: [4]  [200/402]  eta: 0:04:01  lr: 0.001000  loss: 0.7215 (0.7294)  loss_classifier: 0.2765 (0.2841)  loss_box_reg: 0.3020 (0.3137)  loss_objectness: 0.0862 (0.0835)  loss_rpn_box_reg: 0.0470 (0.0480)  time: 1.1734  data: 0.0318  max mem: 9346
Epoch: [4]  [300/402]  eta: 0:02:01  lr: 0.001000  loss: 0.6885 (0.7274)  loss_classifier: 0.2697 (0.2832)  loss_box_reg: 0.3011 (0.3139)  loss_objectness: 0.0748 (0.0827)  loss_rpn_box_reg: 0.0432 (0.0476)  time: 1.1689  data: 0.0316  max mem: 9346
Epoch: [4]  [400/402]  eta: 0:00:02  lr: 0.001000  loss: 0.7152 (0.7242)  loss_classifier: 0.2773 (0.2818)  loss_box_reg: 0.3116 (0.3132)  loss_objectness: 0.0765 (0.0819)  loss_rpn_box_reg: 0.0433 (0.0472)  time: 1.1510  data: 0.0296  max mem: 9346
Epoch: [4]  [401/402]  eta: 0:00:01  lr: 0.001000  loss: 0.7190 (0.7242)  loss_classifier: 0.2773 (0.2818)  loss_box_reg: 0.3124 (0.3132)  loss_objectness: 0.0765 (0.0819)  loss_rpn_box_reg: 0.0453 (0.0472)  time: 1.1247  data: 0.0290  max mem: 9346
Epoch: [4] Total time: 0:07:54 (1.1808 s / it)
Test:  [  0/101]  eta: 0:02:58  model_time: 0.3995 (0.3995)  evaluator_time: 0.0223 (0.0223)  time: 1.7659  data: 1.1010  max mem: 9346
Test:  [100/101]  eta: 0:00:00  model_time: 0.3161 (0.3175)  evaluator_time: 0.0146 (0.0147)  time: 0.3767  data: 0.0233  max mem: 9346
Test: Total time: 0:00:40 (0.4010 s / it)
Average Precision  (AP) @[ IoU=0.50:0.95 | area=   all | maxDets=100 ] = 0.04297268865819422
Average Precision  (AP) @[ IoU=0.50      | area=   all | maxDets=100 ] = 0.164675046457241
Average Precision  (AP) @[ IoU=0.75      | area=   all | maxDets=100 ] = 0.011448236099227451
Average Precision  (AP) @[ IoU=0.50:0.95 | area= small | maxDets=100 ] = 0.0
Average Precision  (AP) @[ IoU=0.50:0.95 | area=medium | maxDets=100 ] = 0.019066064501186957
Average Precision  (AP) @[ IoU=0.50:0.95 | area= large | maxDets=100 ] = 0.043861404344671354
Average Recall     (AR) @[ IoU=0.50:0.95 | area=   all | maxDets=  1 ] = 0.0881715727289237
Average Recall     (AR) @[ IoU=0.50:0.95 | area=   all | maxDets= 10 ] = 0.16418704092792893
Average Recall     (AR) @[ IoU=0.50:0.95 | area=   all | maxDets=100 ] = 0.16486930213650594
Average Recall     (AR) @[ IoU=0.50:0.95 | area= small | maxDets=100 ] = 0.0
Average Recall     (AR) @[ IoU=0.50:0.95 | area=medium | maxDets=100 ] = 0.03333333333333333
Average Recall     (AR) @[ IoU=0.50:0.95 | area= large | maxDets=100 ] = 0.16755206707412115



Epoch: [5]  [  0/402]  eta: 0:24:11  lr: 0.001000  loss: 0.7462 (0.7462)  loss_classifier: 0.2766 (0.2766)  loss_box_reg: 0.3430 (0.3430)  loss_objectness: 0.0771 (0.0771)  loss_rpn_box_reg: 0.0495 (0.0495)  time: 3.6106  data: 2.1970  max mem: 9346
Epoch: [5]  [100/402]  eta: 0:06:00  lr: 0.001000  loss: 0.7064 (0.7094)  loss_classifier: 0.2751 (0.2744)  loss_box_reg: 0.3128 (0.3094)  loss_objectness: 0.0703 (0.0786)  loss_rpn_box_reg: 0.0475 (0.0471)  time: 1.1647  data: 0.0311  max mem: 9346
Epoch: [5]  [200/402]  eta: 0:03:57  lr: 0.001000  loss: 0.7057 (0.7062)  loss_classifier: 0.2756 (0.2742)  loss_box_reg: 0.3112 (0.3086)  loss_objectness: 0.0690 (0.0765)  loss_rpn_box_reg: 0.0443 (0.0469)  time: 1.1517  data: 0.0323  max mem: 9346
Epoch: [5]  [300/402]  eta: 0:01:59  lr: 0.001000  loss: 0.7060 (0.7064)  loss_classifier: 0.2793 (0.2744)  loss_box_reg: 0.3103 (0.3090)  loss_objectness: 0.0760 (0.0763)  loss_rpn_box_reg: 0.0444 (0.0467)  time: 1.1501  data: 0.0292  max mem: 9346
Epoch: [5]  [400/402]  eta: 0:00:02  lr: 0.001000  loss: 0.7393 (0.7074)  loss_classifier: 0.2817 (0.2749)  loss_box_reg: 0.3167 (0.3092)  loss_objectness: 0.0816 (0.0769)  loss_rpn_box_reg: 0.0474 (0.0465)  time: 1.1250  data: 0.0280  max mem: 9346
Epoch: [5]  [401/402]  eta: 0:00:01  lr: 0.001000  loss: 0.7393 (0.7074)  loss_classifier: 0.2817 (0.2749)  loss_box_reg: 0.3167 (0.3091)  loss_objectness: 0.0816 (0.0769)  loss_rpn_box_reg: 0.0474 (0.0465)  time: 1.1006  data: 0.0275  max mem: 9346
Epoch: [5] Total time: 0:07:47 (1.1639 s / it)
Test:  [  0/101]  eta: 0:02:34  model_time: 0.3851 (0.3851)  evaluator_time: 0.0299 (0.0299)  time: 1.5334  data: 0.8636  max mem: 9346
Test:  [100/101]  eta: 0:00:00  model_time: 0.3228 (0.3172)  evaluator_time: 0.0145 (0.0143)  time: 0.3835  data: 0.0239  max mem: 9346
Test: Total time: 0:00:40 (0.3983 s / it)
Average Precision  (AP) @[ IoU=0.50:0.95 | area=   all | maxDets=100 ] = 0.04647480996647232
Average Precision  (AP) @[ IoU=0.50      | area=   all | maxDets=100 ] = 0.1622289437289944
Average Precision  (AP) @[ IoU=0.75      | area=   all | maxDets=100 ] = 0.017365429947123305
Average Precision  (AP) @[ IoU=0.50:0.95 | area= small | maxDets=100 ] = 0.0
Average Precision  (AP) @[ IoU=0.50:0.95 | area=medium | maxDets=100 ] = 0.020775577557755772
Average Precision  (AP) @[ IoU=0.50:0.95 | area= large | maxDets=100 ] = 0.047729667582625375
Average Recall     (AR) @[ IoU=0.50:0.95 | area=   all | maxDets=  1 ] = 0.08770986388654317
Average Recall     (AR) @[ IoU=0.50:0.95 | area=   all | maxDets= 10 ] = 0.15442025782319196
Average Recall     (AR) @[ IoU=0.50:0.95 | area=   all | maxDets=100 ] = 0.15456645665360125
Average Recall     (AR) @[ IoU=0.50:0.95 | area= small | maxDets=100 ] = 0.0
Average Recall     (AR) @[ IoU=0.50:0.95 | area=medium | maxDets=100 ] = 0.04444444444444444
Average Recall     (AR) @[ IoU=0.50:0.95 | area= large | maxDets=100 ] = 0.15709543780717838



Epoch: [6]  [  0/402]  eta: 0:22:57  lr: 0.001000  loss: 0.7153 (0.7153)  loss_classifier: 0.2800 (0.2800)  loss_box_reg: 0.3118 (0.3118)  loss_objectness: 0.0806 (0.0806)  loss_rpn_box_reg: 0.0429 (0.0429)  time: 3.4254  data: 1.9939  max mem: 9346
Epoch: [6]  [100/402]  eta: 0:05:56  lr: 0.001000  loss: 0.6901 (0.6965)  loss_classifier: 0.2693 (0.2724)  loss_box_reg: 0.3022 (0.3032)  loss_objectness: 0.0727 (0.0756)  loss_rpn_box_reg: 0.0423 (0.0453)  time: 1.1539  data: 0.0308  max mem: 9346
Epoch: [6]  [200/402]  eta: 0:03:55  lr: 0.001000  loss: 0.7034 (0.6944)  loss_classifier: 0.2710 (0.2695)  loss_box_reg: 0.3151 (0.3039)  loss_objectness: 0.0675 (0.0756)  loss_rpn_box_reg: 0.0445 (0.0454)  time: 1.1509  data: 0.0319  max mem: 9346
Epoch: [6]  [300/402]  eta: 0:01:58  lr: 0.001000  loss: 0.6802 (0.6918)  loss_classifier: 0.2631 (0.2688)  loss_box_reg: 0.3040 (0.3029)  loss_objectness: 0.0689 (0.0750)  loss_rpn_box_reg: 0.0439 (0.0451)  time: 1.1510  data: 0.0317  max mem: 9346
Epoch: [6]  [400/402]  eta: 0:00:02  lr: 0.001000  loss: 0.6704 (0.6914)  loss_classifier: 0.2592 (0.2685)  loss_box_reg: 0.2903 (0.3032)  loss_objectness: 0.0739 (0.0745)  loss_rpn_box_reg: 0.0440 (0.0452)  time: 1.1383  data: 0.0295  max mem: 9346
Epoch: [6]  [401/402]  eta: 0:00:01  lr: 0.001000  loss: 0.6704 (0.6913)  loss_classifier: 0.2592 (0.2685)  loss_box_reg: 0.2941 (0.3032)  loss_objectness: 0.0739 (0.0745)  loss_rpn_box_reg: 0.0440 (0.0452)  time: 1.1122  data: 0.0289  max mem: 9346
Epoch: [6] Total time: 0:07:46 (1.1595 s / it)
Test:  [  0/101]  eta: 0:02:48  model_time: 0.4019 (0.4019)  evaluator_time: 0.0199 (0.0199)  time: 1.6649  data: 0.9985  max mem: 9346
Test:  [100/101]  eta: 0:00:00  model_time: 0.3130 (0.3145)  evaluator_time: 0.0134 (0.0130)  time: 0.3720  data: 0.0243  max mem: 9346
Test: Total time: 0:00:39 (0.3960 s / it)
Average Precision  (AP) @[ IoU=0.50:0.95 | area=   all | maxDets=100 ] = 0.048398770978634376
Average Precision  (AP) @[ IoU=0.50      | area=   all | maxDets=100 ] = 0.1767799752189203
Average Precision  (AP) @[ IoU=0.75      | area=   all | maxDets=100 ] = 0.01815749220363758
Average Precision  (AP) @[ IoU=0.50:0.95 | area= small | maxDets=100 ] = 0.0
Average Precision  (AP) @[ IoU=0.50:0.95 | area=medium | maxDets=100 ] = 0.02044173648134044
Average Precision  (AP) @[ IoU=0.50:0.95 | area= large | maxDets=100 ] = 0.04967065856405627
Average Recall     (AR) @[ IoU=0.50:0.95 | area=   all | maxDets=  1 ] = 0.09837362799863524
Average Recall     (AR) @[ IoU=0.50:0.95 | area=   all | maxDets= 10 ] = 0.17366399501392812
Average Recall     (AR) @[ IoU=0.50:0.95 | area=   all | maxDets=100 ] = 0.17393107685995732
Average Recall     (AR) @[ IoU=0.50:0.95 | area= small | maxDets=100 ] = 0.0
Average Recall     (AR) @[ IoU=0.50:0.95 | area=medium | maxDets=100 ] = 0.05555555555555556
Average Recall     (AR) @[ IoU=0.50:0.95 | area= large | maxDets=100 ] = 0.17642534455372008



Epoch: [7]  [  0/402]  eta: 0:21:07  lr: 0.001000  loss: 0.7334 (0.7334)  loss_classifier: 0.2918 (0.2918)  loss_box_reg: 0.3361 (0.3361)  loss_objectness: 0.0574 (0.0574)  loss_rpn_box_reg: 0.0480 (0.0480)  time: 3.1532  data: 1.7663  max mem: 9346
Epoch: [7]  [100/402]  eta: 0:05:55  lr: 0.001000  loss: 0.6852 (0.6822)  loss_classifier: 0.2588 (0.2644)  loss_box_reg: 0.2957 (0.3003)  loss_objectness: 0.0654 (0.0731)  loss_rpn_box_reg: 0.0442 (0.0444)  time: 1.1465  data: 0.0287  max mem: 9346
Epoch: [7]  [200/402]  eta: 0:03:54  lr: 0.001000  loss: 0.6720 (0.6825)  loss_classifier: 0.2610 (0.2647)  loss_box_reg: 0.2993 (0.3012)  loss_objectness: 0.0684 (0.0722)  loss_rpn_box_reg: 0.0418 (0.0444)  time: 1.1472  data: 0.0312  max mem: 9346
Epoch: [7]  [300/402]  eta: 0:01:57  lr: 0.001000  loss: 0.6739 (0.6835)  loss_classifier: 0.2582 (0.2640)  loss_box_reg: 0.2977 (0.3023)  loss_objectness: 0.0706 (0.0726)  loss_rpn_box_reg: 0.0436 (0.0447)  time: 1.1433  data: 0.0303  max mem: 9346
Epoch: [7]  [400/402]  eta: 0:00:02  lr: 0.001000  loss: 0.6565 (0.6801)  loss_classifier: 0.2580 (0.2624)  loss_box_reg: 0.2987 (0.3018)  loss_objectness: 0.0616 (0.0713)  loss_rpn_box_reg: 0.0426 (0.0445)  time: 1.1359  data: 0.0294  max mem: 9346
Epoch: [7]  [401/402]  eta: 0:00:01  lr: 0.001000  loss: 0.6575 (0.6802)  loss_classifier: 0.2580 (0.2624)  loss_box_reg: 0.2989 (0.3018)  loss_objectness: 0.0617 (0.0715)  loss_rpn_box_reg: 0.0426 (0.0445)  time: 1.1123  data: 0.0287  max mem: 9346
Epoch: [7] Total time: 0:07:42 (1.1507 s / it)
Test:  [  0/101]  eta: 0:02:43  model_time: 0.3841 (0.3841)  evaluator_time: 0.0210 (0.0210)  time: 1.6206  data: 0.8950  max mem: 9346
Test:  [100/101]  eta: 0:00:00  model_time: 0.3151 (0.3167)  evaluator_time: 0.0146 (0.0146)  time: 0.3750  data: 0.0233  max mem: 9346
Test: Total time: 0:00:40 (0.3996 s / it)
Average Precision  (AP) @[ IoU=0.50:0.95 | area=   all | maxDets=100 ] = 0.043179072869919864
Average Precision  (AP) @[ IoU=0.50      | area=   all | maxDets=100 ] = 0.1615664122009972
Average Precision  (AP) @[ IoU=0.75      | area=   all | maxDets=100 ] = 0.01357909519658318
Average Precision  (AP) @[ IoU=0.50:0.95 | area= small | maxDets=100 ] = 0.0
Average Precision  (AP) @[ IoU=0.50:0.95 | area=medium | maxDets=100 ] = 0.014470936889607326
Average Precision  (AP) @[ IoU=0.50:0.95 | area= large | maxDets=100 ] = 0.04446345543202291
Average Recall     (AR) @[ IoU=0.50:0.95 | area=   all | maxDets=  1 ] = 0.08604323065690754
Average Recall     (AR) @[ IoU=0.50:0.95 | area=   all | maxDets= 10 ] = 0.15109676895806215
Average Recall     (AR) @[ IoU=0.50:0.95 | area=   all | maxDets=100 ] = 0.15184413433330585
Average Recall     (AR) @[ IoU=0.50:0.95 | area= small | maxDets=100 ] = 0.0
Average Recall     (AR) @[ IoU=0.50:0.95 | area=medium | maxDets=100 ] = 0.03333333333333333
Average Recall     (AR) @[ IoU=0.50:0.95 | area= large | maxDets=100 ] = 0.15464681524331278



Epoch: [8]  [  0/402]  eta: 0:22:36  lr: 0.001000  loss: 0.6615 (0.6615)  loss_classifier: 0.2439 (0.2439)  loss_box_reg: 0.2980 (0.2980)  loss_objectness: 0.0696 (0.0696)  loss_rpn_box_reg: 0.0499 (0.0499)  time: 3.3738  data: 1.9850  max mem: 9346
Epoch: [8]  [100/402]  eta: 0:05:54  lr: 0.001000  loss: 0.6561 (0.6716)  loss_classifier: 0.2547 (0.2583)  loss_box_reg: 0.2897 (0.2989)  loss_objectness: 0.0684 (0.0711)  loss_rpn_box_reg: 0.0435 (0.0433)  time: 1.1487  data: 0.0299  max mem: 9346
Epoch: [8]  [200/402]  eta: 0:03:53  lr: 0.001000  loss: 0.7023 (0.6715)  loss_classifier: 0.2665 (0.2586)  loss_box_reg: 0.2999 (0.2983)  loss_objectness: 0.0701 (0.0711)  loss_rpn_box_reg: 0.0435 (0.0435)  time: 1.1388  data: 0.0311  max mem: 9346
Epoch: [8]  [300/402]  eta: 0:01:57  lr: 0.001000  loss: 0.6520 (0.6709)  loss_classifier: 0.2513 (0.2586)  loss_box_reg: 0.2854 (0.2973)  loss_objectness: 0.0687 (0.0711)  loss_rpn_box_reg: 0.0444 (0.0439)  time: 1.1392  data: 0.0310  max mem: 9346
Epoch: [8]  [400/402]  eta: 0:00:02  lr: 0.001000  loss: 0.6841 (0.6686)  loss_classifier: 0.2606 (0.2583)  loss_box_reg: 0.3086 (0.2971)  loss_objectness: 0.0645 (0.0696)  loss_rpn_box_reg: 0.0409 (0.0436)  time: 1.1124  data: 0.0283  max mem: 9346
Epoch: [8]  [401/402]  eta: 0:00:01  lr: 0.001000  loss: 0.6841 (0.6686)  loss_classifier: 0.2606 (0.2583)  loss_box_reg: 0.3086 (0.2971)  loss_objectness: 0.0604 (0.0696)  loss_rpn_box_reg: 0.0409 (0.0436)  time: 1.0882  data: 0.0278  max mem: 9346
Epoch: [8] Total time: 0:07:40 (1.1465 s / it)
Test:  [  0/101]  eta: 0:02:42  model_time: 0.4340 (0.4340)  evaluator_time: 0.0205 (0.0205)  time: 1.6116  data: 0.8545  max mem: 9346
Test:  [100/101]  eta: 0:00:00  model_time: 0.3087 (0.3114)  evaluator_time: 0.0138 (0.0132)  time: 0.3663  data: 0.0226  max mem: 9346
Test: Total time: 0:00:39 (0.3917 s / it)
Average Precision  (AP) @[ IoU=0.50:0.95 | area=   all | maxDets=100 ] = 0.04384177959983814
Average Precision  (AP) @[ IoU=0.50      | area=   all | maxDets=100 ] = 0.16425276505033887
Average Precision  (AP) @[ IoU=0.75      | area=   all | maxDets=100 ] = 0.016382596704739686
Average Precision  (AP) @[ IoU=0.50:0.95 | area= small | maxDets=100 ] = 0.0
Average Precision  (AP) @[ IoU=0.50:0.95 | area=medium | maxDets=100 ] = 0.030825082508250827
Average Precision  (AP) @[ IoU=0.50:0.95 | area= large | maxDets=100 ] = 0.04478503270229437
Average Recall     (AR) @[ IoU=0.50:0.95 | area=   all | maxDets=  1 ] = 0.08780000517161429
Average Recall     (AR) @[ IoU=0.50:0.95 | area=   all | maxDets= 10 ] = 0.14532863462097645
Average Recall     (AR) @[ IoU=0.50:0.95 | area=   all | maxDets=100 ] = 0.14532863462097645
Average Recall     (AR) @[ IoU=0.50:0.95 | area= small | maxDets=100 ] = 0.0
Average Recall     (AR) @[ IoU=0.50:0.95 | area=medium | maxDets=100 ] = 0.0851851851851852
Average Recall     (AR) @[ IoU=0.50:0.95 | area= large | maxDets=100 ] = 0.14683286119080263



Epoch: [9]  [  0/402]  eta: 0:25:13  lr: 0.001000  loss: 0.7038 (0.7038)  loss_classifier: 0.2707 (0.2707)  loss_box_reg: 0.3192 (0.3192)  loss_objectness: 0.0689 (0.0689)  loss_rpn_box_reg: 0.0450 (0.0450)  time: 3.7657  data: 2.4602  max mem: 9346
Epoch: [9]  [100/402]  eta: 0:05:52  lr: 0.001000  loss: 0.6492 (0.6582)  loss_classifier: 0.2505 (0.2552)  loss_box_reg: 0.2884 (0.2952)  loss_objectness: 0.0643 (0.0652)  loss_rpn_box_reg: 0.0411 (0.0426)  time: 1.1430  data: 0.0301  max mem: 9346
Epoch: [9]  [200/402]  eta: 0:03:52  lr: 0.001000  loss: 0.6442 (0.6593)  loss_classifier: 0.2480 (0.2555)  loss_box_reg: 0.2865 (0.2933)  loss_objectness: 0.0621 (0.0671)  loss_rpn_box_reg: 0.0418 (0.0433)  time: 1.1459  data: 0.0309  max mem: 9346
Epoch: [9]  [300/402]  eta: 0:01:57  lr: 0.001000  loss: 0.6294 (0.6575)  loss_classifier: 0.2555 (0.2553)  loss_box_reg: 0.2860 (0.2924)  loss_objectness: 0.0597 (0.0665)  loss_rpn_box_reg: 0.0411 (0.0433)  time: 1.1327  data: 0.0298  max mem: 9346
Epoch: [9]  [400/402]  eta: 0:00:02  lr: 0.001000  loss: 0.6370 (0.6563)  loss_classifier: 0.2499 (0.2550)  loss_box_reg: 0.2918 (0.2923)  loss_objectness: 0.0632 (0.0660)  loss_rpn_box_reg: 0.0408 (0.0430)  time: 1.1265  data: 0.0275  max mem: 9346
Epoch: [9]  [401/402]  eta: 0:00:01  lr: 0.001000  loss: 0.6341 (0.6562)  loss_classifier: 0.2499 (0.2550)  loss_box_reg: 0.2915 (0.2923)  loss_objectness: 0.0632 (0.0660)  loss_rpn_box_reg: 0.0401 (0.0430)  time: 1.1031  data: 0.0270  max mem: 9346
Epoch: [9] Total time: 0:07:39 (1.1439 s / it)
Test:  [  0/101]  eta: 0:02:56  model_time: 0.3946 (0.3946)  evaluator_time: 0.0238 (0.0238)  time: 1.7436  data: 1.0102  max mem: 9346
Test:  [100/101]  eta: 0:00:00  model_time: 0.3263 (0.3180)  evaluator_time: 0.0142 (0.0181)  time: 0.4021  data: 0.0243  max mem: 9346
Test: Total time: 0:00:40 (0.4050 s / it)
Average Precision  (AP) @[ IoU=0.50:0.95 | area=   all | maxDets=100 ] = 0.044169571613227786
Average Precision  (AP) @[ IoU=0.50      | area=   all | maxDets=100 ] = 0.1675553331826208
Average Precision  (AP) @[ IoU=0.75      | area=   all | maxDets=100 ] = 0.012828442308067406
Average Precision  (AP) @[ IoU=0.50:0.95 | area= small | maxDets=100 ] = 0.0
Average Precision  (AP) @[ IoU=0.50:0.95 | area=medium | maxDets=100 ] = 0.020676106072145675
Average Precision  (AP) @[ IoU=0.50:0.95 | area= large | maxDets=100 ] = 0.04624367059492845
Average Recall     (AR) @[ IoU=0.50:0.95 | area=   all | maxDets=  1 ] = 0.089366068250089
Average Recall     (AR) @[ IoU=0.50:0.95 | area=   all | maxDets= 10 ] = 0.15932955665529017
Average Recall     (AR) @[ IoU=0.50:0.95 | area=   all | maxDets=100 ] = 0.16032301799893797
Average Recall     (AR) @[ IoU=0.50:0.95 | area= small | maxDets=100 ] = 0.0
Average Recall     (AR) @[ IoU=0.50:0.95 | area=medium | maxDets=100 ] = 0.05555555555555556
Average Recall     (AR) @[ IoU=0.50:0.95 | area= large | maxDets=100 ] = 0.1627145221785229



Epoch: [10]  [  0/402]  eta: 0:23:59  lr: 0.001000  loss: 0.6765 (0.6765)  loss_classifier: 0.2622 (0.2622)  loss_box_reg: 0.2930 (0.2930)  loss_objectness: 0.0768 (0.0768)  loss_rpn_box_reg: 0.0445 (0.0445)  time: 3.5800  data: 2.0347  max mem: 9346
Epoch: [10]  [100/402]  eta: 0:05:48  lr: 0.001000  loss: 0.6613 (0.6527)  loss_classifier: 0.2589 (0.2535)  loss_box_reg: 0.3037 (0.2926)  loss_objectness: 0.0621 (0.0631)  loss_rpn_box_reg: 0.0437 (0.0434)  time: 1.1249  data: 0.0314  max mem: 9346
Epoch: [10]  [200/402]  eta: 0:03:51  lr: 0.001000  loss: 0.6200 (0.6447)  loss_classifier: 0.2372 (0.2494)  loss_box_reg: 0.2692 (0.2885)  loss_objectness: 0.0592 (0.0640)  loss_rpn_box_reg: 0.0424 (0.0428)  time: 1.1544  data: 0.0318  max mem: 9346
Epoch: [10]  [300/402]  eta: 0:01:56  lr: 0.001000  loss: 0.6548 (0.6424)  loss_classifier: 0.2601 (0.2488)  loss_box_reg: 0.2983 (0.2871)  loss_objectness: 0.0638 (0.0639)  loss_rpn_box_reg: 0.0410 (0.0425)  time: 1.1329  data: 0.0324  max mem: 9346
Epoch: [10]  [400/402]  eta: 0:00:02  lr: 0.001000  loss: 0.6302 (0.6418)  loss_classifier: 0.2435 (0.2485)  loss_box_reg: 0.2795 (0.2868)  loss_objectness: 0.0621 (0.0640)  loss_rpn_box_reg: 0.0411 (0.0425)  time: 1.1291  data: 0.0276  max mem: 9346
Epoch: [10]  [401/402]  eta: 0:00:01  lr: 0.001000  loss: 0.6302 (0.6414)  loss_classifier: 0.2435 (0.2484)  loss_box_reg: 0.2795 (0.2867)  loss_objectness: 0.0621 (0.0639)  loss_rpn_box_reg: 0.0411 (0.0424)  time: 1.1031  data: 0.0270  max mem: 9346
Epoch: [10] Total time: 0:07:38 (1.1403 s / it)
Test:  [  0/101]  eta: 0:02:56  model_time: 0.3915 (0.3915)  evaluator_time: 0.0243 (0.0243)  time: 1.7519  data: 1.0423  max mem: 9346
Test:  [100/101]  eta: 0:00:00  model_time: 0.3190 (0.3192)  evaluator_time: 0.0157 (0.0188)  time: 0.3959  data: 0.0238  max mem: 9346
Test: Total time: 0:00:41 (0.4072 s / it)
Average Precision  (AP) @[ IoU=0.50:0.95 | area=   all | maxDets=100 ] = 0.04029458179290428
Average Precision  (AP) @[ IoU=0.50      | area=   all | maxDets=100 ] = 0.1477596065587258
Average Precision  (AP) @[ IoU=0.75      | area=   all | maxDets=100 ] = 0.0120117543228742
Average Precision  (AP) @[ IoU=0.50:0.95 | area= small | maxDets=100 ] = 0.0
Average Precision  (AP) @[ IoU=0.50:0.95 | area=medium | maxDets=100 ] = 0.029654734704239655
Average Precision  (AP) @[ IoU=0.50:0.95 | area= large | maxDets=100 ] = 0.041581068463440854
Average Recall     (AR) @[ IoU=0.50:0.95 | area=   all | maxDets=  1 ] = 0.08601856407590475
Average Recall     (AR) @[ IoU=0.50:0.95 | area=   all | maxDets= 10 ] = 0.15062381709050462
Average Recall     (AR) @[ IoU=0.50:0.95 | area=   all | maxDets=100 ] = 0.152131634323204
Average Recall     (AR) @[ IoU=0.50:0.95 | area= small | maxDets=100 ] = 0.0
Average Recall     (AR) @[ IoU=0.50:0.95 | area=medium | maxDets=100 ] = 0.06666666666666667
Average Recall     (AR) @[ IoU=0.50:0.95 | area= large | maxDets=100 ] = 0.1541811622284128



Epoch: [11]  [  0/402]  eta: 0:23:30  lr: 0.001000  loss: 0.6266 (0.6266)  loss_classifier: 0.2431 (0.2431)  loss_box_reg: 0.2704 (0.2704)  loss_objectness: 0.0691 (0.0691)  loss_rpn_box_reg: 0.0439 (0.0439)  time: 3.5079  data: 2.1019  max mem: 9346
Epoch: [11]  [100/402]  eta: 0:05:50  lr: 0.001000  loss: 0.6373 (0.6389)  loss_classifier: 0.2436 (0.2480)  loss_box_reg: 0.2861 (0.2845)  loss_objectness: 0.0617 (0.0639)  loss_rpn_box_reg: 0.0425 (0.0425)  time: 1.1266  data: 0.0300  max mem: 9346
Epoch: [11]  [200/402]  eta: 0:03:52  lr: 0.001000  loss: 0.6164 (0.6319)  loss_classifier: 0.2394 (0.2465)  loss_box_reg: 0.2809 (0.2802)  loss_objectness: 0.0576 (0.0632)  loss_rpn_box_reg: 0.0401 (0.0419)  time: 1.1280  data: 0.0301  max mem: 9346
Epoch: [11]  [300/402]  eta: 0:01:56  lr: 0.001000  loss: 0.6351 (0.6313)  loss_classifier: 0.2560 (0.2461)  loss_box_reg: 0.2815 (0.2795)  loss_objectness: 0.0645 (0.0636)  loss_rpn_box_reg: 0.0413 (0.0422)  time: 1.1315  data: 0.0293  max mem: 9346
Epoch: [11]  [400/402]  eta: 0:00:02  lr: 0.001000  loss: 0.6043 (0.6276)  loss_classifier: 0.2378 (0.2444)  loss_box_reg: 0.2750 (0.2781)  loss_objectness: 0.0575 (0.0631)  loss_rpn_box_reg: 0.0410 (0.0421)  time: 1.1269  data: 0.0268  max mem: 9346
Epoch: [11]  [401/402]  eta: 0:00:01  lr: 0.001000  loss: 0.6043 (0.6276)  loss_classifier: 0.2369 (0.2443)  loss_box_reg: 0.2750 (0.2781)  loss_objectness: 0.0624 (0.0631)  loss_rpn_box_reg: 0.0410 (0.0420)  time: 1.1005  data: 0.0263  max mem: 9346
Epoch: [11] Total time: 0:07:39 (1.1435 s / it)
Test:  [  0/101]  eta: 0:02:49  model_time: 0.3734 (0.3734)  evaluator_time: 0.0230 (0.0230)  time: 1.6831  data: 0.9804  max mem: 9346
Test:  [100/101]  eta: 0:00:00  model_time: 0.3129 (0.3142)  evaluator_time: 0.0151 (0.0156)  time: 0.3730  data: 0.0240  max mem: 9346
Test: Total time: 0:00:40 (0.4013 s / it)
Average Precision  (AP) @[ IoU=0.50:0.95 | area=   all | maxDets=100 ] = 0.048262822574621465
Average Precision  (AP) @[ IoU=0.50      | area=   all | maxDets=100 ] = 0.18380064596665652
Average Precision  (AP) @[ IoU=0.75      | area=   all | maxDets=100 ] = 0.014853209277545285
Average Precision  (AP) @[ IoU=0.50:0.95 | area= small | maxDets=100 ] = 0.0
Average Precision  (AP) @[ IoU=0.50:0.95 | area=medium | maxDets=100 ] = 0.02916345801246791
Average Precision  (AP) @[ IoU=0.50:0.95 | area= large | maxDets=100 ] = 0.04965721439644806
Average Recall     (AR) @[ IoU=0.50:0.95 | area=   all | maxDets=  1 ] = 0.09530455016964474
Average Recall     (AR) @[ IoU=0.50:0.95 | area=   all | maxDets= 10 ] = 0.16175414673882793
Average Recall     (AR) @[ IoU=0.50:0.95 | area=   all | maxDets=100 ] = 0.1621674274152665
Average Recall     (AR) @[ IoU=0.50:0.95 | area= small | maxDets=100 ] = 0.0
Average Recall     (AR) @[ IoU=0.50:0.95 | area=medium | maxDets=100 ] = 0.08148148148148149
Average Recall     (AR) @[ IoU=0.50:0.95 | area= large | maxDets=100 ] = 0.16378226773265211



Epoch: [12]  [  0/402]  eta: 0:23:23  lr: 0.001000  loss: 0.5636 (0.5636)  loss_classifier: 0.2033 (0.2033)  loss_box_reg: 0.2585 (0.2585)  loss_objectness: 0.0564 (0.0564)  loss_rpn_box_reg: 0.0453 (0.0453)  time: 3.4915  data: 2.0332  max mem: 9346
Epoch: [12]  [100/402]  eta: 0:05:51  lr: 0.001000  loss: 0.5981 (0.6187)  loss_classifier: 0.2371 (0.2410)  loss_box_reg: 0.2624 (0.2731)  loss_objectness: 0.0585 (0.0633)  loss_rpn_box_reg: 0.0397 (0.0413)  time: 1.1516  data: 0.0299  max mem: 9346
Epoch: [12]  [200/402]  eta: 0:03:52  lr: 0.001000  loss: 0.6423 (0.6211)  loss_classifier: 0.2438 (0.2411)  loss_box_reg: 0.2799 (0.2743)  loss_objectness: 0.0680 (0.0635)  loss_rpn_box_reg: 0.0405 (0.0421)  time: 1.1326  data: 0.0298  max mem: 9346
Epoch: [12]  [300/402]  eta: 0:01:57  lr: 0.001000  loss: 0.6293 (0.6202)  loss_classifier: 0.2390 (0.2407)  loss_box_reg: 0.2695 (0.2740)  loss_objectness: 0.0702 (0.0637)  loss_rpn_box_reg: 0.0434 (0.0419)  time: 1.1334  data: 0.0303  max mem: 9346
Epoch: [12]  [400/402]  eta: 0:00:02  lr: 0.001000  loss: 0.6106 (0.6188)  loss_classifier: 0.2395 (0.2406)  loss_box_reg: 0.2699 (0.2736)  loss_objectness: 0.0634 (0.0627)  loss_rpn_box_reg: 0.0403 (0.0419)  time: 1.1192  data: 0.0275  max mem: 9346
Epoch: [12]  [401/402]  eta: 0:00:01  lr: 0.001000  loss: 0.6106 (0.6187)  loss_classifier: 0.2395 (0.2406)  loss_box_reg: 0.2699 (0.2736)  loss_objectness: 0.0634 (0.0627)  loss_rpn_box_reg: 0.0413 (0.0419)  time: 1.0936  data: 0.0270  max mem: 9346
Epoch: [12] Total time: 0:07:39 (1.1441 s / it)
Test:  [  0/101]  eta: 0:03:00  model_time: 0.3788 (0.3788)  evaluator_time: 0.0246 (0.0246)  time: 1.7863  data: 1.1287  max mem: 9346
Test:  [100/101]  eta: 0:00:00  model_time: 0.3239 (0.3199)  evaluator_time: 0.0145 (0.0183)  time: 0.3859  data: 0.0248  max mem: 9346
Test: Total time: 0:00:41 (0.4098 s / it)
Average Precision  (AP) @[ IoU=0.50:0.95 | area=   all | maxDets=100 ] = 0.04255607631543901
Average Precision  (AP) @[ IoU=0.50      | area=   all | maxDets=100 ] = 0.15913177037924203
Average Precision  (AP) @[ IoU=0.75      | area=   all | maxDets=100 ] = 0.01325238000768769
Average Precision  (AP) @[ IoU=0.50:0.95 | area= small | maxDets=100 ] = 0.0
Average Precision  (AP) @[ IoU=0.50:0.95 | area=medium | maxDets=100 ] = 0.021488298282251333
Average Precision  (AP) @[ IoU=0.50:0.95 | area= large | maxDets=100 ] = 0.04478787357313749
Average Recall     (AR) @[ IoU=0.50:0.95 | area=   all | maxDets=  1 ] = 0.08542616060727792
Average Recall     (AR) @[ IoU=0.50:0.95 | area=   all | maxDets= 10 ] = 0.15061275127097015
Average Recall     (AR) @[ IoU=0.50:0.95 | area=   all | maxDets=100 ] = 0.1508545173022099
Average Recall     (AR) @[ IoU=0.50:0.95 | area= small | maxDets=100 ] = 0.0
Average Recall     (AR) @[ IoU=0.50:0.95 | area=medium | maxDets=100 ] = 0.1074074074074074
Average Recall     (AR) @[ IoU=0.50:0.95 | area= large | maxDets=100 ] = 0.15272769828697477



Epoch: [13]  [  0/402]  eta: 0:25:02  lr: 0.001000  loss: 0.6398 (0.6398)  loss_classifier: 0.2468 (0.2468)  loss_box_reg: 0.2818 (0.2818)  loss_objectness: 0.0564 (0.0564)  loss_rpn_box_reg: 0.0548 (0.0548)  time: 3.7382  data: 2.2549  max mem: 9346
Epoch: [13]  [100/402]  eta: 0:05:51  lr: 0.001000  loss: 0.6380 (0.6211)  loss_classifier: 0.2464 (0.2439)  loss_box_reg: 0.2783 (0.2764)  loss_objectness: 0.0588 (0.0598)  loss_rpn_box_reg: 0.0385 (0.0409)  time: 1.1302  data: 0.0297  max mem: 9346
Epoch: [13]  [200/402]  eta: 0:03:51  lr: 0.001000  loss: 0.6082 (0.6161)  loss_classifier: 0.2343 (0.2410)  loss_box_reg: 0.2695 (0.2743)  loss_objectness: 0.0547 (0.0599)  loss_rpn_box_reg: 0.0406 (0.0409)  time: 1.1301  data: 0.0316  max mem: 9346
Epoch: [13]  [300/402]  eta: 0:01:56  lr: 0.001000  loss: 0.6095 (0.6156)  loss_classifier: 0.2353 (0.2402)  loss_box_reg: 0.2713 (0.2737)  loss_objectness: 0.0558 (0.0604)  loss_rpn_box_reg: 0.0434 (0.0412)  time: 1.1301  data: 0.0317  max mem: 9346
Epoch: [13]  [400/402]  eta: 0:00:02  lr: 0.001000  loss: 0.6161 (0.6115)  loss_classifier: 0.2365 (0.2386)  loss_box_reg: 0.2692 (0.2715)  loss_objectness: 0.0556 (0.0602)  loss_rpn_box_reg: 0.0426 (0.0413)  time: 1.1195  data: 0.0259  max mem: 9346
Epoch: [13]  [401/402]  eta: 0:00:01  lr: 0.001000  loss: 0.6144 (0.6113)  loss_classifier: 0.2365 (0.2385)  loss_box_reg: 0.2682 (0.2714)  loss_objectness: 0.0545 (0.0602)  loss_rpn_box_reg: 0.0426 (0.0412)  time: 1.0946  data: 0.0255  max mem: 9346
Epoch: [13] Total time: 0:07:37 (1.1386 s / it)
Test:  [  0/101]  eta: 0:02:57  model_time: 0.4167 (0.4167)  evaluator_time: 0.0260 (0.0260)  time: 1.7622  data: 1.0309  max mem: 9346
Test:  [100/101]  eta: 0:00:00  model_time: 0.3117 (0.3143)  evaluator_time: 0.0152 (0.0150)  time: 0.3745  data: 0.0253  max mem: 9346
Test: Total time: 0:00:40 (0.4025 s / it)
Average Precision  (AP) @[ IoU=0.50:0.95 | area=   all | maxDets=100 ] = 0.05058993375192554
Average Precision  (AP) @[ IoU=0.50      | area=   all | maxDets=100 ] = 0.19099668563790806
Average Precision  (AP) @[ IoU=0.75      | area=   all | maxDets=100 ] = 0.01208766739895575
Average Precision  (AP) @[ IoU=0.50:0.95 | area= small | maxDets=100 ] = 0.0
Average Precision  (AP) @[ IoU=0.50:0.95 | area=medium | maxDets=100 ] = 0.0396002933626696
Average Precision  (AP) @[ IoU=0.50:0.95 | area= large | maxDets=100 ] = 0.052204699345073005
Average Recall     (AR) @[ IoU=0.50:0.95 | area=   all | maxDets=  1 ] = 0.09660716429660283
Average Recall     (AR) @[ IoU=0.50:0.95 | area=   all | maxDets= 10 ] = 0.16395265372008067
Average Recall     (AR) @[ IoU=0.50:0.95 | area=   all | maxDets=100 ] = 0.16470138346794758
Average Recall     (AR) @[ IoU=0.50:0.95 | area= small | maxDets=100 ] = 0.0
Average Recall     (AR) @[ IoU=0.50:0.95 | area=medium | maxDets=100 ] = 0.08518518518518518
Average Recall     (AR) @[ IoU=0.50:0.95 | area= large | maxDets=100 ] = 0.16660876609072808



Epoch: [14]  [  0/402]  eta: 0:23:45  lr: 0.001000  loss: 0.5960 (0.5960)  loss_classifier: 0.2344 (0.2344)  loss_box_reg: 0.2648 (0.2648)  loss_objectness: 0.0553 (0.0553)  loss_rpn_box_reg: 0.0415 (0.0415)  time: 3.5469  data: 2.1586  max mem: 9346
Epoch: [14]  [100/402]  eta: 0:05:50  lr: 0.001000  loss: 0.6147 (0.6063)  loss_classifier: 0.2380 (0.2378)  loss_box_reg: 0.2734 (0.2680)  loss_objectness: 0.0560 (0.0589)  loss_rpn_box_reg: 0.0385 (0.0416)  time: 1.1324  data: 0.0312  max mem: 9346
Epoch: [14]  [200/402]  eta: 0:03:52  lr: 0.001000  loss: 0.5962 (0.6051)  loss_classifier: 0.2344 (0.2369)  loss_box_reg: 0.2689 (0.2675)  loss_objectness: 0.0532 (0.0592)  loss_rpn_box_reg: 0.0425 (0.0415)  time: 1.1287  data: 0.0306  max mem: 9346
Epoch: [14]  [300/402]  eta: 0:01:56  lr: 0.001000  loss: 0.5882 (0.6000)  loss_classifier: 0.2298 (0.2340)  loss_box_reg: 0.2573 (0.2662)  loss_objectness: 0.0545 (0.0588)  loss_rpn_box_reg: 0.0406 (0.0411)  time: 1.1436  data: 0.0308  max mem: 9346
Epoch: [14]  [400/402]  eta: 0:00:02  lr: 0.001000  loss: 0.5881 (0.5976)  loss_classifier: 0.2279 (0.2323)  loss_box_reg: 0.2635 (0.2654)  loss_objectness: 0.0594 (0.0588)  loss_rpn_box_reg: 0.0379 (0.0411)  time: 1.1276  data: 0.0281  max mem: 9346
Epoch: [14]  [401/402]  eta: 0:00:01  lr: 0.001000  loss: 0.5881 (0.5974)  loss_classifier: 0.2279 (0.2323)  loss_box_reg: 0.2571 (0.2653)  loss_objectness: 0.0578 (0.0588)  loss_rpn_box_reg: 0.0379 (0.0411)  time: 1.1070  data: 0.0276  max mem: 9346
Epoch: [14] Total time: 0:07:39 (1.1440 s / it)
Test:  [  0/101]  eta: 0:02:55  model_time: 0.4252 (0.4252)  evaluator_time: 0.0257 (0.0257)  time: 1.7384  data: 0.9988  max mem: 9346
Test:  [100/101]  eta: 0:00:00  model_time: 0.3148 (0.3164)  evaluator_time: 0.0158 (0.0186)  time: 0.3782  data: 0.0251  max mem: 9346
Test: Total time: 0:00:40 (0.4033 s / it)
Average Precision  (AP) @[ IoU=0.50:0.95 | area=   all | maxDets=100 ] = 0.041545923664251305
Average Precision  (AP) @[ IoU=0.50      | area=   all | maxDets=100 ] = 0.16413658289686064
Average Precision  (AP) @[ IoU=0.75      | area=   all | maxDets=100 ] = 0.011143084161219955
Average Precision  (AP) @[ IoU=0.50:0.95 | area= small | maxDets=100 ] = 0.0
Average Precision  (AP) @[ IoU=0.50:0.95 | area=medium | maxDets=100 ] = 0.03861090991829883
Average Precision  (AP) @[ IoU=0.50:0.95 | area= large | maxDets=100 ] = 0.04285186573630243
Average Recall     (AR) @[ IoU=0.50:0.95 | area=   all | maxDets=  1 ] = 0.08152989040386757
Average Recall     (AR) @[ IoU=0.50:0.95 | area=   all | maxDets= 10 ] = 0.14516082258785754
Average Recall     (AR) @[ IoU=0.50:0.95 | area=   all | maxDets=100 ] = 0.1457306726085986
Average Recall     (AR) @[ IoU=0.50:0.95 | area= small | maxDets=100 ] = 0.0
Average Recall     (AR) @[ IoU=0.50:0.95 | area=medium | maxDets=100 ] = 0.12222222222222222
Average Recall     (AR) @[ IoU=0.50:0.95 | area= large | maxDets=100 ] = 0.1470227378071853



Epoch: [15]  [  0/402]  eta: 0:23:26  lr: 0.001000  loss: 0.6710 (0.6710)  loss_classifier: 0.2843 (0.2843)  loss_box_reg: 0.2867 (0.2867)  loss_objectness: 0.0522 (0.0522)  loss_rpn_box_reg: 0.0478 (0.0478)  time: 3.4995  data: 2.1219  max mem: 9346
Epoch: [15]  [100/402]  eta: 0:05:51  lr: 0.001000  loss: 0.5796 (0.5861)  loss_classifier: 0.2295 (0.2289)  loss_box_reg: 0.2563 (0.2598)  loss_objectness: 0.0577 (0.0569)  loss_rpn_box_reg: 0.0401 (0.0405)  time: 1.1437  data: 0.0308  max mem: 9346
Epoch: [15]  [200/402]  eta: 0:03:52  lr: 0.001000  loss: 0.5886 (0.5873)  loss_classifier: 0.2228 (0.2276)  loss_box_reg: 0.2584 (0.2610)  loss_objectness: 0.0560 (0.0579)  loss_rpn_box_reg: 0.0405 (0.0407)  time: 1.1384  data: 0.0323  max mem: 9346
Epoch: [15]  [300/402]  eta: 0:01:57  lr: 0.001000  loss: 0.5835 (0.5855)  loss_classifier: 0.2265 (0.2281)  loss_box_reg: 0.2510 (0.2592)  loss_objectness: 0.0549 (0.0576)  loss_rpn_box_reg: 0.0413 (0.0407)  time: 1.1248  data: 0.0312  max mem: 9346
Epoch: [15]  [400/402]  eta: 0:00:02  lr: 0.001000  loss: 0.6065 (0.5841)  loss_classifier: 0.2346 (0.2276)  loss_box_reg: 0.2610 (0.2580)  loss_objectness: 0.0565 (0.0578)  loss_rpn_box_reg: 0.0403 (0.0407)  time: 1.1181  data: 0.0273  max mem: 9346
Epoch: [15]  [401/402]  eta: 0:00:01  lr: 0.001000  loss: 0.6065 (0.5841)  loss_classifier: 0.2346 (0.2276)  loss_box_reg: 0.2584 (0.2580)  loss_objectness: 0.0555 (0.0578)  loss_rpn_box_reg: 0.0403 (0.0407)  time: 1.0942  data: 0.0265  max mem: 9346
Epoch: [15] Total time: 0:07:40 (1.1445 s / it)
Test:  [  0/101]  eta: 0:02:58  model_time: 0.3899 (0.3899)  evaluator_time: 0.0262 (0.0262)  time: 1.7663  data: 1.0492  max mem: 9346
Test:  [100/101]  eta: 0:00:00  model_time: 0.3153 (0.3155)  evaluator_time: 0.0157 (0.0197)  time: 0.3765  data: 0.0233  max mem: 9346
Test: Total time: 0:00:40 (0.4029 s / it)
Average Precision  (AP) @[ IoU=0.50:0.95 | area=   all | maxDets=100 ] = 0.049982420106202845
Average Precision  (AP) @[ IoU=0.50      | area=   all | maxDets=100 ] = 0.18657532329187346
Average Precision  (AP) @[ IoU=0.75      | area=   all | maxDets=100 ] = 0.013052929082361421
Average Precision  (AP) @[ IoU=0.50:0.95 | area= small | maxDets=100 ] = 0.0
Average Precision  (AP) @[ IoU=0.50:0.95 | area=medium | maxDets=100 ] = 0.034426567656765675
Average Precision  (AP) @[ IoU=0.50:0.95 | area= large | maxDets=100 ] = 0.05187499022884745
Average Recall     (AR) @[ IoU=0.50:0.95 | area=   all | maxDets=  1 ] = 0.0990030520989707
Average Recall     (AR) @[ IoU=0.50:0.95 | area=   all | maxDets= 10 ] = 0.15880615123225317
Average Recall     (AR) @[ IoU=0.50:0.95 | area=   all | maxDets=100 ] = 0.15970296397117115
Average Recall     (AR) @[ IoU=0.50:0.95 | area= small | maxDets=100 ] = 0.0
Average Recall     (AR) @[ IoU=0.50:0.95 | area=medium | maxDets=100 ] = 0.09629629629629628
Average Recall     (AR) @[ IoU=0.50:0.95 | area= large | maxDets=100 ] = 0.16136533336449485



Epoch: [16]  [  0/402]  eta: 0:22:58  lr: 0.001000  loss: 0.5666 (0.5666)  loss_classifier: 0.2223 (0.2223)  loss_box_reg: 0.2523 (0.2523)  loss_objectness: 0.0512 (0.0512)  loss_rpn_box_reg: 0.0409 (0.0409)  time: 3.4290  data: 2.0290  max mem: 9346
Epoch: [16]  [100/402]  eta: 0:05:52  lr: 0.001000  loss: 0.5719 (0.5753)  loss_classifier: 0.2232 (0.2255)  loss_box_reg: 0.2513 (0.2524)  loss_objectness: 0.0535 (0.0570)  loss_rpn_box_reg: 0.0400 (0.0404)  time: 1.1341  data: 0.0315  max mem: 9346
Epoch: [16]  [200/402]  eta: 0:03:52  lr: 0.001000  loss: 0.5968 (0.5808)  loss_classifier: 0.2296 (0.2284)  loss_box_reg: 0.2618 (0.2555)  loss_objectness: 0.0561 (0.0568)  loss_rpn_box_reg: 0.0417 (0.0401)  time: 1.1373  data: 0.0313  max mem: 9346
Epoch: [16]  [300/402]  eta: 0:01:57  lr: 0.001000  loss: 0.5548 (0.5779)  loss_classifier: 0.2201 (0.2265)  loss_box_reg: 0.2433 (0.2537)  loss_objectness: 0.0491 (0.0574)  loss_rpn_box_reg: 0.0382 (0.0403)  time: 1.1429  data: 0.0298  max mem: 9346
Epoch: [16]  [400/402]  eta: 0:00:02  lr: 0.001000  loss: 0.5794 (0.5790)  loss_classifier: 0.2274 (0.2266)  loss_box_reg: 0.2658 (0.2552)  loss_objectness: 0.0500 (0.0570)  loss_rpn_box_reg: 0.0368 (0.0402)  time: 1.1146  data: 0.0273  max mem: 9346
Epoch: [16]  [401/402]  eta: 0:00:01  lr: 0.001000  loss: 0.5826 (0.5791)  loss_classifier: 0.2274 (0.2266)  loss_box_reg: 0.2685 (0.2553)  loss_objectness: 0.0505 (0.0570)  loss_rpn_box_reg: 0.0376 (0.0402)  time: 1.0903  data: 0.0267  max mem: 9346
Epoch: [16] Total time: 0:07:39 (1.1437 s / it)
Test:  [  0/101]  eta: 0:02:51  model_time: 0.4076 (0.4076)  evaluator_time: 0.0256 (0.0256)  time: 1.6987  data: 0.9902  max mem: 9346
Test:  [100/101]  eta: 0:00:00  model_time: 0.3171 (0.3178)  evaluator_time: 0.0151 (0.0158)  time: 0.3932  data: 0.0396  max mem: 9346
Test: Total time: 0:00:40 (0.4059 s / it)
Average Precision  (AP) @[ IoU=0.50:0.95 | area=   all | maxDets=100 ] = 0.06096495782922783
Average Precision  (AP) @[ IoU=0.50      | area=   all | maxDets=100 ] = 0.22073122015270424
Average Precision  (AP) @[ IoU=0.75      | area=   all | maxDets=100 ] = 0.016597390392817272
Average Precision  (AP) @[ IoU=0.50:0.95 | area= small | maxDets=100 ] = 0.0
Average Precision  (AP) @[ IoU=0.50:0.95 | area=medium | maxDets=100 ] = 0.04735881151140325
Average Precision  (AP) @[ IoU=0.50:0.95 | area= large | maxDets=100 ] = 0.06325338631485296
Average Recall     (AR) @[ IoU=0.50:0.95 | area=   all | maxDets=  1 ] = 0.1139732462403717
Average Recall     (AR) @[ IoU=0.50:0.95 | area=   all | maxDets= 10 ] = 0.19132232391939627
Average Recall     (AR) @[ IoU=0.50:0.95 | area=   all | maxDets=100 ] = 0.19227189730641572
Average Recall     (AR) @[ IoU=0.50:0.95 | area= small | maxDets=100 ] = 0.0
Average Recall     (AR) @[ IoU=0.50:0.95 | area=medium | maxDets=100 ] = 0.08888888888888889
Average Recall     (AR) @[ IoU=0.50:0.95 | area= large | maxDets=100 ] = 0.19408197194826318



Epoch: [17]  [  0/402]  eta: 0:25:55  lr: 0.001000  loss: 0.6462 (0.6462)  loss_classifier: 0.2670 (0.2670)  loss_box_reg: 0.2712 (0.2712)  loss_objectness: 0.0606 (0.0606)  loss_rpn_box_reg: 0.0474 (0.0474)  time: 3.8696  data: 2.5370  max mem: 9346
Epoch: [17]  [100/402]  eta: 0:05:50  lr: 0.001000  loss: 0.5652 (0.5799)  loss_classifier: 0.2245 (0.2260)  loss_box_reg: 0.2526 (0.2578)  loss_objectness: 0.0510 (0.0558)  loss_rpn_box_reg: 0.0388 (0.0404)  time: 1.1428  data: 0.0307  max mem: 9346
Epoch: [17]  [200/402]  eta: 0:03:52  lr: 0.001000  loss: 0.5534 (0.5760)  loss_classifier: 0.2109 (0.2238)  loss_box_reg: 0.2556 (0.2552)  loss_objectness: 0.0497 (0.0564)  loss_rpn_box_reg: 0.0385 (0.0406)  time: 1.1486  data: 0.0297  max mem: 9346
Epoch: [17]  [300/402]  eta: 0:01:56  lr: 0.001000  loss: 0.5749 (0.5737)  loss_classifier: 0.2186 (0.2226)  loss_box_reg: 0.2507 (0.2542)  loss_objectness: 0.0562 (0.0567)  loss_rpn_box_reg: 0.0372 (0.0402)  time: 1.1439  data: 0.0315  max mem: 9346
Epoch: [17]  [400/402]  eta: 0:00:02  lr: 0.001000  loss: 0.5614 (0.5721)  loss_classifier: 0.2140 (0.2218)  loss_box_reg: 0.2490 (0.2539)  loss_objectness: 0.0526 (0.0561)  loss_rpn_box_reg: 0.0392 (0.0402)  time: 1.1258  data: 0.0273  max mem: 9346
Epoch: [17]  [401/402]  eta: 0:00:01  lr: 0.001000  loss: 0.5609 (0.5720)  loss_classifier: 0.2140 (0.2218)  loss_box_reg: 0.2490 (0.2539)  loss_objectness: 0.0526 (0.0561)  loss_rpn_box_reg: 0.0392 (0.0402)  time: 1.1060  data: 0.0269  max mem: 9346
Epoch: [17] Total time: 0:07:39 (1.1429 s / it)
Test:  [  0/101]  eta: 0:02:46  model_time: 0.4266 (0.4266)  evaluator_time: 0.0290 (0.0290)  time: 1.6493  data: 0.8792  max mem: 9346
Test:  [100/101]  eta: 0:00:00  model_time: 0.3164 (0.3172)  evaluator_time: 0.0144 (0.0182)  time: 0.3763  data: 0.0240  max mem: 9346
Test: Total time: 0:00:40 (0.4035 s / it)
Average Precision  (AP) @[ IoU=0.50:0.95 | area=   all | maxDets=100 ] = 0.047628678371998134
Average Precision  (AP) @[ IoU=0.50      | area=   all | maxDets=100 ] = 0.17425897247883168
Average Precision  (AP) @[ IoU=0.75      | area=   all | maxDets=100 ] = 0.016720271948168268
Average Precision  (AP) @[ IoU=0.50:0.95 | area= small | maxDets=100 ] = 0.0
Average Precision  (AP) @[ IoU=0.50:0.95 | area=medium | maxDets=100 ] = 0.058430509717638426
Average Precision  (AP) @[ IoU=0.50:0.95 | area= large | maxDets=100 ] = 0.04934585120544833
Average Recall     (AR) @[ IoU=0.50:0.95 | area=   all | maxDets=  1 ] = 0.0956406306561658
Average Recall     (AR) @[ IoU=0.50:0.95 | area=   all | maxDets= 10 ] = 0.1652990108582603
Average Recall     (AR) @[ IoU=0.50:0.95 | area=   all | maxDets=100 ] = 0.16564014146254877
Average Recall     (AR) @[ IoU=0.50:0.95 | area= small | maxDets=100 ] = 0.0
Average Recall     (AR) @[ IoU=0.50:0.95 | area=medium | maxDets=100 ] = 0.1
Average Recall     (AR) @[ IoU=0.50:0.95 | area= large | maxDets=100 ] = 0.16699127340797343



Epoch: [18]  [  0/402]  eta: 0:25:10  lr: 0.001000  loss: 0.5562 (0.5562)  loss_classifier: 0.2219 (0.2219)  loss_box_reg: 0.2637 (0.2637)  loss_objectness: 0.0350 (0.0350)  loss_rpn_box_reg: 0.0356 (0.0356)  time: 3.7564  data: 2.3302  max mem: 9346
Epoch: [18]  [100/402]  eta: 0:05:52  lr: 0.001000  loss: 0.5608 (0.5609)  loss_classifier: 0.2119 (0.2165)  loss_box_reg: 0.2455 (0.2485)  loss_objectness: 0.0550 (0.0564)  loss_rpn_box_reg: 0.0416 (0.0395)  time: 1.1410  data: 0.0303  max mem: 9346
Epoch: [18]  [200/402]  eta: 0:03:52  lr: 0.001000  loss: 0.5720 (0.5628)  loss_classifier: 0.2249 (0.2170)  loss_box_reg: 0.2570 (0.2513)  loss_objectness: 0.0501 (0.0552)  loss_rpn_box_reg: 0.0380 (0.0392)  time: 1.1310  data: 0.0324  max mem: 9346
Epoch: [18]  [300/402]  eta: 0:01:56  lr: 0.001000  loss: 0.5481 (0.5617)  loss_classifier: 0.2140 (0.2162)  loss_box_reg: 0.2459 (0.2504)  loss_objectness: 0.0488 (0.0558)  loss_rpn_box_reg: 0.0376 (0.0394)  time: 1.1301  data: 0.0310  max mem: 9346
Epoch: [18]  [400/402]  eta: 0:00:02  lr: 0.001000  loss: 0.5501 (0.5603)  loss_classifier: 0.2104 (0.2155)  loss_box_reg: 0.2441 (0.2493)  loss_objectness: 0.0542 (0.0559)  loss_rpn_box_reg: 0.0402 (0.0396)  time: 1.1336  data: 0.0277  max mem: 9346
Epoch: [18]  [401/402]  eta: 0:00:01  lr: 0.001000  loss: 0.5501 (0.5603)  loss_classifier: 0.2096 (0.2155)  loss_box_reg: 0.2441 (0.2493)  loss_objectness: 0.0573 (0.0559)  loss_rpn_box_reg: 0.0399 (0.0396)  time: 1.1089  data: 0.0267  max mem: 9346
Epoch: [18] Total time: 0:07:39 (1.1434 s / it)
Test:  [  0/101]  eta: 0:02:56  model_time: 0.3794 (0.3794)  evaluator_time: 0.0236 (0.0236)  time: 1.7495  data: 1.0490  max mem: 9346
Test:  [100/101]  eta: 0:00:00  model_time: 0.3119 (0.3154)  evaluator_time: 0.0162 (0.0188)  time: 0.3738  data: 0.0243  max mem: 9346
Test: Total time: 0:00:40 (0.4035 s / it)
Average Precision  (AP) @[ IoU=0.50:0.95 | area=   all | maxDets=100 ] = 0.05135917619671418
Average Precision  (AP) @[ IoU=0.50      | area=   all | maxDets=100 ] = 0.1955452207319594
Average Precision  (AP) @[ IoU=0.75      | area=   all | maxDets=100 ] = 0.01484616170051181
Average Precision  (AP) @[ IoU=0.50:0.95 | area= small | maxDets=100 ] = 0.0
Average Precision  (AP) @[ IoU=0.50:0.95 | area=medium | maxDets=100 ] = 0.059345386249285405
Average Precision  (AP) @[ IoU=0.50:0.95 | area= large | maxDets=100 ] = 0.052456554850846646
Average Recall     (AR) @[ IoU=0.50:0.95 | area=   all | maxDets=  1 ] = 0.09798695776546072
Average Recall     (AR) @[ IoU=0.50:0.95 | area=   all | maxDets= 10 ] = 0.15813673484188992
Average Recall     (AR) @[ IoU=0.50:0.95 | area=   all | maxDets=100 ] = 0.15870235654642445
Average Recall     (AR) @[ IoU=0.50:0.95 | area= small | maxDets=100 ] = 0.0
Average Recall     (AR) @[ IoU=0.50:0.95 | area=medium | maxDets=100 ] = 0.0962962962962963
Average Recall     (AR) @[ IoU=0.50:0.95 | area= large | maxDets=100 ] = 0.16018529282508073



Epoch: [19]  [  0/402]  eta: 0:24:49  lr: 0.001000  loss: 0.5663 (0.5663)  loss_classifier: 0.2143 (0.2143)  loss_box_reg: 0.2675 (0.2675)  loss_objectness: 0.0480 (0.0480)  loss_rpn_box_reg: 0.0365 (0.0365)  time: 3.7047  data: 2.3132  max mem: 9346
Epoch: [19]  [100/402]  eta: 0:05:51  lr: 0.001000  loss: 0.5546 (0.5593)  loss_classifier: 0.2153 (0.2152)  loss_box_reg: 0.2466 (0.2497)  loss_objectness: 0.0524 (0.0549)  loss_rpn_box_reg: 0.0361 (0.0396)  time: 1.1344  data: 0.0297  max mem: 9346
Epoch: [19]  [200/402]  eta: 0:03:52  lr: 0.001000  loss: 0.5413 (0.5553)  loss_classifier: 0.2080 (0.2134)  loss_box_reg: 0.2426 (0.2471)  loss_objectness: 0.0494 (0.0552)  loss_rpn_box_reg: 0.0390 (0.0396)  time: 1.1352  data: 0.0306  max mem: 9346
Epoch: [19]  [300/402]  eta: 0:01:56  lr: 0.001000  loss: 0.5532 (0.5558)  loss_classifier: 0.2170 (0.2140)  loss_box_reg: 0.2555 (0.2473)  loss_objectness: 0.0513 (0.0550)  loss_rpn_box_reg: 0.0405 (0.0394)  time: 1.1238  data: 0.0329  max mem: 9346
Epoch: [19]  [400/402]  eta: 0:00:02  lr: 0.001000  loss: 0.5468 (0.5566)  loss_classifier: 0.2042 (0.2143)  loss_box_reg: 0.2422 (0.2475)  loss_objectness: 0.0495 (0.0552)  loss_rpn_box_reg: 0.0407 (0.0396)  time: 1.1223  data: 0.0289  max mem: 9346
Epoch: [19]  [401/402]  eta: 0:00:01  lr: 0.001000  loss: 0.5468 (0.5567)  loss_classifier: 0.2042 (0.2143)  loss_box_reg: 0.2422 (0.2475)  loss_objectness: 0.0528 (0.0552)  loss_rpn_box_reg: 0.0407 (0.0396)  time: 1.0966  data: 0.0278  max mem: 9346
Epoch: [19] Total time: 0:07:38 (1.1409 s / it)
Test:  [  0/101]  eta: 0:02:55  model_time: 0.3963 (0.3963)  evaluator_time: 0.0240 (0.0240)  time: 1.7398  data: 1.0289  max mem: 9346
Test:  [100/101]  eta: 0:00:00  model_time: 0.3146 (0.3160)  evaluator_time: 0.0161 (0.0196)  time: 0.3771  data: 0.0245  max mem: 9346
Test: Total time: 0:00:40 (0.4040 s / it)
Average Precision  (AP) @[ IoU=0.50:0.95 | area=   all | maxDets=100 ] = 0.0543107272523105
Average Precision  (AP) @[ IoU=0.50      | area=   all | maxDets=100 ] = 0.20700063274969085
Average Precision  (AP) @[ IoU=0.75      | area=   all | maxDets=100 ] = 0.015950726941870896
Average Precision  (AP) @[ IoU=0.50:0.95 | area= small | maxDets=100 ] = 0.0
Average Precision  (AP) @[ IoU=0.50:0.95 | area=medium | maxDets=100 ] = 0.06515038866524016
Average Precision  (AP) @[ IoU=0.50:0.95 | area= large | maxDets=100 ] = 0.055556479288300695
Average Recall     (AR) @[ IoU=0.50:0.95 | area=   all | maxDets=  1 ] = 0.10207405426959888
Average Recall     (AR) @[ IoU=0.50:0.95 | area=   all | maxDets= 10 ] = 0.17228854200875876
Average Recall     (AR) @[ IoU=0.50:0.95 | area=   all | maxDets=100 ] = 0.1724998450058348
Average Recall     (AR) @[ IoU=0.50:0.95 | area= small | maxDets=100 ] = 0.0
Average Recall     (AR) @[ IoU=0.50:0.95 | area=medium | maxDets=100 ] = 0.0962962962962963
Average Recall     (AR) @[ IoU=0.50:0.95 | area= large | maxDets=100 ] = 0.17406952545843848



Epoch: [20]  [  0/402]  eta: 0:24:55  lr: 0.001000  loss: 0.5137 (0.5137)  loss_classifier: 0.2031 (0.2031)  loss_box_reg: 0.2123 (0.2123)  loss_objectness: 0.0500 (0.0500)  loss_rpn_box_reg: 0.0484 (0.0484)  time: 3.7193  data: 2.3646  max mem: 9346
Epoch: [20]  [100/402]  eta: 0:05:52  lr: 0.001000  loss: 0.5394 (0.5485)  loss_classifier: 0.2039 (0.2100)  loss_box_reg: 0.2467 (0.2438)  loss_objectness: 0.0519 (0.0553)  loss_rpn_box_reg: 0.0395 (0.0393)  time: 1.1427  data: 0.0299  max mem: 9346
Epoch: [20]  [200/402]  eta: 0:03:52  lr: 0.001000  loss: 0.5345 (0.5470)  loss_classifier: 0.2046 (0.2100)  loss_box_reg: 0.2427 (0.2425)  loss_objectness: 0.0498 (0.0552)  loss_rpn_box_reg: 0.0377 (0.0393)  time: 1.1403  data: 0.0322  max mem: 9346
Epoch: [20]  [300/402]  eta: 0:01:57  lr: 0.001000  loss: 0.5370 (0.5466)  loss_classifier: 0.2080 (0.2100)  loss_box_reg: 0.2417 (0.2422)  loss_objectness: 0.0528 (0.0549)  loss_rpn_box_reg: 0.0403 (0.0396)  time: 1.1327  data: 0.0306  max mem: 9346
Epoch: [20]  [400/402]  eta: 0:00:02  lr: 0.001000  loss: 0.5334 (0.5449)  loss_classifier: 0.2076 (0.2095)  loss_box_reg: 0.2392 (0.2422)  loss_objectness: 0.0506 (0.0539)  loss_rpn_box_reg: 0.0381 (0.0394)  time: 1.1225  data: 0.0286  max mem: 9346
Epoch: [20]  [401/402]  eta: 0:00:01  lr: 0.001000  loss: 0.5334 (0.5448)  loss_classifier: 0.2076 (0.2094)  loss_box_reg: 0.2392 (0.2421)  loss_objectness: 0.0512 (0.0539)  loss_rpn_box_reg: 0.0379 (0.0393)  time: 1.0962  data: 0.0278  max mem: 9346
Epoch: [20] Total time: 0:07:39 (1.1433 s / it)
Test:  [  0/101]  eta: 0:02:48  model_time: 0.3933 (0.3933)  evaluator_time: 0.0211 (0.0211)  time: 1.6680  data: 0.9760  max mem: 9346
Test:  [100/101]  eta: 0:00:00  model_time: 0.3142 (0.3159)  evaluator_time: 0.0145 (0.0172)  time: 0.3745  data: 0.0239  max mem: 9346
Test: Total time: 0:00:40 (0.4011 s / it)
Average Precision  (AP) @[ IoU=0.50:0.95 | area=   all | maxDets=100 ] = 0.05839190548092785
Average Precision  (AP) @[ IoU=0.50      | area=   all | maxDets=100 ] = 0.21880064770387062
Average Precision  (AP) @[ IoU=0.75      | area=   all | maxDets=100 ] = 0.021754819895178728
Average Precision  (AP) @[ IoU=0.50:0.95 | area= small | maxDets=100 ] = 0.0
Average Precision  (AP) @[ IoU=0.50:0.95 | area=medium | maxDets=100 ] = 0.05989809507266516
Average Precision  (AP) @[ IoU=0.50:0.95 | area= large | maxDets=100 ] = 0.05982247892300581
Average Recall     (AR) @[ IoU=0.50:0.95 | area=   all | maxDets=  1 ] = 0.11004716337480612
Average Recall     (AR) @[ IoU=0.50:0.95 | area=   all | maxDets= 10 ] = 0.17003512474443383
Average Recall     (AR) @[ IoU=0.50:0.95 | area=   all | maxDets=100 ] = 0.17008385768790363
Average Recall     (AR) @[ IoU=0.50:0.95 | area= small | maxDets=100 ] = 0.0
Average Recall     (AR) @[ IoU=0.50:0.95 | area=medium | maxDets=100 ] = 0.1
Average Recall     (AR) @[ IoU=0.50:0.95 | area= large | maxDets=100 ] = 0.1715774873154348



Epoch: [21]  [  0/402]  eta: 0:24:28  lr: 0.001000  loss: 0.5492 (0.5492)  loss_classifier: 0.2004 (0.2004)  loss_box_reg: 0.2492 (0.2492)  loss_objectness: 0.0604 (0.0604)  loss_rpn_box_reg: 0.0393 (0.0393)  time: 3.6531  data: 2.2339  max mem: 9346
Epoch: [21]  [100/402]  eta: 0:05:50  lr: 0.001000  loss: 0.5588 (0.5414)  loss_classifier: 0.2106 (0.2080)  loss_box_reg: 0.2515 (0.2428)  loss_objectness: 0.0539 (0.0523)  loss_rpn_box_reg: 0.0386 (0.0383)  time: 1.1331  data: 0.0298  max mem: 9346
Epoch: [21]  [200/402]  eta: 0:03:51  lr: 0.001000  loss: 0.5315 (0.5402)  loss_classifier: 0.2068 (0.2084)  loss_box_reg: 0.2326 (0.2405)  loss_objectness: 0.0520 (0.0525)  loss_rpn_box_reg: 0.0388 (0.0388)  time: 1.1379  data: 0.0315  max mem: 9346
Epoch: [21]  [300/402]  eta: 0:01:56  lr: 0.001000  loss: 0.5346 (0.5396)  loss_classifier: 0.2004 (0.2073)  loss_box_reg: 0.2358 (0.2402)  loss_objectness: 0.0524 (0.0533)  loss_rpn_box_reg: 0.0379 (0.0388)  time: 1.1408  data: 0.0310  max mem: 9346
Epoch: [21]  [400/402]  eta: 0:00:02  lr: 0.001000  loss: 0.5245 (0.5401)  loss_classifier: 0.2007 (0.2066)  loss_box_reg: 0.2357 (0.2398)  loss_objectness: 0.0490 (0.0547)  loss_rpn_box_reg: 0.0415 (0.0390)  time: 1.1263  data: 0.0279  max mem: 9346
Epoch: [21]  [401/402]  eta: 0:00:01  lr: 0.001000  loss: 0.5263 (0.5402)  loss_classifier: 0.2024 (0.2066)  loss_box_reg: 0.2358 (0.2399)  loss_objectness: 0.0490 (0.0547)  loss_rpn_box_reg: 0.0416 (0.0391)  time: 1.1020  data: 0.0271  max mem: 9346
Epoch: [21] Total time: 0:07:38 (1.1399 s / it)
Test:  [  0/101]  eta: 0:02:54  model_time: 0.3920 (0.3920)  evaluator_time: 0.0231 (0.0231)  time: 1.7275  data: 1.0242  max mem: 9346
Test:  [100/101]  eta: 0:00:00  model_time: 0.3088 (0.3112)  evaluator_time: 0.0154 (0.0153)  time: 0.3687  data: 0.0236  max mem: 9346
Test: Total time: 0:00:40 (0.3983 s / it)
Average Precision  (AP) @[ IoU=0.50:0.95 | area=   all | maxDets=100 ] = 0.05905991265323271
Average Precision  (AP) @[ IoU=0.50      | area=   all | maxDets=100 ] = 0.21951245282576173
Average Precision  (AP) @[ IoU=0.75      | area=   all | maxDets=100 ] = 0.018715935383579227
Average Precision  (AP) @[ IoU=0.50:0.95 | area= small | maxDets=100 ] = 0.0
Average Precision  (AP) @[ IoU=0.50:0.95 | area=medium | maxDets=100 ] = 0.05093509350935093
Average Precision  (AP) @[ IoU=0.50:0.95 | area= large | maxDets=100 ] = 0.06068846638723228
Average Recall     (AR) @[ IoU=0.50:0.95 | area=   all | maxDets=  1 ] = 0.11145860915883597
Average Recall     (AR) @[ IoU=0.50:0.95 | area=   all | maxDets= 10 ] = 0.1842875537737176
Average Recall     (AR) @[ IoU=0.50:0.95 | area=   all | maxDets=100 ] = 0.18511985105234732
Average Recall     (AR) @[ IoU=0.50:0.95 | area= small | maxDets=100 ] = 0.0
Average Recall     (AR) @[ IoU=0.50:0.95 | area=medium | maxDets=100 ] = 0.09259259259259259
Average Recall     (AR) @[ IoU=0.50:0.95 | area= large | maxDets=100 ] = 0.1868340130714635



Epoch: [22]  [  0/402]  eta: 0:25:05  lr: 0.001000  loss: 0.5437 (0.5437)  loss_classifier: 0.2128 (0.2128)  loss_box_reg: 0.2381 (0.2381)  loss_objectness: 0.0592 (0.0592)  loss_rpn_box_reg: 0.0336 (0.0336)  time: 3.7453  data: 2.3107  max mem: 9346
Epoch: [22]  [100/402]  eta: 0:05:52  lr: 0.001000  loss: 0.5168 (0.5269)  loss_classifier: 0.2010 (0.2023)  loss_box_reg: 0.2301 (0.2328)  loss_objectness: 0.0452 (0.0528)  loss_rpn_box_reg: 0.0363 (0.0390)  time: 1.1403  data: 0.0295  max mem: 9346
Epoch: [22]  [200/402]  eta: 0:03:51  lr: 0.001000  loss: 0.5462 (0.5367)  loss_classifier: 0.2081 (0.2059)  loss_box_reg: 0.2420 (0.2385)  loss_objectness: 0.0494 (0.0530)  loss_rpn_box_reg: 0.0377 (0.0393)  time: 1.1267  data: 0.0304  max mem: 9346
Epoch: [22]  [300/402]  eta: 0:01:56  lr: 0.001000  loss: 0.5180 (0.5324)  loss_classifier: 0.1949 (0.2041)  loss_box_reg: 0.2310 (0.2370)  loss_objectness: 0.0498 (0.0520)  loss_rpn_box_reg: 0.0398 (0.0392)  time: 1.1329  data: 0.0307  max mem: 9346
Epoch: [22]  [400/402]  eta: 0:00:02  lr: 0.001000  loss: 0.5423 (0.5313)  loss_classifier: 0.2022 (0.2035)  loss_box_reg: 0.2350 (0.2366)  loss_objectness: 0.0530 (0.0521)  loss_rpn_box_reg: 0.0411 (0.0391)  time: 1.1157  data: 0.0273  max mem: 9346
Epoch: [22]  [401/402]  eta: 0:00:01  lr: 0.001000  loss: 0.5423 (0.5312)  loss_classifier: 0.2022 (0.2035)  loss_box_reg: 0.2350 (0.2365)  loss_objectness: 0.0530 (0.0521)  loss_rpn_box_reg: 0.0411 (0.0390)  time: 1.0920  data: 0.0272  max mem: 9346
Epoch: [22] Total time: 0:07:38 (1.1409 s / it)
Test:  [  0/101]  eta: 0:02:50  model_time: 0.4039 (0.4039)  evaluator_time: 0.0266 (0.0266)  time: 1.6875  data: 0.9657  max mem: 9346
Test:  [100/101]  eta: 0:00:00  model_time: 0.3171 (0.3161)  evaluator_time: 0.0152 (0.0155)  time: 0.3774  data: 0.0241  max mem: 9346
Test: Total time: 0:00:40 (0.4000 s / it)
Average Precision  (AP) @[ IoU=0.50:0.95 | area=   all | maxDets=100 ] = 0.05748215429592662
Average Precision  (AP) @[ IoU=0.50      | area=   all | maxDets=100 ] = 0.21005974969170557
Average Precision  (AP) @[ IoU=0.75      | area=   all | maxDets=100 ] = 0.015916121251751934
Average Precision  (AP) @[ IoU=0.50:0.95 | area= small | maxDets=100 ] = 0.0
Average Precision  (AP) @[ IoU=0.50:0.95 | area=medium | maxDets=100 ] = 0.07521236906299325
Average Precision  (AP) @[ IoU=0.50:0.95 | area= large | maxDets=100 ] = 0.058861459162076295
Average Recall     (AR) @[ IoU=0.50:0.95 | area=   all | maxDets=  1 ] = 0.10614997053350667
Average Recall     (AR) @[ IoU=0.50:0.95 | area=   all | maxDets= 10 ] = 0.16738716812264867
Average Recall     (AR) @[ IoU=0.50:0.95 | area=   all | maxDets=100 ] = 0.16787449755734654
Average Recall     (AR) @[ IoU=0.50:0.95 | area= small | maxDets=100 ] = 0.0
Average Recall     (AR) @[ IoU=0.50:0.95 | area=medium | maxDets=100 ] = 0.14074074074074075
Average Recall     (AR) @[ IoU=0.50:0.95 | area= large | maxDets=100 ] = 0.1691891827411318



Epoch: [23]  [  0/402]  eta: 0:22:33  lr: 0.001000  loss: 0.5599 (0.5599)  loss_classifier: 0.2034 (0.2034)  loss_box_reg: 0.2543 (0.2543)  loss_objectness: 0.0601 (0.0601)  loss_rpn_box_reg: 0.0421 (0.0421)  time: 3.3668  data: 1.9152  max mem: 9346
Epoch: [23]  [100/402]  eta: 0:05:50  lr: 0.001000  loss: 0.5241 (0.5293)  loss_classifier: 0.1995 (0.2031)  loss_box_reg: 0.2396 (0.2351)  loss_objectness: 0.0519 (0.0520)  loss_rpn_box_reg: 0.0375 (0.0391)  time: 1.1309  data: 0.0312  max mem: 9346
Epoch: [23]  [200/402]  eta: 0:03:51  lr: 0.001000  loss: 0.5328 (0.5309)  loss_classifier: 0.2000 (0.2026)  loss_box_reg: 0.2359 (0.2362)  loss_objectness: 0.0530 (0.0527)  loss_rpn_box_reg: 0.0393 (0.0393)  time: 1.1202  data: 0.0305  max mem: 9346
Epoch: [23]  [300/402]  eta: 0:01:56  lr: 0.001000  loss: 0.5381 (0.5304)  loss_classifier: 0.2048 (0.2024)  loss_box_reg: 0.2432 (0.2360)  loss_objectness: 0.0492 (0.0528)  loss_rpn_box_reg: 0.0401 (0.0392)  time: 1.1380  data: 0.0297  max mem: 9346
Epoch: [23]  [400/402]  eta: 0:00:02  lr: 0.001000  loss: 0.5194 (0.5284)  loss_classifier: 0.2028 (0.2019)  loss_box_reg: 0.2238 (0.2351)  loss_objectness: 0.0472 (0.0524)  loss_rpn_box_reg: 0.0371 (0.0391)  time: 1.1276  data: 0.0287  max mem: 9346
Epoch: [23]  [401/402]  eta: 0:00:01  lr: 0.001000  loss: 0.5204 (0.5285)  loss_classifier: 0.2030 (0.2019)  loss_box_reg: 0.2238 (0.2351)  loss_objectness: 0.0487 (0.0524)  loss_rpn_box_reg: 0.0382 (0.0391)  time: 1.1048  data: 0.0277  max mem: 9346
Epoch: [23] Total time: 0:07:38 (1.1398 s / it)
Test:  [  0/101]  eta: 0:02:50  model_time: 0.4505 (0.4505)  evaluator_time: 0.0294 (0.0294)  time: 1.6859  data: 0.8530  max mem: 9346
Test:  [100/101]  eta: 0:00:00  model_time: 0.3162 (0.3166)  evaluator_time: 0.0152 (0.0190)  time: 0.3918  data: 0.0232  max mem: 9346
Test: Total time: 0:00:40 (0.4031 s / it)
Average Precision  (AP) @[ IoU=0.50:0.95 | area=   all | maxDets=100 ] = 0.05643615040529846
Average Precision  (AP) @[ IoU=0.50      | area=   all | maxDets=100 ] = 0.22466823000070738
Average Precision  (AP) @[ IoU=0.75      | area=   all | maxDets=100 ] = 0.01711398821594895
Average Precision  (AP) @[ IoU=0.50:0.95 | area= small | maxDets=100 ] = 0.0
Average Precision  (AP) @[ IoU=0.50:0.95 | area=medium | maxDets=100 ] = 0.06313953092633678
Average Precision  (AP) @[ IoU=0.50:0.95 | area= large | maxDets=100 ] = 0.05806660209727169
Average Recall     (AR) @[ IoU=0.50:0.95 | area=   all | maxDets=  1 ] = 0.11020768804843109
Average Recall     (AR) @[ IoU=0.50:0.95 | area=   all | maxDets= 10 ] = 0.18188545866654765
Average Recall     (AR) @[ IoU=0.50:0.95 | area=   all | maxDets=100 ] = 0.18274717378316135
Average Recall     (AR) @[ IoU=0.50:0.95 | area= small | maxDets=100 ] = 0.0
Average Recall     (AR) @[ IoU=0.50:0.95 | area=medium | maxDets=100 ] = 0.12222222222222223
Average Recall     (AR) @[ IoU=0.50:0.95 | area= large | maxDets=100 ] = 0.18400929390850287



Epoch: [24]  [  0/402]  eta: 0:24:34  lr: 0.001000  loss: 0.5103 (0.5103)  loss_classifier: 0.1998 (0.1998)  loss_box_reg: 0.2413 (0.2413)  loss_objectness: 0.0372 (0.0372)  loss_rpn_box_reg: 0.0320 (0.0320)  time: 3.6672  data: 2.2837  max mem: 9346
Epoch: [24]  [100/402]  eta: 0:05:52  lr: 0.001000  loss: 0.5061 (0.5189)  loss_classifier: 0.1954 (0.1985)  loss_box_reg: 0.2243 (0.2305)  loss_objectness: 0.0456 (0.0514)  loss_rpn_box_reg: 0.0373 (0.0385)  time: 1.1502  data: 0.0301  max mem: 9346
Epoch: [24]  [200/402]  eta: 0:03:52  lr: 0.001000  loss: 0.5258 (0.5197)  loss_classifier: 0.1972 (0.1994)  loss_box_reg: 0.2341 (0.2311)  loss_objectness: 0.0496 (0.0511)  loss_rpn_box_reg: 0.0372 (0.0381)  time: 1.1318  data: 0.0298  max mem: 9346
Epoch: [24]  [300/402]  eta: 0:01:56  lr: 0.001000  loss: 0.5119 (0.5184)  loss_classifier: 0.2013 (0.1993)  loss_box_reg: 0.2261 (0.2298)  loss_objectness: 0.0441 (0.0510)  loss_rpn_box_reg: 0.0359 (0.0382)  time: 1.1426  data: 0.0317  max mem: 9346
Epoch: [24]  [400/402]  eta: 0:00:02  lr: 0.001000  loss: 0.5129 (0.5193)  loss_classifier: 0.1963 (0.1997)  loss_box_reg: 0.2323 (0.2301)  loss_objectness: 0.0504 (0.0512)  loss_rpn_box_reg: 0.0355 (0.0383)  time: 1.1237  data: 0.0286  max mem: 9346
Epoch: [24]  [401/402]  eta: 0:00:01  lr: 0.001000  loss: 0.5129 (0.5193)  loss_classifier: 0.1930 (0.1997)  loss_box_reg: 0.2323 (0.2301)  loss_objectness: 0.0508 (0.0512)  loss_rpn_box_reg: 0.0355 (0.0382)  time: 1.1012  data: 0.0280  max mem: 9346
Epoch: [24] Total time: 0:07:39 (1.1433 s / it)
Test:  [  0/101]  eta: 0:02:47  model_time: 0.4669 (0.4669)  evaluator_time: 0.0378 (0.0378)  time: 1.6626  data: 0.8349  max mem: 9346
Test:  [100/101]  eta: 0:00:00  model_time: 0.3244 (0.3171)  evaluator_time: 0.0153 (0.0173)  time: 0.3866  data: 0.0246  max mem: 9346
Test: Total time: 0:00:40 (0.4053 s / it)
Average Precision  (AP) @[ IoU=0.50:0.95 | area=   all | maxDets=100 ] = 0.05549868412071885
Average Precision  (AP) @[ IoU=0.50      | area=   all | maxDets=100 ] = 0.20297996197464713
Average Precision  (AP) @[ IoU=0.75      | area=   all | maxDets=100 ] = 0.016017514372184335
Average Precision  (AP) @[ IoU=0.50:0.95 | area= small | maxDets=100 ] = 0.0
Average Precision  (AP) @[ IoU=0.50:0.95 | area=medium | maxDets=100 ] = 0.07175329686737349
Average Precision  (AP) @[ IoU=0.50:0.95 | area= large | maxDets=100 ] = 0.056939678627318205
Average Recall     (AR) @[ IoU=0.50:0.95 | area=   all | maxDets=  1 ] = 0.1025987536057186
Average Recall     (AR) @[ IoU=0.50:0.95 | area=   all | maxDets= 10 ] = 0.15871449094576634
Average Recall     (AR) @[ IoU=0.50:0.95 | area=   all | maxDets=100 ] = 0.15967118565424882
Average Recall     (AR) @[ IoU=0.50:0.95 | area= small | maxDets=100 ] = 0.0
Average Recall     (AR) @[ IoU=0.50:0.95 | area=medium | maxDets=100 ] = 0.10370370370370369
Average Recall     (AR) @[ IoU=0.50:0.95 | area= large | maxDets=100 ] = 0.16118305798665908




